
＝＝＝＝＝＝＝＝＝＝         
【日志级别】INFO          
【记录时间】2017-09-07 20:00:56,705         
【线程编号】[6]         
【执行时间】[63]毫秒         
【出错文件】d:\Project\KS0226_激活管理系统\V1.0\A_项目组工作区\1_软件工程\1_5程序开发\1_5_1源代码\CourseActivate\trunkxh\CourseActivate.Core.Utility\LogHelper.cs         
【出错行号】42         
【出错的类】CASLog 属性[(null)]         
【错误描述】同步文件到站点:http://192.168.3.32:89         
【错误详情】

＝＝＝＝＝＝＝＝＝＝         
【日志级别】INFO          
【记录时间】2017-09-07 20:00:56,736         
【线程编号】[6]         
【执行时间】[94]毫秒         
【出错文件】d:\Project\KS0226_激活管理系统\V1.0\A_项目组工作区\1_软件工程\1_5程序开发\1_5_1源代码\CourseActivate\trunkxh\CourseActivate.Core.Utility\LogHelper.cs         
【出错行号】42         
【出错的类】CASLog 属性[(null)]         
【错误描述】源文件:http://192.168.3.32:88//Upload/BookResource/818924cddc2250cbc18b9915ed10be79/Wildlife.wmv         
【错误详情】

＝＝＝＝＝＝＝＝＝＝         
【日志级别】INFO          
【记录时间】2017-09-07 20:01:24,860         
【线程编号】[6]         
【执行时间】[28217]毫秒         
【出错文件】d:\Project\KS0226_激活管理系统\V1.0\A_项目组工作区\1_软件工程\1_5程序开发\1_5_1源代码\CourseActivate\trunkxh\CourseActivate.Core.Utility\LogHelper.cs         
【出错行号】42         
【出错的类】CASLog 属性[(null)]         
【错误描述】结束同步文件到站点:http://192.168.3.32:89,执行结果:"澶辫触:杩绋″ㄨ璇? (404) 惧般?         
【错误详情】

＝＝＝＝＝＝＝＝＝＝         
【日志级别】INFO          
【记录时间】2017-09-07 20:01:24,908         
【线程编号】[6]         
【执行时间】[28265]毫秒         
【出错文件】d:\Project\KS0226_激活管理系统\V1.0\A_项目组工作区\1_软件工程\1_5程序开发\1_5_1源代码\CourseActivate\trunkxh\CourseActivate.Core.Utility\LogHelper.cs         
【出错行号】42         
【出错的类】CASLog 属性[(null)]         
【错误描述】同步文件到站点:http://192.168.3.32:89         
【错误详情】

＝＝＝＝＝＝＝＝＝＝         
【日志级别】INFO          
【记录时间】2017-09-07 20:01:24,918         
【线程编号】[6]         
【执行时间】[28275]毫秒         
【出错文件】d:\Project\KS0226_激活管理系统\V1.0\A_项目组工作区\1_软件工程\1_5程序开发\1_5_1源代码\CourseActivate\trunkxh\CourseActivate.Core.Utility\LogHelper.cs         
【出错行号】42         
【出错的类】CASLog 属性[(null)]         
【错误描述】源文件:http://192.168.3.32:88//Upload/BookResource//2.json         
【错误详情】

＝＝＝＝＝＝＝＝＝＝         
【日志级别】INFO          
【记录时间】2017-09-07 20:01:25,025         
【线程编号】[6]         
【执行时间】[28382]毫秒         
【出错文件】d:\Project\KS0226_激活管理系统\V1.0\A_项目组工作区\1_软件工程\1_5程序开发\1_5_1源代码\CourseActivate\trunkxh\CourseActivate.Core.Utility\LogHelper.cs         
【出错行号】42         
【出错的类】CASLog 属性[(null)]         
【错误描述】结束同步文件到站点:http://192.168.3.32:89,执行结果:"澶辫触:杩绋″ㄨ璇? (404) 惧般?         
【错误详情】
