2017-02-18 22:10:42
System.ArgumentException: 无效的 JSON 基元: 。
   在 System.Web.Script.Serialization.JavaScriptObjectDeserializer.DeserializePrimitiveObject()
   在 System.Web.Script.Serialization.JavaScriptObjectDeserializer.DeserializeInternal(Int32 depth)
   在 System.Web.Script.Serialization.JavaScriptObjectDeserializer.BasicDeserialize(String input, Int32 depthLimit, JavaScriptSerializer serializer)
   在 System.Web.Script.Serialization.JavaScriptSerializer.Deserialize(JavaScriptSerializer serializer, String input, Type type, Int32 depthLimit)
   在 System.Web.Script.Serialization.JavaScriptSerializer.Deserialize[T](String input)
   在 OpenPlatform.Framework.FlowMonitor.DataAccess.ApiRepository.GetFlowControlConfig(Int32 companyId, Int32 apiType, Int32 productTypeCode)
   在 OpenPlatform.Framework.FlowMonitor.Api.<.ctor>b__1(Int32 companyId, ApiType type, Int32 productTypeCode)
   在 OpenPlatform.Framework.FlowMonitor.Api.Overflow(Int32 companyId, DateTime invokedTime, ApiType type, Int32 dataItems, String ip, String functionName, Int32 productTypeCode)
2017-02-18 22:16:29
System.ArgumentException: 无效的 JSON 基元: 。
   在 System.Web.Script.Serialization.JavaScriptObjectDeserializer.DeserializePrimitiveObject()
   在 System.Web.Script.Serialization.JavaScriptObjectDeserializer.DeserializeInternal(Int32 depth)
   在 System.Web.Script.Serialization.JavaScriptObjectDeserializer.BasicDeserialize(String input, Int32 depthLimit, JavaScriptSerializer serializer)
   在 System.Web.Script.Serialization.JavaScriptSerializer.Deserialize(JavaScriptSerializer serializer, String input, Type type, Int32 depthLimit)
   在 System.Web.Script.Serialization.JavaScriptSerializer.Deserialize[T](String input)
   在 OpenPlatform.Framework.FlowMonitor.DataAccess.ApiRepository.GetFlowControlConfig(Int32 companyId, Int32 apiType, Int32 productTypeCode)
   在 OpenPlatform.Framework.FlowMonitor.Api.<.ctor>b__1(Int32 companyId, ApiType type, Int32 productTypeCode)
   在 OpenPlatform.Framework.FlowMonitor.Api.Overflow(Int32 companyId, DateTime invokedTime, ApiType type, Int32 dataItems, String ip, String functionName, Int32 productTypeCode)
