2017-12-13 10:25:19
定时任务
2017-12-13 10:25:20
同步学习报告记录到Redis开始
2017-12-13 10:25:20
同步学习报告记录到Redis结束
2017-12-13 10:25:20
初始化学习报告记录到Redis开始
2017-12-13 10:26:26
同步学习报告记录到Redis开始
2017-12-13 10:26:26
同步学习报告记录到Redis结束
2017-12-13 10:26:26
同步学习报告记录到Redis开始
2017-12-13 10:26:26
同步学习报告记录到Redis结束
2017-12-13 10:26:26
同步学习报告记录到Redis开始
2017-12-13 10:26:26
同步学习报告记录到Redis结束
2017-12-13 10:26:26
同步学习报告记录到Redis开始
2017-12-13 10:26:26
同步学习报告记录到Redis结束
2017-12-13 10:26:26
同步学习报告记录到Redis开始
2017-12-13 10:26:26
同步学习报告记录到Redis结束
2017-12-13 10:26:36
同步学习报告记录到Redis开始
2017-12-13 10:26:36
同步学习报告记录到Redis结束
2017-12-13 10:26:46
同步学习报告记录到Redis开始
2017-12-13 10:26:46
同步学习报告记录到Redis结束
2017-12-13 10:28:33
定时任务
2017-12-13 10:28:35
同步学习报告记录到Redis开始
2017-12-13 10:28:35
同步学习报告记录到Redis结束
2017-12-13 10:28:35
初始化学习报告记录到Redis开始
2017-12-13 10:29:59
同步学习报告记录到Redis开始
2017-12-13 10:29:59
同步学习报告记录到Redis结束
2017-12-13 10:29:59
刷新课本剧排行榜redis数据开始
2017-12-13 10:29:59
同步学习报告记录到Redis结束
2017-12-13 10:29:59
同步学习报告记录到Redis结束
2017-12-13 10:29:59
同步学习报告记录到Redis开始
2017-12-13 10:29:59
同步学习报告记录到Redis结束
2017-12-13 10:29:59
同步学习报告记录到Redis开始
2017-12-13 10:29:59
同步学习报告记录到Redis结束
2017-12-13 10:30:09
同步学习报告记录到Redis开始
2017-12-13 10:30:09
同步学习报告记录到Redis结束
2017-12-13 10:30:19
同步学习报告记录到Redis开始
2017-12-13 10:30:19
同步学习报告记录到Redis结束
2017-12-13 10:30:29
同步学习报告记录到Redis开始
2017-12-13 10:31:04
刷新课本剧排行榜redis数据开始
2017-12-13 10:31:12
插入用户配音数据48415;是否成功：True
2017-12-13 10:31:39
插入校级榜数据:UserID:454582054;是否成功：False
2017-12-13 10:31:40
插入班级榜数据：UserID:454582054;是否成功：False
2017-12-13 10:31:41
插入最新榜数据UserID454582054;是否成功：False
2017-12-13 10:31:41
刷新课本剧排行榜redis数据结束
2017-12-13 10:33:55
定时任务
2017-12-13 10:33:55
同步学习报告记录到Redis开始
2017-12-13 10:33:55
同步学习报告记录到Redis结束
2017-12-13 10:33:56
初始化学习报告记录到Redis开始
2017-12-13 10:34:49
同步学习报告记录到Redis开始
2017-12-13 10:34:49
同步学习报告记录到Redis结束
2017-12-13 10:34:49
同步学习报告记录到Redis开始
2017-12-13 10:34:49
同步学习报告记录到Redis结束
2017-12-13 10:34:49
同步学习报告记录到Redis开始
2017-12-13 10:34:49
同步学习报告记录到Redis结束
2017-12-13 10:34:49
同步学习报告记录到Redis开始
2017-12-13 10:34:49
同步学习报告记录到Redis结束
2017-12-13 10:34:49
同步学习报告记录到Redis开始
2017-12-13 10:34:49
同步学习报告记录到Redis结束
2017-12-13 10:34:55
刷新课本剧排行榜redis数据开始
2017-12-13 10:34:55
刷新课本剧排行榜redis数据结束
2017-12-13 10:34:59
同步学习报告记录到Redis开始
2017-12-13 10:34:59
同步学习报告记录到Redis结束
2017-12-13 10:35:09
同步学习报告记录到Redis开始
2017-12-13 10:35:09
同步学习报告记录到Redis结束
2017-12-13 10:35:19
同步学习报告记录到Redis开始
2017-12-13 10:35:19
同步学习报告记录到Redis结束
2017-12-13 10:36:10
定时任务
2017-12-13 10:36:11
同步学习报告记录到Redis开始
2017-12-13 10:36:11
同步学习报告记录到Redis结束
2017-12-13 10:36:21
同步学习报告记录到Redis开始
2017-12-13 10:36:21
同步学习报告记录到Redis结束
2017-12-13 10:36:31
同步学习报告记录到Redis开始
2017-12-13 10:36:31
同步学习报告记录到Redis结束
2017-12-13 10:36:41
同步学习报告记录到Redis开始
2017-12-13 10:36:41
同步学习报告记录到Redis结束
2017-12-13 10:36:51
同步学习报告记录到Redis开始
2017-12-13 10:37:12
刷新课本剧排行榜redis数据开始
2017-12-13 10:37:13
插入用户配音数据48418;是否成功：True
2017-12-13 10:37:15
插入校级榜数据:UserID:454582054;是否成功：False
2017-12-13 10:37:18
插入班级榜数据：UserID:454582054;是否成功：False
2017-12-13 10:37:18
插入最新榜数据UserID454582054;是否成功：False
2017-12-13 10:37:21
刷新课本剧排行榜redis数据结束
2017-12-13 10:37:21
同步学习报告记录到Redis结束
2017-12-13 10:37:21
同步学习报告记录到Redis开始
2017-12-13 10:37:21
同步学习报告记录到Redis结束
2017-12-13 10:37:21
同步学习报告记录到Redis开始
2017-12-13 10:37:21
同步学习报告记录到Redis结束
2017-12-13 10:37:31
同步学习报告记录到Redis开始
2017-12-13 10:37:31
同步学习报告记录到Redis结束
2017-12-13 10:37:41
同步学习报告记录到Redis开始
2017-12-13 10:37:41
同步学习报告记录到Redis结束
2017-12-13 10:37:51
同步学习报告记录到Redis开始
2017-12-13 10:37:51
同步学习报告记录到Redis结束
2017-12-13 10:38:01
同步学习报告记录到Redis开始
2017-12-13 10:38:01
同步学习报告记录到Redis结束
2017-12-13 10:38:11
同步学习报告记录到Redis开始
2017-12-13 10:38:11
同步学习报告记录到Redis结束
2017-12-13 10:38:11
刷新课本剧排行榜redis数据开始
2017-12-13 10:38:11
刷新课本剧排行榜redis数据结束
2017-12-13 10:40:29
定时任务
2017-12-13 10:40:30
同步学习报告记录到Redis开始
2017-12-13 10:40:36
同步学习报告记录到Redis结束
2017-12-13 10:40:40
同步学习报告记录到Redis开始
2017-12-13 10:40:40
同步学习报告记录到Redis结束
2017-12-13 10:40:50
同步学习报告记录到Redis开始
2017-12-13 10:40:50
同步学习报告记录到Redis结束
2017-12-13 10:41:00
同步学习报告记录到Redis开始
2017-12-13 10:41:00
同步学习报告记录到Redis结束
2017-12-13 10:41:10
同步学习报告记录到Redis开始
2017-12-13 10:41:10
同步学习报告记录到Redis结束
2017-12-13 10:41:20
同步学习报告记录到Redis开始
2017-12-13 10:41:20
同步学习报告记录到Redis结束
2017-12-13 10:41:30
刷新课本剧排行榜redis数据开始
2017-12-13 10:41:30
刷新课本剧排行榜redis数据结束
2017-12-13 10:41:30
同步学习报告记录到Redis开始
2017-12-13 10:41:30
同步学习报告记录到Redis结束
2017-12-13 10:41:40
同步学习报告记录到Redis开始
2017-12-13 10:41:40
同步学习报告记录到Redis结束
2017-12-13 10:41:50
同步学习报告记录到Redis开始
2017-12-13 10:41:50
同步学习报告记录到Redis结束
2017-12-13 10:42:00
同步学习报告记录到Redis开始
2017-12-13 10:42:00
同步学习报告记录到Redis结束
2017-12-13 10:42:10
同步学习报告记录到Redis开始
2017-12-13 10:42:10
同步学习报告记录到Redis结束
2017-12-13 10:42:20
同步学习报告记录到Redis开始
2017-12-13 10:42:20
同步学习报告记录到Redis结束
2017-12-13 10:42:30
刷新课本剧排行榜redis数据开始
2017-12-13 10:42:30
刷新课本剧排行榜redis数据结束
2017-12-13 10:42:30
同步学习报告记录到Redis开始
2017-12-13 10:42:31
同步学习报告记录到Redis结束
2017-12-13 10:42:41
同步学习报告记录到Redis开始
2017-12-13 10:42:41
同步学习报告记录到Redis结束
2017-12-13 10:42:51
同步学习报告记录到Redis开始
2017-12-13 10:42:51
同步学习报告记录到Redis结束
2017-12-13 10:43:01
同步学习报告记录到Redis开始
2017-12-13 10:43:01
同步学习报告记录到Redis结束
2017-12-13 10:43:11
同步学习报告记录到Redis开始
2017-12-13 10:43:11
同步学习报告记录到Redis结束
2017-12-13 10:43:21
同步学习报告记录到Redis开始
2017-12-13 10:43:21
同步学习报告记录到Redis结束
2017-12-13 10:43:30
刷新课本剧排行榜redis数据开始
2017-12-13 10:43:30
刷新课本剧排行榜redis数据结束
2017-12-13 10:43:31
同步学习报告记录到Redis开始
2017-12-13 10:43:31
同步学习报告记录到Redis结束
2017-12-13 10:43:41
同步学习报告记录到Redis开始
2017-12-13 10:43:41
同步学习报告记录到Redis结束
2017-12-13 10:43:51
同步学习报告记录到Redis开始
2017-12-13 10:43:51
同步学习报告记录到Redis结束
2017-12-13 10:44:01
同步学习报告记录到Redis开始
2017-12-13 10:44:01
同步学习报告记录到Redis结束
2017-12-13 10:44:11
同步学习报告记录到Redis开始
2017-12-13 10:44:11
同步学习报告记录到Redis结束
2017-12-13 10:44:21
同步学习报告记录到Redis开始
2017-12-13 10:44:21
同步学习报告记录到Redis结束
2017-12-13 10:44:30
刷新课本剧排行榜redis数据开始
2017-12-13 10:44:30
刷新课本剧排行榜redis数据结束
2017-12-13 10:44:31
同步学习报告记录到Redis开始
2017-12-13 10:44:31
同步学习报告记录到Redis结束
2017-12-13 10:44:41
同步学习报告记录到Redis开始
2017-12-13 10:44:41
同步学习报告记录到Redis结束
2017-12-13 10:44:51
同步学习报告记录到Redis开始
2017-12-13 10:44:51
同步学习报告记录到Redis结束
2017-12-13 10:45:01
同步学习报告记录到Redis开始
2017-12-13 10:45:01
同步学习报告记录到Redis结束
2017-12-13 10:45:11
同步学习报告记录到Redis开始
2017-12-13 10:45:11
同步学习报告记录到Redis结束
2017-12-13 10:45:21
同步学习报告记录到Redis开始
2017-12-13 10:45:21
同步学习报告记录到Redis结束
2017-12-13 10:45:30
刷新课本剧排行榜redis数据开始
2017-12-13 10:45:30
刷新课本剧排行榜redis数据结束
2017-12-13 10:45:31
同步学习报告记录到Redis开始
2017-12-13 10:45:31
同步学习报告记录到Redis结束
2017-12-13 10:45:41
同步学习报告记录到Redis开始
2017-12-13 10:45:41
同步学习报告记录到Redis结束
2017-12-13 10:45:51
同步学习报告记录到Redis开始
2017-12-13 10:45:51
同步学习报告记录到Redis结束
2017-12-13 10:46:01
同步学习报告记录到Redis开始
2017-12-13 10:46:01
同步学习报告记录到Redis结束
2017-12-13 10:46:11
同步学习报告记录到Redis开始
2017-12-13 10:46:11
同步学习报告记录到Redis结束
2017-12-13 10:46:21
同步学习报告记录到Redis开始
2017-12-13 10:46:21
同步学习报告记录到Redis结束
2017-12-13 10:46:30
刷新课本剧排行榜redis数据开始
2017-12-13 10:46:30
刷新课本剧排行榜redis数据结束
2017-12-13 10:46:31
同步学习报告记录到Redis开始
2017-12-13 10:46:31
同步学习报告记录到Redis结束
2017-12-13 10:46:41
同步学习报告记录到Redis开始
2017-12-13 10:46:41
同步学习报告记录到Redis结束
2017-12-13 10:46:51
同步学习报告记录到Redis开始
2017-12-13 10:46:51
同步学习报告记录到Redis结束
2017-12-13 10:47:01
同步学习报告记录到Redis开始
2017-12-13 10:47:01
同步学习报告记录到Redis结束
2017-12-13 10:47:11
同步学习报告记录到Redis开始
2017-12-13 10:47:11
同步学习报告记录到Redis结束
2017-12-13 10:47:21
同步学习报告记录到Redis开始
2017-12-13 10:47:21
同步学习报告记录到Redis结束
2017-12-13 10:47:30
刷新课本剧排行榜redis数据开始
2017-12-13 10:47:30
刷新课本剧排行榜redis数据结束
2017-12-13 10:47:31
同步学习报告记录到Redis开始
2017-12-13 10:47:31
同步学习报告记录到Redis结束
2017-12-13 10:47:41
同步学习报告记录到Redis开始
2017-12-13 10:47:41
同步学习报告记录到Redis结束
2017-12-13 10:47:51
同步学习报告记录到Redis开始
2017-12-13 10:47:51
同步学习报告记录到Redis结束
2017-12-13 10:48:01
同步学习报告记录到Redis开始
2017-12-13 10:48:01
同步学习报告记录到Redis结束
2017-12-13 10:48:11
同步学习报告记录到Redis开始
2017-12-13 10:48:11
同步学习报告记录到Redis结束
2017-12-13 10:48:21
同步学习报告记录到Redis开始
2017-12-13 10:48:21
同步学习报告记录到Redis结束
2017-12-13 10:48:30
刷新课本剧排行榜redis数据开始
2017-12-13 10:48:30
刷新课本剧排行榜redis数据结束
2017-12-13 10:48:31
同步学习报告记录到Redis开始
2017-12-13 10:48:31
同步学习报告记录到Redis结束
2017-12-13 10:48:41
同步学习报告记录到Redis开始
2017-12-13 10:48:41
同步学习报告记录到Redis结束
2017-12-13 10:48:51
同步学习报告记录到Redis开始
2017-12-13 10:48:51
同步学习报告记录到Redis结束
2017-12-13 10:49:01
同步学习报告记录到Redis开始
2017-12-13 10:49:01
同步学习报告记录到Redis结束
2017-12-13 10:49:11
同步学习报告记录到Redis开始
2017-12-13 10:49:11
同步学习报告记录到Redis结束
2017-12-13 10:49:21
同步学习报告记录到Redis开始
2017-12-13 10:49:21
同步学习报告记录到Redis结束
2017-12-13 10:49:30
刷新课本剧排行榜redis数据开始
2017-12-13 10:49:30
刷新课本剧排行榜redis数据结束
2017-12-13 10:49:31
同步学习报告记录到Redis开始
2017-12-13 10:49:31
同步学习报告记录到Redis结束
2017-12-13 10:49:41
同步学习报告记录到Redis开始
2017-12-13 10:49:41
同步学习报告记录到Redis结束
2017-12-13 10:49:51
同步学习报告记录到Redis开始
2017-12-13 10:49:51
同步学习报告记录到Redis结束
2017-12-13 10:50:01
同步学习报告记录到Redis开始
2017-12-13 10:50:01
同步学习报告记录到Redis结束
2017-12-13 10:50:11
同步学习报告记录到Redis开始
2017-12-13 10:50:11
同步学习报告记录到Redis结束
2017-12-13 10:50:21
同步学习报告记录到Redis开始
2017-12-13 10:50:21
同步学习报告记录到Redis结束
2017-12-13 10:50:30
SyncDubbingData趣配音报名同步开始
2017-12-13 10:50:31
SyncDubbingData趣配音报名同步结束
2017-12-13 10:50:31
刷新学生所在学校排行榜redis数据开始
2017-12-13 10:50:31
刷新学生所在学校排行榜redis数据结束
2017-12-13 10:50:31
趣配音报名补全用户信息SyncUserInfoRedisFromUMS开始
2017-12-13 10:50:31
同步学习报告记录到Redis开始
2017-12-13 10:50:31
同步学习报告记录到Redis结束
2017-12-13 10:50:32
趣配音报名补全用户信息SyncUserInfoRedisFromUMS结束
2017-12-13 10:50:41
同步学习报告记录到Redis开始
2017-12-13 10:50:41
同步学习报告记录到Redis结束
2017-12-13 10:50:51
同步学习报告记录到Redis开始
2017-12-13 10:50:51
同步学习报告记录到Redis结束
2017-12-13 10:51:01
同步学习报告记录到Redis开始
2017-12-13 10:51:01
同步学习报告记录到Redis结束
2017-12-13 10:51:11
同步学习报告记录到Redis开始
2017-12-13 10:51:11
同步学习报告记录到Redis结束
2017-12-13 10:51:21
同步学习报告记录到Redis开始
2017-12-13 10:51:21
同步学习报告记录到Redis结束
2017-12-13 10:51:30
刷新课本剧排行榜redis数据开始
2017-12-13 10:51:30
刷新课本剧排行榜redis数据结束
2017-12-13 10:51:31
同步学习报告记录到Redis开始
2017-12-13 10:51:31
同步学习报告记录到Redis结束
2017-12-13 10:51:41
同步学习报告记录到Redis开始
2017-12-13 10:51:41
同步学习报告记录到Redis结束
2017-12-13 10:51:51
同步学习报告记录到Redis开始
2017-12-13 10:51:51
同步学习报告记录到Redis结束
2017-12-13 10:52:01
同步学习报告记录到Redis开始
2017-12-13 10:52:01
同步学习报告记录到Redis结束
2017-12-13 10:52:11
同步学习报告记录到Redis开始
2017-12-13 10:52:11
同步学习报告记录到Redis结束
2017-12-13 10:52:21
同步学习报告记录到Redis开始
2017-12-13 10:52:21
同步学习报告记录到Redis结束
2017-12-13 10:52:30
刷新课本剧排行榜redis数据开始
2017-12-13 10:52:30
刷新课本剧排行榜redis数据结束
2017-12-13 10:52:31
同步学习报告记录到Redis开始
2017-12-13 10:52:31
同步学习报告记录到Redis结束
2017-12-13 10:52:41
同步学习报告记录到Redis开始
2017-12-13 10:52:41
同步学习报告记录到Redis结束
2017-12-13 10:52:51
同步学习报告记录到Redis开始
2017-12-13 10:52:51
同步学习报告记录到Redis结束
2017-12-13 10:53:01
同步学习报告记录到Redis开始
2017-12-13 10:53:01
同步学习报告记录到Redis结束
2017-12-13 10:53:11
同步学习报告记录到Redis开始
2017-12-13 10:53:11
同步学习报告记录到Redis结束
2017-12-13 10:53:21
同步学习报告记录到Redis开始
2017-12-13 10:53:21
同步学习报告记录到Redis结束
2017-12-13 10:53:30
刷新课本剧排行榜redis数据开始
2017-12-13 10:53:30
刷新课本剧排行榜redis数据结束
2017-12-13 10:53:31
同步学习报告记录到Redis开始
2017-12-13 10:53:31
同步学习报告记录到Redis结束
2017-12-13 10:53:41
同步学习报告记录到Redis开始
2017-12-13 10:53:41
同步学习报告记录到Redis结束
2017-12-13 10:53:51
同步学习报告记录到Redis开始
2017-12-13 10:53:51
同步学习报告记录到Redis结束
2017-12-13 10:54:01
同步学习报告记录到Redis开始
2017-12-13 10:54:02
同步学习报告记录到Redis结束
2017-12-13 10:54:12
同步学习报告记录到Redis开始
2017-12-13 10:54:12
同步学习报告记录到Redis结束
2017-12-13 10:54:22
同步学习报告记录到Redis开始
2017-12-13 10:54:22
同步学习报告记录到Redis结束
2017-12-13 10:54:30
刷新课本剧排行榜redis数据开始
2017-12-13 10:54:30
刷新课本剧排行榜redis数据结束
2017-12-13 10:54:32
同步学习报告记录到Redis开始
2017-12-13 10:54:32
同步学习报告记录到Redis结束
2017-12-13 10:54:42
同步学习报告记录到Redis开始
2017-12-13 10:54:42
同步学习报告记录到Redis结束
2017-12-13 10:54:52
同步学习报告记录到Redis开始
2017-12-13 10:54:52
同步学习报告记录到Redis结束
2017-12-13 10:55:02
同步学习报告记录到Redis开始
2017-12-13 10:55:02
同步学习报告记录到Redis结束
2017-12-13 10:55:12
同步学习报告记录到Redis开始
2017-12-13 10:55:12
同步学习报告记录到Redis结束
2017-12-13 10:55:22
同步学习报告记录到Redis开始
2017-12-13 10:55:22
同步学习报告记录到Redis结束
2017-12-13 10:55:30
刷新课本剧排行榜redis数据开始
2017-12-13 10:55:30
刷新课本剧排行榜redis数据结束
2017-12-13 10:55:32
同步学习报告记录到Redis开始
2017-12-13 10:55:32
同步学习报告记录到Redis结束
2017-12-13 10:55:42
同步学习报告记录到Redis开始
2017-12-13 10:55:42
同步学习报告记录到Redis结束
2017-12-13 10:55:52
同步学习报告记录到Redis开始
2017-12-13 10:55:52
同步学习报告记录到Redis结束
2017-12-13 10:56:02
同步学习报告记录到Redis开始
2017-12-13 10:56:02
同步学习报告记录到Redis结束
2017-12-13 10:56:12
同步学习报告记录到Redis开始
2017-12-13 10:56:12
同步学习报告记录到Redis结束
2017-12-13 10:56:22
同步学习报告记录到Redis开始
2017-12-13 10:56:22
同步学习报告记录到Redis结束
2017-12-13 10:56:30
刷新课本剧排行榜redis数据开始
2017-12-13 10:56:31
刷新课本剧排行榜redis数据结束
2017-12-13 10:56:32
同步学习报告记录到Redis开始
2017-12-13 10:56:32
同步学习报告记录到Redis结束
2017-12-13 10:56:42
同步学习报告记录到Redis开始
2017-12-13 10:56:42
同步学习报告记录到Redis结束
2017-12-13 10:56:52
同步学习报告记录到Redis开始
2017-12-13 10:56:52
同步学习报告记录到Redis结束
2017-12-13 10:57:02
同步学习报告记录到Redis开始
2017-12-13 10:57:02
同步学习报告记录到Redis结束
2017-12-13 10:57:12
同步学习报告记录到Redis开始
2017-12-13 10:57:12
同步学习报告记录到Redis结束
2017-12-13 10:57:22
同步学习报告记录到Redis开始
2017-12-13 10:57:22
同步学习报告记录到Redis结束
2017-12-13 10:57:31
刷新课本剧排行榜redis数据开始
2017-12-13 10:57:31
刷新课本剧排行榜redis数据结束
2017-12-13 10:57:32
同步学习报告记录到Redis开始
2017-12-13 10:57:32
同步学习报告记录到Redis结束
2017-12-13 10:57:42
同步学习报告记录到Redis开始
2017-12-13 10:57:42
同步学习报告记录到Redis结束
2017-12-13 10:57:52
同步学习报告记录到Redis开始
2017-12-13 10:57:52
同步学习报告记录到Redis结束
2017-12-13 10:58:02
同步学习报告记录到Redis开始
2017-12-13 10:58:02
同步学习报告记录到Redis结束
2017-12-13 10:58:12
同步学习报告记录到Redis开始
2017-12-13 10:58:12
同步学习报告记录到Redis结束
2017-12-13 10:58:22
同步学习报告记录到Redis开始
2017-12-13 10:58:22
同步学习报告记录到Redis结束
2017-12-13 10:58:31
刷新课本剧排行榜redis数据开始
2017-12-13 10:58:31
刷新课本剧排行榜redis数据结束
2017-12-13 10:58:32
同步学习报告记录到Redis开始
2017-12-13 10:58:32
同步学习报告记录到Redis结束
2017-12-13 10:58:42
同步学习报告记录到Redis开始
2017-12-13 10:58:42
同步学习报告记录到Redis结束
2017-12-13 10:58:52
同步学习报告记录到Redis开始
2017-12-13 10:58:52
同步学习报告记录到Redis结束
2017-12-13 10:59:02
同步学习报告记录到Redis开始
2017-12-13 10:59:02
同步学习报告记录到Redis结束
2017-12-13 10:59:12
同步学习报告记录到Redis开始
2017-12-13 10:59:12
同步学习报告记录到Redis结束
2017-12-13 10:59:22
同步学习报告记录到Redis开始
2017-12-13 10:59:22
同步学习报告记录到Redis结束
2017-12-13 10:59:31
刷新课本剧排行榜redis数据开始
2017-12-13 10:59:31
刷新课本剧排行榜redis数据结束
2017-12-13 10:59:32
同步学习报告记录到Redis开始
2017-12-13 10:59:32
同步学习报告记录到Redis结束
2017-12-13 10:59:42
同步学习报告记录到Redis开始
2017-12-13 10:59:42
同步学习报告记录到Redis结束
2017-12-13 10:59:52
同步学习报告记录到Redis开始
2017-12-13 10:59:52
同步学习报告记录到Redis结束
2017-12-13 11:00:02
同步学习报告记录到Redis开始
2017-12-13 11:00:02
同步学习报告记录到Redis结束
2017-12-13 11:00:12
同步学习报告记录到Redis开始
2017-12-13 11:00:12
同步学习报告记录到Redis结束
2017-12-13 11:00:22
同步学习报告记录到Redis开始
2017-12-13 11:00:22
同步学习报告记录到Redis结束
2017-12-13 11:00:30
刷新学生所在学校排行榜redis数据开始
2017-12-13 11:00:31
刷新学生所在学校排行榜redis数据结束
2017-12-13 11:00:31
刷新课本剧排行榜redis数据结束
2017-12-13 11:00:31
SyncDubbingData趣配音同步数据成功2017/12/13 11:00:31
2017-12-13 11:00:31
SyncDubbingData趣配音报名同步结束
2017-12-13 11:00:31
趣配音报名补全用户信息SyncUserInfoRedisFromUMS开始
2017-12-13 11:00:32
同步学习报告记录到Redis开始
2017-12-13 11:00:32
同步学习报告记录到Redis结束
2017-12-13 11:00:33
趣配音报名补全用户信息SyncUserInfoRedisFromUMS结束
2017-12-13 11:00:42
同步学习报告记录到Redis开始
2017-12-13 11:00:42
同步学习报告记录到Redis结束
2017-12-13 11:00:52
同步学习报告记录到Redis开始
2017-12-13 11:00:52
同步学习报告记录到Redis结束
2017-12-13 11:01:02
同步学习报告记录到Redis开始
2017-12-13 11:01:02
同步学习报告记录到Redis结束
2017-12-13 11:01:12
同步学习报告记录到Redis开始
2017-12-13 11:01:12
同步学习报告记录到Redis结束
2017-12-13 11:01:22
同步学习报告记录到Redis开始
2017-12-13 11:01:22
同步学习报告记录到Redis结束
2017-12-13 11:01:31
刷新课本剧排行榜redis数据开始
2017-12-13 11:01:31
刷新课本剧排行榜redis数据结束
2017-12-13 11:01:32
同步学习报告记录到Redis开始
2017-12-13 11:01:32
同步学习报告记录到Redis结束
2017-12-13 11:01:42
同步学习报告记录到Redis开始
2017-12-13 11:01:42
同步学习报告记录到Redis结束
2017-12-13 11:01:52
同步学习报告记录到Redis开始
2017-12-13 11:01:52
同步学习报告记录到Redis结束
2017-12-13 11:02:02
同步学习报告记录到Redis开始
2017-12-13 11:02:02
同步学习报告记录到Redis结束
2017-12-13 11:02:12
同步学习报告记录到Redis开始
2017-12-13 11:02:12
同步学习报告记录到Redis结束
2017-12-13 11:02:22
同步学习报告记录到Redis开始
2017-12-13 11:02:22
同步学习报告记录到Redis结束
2017-12-13 11:02:31
刷新课本剧排行榜redis数据开始
2017-12-13 11:02:31
刷新课本剧排行榜redis数据结束
2017-12-13 11:02:32
同步学习报告记录到Redis开始
2017-12-13 11:02:32
同步学习报告记录到Redis结束
2017-12-13 11:02:42
同步学习报告记录到Redis开始
2017-12-13 11:02:42
同步学习报告记录到Redis结束
2017-12-13 11:02:52
同步学习报告记录到Redis开始
2017-12-13 11:02:52
同步学习报告记录到Redis结束
2017-12-13 11:03:02
同步学习报告记录到Redis开始
2017-12-13 11:03:02
同步学习报告记录到Redis结束
2017-12-13 11:03:12
同步学习报告记录到Redis开始
2017-12-13 11:03:12
同步学习报告记录到Redis结束
2017-12-13 11:03:22
同步学习报告记录到Redis开始
2017-12-13 11:03:22
同步学习报告记录到Redis结束
2017-12-13 11:03:31
刷新课本剧排行榜redis数据开始
2017-12-13 11:03:31
刷新课本剧排行榜redis数据结束
2017-12-13 11:03:32
同步学习报告记录到Redis开始
2017-12-13 11:03:32
同步学习报告记录到Redis结束
2017-12-13 11:03:42
同步学习报告记录到Redis开始
2017-12-13 11:03:42
同步学习报告记录到Redis结束
2017-12-13 11:03:52
同步学习报告记录到Redis开始
2017-12-13 11:03:52
同步学习报告记录到Redis结束
2017-12-13 11:04:02
同步学习报告记录到Redis开始
2017-12-13 11:04:02
同步学习报告记录到Redis结束
2017-12-13 11:04:12
同步学习报告记录到Redis开始
2017-12-13 11:04:12
同步学习报告记录到Redis结束
2017-12-13 11:04:22
同步学习报告记录到Redis开始
2017-12-13 11:04:22
同步学习报告记录到Redis结束
2017-12-13 11:04:31
刷新课本剧排行榜redis数据开始
2017-12-13 11:04:31
刷新课本剧排行榜redis数据结束
2017-12-13 11:04:32
同步学习报告记录到Redis开始
2017-12-13 11:04:32
同步学习报告记录到Redis结束
2017-12-13 11:04:42
同步学习报告记录到Redis开始
2017-12-13 11:04:42
同步学习报告记录到Redis结束
2017-12-13 11:04:52
同步学习报告记录到Redis开始
2017-12-13 11:04:52
同步学习报告记录到Redis结束
2017-12-13 11:05:02
同步学习报告记录到Redis开始
2017-12-13 11:05:02
同步学习报告记录到Redis结束
2017-12-13 11:05:12
同步学习报告记录到Redis开始
2017-12-13 11:05:12
同步学习报告记录到Redis结束
2017-12-13 11:05:22
同步学习报告记录到Redis开始
2017-12-13 11:05:22
同步学习报告记录到Redis结束
2017-12-13 11:05:31
刷新课本剧排行榜redis数据开始
2017-12-13 11:05:31
刷新课本剧排行榜redis数据结束
2017-12-13 11:05:33
同步学习报告记录到Redis开始
2017-12-13 11:05:33
同步学习报告记录到Redis结束
2017-12-13 11:05:42
同步学习报告记录到Redis开始
2017-12-13 11:05:43
同步学习报告记录到Redis结束
2017-12-13 11:05:53
同步学习报告记录到Redis开始
2017-12-13 11:05:53
同步学习报告记录到Redis结束
2017-12-13 11:06:03
同步学习报告记录到Redis开始
2017-12-13 11:06:03
同步学习报告记录到Redis结束
2017-12-13 11:06:13
同步学习报告记录到Redis开始
2017-12-13 11:06:13
同步学习报告记录到Redis结束
2017-12-13 11:06:23
同步学习报告记录到Redis开始
2017-12-13 11:06:23
同步学习报告记录到Redis结束
2017-12-13 11:06:31
刷新课本剧排行榜redis数据开始
2017-12-13 11:06:31
刷新课本剧排行榜redis数据结束
2017-12-13 11:06:33
同步学习报告记录到Redis开始
2017-12-13 11:06:33
同步学习报告记录到Redis结束
2017-12-13 11:06:43
同步学习报告记录到Redis开始
2017-12-13 11:06:43
同步学习报告记录到Redis结束
2017-12-13 11:06:53
同步学习报告记录到Redis开始
2017-12-13 11:06:53
同步学习报告记录到Redis结束
2017-12-13 11:07:03
同步学习报告记录到Redis开始
2017-12-13 11:07:03
同步学习报告记录到Redis结束
2017-12-13 11:07:13
同步学习报告记录到Redis开始
2017-12-13 11:07:13
同步学习报告记录到Redis结束
2017-12-13 11:07:23
同步学习报告记录到Redis开始
2017-12-13 11:07:23
同步学习报告记录到Redis结束
2017-12-13 11:07:31
刷新课本剧排行榜redis数据开始
2017-12-13 11:07:31
刷新课本剧排行榜redis数据结束
2017-12-13 11:07:33
同步学习报告记录到Redis开始
2017-12-13 11:07:33
同步学习报告记录到Redis结束
2017-12-13 11:07:43
同步学习报告记录到Redis开始
2017-12-13 11:07:43
同步学习报告记录到Redis结束
2017-12-13 11:07:53
同步学习报告记录到Redis开始
2017-12-13 11:07:53
同步学习报告记录到Redis结束
2017-12-13 11:08:03
同步学习报告记录到Redis开始
2017-12-13 11:08:03
同步学习报告记录到Redis结束
2017-12-13 11:08:13
同步学习报告记录到Redis开始
2017-12-13 11:08:13
同步学习报告记录到Redis结束
2017-12-13 11:08:23
同步学习报告记录到Redis开始
2017-12-13 11:08:23
同步学习报告记录到Redis结束
2017-12-13 11:08:31
刷新课本剧排行榜redis数据开始
2017-12-13 11:08:31
刷新课本剧排行榜redis数据结束
2017-12-13 11:08:33
同步学习报告记录到Redis开始
2017-12-13 11:08:33
同步学习报告记录到Redis结束
2017-12-13 11:08:43
同步学习报告记录到Redis开始
2017-12-13 11:08:43
同步学习报告记录到Redis结束
2017-12-13 11:08:53
同步学习报告记录到Redis开始
2017-12-13 11:08:53
同步学习报告记录到Redis结束
2017-12-13 11:09:03
同步学习报告记录到Redis开始
2017-12-13 11:09:03
同步学习报告记录到Redis结束
2017-12-13 11:09:13
同步学习报告记录到Redis开始
2017-12-13 11:09:13
同步学习报告记录到Redis结束
2017-12-13 11:09:23
同步学习报告记录到Redis开始
2017-12-13 11:09:23
同步学习报告记录到Redis结束
2017-12-13 11:09:31
刷新课本剧排行榜redis数据开始
2017-12-13 11:09:31
刷新课本剧排行榜redis数据结束
2017-12-13 11:09:33
同步学习报告记录到Redis开始
2017-12-13 11:09:33
同步学习报告记录到Redis结束
2017-12-13 11:09:43
同步学习报告记录到Redis开始
2017-12-13 11:09:43
同步学习报告记录到Redis结束
2017-12-13 11:09:53
同步学习报告记录到Redis开始
2017-12-13 11:09:53
同步学习报告记录到Redis结束
2017-12-13 11:10:03
同步学习报告记录到Redis开始
2017-12-13 11:10:03
同步学习报告记录到Redis结束
2017-12-13 11:10:13
同步学习报告记录到Redis开始
2017-12-13 11:10:13
同步学习报告记录到Redis结束
2017-12-13 11:10:23
同步学习报告记录到Redis开始
2017-12-13 11:10:23
同步学习报告记录到Redis结束
2017-12-13 11:10:30
SyncDubbingData趣配音报名同步开始
2017-12-13 11:10:30
SyncDubbingData趣配音同步数据成功2017/12/13 11:10:30
2017-12-13 11:10:30
SyncDubbingData趣配音报名同步结束
2017-12-13 11:10:30
趣配音报名补全用户信息SyncUserInfoRedisFromUMS开始
2017-12-13 11:10:31
刷新课本剧排行榜redis数据开始
2017-12-13 11:10:31
刷新课本剧排行榜redis数据结束
2017-12-13 11:10:32
趣配音报名补全用户信息SyncUserInfoRedisFromUMS结束
2017-12-13 11:10:32
刷新学生所在学校排行榜redis数据开始
2017-12-13 11:10:32
刷新学生所在学校排行榜redis数据结束
2017-12-13 11:10:33
同步学习报告记录到Redis开始
2017-12-13 11:10:33
同步学习报告记录到Redis结束
2017-12-13 11:10:43
同步学习报告记录到Redis开始
2017-12-13 11:10:43
同步学习报告记录到Redis结束
2017-12-13 11:10:53
同步学习报告记录到Redis开始
2017-12-13 11:10:53
同步学习报告记录到Redis结束
2017-12-13 11:11:03
同步学习报告记录到Redis开始
2017-12-13 11:11:03
同步学习报告记录到Redis结束
2017-12-13 11:11:13
同步学习报告记录到Redis开始
2017-12-13 11:11:13
同步学习报告记录到Redis结束
2017-12-13 11:14:42
定时任务
2017-12-13 11:14:43
同步学习报告记录到Redis开始
2017-12-13 11:14:43
同步学习报告记录到Redis结束
2017-12-13 11:27:24
定时任务
2017-12-13 11:27:25
同步学习报告记录到Redis开始
2017-12-13 11:27:25
同步学习报告记录到Redis结束
2017-12-13 11:27:30
初始化学习报告记录到Redis开始
2017-12-13 11:28:52
刷新课本剧排行榜redis数据开始
2017-12-13 11:28:52
刷新课本剧排行榜redis数据结束
2017-12-13 11:31:13
定时任务
2017-12-13 11:31:30
初始化学习报告记录到Redis开始
2017-12-13 11:32:14
刷新课本剧排行榜redis数据开始
2017-12-13 11:32:14
刷新课本剧排行榜redis数据结束
2017-12-13 11:34:49
同步学习报告记录到Redis开始
2017-12-13 11:34:54
同步学习报告记录到Redis结束
2017-12-13 11:34:54
刷新课本剧排行榜redis数据结束
2017-12-13 11:34:54
同步学习报告记录到Redis开始
2017-12-13 11:34:54
同步学习报告记录到Redis结束
2017-12-13 11:34:54
同步学习报告记录到Redis开始
2017-12-13 11:34:54
同步学习报告记录到Redis结束
2017-12-13 11:34:54
同步学习报告记录到Redis开始
2017-12-13 11:34:54
同步学习报告记录到Redis结束
2017-12-13 11:34:54
同步学习报告记录到Redis开始
2017-12-13 11:34:54
同步学习报告记录到Redis结束
2017-12-13 11:34:54
同步学习报告记录到Redis开始
2017-12-13 11:34:54
同步学习报告记录到Redis结束
2017-12-13 11:34:54
同步学习报告记录到Redis开始
2017-12-13 11:34:54
同步学习报告记录到Redis结束
2017-12-13 11:34:54
同步学习报告记录到Redis开始
2017-12-13 11:34:54
同步学习报告记录到Redis结束
2017-12-13 11:34:54
同步学习报告记录到Redis开始
2017-12-13 11:34:54
同步学习报告记录到Redis结束
2017-12-13 11:34:54
同步学习报告记录到Redis开始
2017-12-13 11:34:54
同步学习报告记录到Redis结束
2017-12-13 11:34:54
同步学习报告记录到Redis开始
2017-12-13 11:34:54
同步学习报告记录到Redis结束
2017-12-13 11:34:59
同步学习报告记录到Redis开始
2017-12-13 11:34:59
同步学习报告记录到Redis结束
2017-12-13 11:48:07
定时任务
2017-12-13 11:48:08
同步学习报告记录到Redis开始
2017-12-13 11:48:08
同步学习报告记录到Redis结束
2017-12-13 11:48:12
初始化学习报告记录到Redis开始
2017-12-13 11:49:08
刷新课本剧排行榜redis数据开始
2017-12-13 11:49:08
刷新课本剧排行榜redis数据结束
2017-12-13 11:50:21
刷新课本剧排行榜redis数据开始
2017-12-13 11:50:21
刷新课本剧排行榜redis数据结束
2017-12-13 13:55:09
定时任务
2017-12-13 13:55:10
同步学习报告记录到Redis开始
2017-12-13 13:55:10
同步学习报告记录到Redis结束
2017-12-13 13:55:10
初始化学习报告记录到Redis开始
2017-12-13 13:56:10
刷新课本剧排行榜redis数据开始
2017-12-13 13:56:10
刷新课本剧排行榜redis数据结束
2017-12-13 13:56:52
同步学习报告记录到Redis开始
2017-12-13 13:56:52
同步学习报告记录到Redis结束
2017-12-13 13:56:52
同步学习报告记录到Redis开始
2017-12-13 13:56:52
同步学习报告记录到Redis结束
2017-12-13 13:56:52
同步学习报告记录到Redis开始
2017-12-13 13:56:52
同步学习报告记录到Redis结束
2017-12-13 13:56:52
同步学习报告记录到Redis开始
2017-12-13 13:56:52
同步学习报告记录到Redis结束
2017-12-13 13:56:52
同步学习报告记录到Redis开始
2017-12-13 13:56:52
同步学习报告记录到Redis结束
2017-12-13 13:56:52
同步学习报告记录到Redis开始
2017-12-13 13:56:52
同步学习报告记录到Redis结束
2017-12-13 13:56:52
同步学习报告记录到Redis开始
2017-12-13 13:56:52
同步学习报告记录到Redis结束
2017-12-13 13:56:52
同步学习报告记录到Redis开始
2017-12-13 13:56:52
同步学习报告记录到Redis结束
2017-12-13 13:57:02
同步学习报告记录到Redis开始
2017-12-13 13:57:02
同步学习报告记录到Redis结束
2017-12-13 13:57:10
刷新课本剧排行榜redis数据开始
2017-12-13 13:57:10
刷新课本剧排行榜redis数据结束
2017-12-13 13:58:22
同步学习报告记录到Redis开始
2017-12-13 13:58:24
刷新课本剧排行榜redis数据结束
2017-12-13 13:58:24
同步学习报告记录到Redis开始
2017-12-13 13:58:24
同步学习报告记录到Redis结束
2017-12-13 13:58:32
同步学习报告记录到Redis开始
2017-12-13 13:58:32
同步学习报告记录到Redis结束
2017-12-13 13:58:42
同步学习报告记录到Redis开始
2017-12-13 13:58:42
同步学习报告记录到Redis结束
2017-12-13 13:58:52
同步学习报告记录到Redis开始
2017-12-13 13:58:52
同步学习报告记录到Redis结束
2017-12-13 14:01:52
定时任务
2017-12-13 14:01:53
同步学习报告记录到Redis开始
2017-12-13 14:01:53
同步学习报告记录到Redis结束
2017-12-13 14:01:53
初始化学习报告记录到Redis开始
2017-12-13 14:02:45
定时任务
2017-12-13 14:02:46
初始化学习报告记录到Redis开始
2017-12-13 14:03:46
刷新课本剧排行榜redis数据开始
2017-12-13 14:03:47
刷新课本剧排行榜redis数据结束
2017-12-13 14:04:01
定时任务
2017-12-13 14:04:02
同步学习报告记录到Redis开始
2017-12-13 14:04:02
同步学习报告记录到Redis结束
2017-12-13 14:04:20
初始化学习报告记录到Redis开始
2017-12-13 14:05:13
刷新课本剧排行榜redis数据开始
2017-12-13 14:05:13
刷新课本剧排行榜redis数据结束
2017-12-13 14:06:13
刷新课本剧排行榜redis数据开始
2017-12-13 14:06:13
刷新课本剧排行榜redis数据结束
2017-12-13 14:09:02
同步学习报告记录到Redis开始
2017-12-13 14:09:02
同步学习报告记录到Redis结束
2017-12-13 14:09:02
同步学习报告记录到Redis开始
2017-12-13 14:09:02
同步学习报告记录到Redis结束
2017-12-13 14:09:02
同步学习报告记录到Redis开始
2017-12-13 14:09:02
同步学习报告记录到Redis结束
2017-12-13 14:09:02
同步学习报告记录到Redis开始
2017-12-13 14:09:03
同步学习报告记录到Redis结束
2017-12-13 14:09:03
同步学习报告记录到Redis开始
2017-12-13 14:09:03
同步学习报告记录到Redis结束
2017-12-13 14:09:03
同步学习报告记录到Redis开始
2017-12-13 14:09:03
同步学习报告记录到Redis结束
2017-12-13 14:09:03
同步学习报告记录到Redis开始
2017-12-13 14:09:03
同步学习报告记录到Redis结束
2017-12-13 14:09:03
同步学习报告记录到Redis开始
2017-12-13 14:09:03
同步学习报告记录到Redis结束
2017-12-13 14:09:03
同步学习报告记录到Redis开始
2017-12-13 14:09:03
同步学习报告记录到Redis结束
2017-12-13 14:09:03
同步学习报告记录到Redis开始
2017-12-13 14:09:03
同步学习报告记录到Redis结束
2017-12-13 14:09:03
同步学习报告记录到Redis开始
2017-12-13 14:09:03
同步学习报告记录到Redis结束
2017-12-13 14:09:03
同步学习报告记录到Redis开始
2017-12-13 14:09:03
同步学习报告记录到Redis结束
2017-12-13 14:09:03
同步学习报告记录到Redis开始
2017-12-13 14:09:03
同步学习报告记录到Redis结束
2017-12-13 14:09:03
同步学习报告记录到Redis开始
2017-12-13 14:09:03
同步学习报告记录到Redis结束
2017-12-13 14:09:12
同步学习报告记录到Redis开始
2017-12-13 14:09:12
同步学习报告记录到Redis结束
2017-12-13 14:09:22
同步学习报告记录到Redis开始
2017-12-13 14:09:22
同步学习报告记录到Redis结束
2017-12-13 14:09:32
同步学习报告记录到Redis开始
2017-12-13 14:09:32
同步学习报告记录到Redis结束
2017-12-13 14:09:42
同步学习报告记录到Redis开始
2017-12-13 14:09:42
同步学习报告记录到Redis结束
2017-12-13 14:09:52
同步学习报告记录到Redis开始
2017-12-13 14:09:52
同步学习报告记录到Redis结束
2017-12-13 14:10:02
刷新课本剧排行榜redis数据开始
2017-12-13 14:10:02
刷新课本剧排行榜redis数据结束
2017-12-13 14:10:02
同步学习报告记录到Redis开始
2017-12-13 14:10:03
同步学习报告记录到Redis结束
2017-12-13 14:10:13
同步学习报告记录到Redis开始
2017-12-13 14:10:13
同步学习报告记录到Redis结束
2017-12-13 14:10:23
同步学习报告记录到Redis开始
2017-12-13 14:10:23
同步学习报告记录到Redis结束
2017-12-13 14:10:33
同步学习报告记录到Redis开始
2017-12-13 14:10:33
同步学习报告记录到Redis结束
2017-12-13 14:10:43
同步学习报告记录到Redis开始
2017-12-13 14:10:43
同步学习报告记录到Redis结束
2017-12-13 14:10:53
同步学习报告记录到Redis开始
2017-12-13 14:10:53
同步学习报告记录到Redis结束
2017-12-13 14:11:02
刷新课本剧排行榜redis数据开始
2017-12-13 14:11:02
刷新课本剧排行榜redis数据结束
2017-12-13 14:11:03
同步学习报告记录到Redis开始
2017-12-13 14:11:03
同步学习报告记录到Redis结束
2017-12-13 14:11:13
同步学习报告记录到Redis开始
2017-12-13 14:11:13
同步学习报告记录到Redis结束
2017-12-13 14:11:23
同步学习报告记录到Redis开始
2017-12-13 14:11:23
同步学习报告记录到Redis结束
2017-12-13 14:11:33
同步学习报告记录到Redis开始
2017-12-13 14:11:33
同步学习报告记录到Redis结束
2017-12-13 14:11:43
同步学习报告记录到Redis开始
2017-12-13 14:11:43
同步学习报告记录到Redis结束
2017-12-13 14:11:53
同步学习报告记录到Redis开始
2017-12-13 14:11:53
同步学习报告记录到Redis结束
2017-12-13 14:12:02
刷新课本剧排行榜redis数据开始
2017-12-13 14:12:02
刷新课本剧排行榜redis数据结束
2017-12-13 14:12:03
同步学习报告记录到Redis开始
2017-12-13 14:12:03
同步学习报告记录到Redis结束
2017-12-13 14:12:13
同步学习报告记录到Redis开始
2017-12-13 14:12:13
同步学习报告记录到Redis结束
2017-12-13 14:12:23
同步学习报告记录到Redis开始
2017-12-13 14:12:23
同步学习报告记录到Redis结束
2017-12-13 14:12:33
同步学习报告记录到Redis开始
2017-12-13 14:12:33
同步学习报告记录到Redis结束
2017-12-13 14:12:43
同步学习报告记录到Redis开始
2017-12-13 14:12:43
同步学习报告记录到Redis结束
2017-12-13 14:12:53
同步学习报告记录到Redis开始
2017-12-13 14:12:53
同步学习报告记录到Redis结束
2017-12-13 14:13:02
刷新课本剧排行榜redis数据开始
2017-12-13 14:13:02
刷新课本剧排行榜redis数据结束
2017-12-13 14:13:03
同步学习报告记录到Redis开始
2017-12-13 14:13:03
同步学习报告记录到Redis结束
2017-12-13 14:13:13
同步学习报告记录到Redis开始
2017-12-13 14:13:13
同步学习报告记录到Redis结束
2017-12-13 14:13:23
同步学习报告记录到Redis开始
2017-12-13 14:13:23
同步学习报告记录到Redis结束
2017-12-13 14:13:33
同步学习报告记录到Redis开始
2017-12-13 14:13:33
同步学习报告记录到Redis结束
2017-12-13 14:13:43
同步学习报告记录到Redis开始
2017-12-13 14:13:43
同步学习报告记录到Redis结束
2017-12-13 14:13:53
同步学习报告记录到Redis开始
2017-12-13 14:13:53
同步学习报告记录到Redis结束
2017-12-13 14:14:02
趣配音报名补全用户信息SyncUserInfoRedisFromUMS开始
2017-12-13 14:14:03
刷新课本剧排行榜redis数据开始
2017-12-13 14:14:03
刷新课本剧排行榜redis数据结束
2017-12-13 14:14:03
同步学习报告记录到Redis开始
2017-12-13 14:14:03
同步学习报告记录到Redis结束
2017-12-13 14:14:03
趣配音报名补全用户信息SyncUserInfoRedisFromUMS结束
2017-12-13 14:14:03
刷新学生所在学校排行榜redis数据开始
2017-12-13 14:14:04
刷新学生所在学校排行榜redis数据结束
2017-12-13 14:14:04
SyncDubbingData趣配音报名同步开始
2017-12-13 14:14:04
SyncDubbingData趣配音同步数据成功2017/12/13 14:14:04
2017-12-13 14:14:04
SyncDubbingData趣配音报名同步结束
2017-12-13 14:14:13
同步学习报告记录到Redis开始
2017-12-13 14:14:13
同步学习报告记录到Redis结束
2017-12-13 14:14:23
同步学习报告记录到Redis开始
2017-12-13 14:14:23
同步学习报告记录到Redis结束
2017-12-13 14:14:33
同步学习报告记录到Redis开始
2017-12-13 14:14:33
同步学习报告记录到Redis结束
2017-12-13 14:14:43
同步学习报告记录到Redis开始
2017-12-13 14:14:43
同步学习报告记录到Redis结束
2017-12-13 14:14:53
同步学习报告记录到Redis开始
2017-12-13 14:14:53
同步学习报告记录到Redis结束
2017-12-13 14:15:03
刷新课本剧排行榜redis数据开始
2017-12-13 14:15:03
刷新课本剧排行榜redis数据结束
2017-12-13 14:15:03
同步学习报告记录到Redis开始
2017-12-13 14:15:03
同步学习报告记录到Redis结束
2017-12-13 14:15:13
同步学习报告记录到Redis开始
2017-12-13 14:15:13
同步学习报告记录到Redis结束
2017-12-13 14:15:23
同步学习报告记录到Redis开始
2017-12-13 14:15:23
同步学习报告记录到Redis结束
2017-12-13 14:15:33
同步学习报告记录到Redis开始
2017-12-13 14:15:33
同步学习报告记录到Redis结束
2017-12-13 14:15:43
同步学习报告记录到Redis开始
2017-12-13 14:15:43
同步学习报告记录到Redis结束
2017-12-13 14:15:53
同步学习报告记录到Redis开始
2017-12-13 14:15:53
同步学习报告记录到Redis结束
2017-12-13 14:16:03
刷新课本剧排行榜redis数据开始
2017-12-13 14:16:03
刷新课本剧排行榜redis数据结束
2017-12-13 14:16:03
同步学习报告记录到Redis开始
2017-12-13 14:16:03
同步学习报告记录到Redis结束
2017-12-13 14:16:13
同步学习报告记录到Redis开始
2017-12-13 14:16:13
同步学习报告记录到Redis结束
2017-12-13 14:16:23
同步学习报告记录到Redis开始
2017-12-13 14:16:23
同步学习报告记录到Redis结束
2017-12-13 14:16:33
同步学习报告记录到Redis开始
2017-12-13 14:16:33
同步学习报告记录到Redis结束
2017-12-13 14:16:43
同步学习报告记录到Redis开始
2017-12-13 14:16:43
同步学习报告记录到Redis结束
2017-12-13 14:16:53
同步学习报告记录到Redis开始
2017-12-13 14:16:53
同步学习报告记录到Redis结束
2017-12-13 14:17:03
刷新课本剧排行榜redis数据开始
2017-12-13 14:17:03
刷新课本剧排行榜redis数据结束
2017-12-13 14:17:03
同步学习报告记录到Redis开始
2017-12-13 14:17:03
同步学习报告记录到Redis结束
2017-12-13 14:17:13
同步学习报告记录到Redis开始
2017-12-13 14:17:13
同步学习报告记录到Redis结束
2017-12-13 14:17:23
同步学习报告记录到Redis开始
2017-12-13 14:17:23
同步学习报告记录到Redis结束
2017-12-13 14:17:33
同步学习报告记录到Redis开始
2017-12-13 14:17:33
同步学习报告记录到Redis结束
2017-12-13 14:17:43
同步学习报告记录到Redis开始
2017-12-13 14:17:43
同步学习报告记录到Redis结束
2017-12-13 14:17:53
同步学习报告记录到Redis开始
2017-12-13 14:17:53
同步学习报告记录到Redis结束
2017-12-13 14:18:03
刷新课本剧排行榜redis数据开始
2017-12-13 14:18:03
刷新课本剧排行榜redis数据结束
2017-12-13 14:18:03
同步学习报告记录到Redis开始
2017-12-13 14:18:03
同步学习报告记录到Redis结束
2017-12-13 14:18:13
同步学习报告记录到Redis开始
2017-12-13 14:18:13
同步学习报告记录到Redis结束
2017-12-13 14:18:23
同步学习报告记录到Redis开始
2017-12-13 14:18:23
同步学习报告记录到Redis结束
2017-12-13 14:18:33
同步学习报告记录到Redis开始
2017-12-13 14:18:33
同步学习报告记录到Redis结束
2017-12-13 14:18:43
同步学习报告记录到Redis开始
2017-12-13 14:18:43
同步学习报告记录到Redis结束
2017-12-13 14:18:53
同步学习报告记录到Redis开始
2017-12-13 14:18:53
同步学习报告记录到Redis结束
2017-12-13 14:19:03
刷新课本剧排行榜redis数据开始
2017-12-13 14:19:03
刷新课本剧排行榜redis数据结束
2017-12-13 14:19:03
同步学习报告记录到Redis开始
2017-12-13 14:19:03
同步学习报告记录到Redis结束
2017-12-13 14:19:13
同步学习报告记录到Redis开始
2017-12-13 14:19:13
同步学习报告记录到Redis结束
2017-12-13 14:19:23
同步学习报告记录到Redis开始
2017-12-13 14:19:23
同步学习报告记录到Redis结束
2017-12-13 14:19:33
同步学习报告记录到Redis开始
2017-12-13 14:19:33
同步学习报告记录到Redis结束
2017-12-13 14:19:43
同步学习报告记录到Redis开始
2017-12-13 14:19:43
同步学习报告记录到Redis结束
2017-12-13 14:19:53
同步学习报告记录到Redis开始
2017-12-13 14:19:53
同步学习报告记录到Redis结束
2017-12-13 14:20:03
刷新课本剧排行榜redis数据开始
2017-12-13 14:20:03
刷新课本剧排行榜redis数据结束
2017-12-13 14:20:03
同步学习报告记录到Redis开始
2017-12-13 14:20:03
同步学习报告记录到Redis结束
2017-12-13 14:20:13
同步学习报告记录到Redis开始
2017-12-13 14:20:13
同步学习报告记录到Redis结束
2017-12-13 15:18:04
定时任务
2017-12-13 15:18:05
同步学习报告记录到Redis开始
2017-12-13 15:18:05
同步学习报告记录到Redis结束
2017-12-13 15:18:49
初始化学习报告记录到Redis开始
2017-12-13 15:19:05
刷新课本剧排行榜redis数据开始
2017-12-13 15:19:05
刷新课本剧排行榜redis数据结束
2017-12-13 15:20:32
刷新课本剧排行榜redis数据开始
2017-12-13 15:20:32
刷新课本剧排行榜redis数据结束
2017-12-13 15:28:04
定时任务
2017-12-13 15:28:05
同步学习报告记录到Redis开始
2017-12-13 15:28:05
同步学习报告记录到Redis结束
2017-12-13 15:28:38
初始化学习报告记录到Redis开始
2017-12-13 15:29:05
刷新课本剧排行榜redis数据开始
2017-12-13 15:29:05
刷新课本剧排行榜redis数据结束
2017-12-13 15:30:05
刷新课本剧排行榜redis数据开始
2017-12-13 15:30:05
刷新课本剧排行榜redis数据结束
2017-12-13 15:31:05
刷新课本剧排行榜redis数据开始
2017-12-13 15:31:05
刷新课本剧排行榜redis数据结束
2017-12-13 15:32:05
刷新课本剧排行榜redis数据开始
2017-12-13 15:32:05
刷新课本剧排行榜redis数据结束
2017-12-13 15:33:05
刷新课本剧排行榜redis数据开始
2017-12-13 15:33:05
刷新课本剧排行榜redis数据结束
2017-12-13 15:34:05
刷新课本剧排行榜redis数据开始
2017-12-13 15:34:05
刷新课本剧排行榜redis数据结束
2017-12-13 15:35:05
刷新课本剧排行榜redis数据开始
2017-12-13 15:35:05
刷新课本剧排行榜redis数据结束
2017-12-13 15:38:18
定时任务
2017-12-13 15:38:19
同步学习报告记录到Redis开始
2017-12-13 15:38:19
同步学习报告记录到Redis结束
2017-12-13 15:42:19
初始化学习报告记录到Redis开始
2017-12-13 15:42:19
刷新课本剧排行榜redis数据开始
2017-12-13 15:42:19
刷新课本剧排行榜redis数据结束
2017-12-13 15:43:19
刷新课本剧排行榜redis数据开始
2017-12-13 15:43:19
刷新课本剧排行榜redis数据结束
2017-12-13 15:44:19
刷新课本剧排行榜redis数据开始
2017-12-13 15:44:19
刷新课本剧排行榜redis数据结束
2017-12-13 15:45:19
刷新课本剧排行榜redis数据开始
2017-12-13 15:45:19
刷新课本剧排行榜redis数据结束
2017-12-13 15:46:19
刷新课本剧排行榜redis数据开始
2017-12-13 15:46:19
刷新课本剧排行榜redis数据结束
2017-12-13 15:47:46
定时任务
2017-12-13 15:47:47
同步学习报告记录到Redis开始
2017-12-13 15:47:47
同步学习报告记录到Redis结束
2017-12-13 15:51:55
初始化学习报告记录到Redis开始
2017-12-13 15:51:55
刷新课本剧排行榜redis数据开始
2017-12-13 15:51:55
刷新课本剧排行榜redis数据结束
2017-12-13 15:52:55
刷新课本剧排行榜redis数据开始
2017-12-13 15:52:55
刷新课本剧排行榜redis数据结束
2017-12-13 15:53:55
刷新课本剧排行榜redis数据开始
2017-12-13 15:53:55
刷新课本剧排行榜redis数据结束
2017-12-13 15:54:55
刷新课本剧排行榜redis数据开始
2017-12-13 15:54:55
刷新课本剧排行榜redis数据结束
2017-12-13 15:55:55
刷新课本剧排行榜redis数据开始
2017-12-13 15:55:55
刷新课本剧排行榜redis数据结束
2017-12-13 15:56:55
刷新课本剧排行榜redis数据开始
2017-12-13 15:56:55
刷新课本剧排行榜redis数据结束
2017-12-13 15:57:47
SyncDubbingData趣配音报名同步开始
2017-12-13 15:57:47
SyncDubbingData趣配音同步数据成功2017/12/13 15:57:47
2017-12-13 15:57:47
SyncDubbingData趣配音报名同步结束
2017-12-13 15:57:47
趣配音报名补全用户信息SyncUserInfoRedisFromUMS开始
2017-12-13 15:57:49
趣配音报名补全用户信息SyncUserInfoRedisFromUMS结束
2017-12-13 15:57:49
刷新学生所在学校排行榜redis数据开始
2017-12-13 15:57:49
刷新学生所在学校排行榜redis数据结束
2017-12-13 15:57:55
刷新课本剧排行榜redis数据开始
2017-12-13 15:57:55
刷新课本剧排行榜redis数据结束
2017-12-13 15:58:55
刷新课本剧排行榜redis数据开始
2017-12-13 15:58:55
刷新课本剧排行榜redis数据结束
2017-12-13 15:59:55
刷新课本剧排行榜redis数据开始
2017-12-13 15:59:55
刷新课本剧排行榜redis数据结束
2017-12-13 16:00:55
刷新课本剧排行榜redis数据开始
2017-12-13 16:00:55
刷新课本剧排行榜redis数据结束
2017-12-13 16:01:55
刷新课本剧排行榜redis数据开始
2017-12-13 16:01:55
刷新课本剧排行榜redis数据结束
2017-12-13 16:02:55
刷新课本剧排行榜redis数据开始
2017-12-13 16:02:55
刷新课本剧排行榜redis数据结束
2017-12-13 16:03:55
刷新课本剧排行榜redis数据开始
2017-12-13 16:03:55
刷新课本剧排行榜redis数据结束
2017-12-13 16:07:09
定时任务
2017-12-13 16:07:10
同步学习报告记录到Redis开始
2017-12-13 16:07:10
同步学习报告记录到Redis结束
2017-12-13 16:07:16
初始化学习报告记录到Redis开始
2017-12-13 16:08:33
定时任务
2017-12-13 16:08:34
同步学习报告记录到Redis开始
2017-12-13 16:08:34
同步学习报告记录到Redis结束
2017-12-13 16:08:41
初始化学习报告记录到Redis开始
2017-12-13 16:09:16
定时任务
2017-12-13 16:09:16
同步学习报告记录到Redis开始
2017-12-13 16:09:16
同步学习报告记录到Redis结束
2017-12-13 16:09:19
初始化学习报告记录到Redis开始
2017-12-13 16:09:39
初始化学习报告记录到Redis结束
2017-12-13 16:09:39
同步学习报告记录到Redis开始
2017-12-13 16:09:39
同步学习报告记录到Redis结束
2017-12-13 16:09:39
同步学习报告记录到Redis开始
2017-12-13 16:09:39
同步学习报告记录到Redis结束
2017-12-13 16:09:46
同步学习报告记录到Redis开始
2017-12-13 16:09:46
同步学习报告记录到Redis结束
2017-12-13 16:09:56
同步学习报告记录到Redis开始
2017-12-13 16:09:56
同步学习报告记录到Redis结束
2017-12-13 16:10:06
同步学习报告记录到Redis开始
2017-12-13 16:10:06
同步学习报告记录到Redis结束
2017-12-13 16:10:16
刷新课本剧排行榜redis数据开始
2017-12-13 16:10:16
刷新课本剧排行榜redis数据结束
2017-12-13 16:10:16
同步学习报告记录到Redis开始
2017-12-13 16:10:16
同步学习报告记录到Redis结束
2017-12-13 16:10:27
同步学习报告记录到Redis开始
2017-12-13 16:10:27
同步学习报告记录到Redis结束
2017-12-13 16:10:37
同步学习报告记录到Redis开始
2017-12-13 16:10:37
同步学习报告记录到Redis结束
2017-12-13 16:10:47
同步学习报告记录到Redis开始
2017-12-13 16:10:47
同步学习报告记录到Redis结束
2017-12-13 16:10:57
同步学习报告记录到Redis开始
2017-12-13 16:10:57
同步学习报告记录到Redis结束
2017-12-13 16:11:07
同步学习报告记录到Redis开始
2017-12-13 16:11:07
同步学习报告记录到Redis结束
2017-12-13 16:11:16
刷新课本剧排行榜redis数据开始
2017-12-13 16:11:16
刷新课本剧排行榜redis数据结束
2017-12-13 16:11:17
同步学习报告记录到Redis开始
2017-12-13 16:11:17
同步学习报告记录到Redis结束
2017-12-13 16:11:27
同步学习报告记录到Redis开始
2017-12-13 16:11:27
同步学习报告记录到Redis结束
2017-12-13 16:11:37
同步学习报告记录到Redis开始
2017-12-13 16:11:37
同步学习报告记录到Redis结束
2017-12-13 16:11:47
同步学习报告记录到Redis开始
2017-12-13 16:11:47
同步学习报告记录到Redis结束
2017-12-13 16:11:57
同步学习报告记录到Redis开始
2017-12-13 16:11:57
同步学习报告记录到Redis结束
2017-12-13 16:12:07
同步学习报告记录到Redis开始
2017-12-13 16:12:07
同步学习报告记录到Redis结束
2017-12-13 16:12:16
刷新课本剧排行榜redis数据开始
2017-12-13 16:12:16
刷新课本剧排行榜redis数据结束
2017-12-13 16:12:17
同步学习报告记录到Redis开始
2017-12-13 16:12:17
同步学习报告记录到Redis结束
2017-12-13 16:12:27
同步学习报告记录到Redis开始
2017-12-13 16:12:27
同步学习报告记录到Redis结束
2017-12-13 16:12:37
同步学习报告记录到Redis开始
2017-12-13 16:12:37
同步学习报告记录到Redis结束
2017-12-13 16:12:47
同步学习报告记录到Redis开始
2017-12-13 16:12:47
同步学习报告记录到Redis结束
2017-12-13 16:12:57
同步学习报告记录到Redis开始
2017-12-13 16:12:57
同步学习报告记录到Redis结束
2017-12-13 16:13:07
同步学习报告记录到Redis开始
2017-12-13 16:13:07
同步学习报告记录到Redis结束
2017-12-13 16:13:16
刷新课本剧排行榜redis数据开始
2017-12-13 16:13:16
刷新课本剧排行榜redis数据结束
2017-12-13 16:13:17
同步学习报告记录到Redis开始
2017-12-13 16:13:17
同步学习报告记录到Redis结束
2017-12-13 16:13:27
同步学习报告记录到Redis开始
2017-12-13 16:13:27
同步学习报告记录到Redis结束
2017-12-13 16:13:37
同步学习报告记录到Redis开始
2017-12-13 16:13:37
同步学习报告记录到Redis结束
2017-12-13 16:13:47
同步学习报告记录到Redis开始
2017-12-13 16:13:47
同步学习报告记录到Redis结束
2017-12-13 16:13:57
同步学习报告记录到Redis开始
2017-12-13 16:13:57
同步学习报告记录到Redis结束
2017-12-13 16:14:07
同步学习报告记录到Redis开始
2017-12-13 16:14:07
同步学习报告记录到Redis结束
2017-12-13 16:14:16
刷新课本剧排行榜redis数据开始
2017-12-13 16:14:16
刷新课本剧排行榜redis数据结束
2017-12-13 16:14:17
同步学习报告记录到Redis开始
2017-12-13 16:14:17
同步学习报告记录到Redis结束
2017-12-13 16:14:27
同步学习报告记录到Redis开始
2017-12-13 16:14:27
同步学习报告记录到Redis结束
2017-12-13 16:14:37
同步学习报告记录到Redis开始
2017-12-13 16:14:37
同步学习报告记录到Redis结束
2017-12-13 16:14:47
同步学习报告记录到Redis开始
2017-12-13 16:14:47
同步学习报告记录到Redis结束
2017-12-13 16:14:57
同步学习报告记录到Redis开始
2017-12-13 16:14:57
同步学习报告记录到Redis结束
2017-12-13 16:15:07
同步学习报告记录到Redis开始
2017-12-13 16:15:07
同步学习报告记录到Redis结束
2017-12-13 16:15:16
刷新课本剧排行榜redis数据开始
2017-12-13 16:15:17
刷新课本剧排行榜redis数据结束
2017-12-13 16:15:17
同步学习报告记录到Redis开始
2017-12-13 16:15:17
同步学习报告记录到Redis结束
2017-12-13 16:15:27
同步学习报告记录到Redis开始
2017-12-13 16:15:27
同步学习报告记录到Redis结束
2017-12-13 16:15:37
同步学习报告记录到Redis开始
2017-12-13 16:15:37
同步学习报告记录到Redis结束
2017-12-13 16:15:47
同步学习报告记录到Redis开始
2017-12-13 16:15:47
同步学习报告记录到Redis结束
2017-12-13 16:15:57
同步学习报告记录到Redis开始
2017-12-13 16:15:57
同步学习报告记录到Redis结束
2017-12-13 16:16:07
同步学习报告记录到Redis开始
2017-12-13 16:16:07
同步学习报告记录到Redis结束
2017-12-13 16:16:17
刷新课本剧排行榜redis数据开始
2017-12-13 16:16:17
刷新课本剧排行榜redis数据结束
2017-12-13 16:16:17
同步学习报告记录到Redis开始
2017-12-13 16:16:17
同步学习报告记录到Redis结束
2017-12-13 16:16:27
同步学习报告记录到Redis开始
2017-12-13 16:16:27
同步学习报告记录到Redis结束
2017-12-13 16:16:37
同步学习报告记录到Redis开始
2017-12-13 16:16:37
同步学习报告记录到Redis结束
2017-12-13 16:16:47
同步学习报告记录到Redis开始
2017-12-13 16:16:47
同步学习报告记录到Redis结束
2017-12-13 16:16:57
同步学习报告记录到Redis开始
2017-12-13 16:16:57
同步学习报告记录到Redis结束
2017-12-13 16:17:07
同步学习报告记录到Redis开始
2017-12-13 16:17:07
同步学习报告记录到Redis结束
2017-12-13 16:17:17
刷新课本剧排行榜redis数据开始
2017-12-13 16:17:17
刷新课本剧排行榜redis数据结束
2017-12-13 16:17:17
同步学习报告记录到Redis开始
2017-12-13 16:17:17
同步学习报告记录到Redis结束
2017-12-13 16:17:27
同步学习报告记录到Redis开始
2017-12-13 16:17:27
同步学习报告记录到Redis结束
2017-12-13 16:17:37
同步学习报告记录到Redis开始
2017-12-13 16:17:37
同步学习报告记录到Redis结束
2017-12-13 16:17:47
同步学习报告记录到Redis开始
2017-12-13 16:17:47
同步学习报告记录到Redis结束
2017-12-13 16:17:57
同步学习报告记录到Redis开始
2017-12-13 16:17:57
同步学习报告记录到Redis结束
2017-12-13 16:18:07
同步学习报告记录到Redis开始
2017-12-13 16:18:07
同步学习报告记录到Redis结束
2017-12-13 16:18:17
刷新课本剧排行榜redis数据开始
2017-12-13 16:18:17
刷新课本剧排行榜redis数据结束
2017-12-13 16:18:17
同步学习报告记录到Redis开始
2017-12-13 16:18:17
同步学习报告记录到Redis结束
2017-12-13 16:18:27
同步学习报告记录到Redis开始
2017-12-13 16:18:27
同步学习报告记录到Redis结束
2017-12-13 16:18:37
同步学习报告记录到Redis开始
2017-12-13 16:18:37
同步学习报告记录到Redis结束
2017-12-13 16:18:47
同步学习报告记录到Redis开始
2017-12-13 16:18:47
同步学习报告记录到Redis结束
