2017-12-16 10:46:56
定时任务
2017-12-16 10:46:57
同步学习报告记录到Redis开始
2017-12-16 10:46:57
同步学习报告记录到Redis结束
2017-12-16 10:47:25
初始化学习报告记录到Redis开始
2017-12-16 10:47:50
初始化学习报告记录到Redis结束
2017-12-16 10:47:50
同步学习报告记录到Redis开始
2017-12-16 10:47:50
同步学习报告记录到Redis结束
2017-12-16 10:47:50
同步学习报告记录到Redis开始
2017-12-16 10:47:50
同步学习报告记录到Redis结束
2017-12-16 10:47:50
同步学习报告记录到Redis开始
2017-12-16 10:47:50
同步学习报告记录到Redis结束
2017-12-16 10:47:53
同步学习报告记录到Redis开始
2017-12-16 10:47:53
同步学习报告记录到Redis结束
2017-12-16 10:47:57
刷新课本剧排行榜redis数据开始
2017-12-16 10:47:57
刷新课本剧排行榜redis数据结束
2017-12-16 10:48:03
同步学习报告记录到Redis开始
2017-12-16 10:48:03
同步学习报告记录到Redis结束
2017-12-16 10:48:13
同步学习报告记录到Redis开始
2017-12-16 10:48:13
同步学习报告记录到Redis结束
2017-12-16 10:48:23
同步学习报告记录到Redis开始
2017-12-16 10:48:23
同步学习报告记录到Redis结束
2017-12-16 10:48:33
同步学习报告记录到Redis开始
2017-12-16 10:48:33
同步学习报告记录到Redis结束
2017-12-16 10:48:43
同步学习报告记录到Redis开始
2017-12-16 10:48:44
同步学习报告记录到Redis结束
2017-12-16 10:48:58
定时任务
2017-12-16 10:48:59
同步学习报告记录到Redis开始
2017-12-16 10:48:59
同步学习报告记录到Redis结束
2017-12-16 10:49:39
初始化学习报告记录到Redis开始
2017-12-16 10:49:59
刷新课本剧排行榜redis数据开始
2017-12-16 10:49:59
刷新课本剧排行榜redis数据结束
2017-12-16 10:50:05
初始化学习报告记录到Redis结束
2017-12-16 10:50:05
同步学习报告记录到Redis开始
2017-12-16 10:50:05
同步学习报告记录到Redis结束
2017-12-16 10:50:05
同步学习报告记录到Redis开始
2017-12-16 10:50:05
同步学习报告记录到Redis结束
2017-12-16 10:50:05
同步学习报告记录到Redis开始
2017-12-16 10:50:05
同步学习报告记录到Redis结束
2017-12-16 11:09:28
定时任务
2017-12-16 11:09:29
同步学习报告记录到Redis开始
2017-12-16 11:09:30
同步学习报告记录到Redis结束
2017-12-16 11:09:33
初始化学习报告记录到Redis开始
2017-12-16 11:13:08
定时任务
2017-12-16 11:13:09
同步学习报告记录到Redis开始
2017-12-16 11:13:09
同步学习报告记录到Redis结束
2017-12-16 11:13:14
初始化学习报告记录到Redis开始
2017-12-16 11:13:54
初始化学习报告记录到Redis结束
2017-12-16 11:13:54
同步学习报告记录到Redis开始
2017-12-16 11:13:55
同步学习报告记录到Redis结束
2017-12-16 11:13:55
同步学习报告记录到Redis开始
2017-12-16 11:13:55
同步学习报告记录到Redis结束
2017-12-16 11:13:55
同步学习报告记录到Redis开始
2017-12-16 11:13:55
同步学习报告记录到Redis结束
2017-12-16 11:13:55
同步学习报告记录到Redis开始
2017-12-16 11:13:55
同步学习报告记录到Redis结束
2017-12-16 11:13:59
同步学习报告记录到Redis开始
2017-12-16 11:13:59
同步学习报告记录到Redis结束
2017-12-16 11:14:09
刷新课本剧排行榜redis数据开始
2017-12-16 11:14:09
刷新课本剧排行榜redis数据结束
2017-12-16 11:14:09
同步学习报告记录到Redis开始
2017-12-16 11:14:09
同步学习报告记录到Redis结束
2017-12-16 11:14:19
同步学习报告记录到Redis开始
2017-12-16 11:14:19
同步学习报告记录到Redis结束
2017-12-16 11:14:29
同步学习报告记录到Redis开始
2017-12-16 11:14:29
同步学习报告记录到Redis结束
2017-12-16 11:14:39
同步学习报告记录到Redis开始
2017-12-16 11:14:39
同步学习报告记录到Redis结束
2017-12-16 11:38:58
定时任务
2017-12-16 11:38:59
同步学习报告记录到Redis开始
2017-12-16 11:38:59
同步学习报告记录到Redis结束
2017-12-16 11:39:03
初始化学习报告记录到Redis开始
2017-12-16 11:43:37
定时任务
2017-12-16 11:43:38
同步学习报告记录到Redis开始
2017-12-16 11:43:38
同步学习报告记录到Redis结束
2017-12-16 11:43:40
初始化学习报告记录到Redis开始
2017-12-16 11:48:43
刷新课本剧排行榜redis数据开始
2017-12-16 11:48:43
刷新课本剧排行榜redis数据结束
2017-12-16 11:48:46
初始化学习报告记录到Redis结束
2017-12-16 11:48:46
同步学习报告记录到Redis开始
2017-12-16 11:48:46
同步学习报告记录到Redis结束
2017-12-16 11:48:46
同步学习报告记录到Redis开始
2017-12-16 11:48:46
同步学习报告记录到Redis结束
2017-12-16 11:48:46
同步学习报告记录到Redis开始
2017-12-16 11:48:46
同步学习报告记录到Redis结束
2017-12-16 11:48:46
同步学习报告记录到Redis开始
2017-12-16 11:48:46
同步学习报告记录到Redis结束
2017-12-16 11:48:46
同步学习报告记录到Redis开始
2017-12-16 11:48:46
同步学习报告记录到Redis结束
2017-12-16 11:48:46
同步学习报告记录到Redis开始
2017-12-16 11:48:46
同步学习报告记录到Redis结束
2017-12-16 11:48:53
同步学习报告记录到Redis开始
2017-12-16 11:48:53
同步学习报告记录到Redis结束
2017-12-16 13:56:05
定时任务
2017-12-16 13:56:06
同步学习报告记录到Redis开始
2017-12-16 13:56:06
同步学习报告记录到Redis结束
2017-12-16 13:56:28
初始化学习报告记录到Redis开始
2017-12-16 14:00:29
刷新课本剧排行榜redis数据开始
2017-12-16 14:00:29
刷新课本剧排行榜redis数据结束
2017-12-16 14:31:32
定时任务
2017-12-16 14:31:33
同步学习报告记录到Redis开始
2017-12-16 14:31:33
同步学习报告记录到Redis结束
2017-12-16 14:31:37
初始化学习报告记录到Redis开始
2017-12-16 14:33:06
初始化学习报告记录到Redis结束
2017-12-16 14:33:06
同步学习报告记录到Redis开始
2017-12-16 14:33:06
同步学习报告记录到Redis结束
2017-12-16 14:33:06
同步学习报告记录到Redis开始
2017-12-16 14:33:06
同步学习报告记录到Redis结束
2017-12-16 14:33:06
同步学习报告记录到Redis开始
2017-12-16 14:33:07
同步学习报告记录到Redis结束
2017-12-16 14:33:07
同步学习报告记录到Redis开始
2017-12-16 14:33:07
同步学习报告记录到Redis结束
2017-12-16 15:43:41
定时任务
2017-12-16 15:43:42
同步学习报告记录到Redis开始
2017-12-16 15:43:42
同步学习报告记录到Redis结束
2017-12-16 15:44:21
初始化学习报告记录到Redis开始
2017-12-16 15:44:42
刷新课本剧排行榜redis数据开始
2017-12-16 15:44:42
刷新课本剧排行榜redis数据结束
2017-12-16 15:45:10
初始化学习报告记录到Redis结束
2017-12-16 15:45:10
同步学习报告记录到Redis开始
2017-12-16 15:45:10
同步学习报告记录到Redis结束
2017-12-16 15:45:10
同步学习报告记录到Redis开始
2017-12-16 15:45:10
同步学习报告记录到Redis结束
2017-12-16 15:45:10
同步学习报告记录到Redis开始
2017-12-16 15:45:10
同步学习报告记录到Redis结束
2017-12-16 15:45:10
同步学习报告记录到Redis开始
2017-12-16 15:45:10
同步学习报告记录到Redis结束
2017-12-16 15:45:10
同步学习报告记录到Redis开始
2017-12-16 15:45:10
同步学习报告记录到Redis结束
2017-12-16 15:57:31
定时任务
2017-12-16 15:57:32
同步学习报告记录到Redis开始
2017-12-16 15:57:32
同步学习报告记录到Redis结束
2017-12-16 15:58:11
初始化学习报告记录到Redis开始
2017-12-16 15:58:32
刷新课本剧排行榜redis数据开始
2017-12-16 15:58:32
刷新课本剧排行榜redis数据结束
2017-12-16 15:58:46
初始化学习报告记录到Redis结束
2017-12-16 15:58:46
同步学习报告记录到Redis开始
2017-12-16 15:58:46
同步学习报告记录到Redis结束
2017-12-16 15:58:46
同步学习报告记录到Redis开始
2017-12-16 15:58:46
同步学习报告记录到Redis结束
2017-12-16 15:58:46
同步学习报告记录到Redis开始
2017-12-16 15:58:46
同步学习报告记录到Redis结束
2017-12-16 15:58:46
同步学习报告记录到Redis开始
2017-12-16 15:58:46
同步学习报告记录到Redis结束
2017-12-16 16:07:11
定时任务
2017-12-16 16:07:12
同步学习报告记录到Redis开始
2017-12-16 16:07:12
同步学习报告记录到Redis结束
2017-12-16 16:07:16
初始化学习报告记录到Redis开始
2017-12-16 16:08:51
定时任务
2017-12-16 16:08:52
同步学习报告记录到Redis开始
2017-12-16 16:08:52
同步学习报告记录到Redis结束
2017-12-16 16:09:17
初始化学习报告记录到Redis开始
2017-12-16 16:10:16
刷新课本剧排行榜redis数据开始
2017-12-16 16:10:18
刷新课本剧排行榜redis数据结束
2017-12-16 16:10:50
初始化学习报告记录到Redis结束
2017-12-16 16:10:50
同步学习报告记录到Redis开始
2017-12-16 16:10:50
同步学习报告记录到Redis结束
2017-12-16 16:10:50
同步学习报告记录到Redis开始
2017-12-16 16:10:50
同步学习报告记录到Redis结束
2017-12-16 16:10:50
同步学习报告记录到Redis开始
2017-12-16 16:10:50
同步学习报告记录到Redis结束
2017-12-16 16:10:50
同步学习报告记录到Redis开始
2017-12-16 16:10:50
同步学习报告记录到Redis结束
2017-12-16 16:10:50
同步学习报告记录到Redis开始
2017-12-16 16:10:50
同步学习报告记录到Redis结束
2017-12-16 16:10:50
同步学习报告记录到Redis开始
2017-12-16 16:10:50
同步学习报告记录到Redis结束
2017-12-16 16:10:50
同步学习报告记录到Redis开始
2017-12-16 16:10:50
同步学习报告记录到Redis结束
2017-12-16 16:10:50
同步学习报告记录到Redis开始
2017-12-16 16:10:50
同步学习报告记录到Redis结束
2017-12-16 16:10:54
刷新课本剧排行榜redis数据开始
2017-12-16 16:10:54
刷新课本剧排行榜redis数据结束
2017-12-16 16:11:00
同步学习报告记录到Redis开始
2017-12-16 16:11:01
同步学习报告记录到Redis结束
2017-12-16 16:11:11
同步学习报告记录到Redis开始
2017-12-16 16:11:11
同步学习报告记录到Redis结束
2017-12-16 16:13:16
定时任务
2017-12-16 16:13:17
同步学习报告记录到Redis开始
2017-12-16 16:13:17
同步学习报告记录到Redis结束
2017-12-16 16:13:42
初始化学习报告记录到Redis开始
2017-12-16 16:14:15
初始化学习报告记录到Redis结束
2017-12-16 16:14:15
同步学习报告记录到Redis开始
2017-12-16 16:14:15
同步学习报告记录到Redis结束
2017-12-16 16:14:15
同步学习报告记录到Redis开始
2017-12-16 16:14:15
同步学习报告记录到Redis结束
2017-12-16 16:14:15
同步学习报告记录到Redis开始
2017-12-16 16:14:15
同步学习报告记录到Redis结束
2017-12-16 16:14:15
同步学习报告记录到Redis开始
2017-12-16 16:14:15
同步学习报告记录到Redis结束
2017-12-16 16:14:17
刷新课本剧排行榜redis数据开始
2017-12-16 16:14:17
刷新课本剧排行榜redis数据结束
2017-12-16 16:14:22
同步学习报告记录到Redis开始
2017-12-16 16:14:22
同步学习报告记录到Redis结束
2017-12-16 16:14:32
同步学习报告记录到Redis开始
2017-12-16 16:14:32
同步学习报告记录到Redis结束
2017-12-16 16:14:42
同步学习报告记录到Redis开始
2017-12-16 16:14:42
同步学习报告记录到Redis结束
2017-12-16 16:14:52
同步学习报告记录到Redis开始
2017-12-16 16:14:52
同步学习报告记录到Redis结束
2017-12-16 16:15:02
同步学习报告记录到Redis开始
2017-12-16 16:15:02
同步学习报告记录到Redis结束
2017-12-16 16:15:12
同步学习报告记录到Redis开始
2017-12-16 16:15:13
同步学习报告记录到Redis结束
2017-12-16 16:15:17
刷新课本剧排行榜redis数据开始
2017-12-16 16:15:17
刷新课本剧排行榜redis数据结束
2017-12-16 16:15:22
同步学习报告记录到Redis开始
2017-12-16 16:15:23
同步学习报告记录到Redis结束
2017-12-16 16:15:33
同步学习报告记录到Redis开始
2017-12-16 16:15:33
同步学习报告记录到Redis结束
2017-12-16 16:15:43
同步学习报告记录到Redis开始
2017-12-16 16:15:43
同步学习报告记录到Redis结束
2017-12-16 16:15:53
同步学习报告记录到Redis开始
2017-12-16 16:15:53
同步学习报告记录到Redis结束
2017-12-16 16:16:03
同步学习报告记录到Redis开始
2017-12-16 16:16:03
同步学习报告记录到Redis结束
2017-12-16 16:16:13
同步学习报告记录到Redis开始
2017-12-16 16:16:13
同步学习报告记录到Redis结束
2017-12-16 16:16:17
刷新课本剧排行榜redis数据开始
2017-12-16 16:16:17
刷新课本剧排行榜redis数据结束
2017-12-16 16:16:23
同步学习报告记录到Redis开始
2017-12-16 16:16:23
同步学习报告记录到Redis结束
2017-12-16 16:16:33
同步学习报告记录到Redis开始
2017-12-16 16:16:33
同步学习报告记录到Redis结束
2017-12-16 16:16:43
同步学习报告记录到Redis开始
2017-12-16 16:16:43
同步学习报告记录到Redis结束
2017-12-16 16:16:53
同步学习报告记录到Redis开始
2017-12-16 16:16:53
同步学习报告记录到Redis结束
2017-12-16 16:17:03
同步学习报告记录到Redis开始
2017-12-16 16:17:03
同步学习报告记录到Redis结束
2017-12-16 16:17:13
同步学习报告记录到Redis开始
2017-12-16 16:17:13
同步学习报告记录到Redis结束
2017-12-16 16:17:17
刷新课本剧排行榜redis数据开始
2017-12-16 16:17:17
刷新课本剧排行榜redis数据结束
2017-12-16 16:17:23
同步学习报告记录到Redis开始
2017-12-16 16:17:23
同步学习报告记录到Redis结束
2017-12-16 16:17:33
同步学习报告记录到Redis开始
2017-12-16 16:17:33
同步学习报告记录到Redis结束
2017-12-16 16:17:43
同步学习报告记录到Redis开始
2017-12-16 16:17:43
同步学习报告记录到Redis结束
2017-12-16 16:17:53
同步学习报告记录到Redis开始
2017-12-16 16:17:53
同步学习报告记录到Redis结束
2017-12-16 16:18:03
同步学习报告记录到Redis开始
2017-12-16 16:18:03
同步学习报告记录到Redis结束
2017-12-16 16:18:13
同步学习报告记录到Redis开始
2017-12-16 16:18:13
同步学习报告记录到Redis结束
2017-12-16 16:18:17
刷新课本剧排行榜redis数据开始
2017-12-16 16:18:17
刷新课本剧排行榜redis数据结束
2017-12-16 16:18:23
同步学习报告记录到Redis开始
2017-12-16 16:18:23
同步学习报告记录到Redis结束
2017-12-16 16:18:33
同步学习报告记录到Redis开始
2017-12-16 16:18:33
同步学习报告记录到Redis结束
2017-12-16 16:18:43
同步学习报告记录到Redis开始
2017-12-16 16:18:43
同步学习报告记录到Redis结束
2017-12-16 16:18:53
同步学习报告记录到Redis开始
2017-12-16 16:18:53
同步学习报告记录到Redis结束
2017-12-16 16:19:03
同步学习报告记录到Redis开始
2017-12-16 16:19:03
同步学习报告记录到Redis结束
2017-12-16 16:19:13
同步学习报告记录到Redis开始
2017-12-16 16:19:13
同步学习报告记录到Redis结束
2017-12-16 16:19:17
刷新课本剧排行榜redis数据开始
2017-12-16 16:19:17
刷新课本剧排行榜redis数据结束
2017-12-16 16:19:23
同步学习报告记录到Redis开始
2017-12-16 16:19:23
同步学习报告记录到Redis结束
2017-12-16 16:19:33
同步学习报告记录到Redis开始
2017-12-16 16:19:33
同步学习报告记录到Redis结束
2017-12-16 16:19:43
同步学习报告记录到Redis开始
2017-12-16 16:19:43
同步学习报告记录到Redis结束
2017-12-16 16:19:53
同步学习报告记录到Redis开始
2017-12-16 16:19:53
同步学习报告记录到Redis结束
2017-12-16 16:20:03
同步学习报告记录到Redis开始
2017-12-16 16:20:03
同步学习报告记录到Redis结束
2017-12-16 16:20:13
同步学习报告记录到Redis开始
2017-12-16 16:20:13
同步学习报告记录到Redis结束
2017-12-16 16:20:17
刷新课本剧排行榜redis数据开始
2017-12-16 16:20:17
刷新课本剧排行榜redis数据结束
2017-12-16 16:20:23
同步学习报告记录到Redis开始
2017-12-16 16:20:23
同步学习报告记录到Redis结束
2017-12-16 16:20:33
同步学习报告记录到Redis开始
2017-12-16 16:20:33
同步学习报告记录到Redis结束
2017-12-16 16:20:43
同步学习报告记录到Redis开始
2017-12-16 16:20:43
同步学习报告记录到Redis结束
2017-12-16 16:20:53
同步学习报告记录到Redis开始
2017-12-16 16:20:53
同步学习报告记录到Redis结束
2017-12-16 16:21:03
同步学习报告记录到Redis开始
2017-12-16 16:21:03
同步学习报告记录到Redis结束
2017-12-16 16:21:13
同步学习报告记录到Redis开始
2017-12-16 16:21:13
同步学习报告记录到Redis结束
2017-12-16 16:21:17
刷新课本剧排行榜redis数据开始
2017-12-16 16:21:17
刷新课本剧排行榜redis数据结束
2017-12-16 16:21:23
同步学习报告记录到Redis开始
2017-12-16 16:21:23
同步学习报告记录到Redis结束
2017-12-16 16:21:33
同步学习报告记录到Redis开始
2017-12-16 16:21:33
同步学习报告记录到Redis结束
2017-12-16 16:21:43
同步学习报告记录到Redis开始
2017-12-16 16:21:43
同步学习报告记录到Redis结束
2017-12-16 16:21:53
同步学习报告记录到Redis开始
2017-12-16 16:21:53
同步学习报告记录到Redis结束
2017-12-16 16:22:03
同步学习报告记录到Redis开始
2017-12-16 16:22:03
同步学习报告记录到Redis结束
2017-12-16 16:22:13
同步学习报告记录到Redis开始
2017-12-16 16:22:13
同步学习报告记录到Redis结束
2017-12-16 16:22:17
刷新课本剧排行榜redis数据开始
2017-12-16 16:22:17
刷新课本剧排行榜redis数据结束
2017-12-16 16:22:23
同步学习报告记录到Redis开始
2017-12-16 16:22:23
同步学习报告记录到Redis结束
2017-12-16 16:22:33
同步学习报告记录到Redis开始
2017-12-16 16:22:33
同步学习报告记录到Redis结束
2017-12-16 16:22:43
同步学习报告记录到Redis开始
2017-12-16 16:22:43
同步学习报告记录到Redis结束
2017-12-16 16:22:53
同步学习报告记录到Redis开始
2017-12-16 16:22:53
同步学习报告记录到Redis结束
2017-12-16 16:23:03
同步学习报告记录到Redis开始
2017-12-16 16:23:03
同步学习报告记录到Redis结束
2017-12-16 16:23:13
同步学习报告记录到Redis开始
2017-12-16 16:23:13
同步学习报告记录到Redis结束
2017-12-16 16:23:33
定时任务
2017-12-16 16:23:49
初始化学习报告记录到Redis开始
2017-12-16 16:24:22
初始化学习报告记录到Redis结束
2017-12-16 16:24:22
同步学习报告记录到Redis开始
2017-12-16 16:24:22
同步学习报告记录到Redis结束
2017-12-16 16:24:22
同步学习报告记录到Redis开始
2017-12-16 16:24:22
同步学习报告记录到Redis结束
2017-12-16 16:24:23
同步学习报告记录到Redis开始
2017-12-16 16:24:23
同步学习报告记录到Redis结束
2017-12-16 16:24:23
同步学习报告记录到Redis开始
2017-12-16 16:24:23
同步学习报告记录到Redis结束
2017-12-16 16:24:23
同步学习报告记录到Redis开始
2017-12-16 16:24:23
同步学习报告记录到Redis结束
2017-12-16 16:24:32
同步学习报告记录到Redis开始
2017-12-16 16:24:32
同步学习报告记录到Redis结束
2017-12-16 16:24:33
刷新课本剧排行榜redis数据开始
2017-12-16 16:24:33
刷新课本剧排行榜redis数据结束
2017-12-16 16:24:42
同步学习报告记录到Redis开始
2017-12-16 16:24:42
同步学习报告记录到Redis结束
2017-12-16 16:24:52
同步学习报告记录到Redis开始
2017-12-16 16:24:52
同步学习报告记录到Redis结束
2017-12-16 16:25:03
同步学习报告记录到Redis开始
2017-12-16 16:25:03
同步学习报告记录到Redis结束
2017-12-16 16:25:13
同步学习报告记录到Redis开始
2017-12-16 16:25:13
同步学习报告记录到Redis结束
2017-12-16 16:25:23
同步学习报告记录到Redis开始
2017-12-16 16:25:23
同步学习报告记录到Redis结束
2017-12-16 16:25:33
同步学习报告记录到Redis开始
2017-12-16 16:25:33
同步学习报告记录到Redis结束
2017-12-16 16:25:33
刷新课本剧排行榜redis数据开始
2017-12-16 16:25:33
刷新课本剧排行榜redis数据结束
2017-12-16 16:25:43
同步学习报告记录到Redis开始
2017-12-16 16:25:43
同步学习报告记录到Redis结束
2017-12-16 16:25:53
同步学习报告记录到Redis开始
2017-12-16 16:25:53
同步学习报告记录到Redis结束
2017-12-16 16:26:03
同步学习报告记录到Redis开始
2017-12-16 16:26:03
同步学习报告记录到Redis结束
2017-12-16 16:26:13
同步学习报告记录到Redis开始
2017-12-16 16:26:13
同步学习报告记录到Redis结束
2017-12-16 16:26:23
同步学习报告记录到Redis开始
2017-12-16 16:26:23
同步学习报告记录到Redis结束
2017-12-16 16:26:33
同步学习报告记录到Redis开始
2017-12-16 16:26:33
同步学习报告记录到Redis结束
2017-12-16 16:26:33
刷新课本剧排行榜redis数据开始
2017-12-16 16:26:33
刷新课本剧排行榜redis数据结束
2017-12-16 16:26:43
同步学习报告记录到Redis开始
2017-12-16 16:26:43
同步学习报告记录到Redis结束
2017-12-16 16:26:53
同步学习报告记录到Redis开始
2017-12-16 16:26:53
同步学习报告记录到Redis结束
2017-12-16 16:27:03
同步学习报告记录到Redis开始
2017-12-16 16:27:03
同步学习报告记录到Redis结束
2017-12-16 16:27:13
同步学习报告记录到Redis开始
2017-12-16 16:27:13
同步学习报告记录到Redis结束
2017-12-16 16:27:23
同步学习报告记录到Redis开始
2017-12-16 16:27:23
同步学习报告记录到Redis结束
2017-12-16 16:27:33
同步学习报告记录到Redis开始
2017-12-16 16:27:33
同步学习报告记录到Redis结束
2017-12-16 16:27:33
刷新课本剧排行榜redis数据开始
2017-12-16 16:27:33
刷新课本剧排行榜redis数据结束
2017-12-16 16:27:43
同步学习报告记录到Redis开始
2017-12-16 16:27:43
同步学习报告记录到Redis结束
2017-12-16 16:27:53
同步学习报告记录到Redis开始
2017-12-16 16:27:53
同步学习报告记录到Redis结束
2017-12-16 16:28:03
同步学习报告记录到Redis开始
2017-12-16 16:28:03
同步学习报告记录到Redis结束
2017-12-16 16:28:13
同步学习报告记录到Redis开始
2017-12-16 16:28:13
同步学习报告记录到Redis结束
2017-12-16 16:28:23
同步学习报告记录到Redis开始
2017-12-16 16:28:23
同步学习报告记录到Redis结束
2017-12-16 16:28:33
同步学习报告记录到Redis开始
2017-12-16 16:28:33
同步学习报告记录到Redis结束
2017-12-16 16:28:33
刷新课本剧排行榜redis数据开始
2017-12-16 16:28:33
刷新课本剧排行榜redis数据结束
2017-12-16 16:28:43
同步学习报告记录到Redis开始
2017-12-16 16:28:43
同步学习报告记录到Redis结束
2017-12-16 16:28:53
同步学习报告记录到Redis开始
2017-12-16 16:28:53
同步学习报告记录到Redis结束
2017-12-16 16:29:03
同步学习报告记录到Redis开始
2017-12-16 16:29:03
同步学习报告记录到Redis结束
2017-12-16 16:29:13
同步学习报告记录到Redis开始
2017-12-16 16:29:13
同步学习报告记录到Redis结束
2017-12-16 16:29:23
同步学习报告记录到Redis开始
2017-12-16 16:29:23
同步学习报告记录到Redis结束
2017-12-16 16:29:33
同步学习报告记录到Redis开始
2017-12-16 16:29:33
同步学习报告记录到Redis结束
2017-12-16 16:29:33
刷新课本剧排行榜redis数据开始
2017-12-16 16:29:33
刷新课本剧排行榜redis数据结束
2017-12-16 16:29:43
同步学习报告记录到Redis开始
2017-12-16 16:29:43
同步学习报告记录到Redis结束
2017-12-16 16:29:53
同步学习报告记录到Redis开始
2017-12-16 16:29:53
同步学习报告记录到Redis结束
2017-12-16 16:30:03
同步学习报告记录到Redis开始
2017-12-16 16:30:03
同步学习报告记录到Redis结束
2017-12-16 16:30:13
同步学习报告记录到Redis开始
2017-12-16 16:30:13
同步学习报告记录到Redis结束
2017-12-16 16:30:23
同步学习报告记录到Redis开始
2017-12-16 16:30:23
同步学习报告记录到Redis结束
2017-12-16 16:30:33
同步学习报告记录到Redis开始
2017-12-16 16:30:33
同步学习报告记录到Redis结束
2017-12-16 16:30:33
刷新课本剧排行榜redis数据开始
2017-12-16 16:30:33
刷新课本剧排行榜redis数据结束
2017-12-16 16:30:43
同步学习报告记录到Redis开始
2017-12-16 16:30:43
同步学习报告记录到Redis结束
2017-12-16 16:30:53
同步学习报告记录到Redis开始
2017-12-16 16:30:53
同步学习报告记录到Redis结束
2017-12-16 16:31:03
同步学习报告记录到Redis开始
2017-12-16 16:31:03
同步学习报告记录到Redis结束
2017-12-16 16:31:13
同步学习报告记录到Redis开始
2017-12-16 16:31:13
同步学习报告记录到Redis结束
2017-12-16 16:31:23
同步学习报告记录到Redis开始
2017-12-16 16:31:23
同步学习报告记录到Redis结束
2017-12-16 16:31:33
同步学习报告记录到Redis开始
2017-12-16 16:31:33
同步学习报告记录到Redis结束
2017-12-16 16:31:33
刷新课本剧排行榜redis数据开始
2017-12-16 16:31:33
刷新课本剧排行榜redis数据结束
2017-12-16 16:31:43
同步学习报告记录到Redis开始
2017-12-16 16:31:43
同步学习报告记录到Redis结束
2017-12-16 16:31:53
同步学习报告记录到Redis开始
2017-12-16 16:31:53
同步学习报告记录到Redis结束
2017-12-16 16:32:03
同步学习报告记录到Redis开始
2017-12-16 16:32:03
同步学习报告记录到Redis结束
2017-12-16 16:32:13
同步学习报告记录到Redis开始
2017-12-16 16:32:13
同步学习报告记录到Redis结束
2017-12-16 16:32:23
同步学习报告记录到Redis开始
2017-12-16 16:32:23
同步学习报告记录到Redis结束
2017-12-16 16:32:33
同步学习报告记录到Redis开始
2017-12-16 16:32:33
同步学习报告记录到Redis结束
2017-12-16 16:32:33
刷新课本剧排行榜redis数据开始
2017-12-16 16:32:33
刷新课本剧排行榜redis数据结束
2017-12-16 16:32:43
同步学习报告记录到Redis开始
2017-12-16 16:32:43
同步学习报告记录到Redis结束
2017-12-16 16:32:53
同步学习报告记录到Redis开始
2017-12-16 16:32:53
同步学习报告记录到Redis结束
2017-12-16 16:33:03
同步学习报告记录到Redis开始
2017-12-16 16:33:03
同步学习报告记录到Redis结束
2017-12-16 16:33:13
同步学习报告记录到Redis开始
2017-12-16 16:33:13
同步学习报告记录到Redis结束
2017-12-16 16:33:23
同步学习报告记录到Redis开始
2017-12-16 16:33:23
同步学习报告记录到Redis结束
2017-12-16 16:33:33
趣配音报名补全用户信息SyncUserInfoRedisFromUMS开始
2017-12-16 16:33:33
同步学习报告记录到Redis结束
2017-12-16 16:33:33
刷新课本剧排行榜redis数据结束
2017-12-16 16:33:33
刷新学生所在学校排行榜redis数据结束
2017-12-16 16:33:33
SyncDubbingData趣配音报名同步开始
2017-12-16 16:33:33
SyncDubbingData趣配音同步数据成功2017/12/16 16:33:33
2017-12-16 16:33:33
SyncDubbingData趣配音报名同步结束
2017-12-16 16:33:43
同步学习报告记录到Redis开始
2017-12-16 16:33:43
同步学习报告记录到Redis结束
2017-12-16 16:33:53
同步学习报告记录到Redis开始
2017-12-16 16:33:53
同步学习报告记录到Redis结束
2017-12-16 16:34:03
同步学习报告记录到Redis开始
2017-12-16 16:34:03
同步学习报告记录到Redis结束
2017-12-16 16:34:13
同步学习报告记录到Redis开始
2017-12-16 16:34:13
同步学习报告记录到Redis结束
2017-12-16 16:34:23
同步学习报告记录到Redis开始
2017-12-16 16:34:23
同步学习报告记录到Redis结束
2017-12-16 16:34:33
同步学习报告记录到Redis开始
2017-12-16 16:34:33
同步学习报告记录到Redis结束
2017-12-16 16:34:33
刷新课本剧排行榜redis数据开始
2017-12-16 16:34:33
刷新课本剧排行榜redis数据结束
2017-12-16 16:34:43
同步学习报告记录到Redis开始
2017-12-16 16:34:43
同步学习报告记录到Redis结束
2017-12-16 16:34:53
同步学习报告记录到Redis开始
2017-12-16 16:34:53
同步学习报告记录到Redis结束
2017-12-16 16:35:03
同步学习报告记录到Redis开始
2017-12-16 16:35:03
同步学习报告记录到Redis结束
2017-12-16 16:35:13
同步学习报告记录到Redis开始
2017-12-16 16:35:13
同步学习报告记录到Redis结束
2017-12-16 16:35:23
同步学习报告记录到Redis开始
2017-12-16 16:35:23
同步学习报告记录到Redis结束
2017-12-16 16:35:33
刷新课本剧排行榜redis数据开始
2017-12-16 16:35:33
刷新课本剧排行榜redis数据结束
2017-12-16 16:35:33
同步学习报告记录到Redis开始
2017-12-16 16:35:33
同步学习报告记录到Redis结束
2017-12-16 16:35:43
同步学习报告记录到Redis开始
2017-12-16 16:35:43
同步学习报告记录到Redis结束
2017-12-16 16:35:53
同步学习报告记录到Redis开始
2017-12-16 16:35:53
同步学习报告记录到Redis结束
2017-12-16 16:36:03
同步学习报告记录到Redis开始
2017-12-16 16:36:03
同步学习报告记录到Redis结束
2017-12-16 16:36:13
同步学习报告记录到Redis开始
2017-12-16 16:36:13
同步学习报告记录到Redis结束
2017-12-16 16:36:23
同步学习报告记录到Redis开始
2017-12-16 16:36:23
同步学习报告记录到Redis结束
2017-12-16 16:36:33
刷新课本剧排行榜redis数据开始
2017-12-16 16:36:33
刷新课本剧排行榜redis数据结束
2017-12-16 16:36:33
同步学习报告记录到Redis开始
2017-12-16 16:36:34
同步学习报告记录到Redis结束
2017-12-16 16:36:44
同步学习报告记录到Redis开始
2017-12-16 16:36:44
同步学习报告记录到Redis结束
2017-12-16 16:36:54
同步学习报告记录到Redis开始
2017-12-16 16:36:54
同步学习报告记录到Redis结束
2017-12-16 16:37:04
同步学习报告记录到Redis开始
2017-12-16 16:37:04
同步学习报告记录到Redis结束
2017-12-16 16:37:14
同步学习报告记录到Redis开始
2017-12-16 16:37:14
同步学习报告记录到Redis结束
2017-12-16 16:37:24
同步学习报告记录到Redis开始
2017-12-16 16:37:24
同步学习报告记录到Redis结束
2017-12-16 16:37:33
刷新课本剧排行榜redis数据开始
2017-12-16 16:37:33
刷新课本剧排行榜redis数据结束
2017-12-16 16:37:34
同步学习报告记录到Redis开始
2017-12-16 16:37:34
同步学习报告记录到Redis结束
2017-12-16 16:37:44
同步学习报告记录到Redis开始
2017-12-16 16:37:44
同步学习报告记录到Redis结束
2017-12-16 16:37:54
同步学习报告记录到Redis开始
2017-12-16 16:37:54
同步学习报告记录到Redis结束
2017-12-16 16:38:04
同步学习报告记录到Redis开始
2017-12-16 16:38:04
同步学习报告记录到Redis结束
2017-12-16 16:38:14
同步学习报告记录到Redis开始
2017-12-16 16:38:14
同步学习报告记录到Redis结束
2017-12-16 16:38:24
同步学习报告记录到Redis开始
2017-12-16 16:38:24
同步学习报告记录到Redis结束
2017-12-16 16:38:33
刷新课本剧排行榜redis数据开始
2017-12-16 16:38:33
刷新课本剧排行榜redis数据结束
2017-12-16 16:38:34
同步学习报告记录到Redis开始
2017-12-16 16:38:34
同步学习报告记录到Redis结束
2017-12-16 16:38:44
同步学习报告记录到Redis开始
2017-12-16 16:38:44
同步学习报告记录到Redis结束
2017-12-16 16:38:54
同步学习报告记录到Redis开始
2017-12-16 16:38:54
同步学习报告记录到Redis结束
2017-12-16 16:39:04
同步学习报告记录到Redis开始
2017-12-16 16:39:04
同步学习报告记录到Redis结束
2017-12-16 16:39:14
同步学习报告记录到Redis开始
2017-12-16 16:39:14
同步学习报告记录到Redis结束
2017-12-16 16:39:24
同步学习报告记录到Redis开始
2017-12-16 16:39:24
同步学习报告记录到Redis结束
2017-12-16 16:39:33
刷新课本剧排行榜redis数据开始
2017-12-16 16:39:33
刷新课本剧排行榜redis数据结束
2017-12-16 16:39:34
同步学习报告记录到Redis开始
2017-12-16 16:39:34
同步学习报告记录到Redis结束
2017-12-16 16:39:44
同步学习报告记录到Redis开始
2017-12-16 16:39:44
同步学习报告记录到Redis结束
2017-12-16 16:39:54
同步学习报告记录到Redis开始
2017-12-16 16:39:54
同步学习报告记录到Redis结束
2017-12-16 16:40:04
同步学习报告记录到Redis开始
2017-12-16 16:40:04
同步学习报告记录到Redis结束
2017-12-16 16:40:14
同步学习报告记录到Redis开始
2017-12-16 16:40:14
同步学习报告记录到Redis结束
2017-12-16 16:40:24
同步学习报告记录到Redis开始
2017-12-16 16:40:24
同步学习报告记录到Redis结束
2017-12-16 16:40:33
刷新课本剧排行榜redis数据开始
2017-12-16 16:40:33
刷新课本剧排行榜redis数据结束
2017-12-16 16:40:34
同步学习报告记录到Redis开始
2017-12-16 16:40:34
同步学习报告记录到Redis结束
2017-12-16 16:40:44
同步学习报告记录到Redis开始
2017-12-16 16:40:44
同步学习报告记录到Redis结束
2017-12-16 16:40:54
同步学习报告记录到Redis开始
2017-12-16 16:40:54
同步学习报告记录到Redis结束
2017-12-16 16:41:04
同步学习报告记录到Redis开始
2017-12-16 16:41:04
同步学习报告记录到Redis结束
2017-12-16 16:41:14
同步学习报告记录到Redis开始
2017-12-16 16:41:14
同步学习报告记录到Redis结束
2017-12-16 16:41:24
同步学习报告记录到Redis开始
2017-12-16 16:41:24
同步学习报告记录到Redis结束
2017-12-16 16:41:33
刷新课本剧排行榜redis数据开始
2017-12-16 16:41:33
刷新课本剧排行榜redis数据结束
2017-12-16 16:41:34
同步学习报告记录到Redis开始
2017-12-16 16:41:34
同步学习报告记录到Redis结束
2017-12-16 16:41:44
同步学习报告记录到Redis开始
2017-12-16 16:41:44
同步学习报告记录到Redis结束
2017-12-16 16:41:54
同步学习报告记录到Redis开始
2017-12-16 16:41:54
同步学习报告记录到Redis结束
2017-12-16 16:42:04
同步学习报告记录到Redis开始
2017-12-16 16:42:04
同步学习报告记录到Redis结束
2017-12-16 16:50:25
定时任务
2017-12-16 16:50:25
同步学习报告记录到Redis开始
2017-12-16 16:50:25
同步学习报告记录到Redis结束
2017-12-16 16:50:35
同步学习报告记录到Redis开始
2017-12-16 16:50:35
同步学习报告记录到Redis结束
2017-12-16 16:50:45
同步学习报告记录到Redis开始
2017-12-16 16:50:45
同步学习报告记录到Redis结束
2017-12-16 16:50:55
同步学习报告记录到Redis开始
2017-12-16 16:50:55
同步学习报告记录到Redis结束
2017-12-16 16:51:05
同步学习报告记录到Redis开始
2017-12-16 16:51:05
同步学习报告记录到Redis结束
2017-12-16 16:51:15
同步学习报告记录到Redis开始
2017-12-16 16:51:15
同步学习报告记录到Redis结束
2017-12-16 16:51:25
刷新课本剧排行榜redis数据开始
2017-12-16 16:51:25
刷新课本剧排行榜redis数据结束
2017-12-16 16:51:25
同步学习报告记录到Redis开始
2017-12-16 16:51:25
同步学习报告记录到Redis结束
2017-12-16 16:52:14
定时任务
2017-12-16 16:52:14
同步学习报告记录到Redis开始
2017-12-16 16:53:26
同步学习报告记录到Redis结束
2017-12-16 16:53:26
同步学习报告记录到Redis开始
2017-12-16 16:53:26
同步学习报告记录到Redis结束
2017-12-16 16:53:26
同步学习报告记录到Redis开始
2017-12-16 16:53:26
同步学习报告记录到Redis结束
2017-12-16 16:53:26
同步学习报告记录到Redis开始
2017-12-16 16:53:26
同步学习报告记录到Redis结束
2017-12-16 16:53:26
同步学习报告记录到Redis开始
2017-12-16 16:53:26
同步学习报告记录到Redis结束
2017-12-16 16:53:34
同步学习报告记录到Redis开始
2017-12-16 16:53:34
同步学习报告记录到Redis结束
2017-12-16 16:53:44
同步学习报告记录到Redis开始
2017-12-16 16:53:44
同步学习报告记录到Redis结束
2017-12-16 16:53:54
同步学习报告记录到Redis开始
2017-12-16 16:53:54
同步学习报告记录到Redis结束
2017-12-16 16:54:04
同步学习报告记录到Redis开始
2017-12-16 16:54:04
同步学习报告记录到Redis结束
2017-12-16 16:54:14
同步学习报告记录到Redis开始
2017-12-16 16:54:14
同步学习报告记录到Redis结束
2017-12-16 16:54:24
刷新课本剧排行榜redis数据开始
2017-12-16 16:54:24
刷新课本剧排行榜redis数据结束
2017-12-16 16:54:24
同步学习报告记录到Redis开始
2017-12-16 16:54:24
同步学习报告记录到Redis结束
2017-12-16 16:54:34
同步学习报告记录到Redis开始
2017-12-16 16:54:34
同步学习报告记录到Redis结束
2017-12-16 16:54:44
同步学习报告记录到Redis开始
2017-12-16 16:54:44
同步学习报告记录到Redis结束
2017-12-16 16:54:54
同步学习报告记录到Redis开始
2017-12-16 16:54:54
同步学习报告记录到Redis结束
2017-12-16 16:55:04
同步学习报告记录到Redis开始
2017-12-16 16:55:04
同步学习报告记录到Redis结束
2017-12-16 16:55:14
同步学习报告记录到Redis开始
2017-12-16 16:55:14
同步学习报告记录到Redis结束
2017-12-16 16:55:24
刷新课本剧排行榜redis数据开始
2017-12-16 16:55:24
刷新课本剧排行榜redis数据结束
2017-12-16 16:55:24
同步学习报告记录到Redis开始
2017-12-16 16:55:24
同步学习报告记录到Redis结束
2017-12-16 16:55:34
同步学习报告记录到Redis开始
2017-12-16 16:55:35
同步学习报告记录到Redis结束
2017-12-16 16:55:45
同步学习报告记录到Redis开始
2017-12-16 16:55:45
同步学习报告记录到Redis结束
2017-12-16 16:55:55
同步学习报告记录到Redis开始
2017-12-16 16:55:55
同步学习报告记录到Redis结束
2017-12-16 16:56:05
同步学习报告记录到Redis开始
2017-12-16 16:56:05
同步学习报告记录到Redis结束
2017-12-16 16:56:15
同步学习报告记录到Redis开始
2017-12-16 16:56:15
同步学习报告记录到Redis结束
2017-12-16 16:56:24
刷新课本剧排行榜redis数据开始
2017-12-16 16:56:24
刷新课本剧排行榜redis数据结束
2017-12-16 16:56:25
同步学习报告记录到Redis开始
2017-12-16 16:56:25
同步学习报告记录到Redis结束
2017-12-16 16:56:35
同步学习报告记录到Redis开始
2017-12-16 16:56:35
同步学习报告记录到Redis结束
2017-12-16 16:56:45
同步学习报告记录到Redis开始
2017-12-16 16:56:45
同步学习报告记录到Redis结束
