2017-12-18 11:37:37
定时任务
2017-12-18 11:39:12
定时任务
2017-12-18 11:39:13
同步学习报告记录到Redis开始
2017-12-18 11:39:13
同步学习报告记录到Redis结束
2017-12-18 11:39:23
同步学习报告记录到Redis开始
2017-12-18 11:39:23
同步学习报告记录到Redis结束
2017-12-18 11:39:33
同步学习报告记录到Redis开始
2017-12-18 11:39:33
同步学习报告记录到Redis结束
2017-12-18 11:39:43
同步学习报告记录到Redis开始
2017-12-18 11:39:43
同步学习报告记录到Redis结束
2017-12-18 11:39:53
同步学习报告记录到Redis开始
2017-12-18 11:39:53
同步学习报告记录到Redis结束
2017-12-18 11:40:03
同步学习报告记录到Redis开始
2017-12-18 11:40:03
同步学习报告记录到Redis结束
2017-12-18 11:40:13
刷新课本剧排行榜redis数据开始
2017-12-18 11:40:13
刷新课本剧排行榜redis数据结束
2017-12-18 11:40:13
同步学习报告记录到Redis开始
2017-12-18 11:40:13
同步学习报告记录到Redis结束
2017-12-18 11:40:23
同步学习报告记录到Redis开始
2017-12-18 11:40:23
同步学习报告记录到Redis结束
2017-12-18 11:40:33
同步学习报告记录到Redis开始
2017-12-18 11:40:33
同步学习报告记录到Redis结束
2017-12-18 11:40:43
同步学习报告记录到Redis开始
2017-12-18 11:40:43
同步学习报告记录到Redis结束
2017-12-18 11:40:53
同步学习报告记录到Redis开始
2017-12-18 11:40:53
同步学习报告记录到Redis结束
2017-12-18 11:41:03
同步学习报告记录到Redis开始
2017-12-18 11:41:03
同步学习报告记录到Redis结束
2017-12-18 14:24:37
定时任务
2017-12-18 14:24:39
同步学习报告记录到Redis开始
2017-12-18 14:24:57
同步学习报告记录到Redis结束
2017-12-18 14:24:57
同步学习报告记录到Redis开始
2017-12-18 14:24:57
同步学习报告记录到Redis结束
2017-12-18 21:00:30
定时任务
2017-12-18 21:00:31
同步学习报告记录到Redis开始
2017-12-18 21:00:31
同步学习报告记录到Redis结束
2017-12-18 21:00:41
同步学习报告记录到Redis开始
2017-12-18 21:00:41
同步学习报告记录到Redis结束
2017-12-18 21:00:51
同步学习报告记录到Redis开始
2017-12-18 21:00:51
同步学习报告记录到Redis结束
2017-12-18 21:01:01
同步学习报告记录到Redis开始
2017-12-18 21:01:01
同步学习报告记录到Redis结束
2017-12-18 21:01:11
同步学习报告记录到Redis开始
2017-12-18 21:01:11
同步学习报告记录到Redis结束
2017-12-18 21:01:21
同步学习报告记录到Redis开始
2017-12-18 21:01:21
同步学习报告记录到Redis结束
2017-12-18 21:01:31
刷新课本剧排行榜redis数据开始
2017-12-18 21:01:31
刷新课本剧排行榜redis数据结束
2017-12-18 21:01:31
同步学习报告记录到Redis开始
2017-12-18 21:01:31
同步学习报告记录到Redis结束
2017-12-18 21:01:41
同步学习报告记录到Redis开始
2017-12-18 21:01:41
同步学习报告记录到Redis结束
2017-12-18 21:01:51
同步学习报告记录到Redis开始
2017-12-18 21:01:51
同步学习报告记录到Redis结束
2017-12-18 21:02:19
定时任务
2017-12-18 21:02:20
同步学习报告记录到Redis开始
2017-12-18 21:02:20
同步学习报告记录到Redis结束
2017-12-18 21:02:30
同步学习报告记录到Redis开始
2017-12-18 21:02:30
同步学习报告记录到Redis结束
2017-12-18 21:02:40
同步学习报告记录到Redis开始
2017-12-18 21:02:40
同步学习报告记录到Redis结束
2017-12-18 21:02:50
同步学习报告记录到Redis开始
2017-12-18 21:02:50
同步学习报告记录到Redis结束
2017-12-18 21:03:20
定时任务
2017-12-18 21:03:21
同步学习报告记录到Redis开始
2017-12-18 21:03:21
同步学习报告记录到Redis结束
2017-12-18 21:03:25
初始化SZ学习报告记录到Redis开始
2017-12-18 21:04:03
定时任务
2017-12-18 21:04:04
同步学习报告记录到Redis开始
2017-12-18 21:04:04
同步学习报告记录到Redis结束
2017-12-18 21:04:58
初始化SZ学习报告记录到Redis开始
2017-12-18 21:05:04
刷新课本剧排行榜redis数据开始
2017-12-18 21:05:04
刷新课本剧排行榜redis数据结束
2017-12-18 21:05:31
进程即将被IIS回收
2017-12-18 21:05:31
重新访问一个页面，以唤醒服务
2017-12-18 21:05:32
重新访问一个页面,地址：http://localhost:50868/
2017-12-18 21:05:32
重新访问一个页面,httpWebRequest
2017-12-18 21:05:34
定时任务
2017-12-18 21:05:36
同步学习报告记录到Redis开始
2017-12-18 21:05:37
同步学习报告记录到Redis结束
2017-12-18 21:05:50
初始化SZ学习报告记录到Redis开始
2017-12-18 21:05:55
重新访问一个页面,httpWebResponse
2017-12-18 21:05:55
重新访问一个页面,得到回写的字节流stream
2017-12-18 21:05:55
重新访问一个页面，唤醒服务成功,地址：http://localhost:50868/
2017-12-18 21:06:36
刷新课本剧排行榜redis数据开始
2017-12-18 21:06:37
刷新课本剧排行榜redis数据结束
2017-12-18 21:07:37
刷新课本剧排行榜redis数据开始
2017-12-18 21:07:38
刷新课本剧排行榜redis数据结束
2017-12-18 21:08:30
定时任务
2017-12-18 21:08:31
同步学习报告记录到Redis开始
2017-12-18 21:08:31
同步学习报告记录到Redis结束
2017-12-18 21:08:34
初始化SZ学习报告记录到Redis开始
2017-12-18 21:09:31
刷新课本剧排行榜redis数据开始
2017-12-18 21:09:31
刷新课本剧排行榜redis数据结束
2017-12-18 21:10:31
刷新课本剧排行榜redis数据开始
2017-12-18 21:10:31
刷新课本剧排行榜redis数据结束
2017-12-18 21:11:31
刷新课本剧排行榜redis数据开始
2017-12-18 21:11:31
刷新课本剧排行榜redis数据结束
2017-12-18 21:12:31
刷新课本剧排行榜redis数据开始
2017-12-18 21:12:31
刷新课本剧排行榜redis数据结束
2017-12-18 21:12:59
定时任务
2017-12-18 21:13:00
同步学习报告记录到Redis开始
2017-12-18 21:13:00
同步学习报告记录到Redis结束
2017-12-18 21:13:00
初始化SZ学习报告记录到Redis开始
2017-12-18 21:14:01
刷新课本剧排行榜redis数据开始
2017-12-18 21:14:01
刷新课本剧排行榜redis数据结束
2017-12-18 21:26:32
定时任务
2017-12-18 21:27:03
定时任务
2017-12-18 21:27:03
同步学习报告记录到Redis开始
2017-12-18 21:27:05
同步学习报告记录到Redis结束
2017-12-18 21:27:05
初始化SZ学习报告记录到Redis开始
2017-12-18 21:28:03
刷新课本剧排行榜redis数据开始
2017-12-18 21:28:16
定时任务
2017-12-18 21:28:17
同步学习报告记录到Redis开始
2017-12-18 21:28:18
同步学习报告记录到Redis结束
2017-12-18 21:28:18
初始化SZ学习报告记录到Redis开始
2017-12-18 21:29:17
刷新课本剧排行榜redis数据开始
2017-12-18 21:29:18
刷新课本剧排行榜redis数据结束
2017-12-18 21:30:17
刷新课本剧排行榜redis数据开始
2017-12-18 21:30:18
刷新课本剧排行榜redis数据结束
2017-12-18 21:31:17
刷新课本剧排行榜redis数据开始
2017-12-18 21:31:18
刷新课本剧排行榜redis数据结束
2017-12-18 21:32:17
刷新课本剧排行榜redis数据开始
2017-12-18 21:32:18
刷新课本剧排行榜redis数据结束
2017-12-18 21:33:17
刷新课本剧排行榜redis数据开始
2017-12-18 21:33:18
刷新课本剧排行榜redis数据结束
2017-12-18 21:34:17
刷新课本剧排行榜redis数据开始
2017-12-18 21:34:18
刷新课本剧排行榜redis数据结束
2017-12-18 21:35:17
刷新课本剧排行榜redis数据开始
2017-12-18 21:35:18
刷新课本剧排行榜redis数据结束
2017-12-18 21:36:31
定时任务
2017-12-18 21:36:31
同步学习报告记录到Redis开始
2017-12-18 21:36:31
同步学习报告记录到Redis结束
2017-12-18 21:36:31
初始化SZ学习报告记录到Redis开始
2017-12-18 21:59:41
定时任务
2017-12-18 21:59:42
同步学习报告记录到Redis开始
2017-12-18 21:59:42
同步学习报告记录到Redis结束
2017-12-18 21:59:42
初始化SZ学习报告记录到Redis开始
2017-12-18 22:00:42
刷新课本剧排行榜redis数据开始
2017-12-18 22:00:42
刷新课本剧排行榜redis数据结束
2017-12-18 22:02:32
定时任务
2017-12-18 22:02:32
初始化SZ学习报告记录到Redis开始
2017-12-18 22:04:00
刷新课本剧排行榜redis数据开始
2017-12-18 22:04:01
刷新课本剧排行榜redis数据结束
2017-12-18 22:05:00
刷新课本剧排行榜redis数据开始
2017-12-18 22:05:00
刷新课本剧排行榜redis数据结束
2017-12-18 22:06:44
定时任务
2017-12-18 22:06:44
同步学习报告记录到Redis开始
2017-12-18 22:06:44
同步学习报告记录到Redis结束
2017-12-18 22:06:44
初始化SZ学习报告记录到Redis开始
2017-12-18 22:07:44
刷新课本剧排行榜redis数据开始
2017-12-18 22:07:44
刷新课本剧排行榜redis数据结束
2017-12-18 22:08:23
第0次同步InitializeUserVideoInfo数据完成
2017-12-18 22:08:44
刷新课本剧排行榜redis数据开始
2017-12-18 22:08:44
刷新课本剧排行榜redis数据结束
2017-12-18 22:09:44
刷新课本剧排行榜redis数据开始
2017-12-18 22:09:44
刷新课本剧排行榜redis数据结束
2017-12-18 22:10:31
第1次同步InitializeUserVideoInfo数据完成
2017-12-18 22:10:44
刷新课本剧排行榜redis数据开始
2017-12-18 22:10:44
刷新课本剧排行榜redis数据结束
2017-12-18 22:11:44
刷新课本剧排行榜redis数据开始
2017-12-18 22:11:45
刷新课本剧排行榜redis数据结束
2017-12-18 22:12:41
第2次同步InitializeUserVideoInfo数据完成
2017-12-18 22:12:44
刷新课本剧排行榜redis数据开始
2017-12-18 22:12:44
刷新课本剧排行榜redis数据结束
2017-12-18 22:13:44
刷新课本剧排行榜redis数据开始
2017-12-18 22:13:44
刷新课本剧排行榜redis数据结束
2017-12-18 22:14:44
刷新课本剧排行榜redis数据开始
2017-12-18 22:14:44
刷新课本剧排行榜redis数据结束
2017-12-18 22:15:03
第3次同步InitializeUserVideoInfo数据完成
2017-12-18 22:15:44
刷新课本剧排行榜redis数据开始
2017-12-18 22:15:44
刷新课本剧排行榜redis数据结束
2017-12-18 22:16:44
SyncDubbingData趣配音报名同步开始
2017-12-18 22:16:44
SyncDubbingData趣配音同步数据成功2017/12/18 22:16:44
2017-12-18 22:16:44
SyncDubbingData趣配音报名同步结束
2017-12-18 22:16:44
趣配音报名补全用户信息SyncUserInfoRedisFromUMS开始
2017-12-18 22:16:44
趣配音报名补全用户信息SyncUserInfoRedisFromUMS结束
2017-12-18 22:16:45
刷新学生所在学校排行榜redis数据开始
2017-12-18 22:16:45
刷新学生所在学校排行榜redis数据结束
2017-12-18 22:16:45
刷新课本剧排行榜redis数据开始
2017-12-18 22:16:45
刷新课本剧排行榜redis数据结束
2017-12-18 22:17:12
第4次同步InitializeUserVideoInfo数据完成
2017-12-18 22:17:44
刷新课本剧排行榜redis数据开始
2017-12-18 22:17:45
刷新课本剧排行榜redis数据结束
2017-12-18 22:18:45
刷新课本剧排行榜redis数据开始
2017-12-18 22:18:45
刷新课本剧排行榜redis数据结束
2017-12-18 22:19:23
第5次同步InitializeUserVideoInfo数据完成
2017-12-18 22:19:44
刷新课本剧排行榜redis数据开始
2017-12-18 22:19:45
刷新课本剧排行榜redis数据结束
2017-12-18 22:20:44
刷新课本剧排行榜redis数据开始
2017-12-18 22:20:45
刷新课本剧排行榜redis数据结束
2017-12-18 22:20:59
第6次同步InitializeUserVideoInfo数据完成
2017-12-18 22:21:44
刷新课本剧排行榜redis数据开始
2017-12-18 22:21:45
刷新课本剧排行榜redis数据结束
2017-12-18 22:22:45
刷新课本剧排行榜redis数据开始
2017-12-18 22:22:45
刷新课本剧排行榜redis数据结束
2017-12-18 22:23:08
第7次同步InitializeUserVideoInfo数据完成
2017-12-18 22:23:45
刷新课本剧排行榜redis数据开始
2017-12-18 22:23:45
刷新课本剧排行榜redis数据结束
2017-12-18 22:24:45
刷新课本剧排行榜redis数据开始
2017-12-18 22:24:45
刷新课本剧排行榜redis数据结束
2017-12-18 22:25:17
第8次同步InitializeUserVideoInfo数据完成
2017-12-18 22:25:45
刷新课本剧排行榜redis数据开始
2017-12-18 22:25:45
刷新课本剧排行榜redis数据结束
2017-12-18 22:26:44
刷新学生所在学校排行榜redis数据开始
2017-12-18 22:26:44
刷新学生所在学校排行榜redis数据结束
2017-12-18 22:26:44
趣配音报名补全用户信息SyncUserInfoRedisFromUMS开始
2017-12-18 22:26:44
趣配音报名补全用户信息SyncUserInfoRedisFromUMS结束
2017-12-18 22:26:44
SyncDubbingData趣配音报名同步开始
2017-12-18 22:26:44
SyncDubbingData趣配音同步数据成功2017/12/18 22:26:44
2017-12-18 22:26:45
SyncDubbingData趣配音报名同步结束
2017-12-18 22:26:45
刷新课本剧排行榜redis数据开始
2017-12-18 22:26:45
刷新课本剧排行榜redis数据结束
2017-12-18 22:27:26
第9次同步InitializeUserVideoInfo数据完成
2017-12-18 22:27:45
刷新课本剧排行榜redis数据开始
2017-12-18 22:27:45
刷新课本剧排行榜redis数据结束
2017-12-18 22:28:45
刷新课本剧排行榜redis数据开始
2017-12-18 22:28:45
刷新课本剧排行榜redis数据结束
2017-12-18 22:29:13
第10次同步InitializeUserVideoInfo数据完成
2017-12-18 22:29:45
刷新课本剧排行榜redis数据开始
2017-12-18 22:29:45
刷新课本剧排行榜redis数据结束
2017-12-18 22:30:45
刷新课本剧排行榜redis数据开始
2017-12-18 22:30:45
刷新课本剧排行榜redis数据结束
2017-12-18 22:31:45
刷新课本剧排行榜redis数据开始
2017-12-18 22:31:45
刷新课本剧排行榜redis数据结束
2017-12-18 22:32:45
刷新课本剧排行榜redis数据开始
2017-12-18 22:32:45
刷新课本剧排行榜redis数据结束
2017-12-18 22:33:45
刷新课本剧排行榜redis数据开始
2017-12-18 22:33:45
刷新课本剧排行榜redis数据结束
2017-12-18 22:34:45
刷新课本剧排行榜redis数据开始
2017-12-18 22:34:45
刷新课本剧排行榜redis数据结束
2017-12-18 22:35:45
刷新课本剧排行榜redis数据开始
2017-12-18 22:35:45
刷新课本剧排行榜redis数据结束
2017-12-18 22:36:44
SyncDubbingData趣配音报名同步开始
2017-12-18 22:36:44
SyncDubbingData趣配音同步数据成功2017/12/18 22:36:44
2017-12-18 22:36:44
SyncDubbingData趣配音报名同步结束
2017-12-18 22:36:44
趣配音报名补全用户信息SyncUserInfoRedisFromUMS开始
2017-12-18 22:36:44
趣配音报名补全用户信息SyncUserInfoRedisFromUMS结束
2017-12-18 22:36:44
刷新学生所在学校排行榜redis数据开始
2017-12-18 22:36:44
刷新学生所在学校排行榜redis数据结束
2017-12-18 22:36:45
刷新课本剧排行榜redis数据开始
2017-12-18 22:36:45
刷新课本剧排行榜redis数据结束
2017-12-18 22:37:45
刷新课本剧排行榜redis数据开始
2017-12-18 22:37:45
刷新课本剧排行榜redis数据结束
2017-12-18 22:38:45
刷新课本剧排行榜redis数据开始
2017-12-18 22:38:45
刷新课本剧排行榜redis数据结束
2017-12-18 22:39:45
刷新课本剧排行榜redis数据开始
2017-12-18 22:39:45
刷新课本剧排行榜redis数据结束
2017-12-18 22:40:45
刷新课本剧排行榜redis数据开始
2017-12-18 22:40:45
刷新课本剧排行榜redis数据结束
2017-12-18 22:41:33
初始化SZ学习报告记录到Redis结束
2017-12-18 22:41:33
同步学习报告记录到Redis开始
2017-12-18 22:41:33
同步学习报告记录到Redis结束
2017-12-18 22:41:33
同步学习报告记录到Redis开始
2017-12-18 22:41:33
同步学习报告记录到Redis结束
2017-12-18 22:41:33
同步学习报告记录到Redis开始
2017-12-18 22:41:33
同步学习报告记录到Redis结束
2017-12-18 22:41:33
同步学习报告记录到Redis开始
2017-12-18 22:41:33
同步学习报告记录到Redis结束
2017-12-18 22:41:33
同步学习报告记录到Redis开始
2017-12-18 22:41:33
同步学习报告记录到Redis结束
2017-12-18 22:41:33
同步学习报告记录到Redis开始
2017-12-18 22:41:33
同步学习报告记录到Redis结束
2017-12-18 22:41:33
同步学习报告记录到Redis开始
2017-12-18 22:41:33
同步学习报告记录到Redis结束
2017-12-18 22:41:33
同步学习报告记录到Redis开始
2017-12-18 22:41:33
同步学习报告记录到Redis结束
2017-12-18 22:41:33
同步学习报告记录到Redis开始
2017-12-18 22:41:33
同步学习报告记录到Redis结束
2017-12-18 22:41:33
同步学习报告记录到Redis开始
2017-12-18 22:41:33
同步学习报告记录到Redis结束
2017-12-18 22:41:33
同步学习报告记录到Redis开始
2017-12-18 22:41:33
同步学习报告记录到Redis结束
2017-12-18 22:41:33
同步学习报告记录到Redis开始
2017-12-18 22:41:33
同步学习报告记录到Redis结束
2017-12-18 22:41:33
同步学习报告记录到Redis开始
2017-12-18 22:41:33
同步学习报告记录到Redis结束
2017-12-18 22:41:33
同步学习报告记录到Redis开始
2017-12-18 22:41:33
同步学习报告记录到Redis结束
2017-12-18 22:41:33
同步学习报告记录到Redis开始
2017-12-18 22:41:33
同步学习报告记录到Redis结束
2017-12-18 22:41:33
同步学习报告记录到Redis开始
2017-12-18 22:41:33
同步学习报告记录到Redis结束
2017-12-18 22:41:33
同步学习报告记录到Redis开始
2017-12-18 22:41:33
同步学习报告记录到Redis结束
2017-12-18 22:41:33
同步学习报告记录到Redis开始
2017-12-18 22:41:33
同步学习报告记录到Redis结束
2017-12-18 22:41:33
同步学习报告记录到Redis开始
2017-12-18 22:41:33
同步学习报告记录到Redis结束
2017-12-18 22:41:33
同步学习报告记录到Redis开始
2017-12-18 22:41:33
同步学习报告记录到Redis结束
2017-12-18 22:41:33
同步学习报告记录到Redis开始
2017-12-18 22:41:33
同步学习报告记录到Redis结束
2017-12-18 22:41:33
同步学习报告记录到Redis开始
2017-12-18 22:41:33
同步学习报告记录到Redis结束
2017-12-18 22:41:34
同步学习报告记录到Redis开始
2017-12-18 22:41:34
同步学习报告记录到Redis结束
2017-12-18 22:41:34
同步学习报告记录到Redis开始
2017-12-18 22:41:34
同步学习报告记录到Redis结束
2017-12-18 22:41:34
同步学习报告记录到Redis开始
2017-12-18 22:41:34
同步学习报告记录到Redis结束
2017-12-18 22:41:34
同步学习报告记录到Redis开始
2017-12-18 22:41:34
同步学习报告记录到Redis结束
2017-12-18 22:41:34
同步学习报告记录到Redis开始
2017-12-18 22:41:34
同步学习报告记录到Redis结束
2017-12-18 22:41:34
同步学习报告记录到Redis开始
2017-12-18 22:41:34
同步学习报告记录到Redis结束
2017-12-18 22:41:34
同步学习报告记录到Redis开始
2017-12-18 22:41:34
同步学习报告记录到Redis结束
2017-12-18 22:41:34
同步学习报告记录到Redis开始
2017-12-18 22:41:34
同步学习报告记录到Redis结束
2017-12-18 22:41:34
同步学习报告记录到Redis开始
2017-12-18 22:41:34
同步学习报告记录到Redis结束
2017-12-18 22:41:34
同步学习报告记录到Redis开始
2017-12-18 22:41:34
同步学习报告记录到Redis结束
2017-12-18 22:41:34
同步学习报告记录到Redis开始
2017-12-18 22:41:34
同步学习报告记录到Redis结束
2017-12-18 22:41:34
同步学习报告记录到Redis开始
2017-12-18 22:41:34
同步学习报告记录到Redis结束
2017-12-18 22:41:34
同步学习报告记录到Redis开始
2017-12-18 22:41:34
同步学习报告记录到Redis结束
2017-12-18 22:41:34
同步学习报告记录到Redis开始
2017-12-18 22:41:34
同步学习报告记录到Redis结束
2017-12-18 22:41:34
同步学习报告记录到Redis开始
2017-12-18 22:41:34
同步学习报告记录到Redis结束
2017-12-18 22:41:34
同步学习报告记录到Redis开始
2017-12-18 22:41:34
同步学习报告记录到Redis结束
2017-12-18 22:41:34
同步学习报告记录到Redis开始
2017-12-18 22:41:34
同步学习报告记录到Redis结束
2017-12-18 22:41:34
同步学习报告记录到Redis开始
2017-12-18 22:41:34
同步学习报告记录到Redis结束
2017-12-18 22:41:34
同步学习报告记录到Redis开始
2017-12-18 22:41:34
同步学习报告记录到Redis结束
2017-12-18 22:41:34
同步学习报告记录到Redis开始
2017-12-18 22:41:34
同步学习报告记录到Redis结束
2017-12-18 22:41:34
同步学习报告记录到Redis开始
2017-12-18 22:41:34
同步学习报告记录到Redis结束
2017-12-18 22:41:34
同步学习报告记录到Redis开始
2017-12-18 22:41:34
同步学习报告记录到Redis结束
2017-12-18 22:41:34
同步学习报告记录到Redis开始
2017-12-18 22:41:34
同步学习报告记录到Redis结束
2017-12-18 22:41:34
同步学习报告记录到Redis开始
2017-12-18 22:41:34
同步学习报告记录到Redis结束
2017-12-18 22:41:34
同步学习报告记录到Redis开始
2017-12-18 22:41:34
同步学习报告记录到Redis结束
2017-12-18 22:41:34
同步学习报告记录到Redis开始
2017-12-18 22:41:34
同步学习报告记录到Redis结束
2017-12-18 22:41:34
同步学习报告记录到Redis开始
2017-12-18 22:41:34
同步学习报告记录到Redis结束
2017-12-18 22:41:34
同步学习报告记录到Redis开始
2017-12-18 22:41:34
同步学习报告记录到Redis结束
2017-12-18 22:41:34
同步学习报告记录到Redis开始
2017-12-18 22:41:34
同步学习报告记录到Redis结束
2017-12-18 22:41:34
同步学习报告记录到Redis开始
2017-12-18 22:41:34
同步学习报告记录到Redis结束
2017-12-18 22:41:34
同步学习报告记录到Redis开始
2017-12-18 22:41:34
同步学习报告记录到Redis结束
2017-12-18 22:41:34
同步学习报告记录到Redis开始
2017-12-18 22:41:34
同步学习报告记录到Redis结束
2017-12-18 22:41:34
同步学习报告记录到Redis开始
2017-12-18 22:41:34
同步学习报告记录到Redis结束
2017-12-18 22:41:34
同步学习报告记录到Redis开始
2017-12-18 22:41:34
同步学习报告记录到Redis结束
2017-12-18 22:41:34
同步学习报告记录到Redis开始
2017-12-18 22:41:34
同步学习报告记录到Redis结束
2017-12-18 22:41:34
同步学习报告记录到Redis开始
2017-12-18 22:41:34
同步学习报告记录到Redis结束
2017-12-18 22:41:34
同步学习报告记录到Redis开始
2017-12-18 22:41:34
同步学习报告记录到Redis结束
2017-12-18 22:41:34
同步学习报告记录到Redis开始
2017-12-18 22:41:34
同步学习报告记录到Redis结束
2017-12-18 22:41:34
同步学习报告记录到Redis开始
2017-12-18 22:41:34
同步学习报告记录到Redis结束
2017-12-18 22:41:34
同步学习报告记录到Redis开始
2017-12-18 22:41:34
同步学习报告记录到Redis结束
2017-12-18 22:41:35
同步学习报告记录到Redis开始
2017-12-18 22:41:35
同步学习报告记录到Redis结束
2017-12-18 22:41:35
同步学习报告记录到Redis开始
2017-12-18 22:41:35
同步学习报告记录到Redis结束
2017-12-18 22:41:35
同步学习报告记录到Redis开始
2017-12-18 22:41:35
同步学习报告记录到Redis结束
2017-12-18 22:41:35
同步学习报告记录到Redis开始
2017-12-18 22:41:35
同步学习报告记录到Redis结束
2017-12-18 22:41:35
同步学习报告记录到Redis开始
2017-12-18 22:41:35
同步学习报告记录到Redis结束
2017-12-18 22:41:35
同步学习报告记录到Redis开始
2017-12-18 22:41:35
同步学习报告记录到Redis结束
2017-12-18 22:41:35
同步学习报告记录到Redis开始
2017-12-18 22:41:35
同步学习报告记录到Redis结束
2017-12-18 22:41:35
同步学习报告记录到Redis开始
2017-12-18 22:41:35
同步学习报告记录到Redis结束
2017-12-18 22:41:35
同步学习报告记录到Redis开始
2017-12-18 22:41:35
同步学习报告记录到Redis结束
2017-12-18 22:41:35
同步学习报告记录到Redis开始
2017-12-18 22:41:35
同步学习报告记录到Redis结束
2017-12-18 22:41:35
同步学习报告记录到Redis开始
2017-12-18 22:41:35
同步学习报告记录到Redis结束
2017-12-18 22:41:35
同步学习报告记录到Redis开始
2017-12-18 22:41:35
同步学习报告记录到Redis结束
2017-12-18 22:41:35
同步学习报告记录到Redis开始
2017-12-18 22:41:35
同步学习报告记录到Redis结束
2017-12-18 22:41:35
同步学习报告记录到Redis开始
2017-12-18 22:41:35
同步学习报告记录到Redis结束
2017-12-18 22:41:35
同步学习报告记录到Redis开始
2017-12-18 22:41:35
同步学习报告记录到Redis结束
2017-12-18 22:41:35
同步学习报告记录到Redis开始
2017-12-18 22:41:35
同步学习报告记录到Redis结束
2017-12-18 22:41:35
同步学习报告记录到Redis开始
2017-12-18 22:41:35
同步学习报告记录到Redis结束
2017-12-18 22:41:35
同步学习报告记录到Redis开始
2017-12-18 22:41:35
同步学习报告记录到Redis结束
2017-12-18 22:41:35
同步学习报告记录到Redis开始
2017-12-18 22:41:35
同步学习报告记录到Redis结束
2017-12-18 22:41:35
同步学习报告记录到Redis开始
2017-12-18 22:41:35
同步学习报告记录到Redis结束
2017-12-18 22:41:35
同步学习报告记录到Redis开始
2017-12-18 22:41:35
同步学习报告记录到Redis结束
2017-12-18 22:41:35
同步学习报告记录到Redis开始
2017-12-18 22:41:35
同步学习报告记录到Redis结束
2017-12-18 22:41:35
同步学习报告记录到Redis开始
2017-12-18 22:41:35
同步学习报告记录到Redis结束
2017-12-18 22:41:35
同步学习报告记录到Redis开始
2017-12-18 22:41:35
同步学习报告记录到Redis结束
2017-12-18 22:41:35
同步学习报告记录到Redis开始
2017-12-18 22:41:35
同步学习报告记录到Redis结束
2017-12-18 22:41:35
同步学习报告记录到Redis开始
2017-12-18 22:41:35
同步学习报告记录到Redis结束
2017-12-18 22:41:35
同步学习报告记录到Redis开始
2017-12-18 22:41:35
同步学习报告记录到Redis结束
2017-12-18 22:41:35
同步学习报告记录到Redis开始
2017-12-18 22:41:35
同步学习报告记录到Redis结束
2017-12-18 22:41:35
同步学习报告记录到Redis开始
2017-12-18 22:41:35
同步学习报告记录到Redis结束
2017-12-18 22:41:35
同步学习报告记录到Redis开始
2017-12-18 22:41:35
同步学习报告记录到Redis结束
2017-12-18 22:41:35
同步学习报告记录到Redis开始
2017-12-18 22:41:35
同步学习报告记录到Redis结束
2017-12-18 22:41:35
同步学习报告记录到Redis开始
2017-12-18 22:41:35
同步学习报告记录到Redis结束
2017-12-18 22:41:35
同步学习报告记录到Redis开始
2017-12-18 22:41:35
同步学习报告记录到Redis结束
2017-12-18 22:41:35
同步学习报告记录到Redis开始
2017-12-18 22:41:35
同步学习报告记录到Redis结束
2017-12-18 22:41:35
同步学习报告记录到Redis开始
2017-12-18 22:41:35
同步学习报告记录到Redis结束
2017-12-18 22:41:35
同步学习报告记录到Redis开始
2017-12-18 22:41:35
同步学习报告记录到Redis结束
2017-12-18 22:41:35
同步学习报告记录到Redis开始
2017-12-18 22:41:35
同步学习报告记录到Redis结束
2017-12-18 22:41:35
同步学习报告记录到Redis开始
2017-12-18 22:41:35
同步学习报告记录到Redis结束
2017-12-18 22:41:35
同步学习报告记录到Redis开始
2017-12-18 22:41:35
同步学习报告记录到Redis结束
2017-12-18 22:41:35
同步学习报告记录到Redis开始
2017-12-18 22:41:35
同步学习报告记录到Redis结束
2017-12-18 22:41:35
同步学习报告记录到Redis开始
2017-12-18 22:41:35
同步学习报告记录到Redis结束
2017-12-18 22:41:35
同步学习报告记录到Redis开始
2017-12-18 22:41:35
同步学习报告记录到Redis结束
2017-12-18 22:41:35
同步学习报告记录到Redis开始
2017-12-18 22:41:35
同步学习报告记录到Redis结束
2017-12-18 22:41:35
同步学习报告记录到Redis开始
2017-12-18 22:41:36
同步学习报告记录到Redis结束
2017-12-18 22:41:36
同步学习报告记录到Redis开始
2017-12-18 22:41:36
同步学习报告记录到Redis结束
2017-12-18 22:41:36
同步学习报告记录到Redis开始
2017-12-18 22:41:36
同步学习报告记录到Redis结束
2017-12-18 22:41:36
同步学习报告记录到Redis开始
2017-12-18 22:41:36
同步学习报告记录到Redis结束
2017-12-18 22:41:36
同步学习报告记录到Redis开始
2017-12-18 22:41:36
同步学习报告记录到Redis结束
2017-12-18 22:41:36
同步学习报告记录到Redis开始
2017-12-18 22:41:36
同步学习报告记录到Redis结束
2017-12-18 22:41:36
同步学习报告记录到Redis开始
2017-12-18 22:41:36
同步学习报告记录到Redis结束
2017-12-18 22:41:36
同步学习报告记录到Redis开始
2017-12-18 22:41:36
同步学习报告记录到Redis结束
2017-12-18 22:41:36
同步学习报告记录到Redis开始
2017-12-18 22:41:36
同步学习报告记录到Redis结束
2017-12-18 22:41:36
同步学习报告记录到Redis开始
2017-12-18 22:41:36
同步学习报告记录到Redis结束
2017-12-18 22:41:36
同步学习报告记录到Redis开始
2017-12-18 22:41:36
同步学习报告记录到Redis结束
2017-12-18 22:41:36
同步学习报告记录到Redis开始
2017-12-18 22:41:36
同步学习报告记录到Redis结束
2017-12-18 22:41:36
同步学习报告记录到Redis开始
2017-12-18 22:41:36
同步学习报告记录到Redis结束
2017-12-18 22:41:36
同步学习报告记录到Redis开始
2017-12-18 22:41:36
同步学习报告记录到Redis结束
2017-12-18 22:41:36
同步学习报告记录到Redis开始
2017-12-18 22:41:36
同步学习报告记录到Redis结束
2017-12-18 22:41:36
同步学习报告记录到Redis开始
2017-12-18 22:41:36
同步学习报告记录到Redis结束
2017-12-18 22:41:36
同步学习报告记录到Redis开始
2017-12-18 22:41:36
同步学习报告记录到Redis结束
2017-12-18 22:41:36
同步学习报告记录到Redis开始
2017-12-18 22:41:36
同步学习报告记录到Redis结束
2017-12-18 22:41:36
同步学习报告记录到Redis开始
2017-12-18 22:41:36
同步学习报告记录到Redis结束
2017-12-18 22:41:36
同步学习报告记录到Redis开始
2017-12-18 22:41:36
同步学习报告记录到Redis结束
2017-12-18 22:41:36
同步学习报告记录到Redis开始
2017-12-18 22:41:36
同步学习报告记录到Redis结束
2017-12-18 22:41:36
同步学习报告记录到Redis开始
2017-12-18 22:41:36
同步学习报告记录到Redis结束
2017-12-18 22:41:36
同步学习报告记录到Redis开始
2017-12-18 22:41:36
同步学习报告记录到Redis结束
2017-12-18 22:41:36
同步学习报告记录到Redis开始
2017-12-18 22:41:36
同步学习报告记录到Redis结束
2017-12-18 22:41:36
同步学习报告记录到Redis开始
2017-12-18 22:41:36
同步学习报告记录到Redis结束
2017-12-18 22:41:36
同步学习报告记录到Redis开始
2017-12-18 22:41:36
同步学习报告记录到Redis结束
2017-12-18 22:41:36
同步学习报告记录到Redis开始
2017-12-18 22:41:36
同步学习报告记录到Redis结束
2017-12-18 22:41:36
同步学习报告记录到Redis开始
2017-12-18 22:41:36
同步学习报告记录到Redis结束
2017-12-18 22:41:36
同步学习报告记录到Redis开始
2017-12-18 22:41:36
同步学习报告记录到Redis结束
2017-12-18 22:41:36
同步学习报告记录到Redis开始
2017-12-18 22:41:36
同步学习报告记录到Redis结束
2017-12-18 22:41:36
同步学习报告记录到Redis开始
2017-12-18 22:41:36
同步学习报告记录到Redis结束
2017-12-18 22:41:36
同步学习报告记录到Redis开始
2017-12-18 22:41:36
同步学习报告记录到Redis结束
2017-12-18 22:41:36
同步学习报告记录到Redis开始
2017-12-18 22:41:36
同步学习报告记录到Redis结束
2017-12-18 22:41:36
同步学习报告记录到Redis开始
2017-12-18 22:41:36
同步学习报告记录到Redis结束
2017-12-18 22:41:36
同步学习报告记录到Redis开始
2017-12-18 22:41:36
同步学习报告记录到Redis结束
2017-12-18 22:41:36
同步学习报告记录到Redis开始
2017-12-18 22:41:36
同步学习报告记录到Redis结束
2017-12-18 22:41:36
同步学习报告记录到Redis开始
2017-12-18 22:41:36
同步学习报告记录到Redis结束
2017-12-18 22:41:36
同步学习报告记录到Redis开始
2017-12-18 22:41:36
同步学习报告记录到Redis结束
2017-12-18 22:41:36
同步学习报告记录到Redis开始
2017-12-18 22:41:36
同步学习报告记录到Redis结束
2017-12-18 22:41:36
同步学习报告记录到Redis开始
2017-12-18 22:41:36
同步学习报告记录到Redis结束
2017-12-18 22:41:36
同步学习报告记录到Redis开始
2017-12-18 22:41:36
同步学习报告记录到Redis结束
2017-12-18 22:41:36
同步学习报告记录到Redis开始
2017-12-18 22:41:36
同步学习报告记录到Redis结束
2017-12-18 22:41:36
同步学习报告记录到Redis开始
2017-12-18 22:41:36
同步学习报告记录到Redis结束
2017-12-18 22:41:36
同步学习报告记录到Redis开始
2017-12-18 22:41:36
同步学习报告记录到Redis结束
2017-12-18 22:41:36
同步学习报告记录到Redis开始
2017-12-18 22:41:37
同步学习报告记录到Redis结束
2017-12-18 22:41:37
同步学习报告记录到Redis开始
2017-12-18 22:41:37
同步学习报告记录到Redis结束
2017-12-18 22:41:37
同步学习报告记录到Redis开始
2017-12-18 22:41:37
同步学习报告记录到Redis结束
2017-12-18 22:41:37
同步学习报告记录到Redis开始
2017-12-18 22:41:37
同步学习报告记录到Redis结束
2017-12-18 22:41:37
同步学习报告记录到Redis开始
2017-12-18 22:41:37
同步学习报告记录到Redis结束
2017-12-18 22:41:37
同步学习报告记录到Redis开始
2017-12-18 22:41:37
同步学习报告记录到Redis结束
2017-12-18 22:41:37
同步学习报告记录到Redis开始
2017-12-18 22:41:37
同步学习报告记录到Redis结束
2017-12-18 22:41:37
同步学习报告记录到Redis开始
2017-12-18 22:41:37
同步学习报告记录到Redis结束
2017-12-18 22:41:37
同步学习报告记录到Redis开始
2017-12-18 22:41:37
同步学习报告记录到Redis结束
2017-12-18 22:41:37
同步学习报告记录到Redis开始
2017-12-18 22:41:37
同步学习报告记录到Redis结束
2017-12-18 22:41:37
同步学习报告记录到Redis开始
2017-12-18 22:41:37
同步学习报告记录到Redis结束
2017-12-18 22:41:37
同步学习报告记录到Redis开始
2017-12-18 22:41:37
同步学习报告记录到Redis结束
2017-12-18 22:41:37
同步学习报告记录到Redis开始
2017-12-18 22:41:37
同步学习报告记录到Redis结束
2017-12-18 22:41:37
同步学习报告记录到Redis开始
2017-12-18 22:41:37
同步学习报告记录到Redis结束
2017-12-18 22:41:37
同步学习报告记录到Redis开始
2017-12-18 22:41:37
同步学习报告记录到Redis结束
2017-12-18 22:41:37
同步学习报告记录到Redis开始
2017-12-18 22:41:37
同步学习报告记录到Redis结束
2017-12-18 22:41:37
同步学习报告记录到Redis开始
2017-12-18 22:41:37
同步学习报告记录到Redis结束
2017-12-18 22:41:37
同步学习报告记录到Redis开始
2017-12-18 22:41:37
同步学习报告记录到Redis结束
2017-12-18 22:41:37
同步学习报告记录到Redis开始
2017-12-18 22:41:37
同步学习报告记录到Redis结束
2017-12-18 22:41:37
同步学习报告记录到Redis开始
2017-12-18 22:41:37
同步学习报告记录到Redis结束
2017-12-18 22:41:37
同步学习报告记录到Redis开始
2017-12-18 22:41:37
同步学习报告记录到Redis结束
2017-12-18 22:41:37
同步学习报告记录到Redis开始
2017-12-18 22:41:37
同步学习报告记录到Redis结束
2017-12-18 22:41:37
同步学习报告记录到Redis开始
2017-12-18 22:41:37
同步学习报告记录到Redis结束
2017-12-18 22:41:37
同步学习报告记录到Redis开始
2017-12-18 22:41:37
同步学习报告记录到Redis结束
2017-12-18 22:41:37
同步学习报告记录到Redis开始
2017-12-18 22:41:37
同步学习报告记录到Redis结束
2017-12-18 22:41:37
同步学习报告记录到Redis开始
2017-12-18 22:41:37
同步学习报告记录到Redis结束
2017-12-18 22:41:37
同步学习报告记录到Redis开始
2017-12-18 22:41:37
同步学习报告记录到Redis结束
2017-12-18 22:41:37
同步学习报告记录到Redis开始
2017-12-18 22:41:37
同步学习报告记录到Redis结束
2017-12-18 22:41:37
同步学习报告记录到Redis开始
2017-12-18 22:41:37
同步学习报告记录到Redis结束
2017-12-18 22:41:37
同步学习报告记录到Redis开始
2017-12-18 22:41:37
同步学习报告记录到Redis结束
2017-12-18 22:41:37
同步学习报告记录到Redis开始
2017-12-18 22:41:37
同步学习报告记录到Redis结束
2017-12-18 22:41:37
同步学习报告记录到Redis开始
2017-12-18 22:41:37
同步学习报告记录到Redis结束
2017-12-18 22:41:37
同步学习报告记录到Redis开始
2017-12-18 22:41:37
同步学习报告记录到Redis结束
2017-12-18 22:41:37
同步学习报告记录到Redis开始
2017-12-18 22:41:37
同步学习报告记录到Redis结束
2017-12-18 22:41:37
同步学习报告记录到Redis开始
2017-12-18 22:41:37
同步学习报告记录到Redis结束
2017-12-18 22:41:37
同步学习报告记录到Redis开始
2017-12-18 22:41:37
同步学习报告记录到Redis结束
2017-12-18 22:41:37
同步学习报告记录到Redis开始
2017-12-18 22:41:37
同步学习报告记录到Redis结束
2017-12-18 22:41:37
同步学习报告记录到Redis开始
2017-12-18 22:41:37
同步学习报告记录到Redis结束
2017-12-18 22:41:37
同步学习报告记录到Redis开始
2017-12-18 22:41:37
同步学习报告记录到Redis结束
2017-12-18 22:41:37
同步学习报告记录到Redis开始
2017-12-18 22:41:37
同步学习报告记录到Redis结束
2017-12-18 22:41:37
同步学习报告记录到Redis开始
2017-12-18 22:41:37
同步学习报告记录到Redis结束
2017-12-18 22:41:37
同步学习报告记录到Redis开始
2017-12-18 22:41:37
同步学习报告记录到Redis结束
2017-12-18 22:41:37
同步学习报告记录到Redis开始
2017-12-18 22:41:37
同步学习报告记录到Redis结束
2017-12-18 22:41:37
同步学习报告记录到Redis开始
2017-12-18 22:41:37
同步学习报告记录到Redis结束
2017-12-18 22:41:37
同步学习报告记录到Redis开始
2017-12-18 22:41:37
同步学习报告记录到Redis结束
2017-12-18 22:41:37
同步学习报告记录到Redis开始
2017-12-18 22:41:37
同步学习报告记录到Redis结束
2017-12-18 22:41:37
同步学习报告记录到Redis开始
2017-12-18 22:41:37
同步学习报告记录到Redis结束
2017-12-18 22:41:37
同步学习报告记录到Redis开始
2017-12-18 22:41:37
同步学习报告记录到Redis结束
2017-12-18 22:41:37
同步学习报告记录到Redis开始
2017-12-18 22:41:38
同步学习报告记录到Redis结束
2017-12-18 22:41:38
同步学习报告记录到Redis开始
2017-12-18 22:41:38
同步学习报告记录到Redis结束
2017-12-18 22:41:38
同步学习报告记录到Redis开始
2017-12-18 22:41:38
同步学习报告记录到Redis结束
2017-12-18 22:41:38
同步学习报告记录到Redis开始
2017-12-18 22:41:38
同步学习报告记录到Redis结束
2017-12-18 22:41:38
同步学习报告记录到Redis开始
2017-12-18 22:41:38
同步学习报告记录到Redis结束
2017-12-18 22:41:38
同步学习报告记录到Redis开始
2017-12-18 22:41:38
同步学习报告记录到Redis结束
2017-12-18 22:41:38
同步学习报告记录到Redis开始
2017-12-18 22:41:38
同步学习报告记录到Redis结束
2017-12-18 22:41:38
同步学习报告记录到Redis开始
2017-12-18 22:41:38
同步学习报告记录到Redis结束
2017-12-18 22:41:38
同步学习报告记录到Redis开始
2017-12-18 22:41:38
同步学习报告记录到Redis结束
2017-12-18 22:41:38
同步学习报告记录到Redis开始
2017-12-18 22:41:38
同步学习报告记录到Redis结束
2017-12-18 22:41:38
同步学习报告记录到Redis开始
2017-12-18 22:41:38
同步学习报告记录到Redis结束
2017-12-18 22:41:44
同步学习报告记录到Redis开始
2017-12-18 22:41:44
同步学习报告记录到Redis结束
2017-12-18 22:41:45
刷新课本剧排行榜redis数据开始
2017-12-18 22:41:45
刷新课本剧排行榜redis数据结束
2017-12-18 22:41:54
同步学习报告记录到Redis开始
2017-12-18 22:41:54
同步学习报告记录到Redis结束
2017-12-18 22:42:04
同步学习报告记录到Redis开始
2017-12-18 22:42:04
同步学习报告记录到Redis结束
2017-12-18 22:42:14
同步学习报告记录到Redis开始
2017-12-18 22:42:14
同步学习报告记录到Redis结束
2017-12-18 22:42:24
同步学习报告记录到Redis开始
2017-12-18 22:42:24
同步学习报告记录到Redis结束
2017-12-18 22:42:34
同步学习报告记录到Redis开始
2017-12-18 22:42:34
同步学习报告记录到Redis结束
2017-12-18 22:42:44
同步学习报告记录到Redis开始
2017-12-18 22:42:44
同步学习报告记录到Redis结束
2017-12-18 22:42:45
刷新课本剧排行榜redis数据开始
2017-12-18 22:42:45
刷新课本剧排行榜redis数据结束
2017-12-18 22:42:54
同步学习报告记录到Redis开始
2017-12-18 22:42:54
同步学习报告记录到Redis结束
2017-12-18 22:43:04
同步学习报告记录到Redis开始
2017-12-18 22:43:04
同步学习报告记录到Redis结束
2017-12-18 22:43:14
同步学习报告记录到Redis开始
2017-12-18 22:43:14
同步学习报告记录到Redis结束
2017-12-18 22:43:24
同步学习报告记录到Redis开始
2017-12-18 22:43:24
同步学习报告记录到Redis结束
2017-12-18 22:43:34
同步学习报告记录到Redis开始
2017-12-18 22:43:34
同步学习报告记录到Redis结束
2017-12-18 22:43:44
同步学习报告记录到Redis开始
2017-12-18 22:43:44
同步学习报告记录到Redis结束
2017-12-18 22:43:45
刷新课本剧排行榜redis数据开始
2017-12-18 22:43:45
刷新课本剧排行榜redis数据结束
2017-12-18 22:43:54
同步学习报告记录到Redis开始
2017-12-18 22:43:54
同步学习报告记录到Redis结束
2017-12-18 22:44:04
同步学习报告记录到Redis开始
2017-12-18 22:44:04
同步学习报告记录到Redis结束
2017-12-18 22:44:14
同步学习报告记录到Redis开始
2017-12-18 22:44:14
同步学习报告记录到Redis结束
2017-12-18 22:44:24
同步学习报告记录到Redis开始
2017-12-18 22:44:24
同步学习报告记录到Redis结束
2017-12-18 22:44:34
同步学习报告记录到Redis开始
2017-12-18 22:44:34
同步学习报告记录到Redis结束
2017-12-18 22:44:44
同步学习报告记录到Redis开始
2017-12-18 22:44:44
同步学习报告记录到Redis结束
2017-12-18 22:44:45
刷新课本剧排行榜redis数据开始
2017-12-18 22:44:45
刷新课本剧排行榜redis数据结束
2017-12-18 22:44:54
同步学习报告记录到Redis开始
2017-12-18 22:44:54
同步学习报告记录到Redis结束
2017-12-18 22:45:04
同步学习报告记录到Redis开始
2017-12-18 22:45:04
同步学习报告记录到Redis结束
2017-12-18 22:45:14
同步学习报告记录到Redis开始
2017-12-18 22:45:14
同步学习报告记录到Redis结束
2017-12-18 22:45:24
同步学习报告记录到Redis开始
2017-12-18 22:45:24
同步学习报告记录到Redis结束
2017-12-18 22:45:34
同步学习报告记录到Redis开始
2017-12-18 22:45:34
同步学习报告记录到Redis结束
2017-12-18 22:45:44
同步学习报告记录到Redis开始
2017-12-18 22:45:44
同步学习报告记录到Redis结束
2017-12-18 22:45:45
刷新课本剧排行榜redis数据开始
2017-12-18 22:45:45
刷新课本剧排行榜redis数据结束
2017-12-18 22:45:54
同步学习报告记录到Redis开始
2017-12-18 22:45:54
同步学习报告记录到Redis结束
2017-12-18 22:46:04
同步学习报告记录到Redis开始
2017-12-18 22:46:04
同步学习报告记录到Redis结束
2017-12-18 22:46:14
同步学习报告记录到Redis开始
2017-12-18 22:46:14
同步学习报告记录到Redis结束
2017-12-18 22:46:24
同步学习报告记录到Redis开始
2017-12-18 22:46:24
同步学习报告记录到Redis结束
2017-12-18 22:46:34
同步学习报告记录到Redis开始
2017-12-18 22:46:34
同步学习报告记录到Redis结束
2017-12-18 22:46:44
同步学习报告记录到Redis开始
2017-12-18 22:46:44
同步学习报告记录到Redis结束
2017-12-18 22:46:44
刷新学生所在学校排行榜redis数据开始
2017-12-18 22:46:44
刷新学生所在学校排行榜redis数据结束
2017-12-18 22:46:44
趣配音报名补全用户信息SyncUserInfoRedisFromUMS开始
2017-12-18 22:46:44
趣配音报名补全用户信息SyncUserInfoRedisFromUMS结束
2017-12-18 22:46:44
SyncDubbingData趣配音报名同步开始
2017-12-18 22:46:44
SyncDubbingData趣配音同步数据成功2017/12/18 22:46:44
2017-12-18 22:46:44
SyncDubbingData趣配音报名同步结束
2017-12-18 22:46:45
刷新课本剧排行榜redis数据开始
2017-12-18 22:46:45
刷新课本剧排行榜redis数据结束
2017-12-18 22:46:54
同步学习报告记录到Redis开始
2017-12-18 22:46:54
同步学习报告记录到Redis结束
2017-12-18 22:47:04
同步学习报告记录到Redis开始
2017-12-18 22:47:04
同步学习报告记录到Redis结束
2017-12-18 22:47:14
同步学习报告记录到Redis开始
2017-12-18 22:47:14
同步学习报告记录到Redis结束
2017-12-18 22:47:24
同步学习报告记录到Redis开始
2017-12-18 22:47:24
同步学习报告记录到Redis结束
2017-12-18 22:47:34
同步学习报告记录到Redis开始
2017-12-18 22:47:34
同步学习报告记录到Redis结束
2017-12-18 22:47:44
同步学习报告记录到Redis开始
2017-12-18 22:47:44
同步学习报告记录到Redis结束
2017-12-18 22:47:45
刷新课本剧排行榜redis数据开始
2017-12-18 22:47:45
刷新课本剧排行榜redis数据结束
2017-12-18 22:47:54
同步学习报告记录到Redis开始
2017-12-18 22:47:54
同步学习报告记录到Redis结束
2017-12-18 22:48:04
同步学习报告记录到Redis开始
2017-12-18 22:48:04
同步学习报告记录到Redis结束
2017-12-18 22:48:14
同步学习报告记录到Redis开始
2017-12-18 22:48:14
同步学习报告记录到Redis结束
2017-12-18 22:48:24
同步学习报告记录到Redis开始
2017-12-18 22:48:24
同步学习报告记录到Redis结束
2017-12-18 22:48:34
同步学习报告记录到Redis开始
2017-12-18 22:48:34
同步学习报告记录到Redis结束
2017-12-18 22:48:44
同步学习报告记录到Redis开始
2017-12-18 22:48:44
同步学习报告记录到Redis结束
2017-12-18 22:48:45
刷新课本剧排行榜redis数据开始
2017-12-18 22:48:45
刷新课本剧排行榜redis数据结束
2017-12-18 22:48:54
同步学习报告记录到Redis开始
2017-12-18 22:48:54
同步学习报告记录到Redis结束
2017-12-18 22:49:04
同步学习报告记录到Redis开始
2017-12-18 22:49:04
同步学习报告记录到Redis结束
2017-12-18 22:49:14
同步学习报告记录到Redis开始
2017-12-18 22:49:14
同步学习报告记录到Redis结束
2017-12-18 22:49:24
同步学习报告记录到Redis开始
2017-12-18 22:49:24
同步学习报告记录到Redis结束
2017-12-18 22:49:34
同步学习报告记录到Redis开始
2017-12-18 22:49:34
同步学习报告记录到Redis结束
2017-12-18 22:49:44
同步学习报告记录到Redis开始
2017-12-18 22:49:44
同步学习报告记录到Redis结束
2017-12-18 22:49:45
刷新课本剧排行榜redis数据开始
2017-12-18 22:49:45
刷新课本剧排行榜redis数据结束
2017-12-18 22:49:54
同步学习报告记录到Redis开始
2017-12-18 22:49:54
同步学习报告记录到Redis结束
2017-12-18 22:50:04
同步学习报告记录到Redis开始
2017-12-18 22:50:04
同步学习报告记录到Redis结束
2017-12-18 22:50:14
同步学习报告记录到Redis开始
2017-12-18 22:50:14
同步学习报告记录到Redis结束
2017-12-18 22:50:24
同步学习报告记录到Redis开始
2017-12-18 22:50:24
同步学习报告记录到Redis结束
2017-12-18 22:50:34
同步学习报告记录到Redis开始
2017-12-18 22:50:34
同步学习报告记录到Redis结束
2017-12-18 22:50:44
同步学习报告记录到Redis开始
2017-12-18 22:50:44
同步学习报告记录到Redis结束
2017-12-18 22:50:45
刷新课本剧排行榜redis数据开始
2017-12-18 22:50:45
刷新课本剧排行榜redis数据结束
2017-12-18 22:50:54
同步学习报告记录到Redis开始
2017-12-18 22:50:54
同步学习报告记录到Redis结束
2017-12-18 22:51:04
同步学习报告记录到Redis开始
2017-12-18 22:51:04
同步学习报告记录到Redis结束
2017-12-18 22:51:14
同步学习报告记录到Redis开始
2017-12-18 22:51:14
同步学习报告记录到Redis结束
2017-12-18 22:51:24
同步学习报告记录到Redis开始
2017-12-18 22:51:24
同步学习报告记录到Redis结束
2017-12-18 22:51:34
同步学习报告记录到Redis开始
2017-12-18 22:51:35
同步学习报告记录到Redis结束
2017-12-18 22:51:45
同步学习报告记录到Redis开始
2017-12-18 22:51:45
同步学习报告记录到Redis结束
2017-12-18 22:51:45
刷新课本剧排行榜redis数据开始
2017-12-18 22:51:45
刷新课本剧排行榜redis数据结束
2017-12-18 22:51:55
同步学习报告记录到Redis开始
2017-12-18 22:51:55
同步学习报告记录到Redis结束
2017-12-18 22:52:05
同步学习报告记录到Redis开始
2017-12-18 22:52:05
同步学习报告记录到Redis结束
2017-12-18 22:52:15
同步学习报告记录到Redis开始
2017-12-18 22:52:15
同步学习报告记录到Redis结束
2017-12-18 22:52:25
同步学习报告记录到Redis开始
2017-12-18 22:52:25
同步学习报告记录到Redis结束
2017-12-18 22:52:35
同步学习报告记录到Redis开始
2017-12-18 22:52:35
同步学习报告记录到Redis结束
2017-12-18 22:52:45
同步学习报告记录到Redis开始
2017-12-18 22:52:45
同步学习报告记录到Redis结束
2017-12-18 22:52:45
刷新课本剧排行榜redis数据开始
2017-12-18 22:52:45
刷新课本剧排行榜redis数据结束
2017-12-18 22:52:55
同步学习报告记录到Redis开始
2017-12-18 22:52:55
同步学习报告记录到Redis结束
2017-12-18 22:53:05
同步学习报告记录到Redis开始
2017-12-18 22:53:05
同步学习报告记录到Redis结束
2017-12-18 22:53:15
同步学习报告记录到Redis开始
2017-12-18 22:53:15
同步学习报告记录到Redis结束
2017-12-18 22:53:25
同步学习报告记录到Redis开始
2017-12-18 22:53:25
同步学习报告记录到Redis结束
2017-12-18 22:53:35
同步学习报告记录到Redis开始
2017-12-18 22:53:35
同步学习报告记录到Redis结束
2017-12-18 22:53:45
同步学习报告记录到Redis开始
2017-12-18 22:53:45
同步学习报告记录到Redis结束
2017-12-18 22:53:45
刷新课本剧排行榜redis数据开始
2017-12-18 22:53:45
刷新课本剧排行榜redis数据结束
2017-12-18 22:53:55
同步学习报告记录到Redis开始
2017-12-18 22:53:55
同步学习报告记录到Redis结束
2017-12-18 22:54:05
同步学习报告记录到Redis开始
2017-12-18 22:54:05
同步学习报告记录到Redis结束
2017-12-18 22:54:15
同步学习报告记录到Redis开始
2017-12-18 22:54:15
同步学习报告记录到Redis结束
2017-12-18 22:54:25
同步学习报告记录到Redis开始
2017-12-18 22:54:25
同步学习报告记录到Redis结束
2017-12-18 22:54:35
同步学习报告记录到Redis开始
2017-12-18 22:54:35
同步学习报告记录到Redis结束
2017-12-18 22:54:45
同步学习报告记录到Redis开始
2017-12-18 22:54:45
同步学习报告记录到Redis结束
2017-12-18 22:54:45
刷新课本剧排行榜redis数据开始
2017-12-18 22:54:45
刷新课本剧排行榜redis数据结束
2017-12-18 22:54:55
同步学习报告记录到Redis开始
2017-12-18 22:54:55
同步学习报告记录到Redis结束
2017-12-18 22:55:05
同步学习报告记录到Redis开始
2017-12-18 22:55:05
同步学习报告记录到Redis结束
2017-12-18 22:55:15
同步学习报告记录到Redis开始
2017-12-18 22:55:15
同步学习报告记录到Redis结束
2017-12-18 22:55:25
同步学习报告记录到Redis开始
2017-12-18 22:55:25
同步学习报告记录到Redis结束
2017-12-18 22:55:35
同步学习报告记录到Redis开始
2017-12-18 22:55:35
同步学习报告记录到Redis结束
2017-12-18 22:55:45
刷新课本剧排行榜redis数据开始
2017-12-18 22:55:45
同步学习报告记录到Redis开始
2017-12-18 22:55:45
同步学习报告记录到Redis结束
2017-12-18 22:55:55
同步学习报告记录到Redis开始
2017-12-18 22:55:55
同步学习报告记录到Redis结束
2017-12-18 22:56:05
同步学习报告记录到Redis开始
2017-12-18 22:56:05
同步学习报告记录到Redis结束
2017-12-18 22:56:15
同步学习报告记录到Redis开始
2017-12-18 22:56:15
同步学习报告记录到Redis结束
2017-12-18 22:56:25
同步学习报告记录到Redis开始
2017-12-18 22:56:25
同步学习报告记录到Redis结束
2017-12-18 22:56:35
同步学习报告记录到Redis开始
2017-12-18 22:56:35
同步学习报告记录到Redis结束
2017-12-18 22:56:44
刷新学生所在学校排行榜redis数据开始
2017-12-18 22:56:44
刷新学生所在学校排行榜redis数据结束
2017-12-18 22:56:44
SyncDubbingData趣配音报名同步开始
2017-12-18 22:56:44
SyncDubbingData趣配音同步数据成功2017/12/18 22:56:44
2017-12-18 22:56:44
SyncDubbingData趣配音报名同步结束
2017-12-18 22:56:44
趣配音报名补全用户信息SyncUserInfoRedisFromUMS开始
2017-12-18 22:56:44
趣配音报名补全用户信息SyncUserInfoRedisFromUMS结束
2017-12-18 22:56:45
刷新课本剧排行榜redis数据开始
2017-12-18 22:56:45
刷新课本剧排行榜redis数据结束
2017-12-18 22:56:45
同步学习报告记录到Redis开始
2017-12-18 22:56:45
同步学习报告记录到Redis结束
2017-12-18 22:56:55
同步学习报告记录到Redis开始
2017-12-18 22:56:55
同步学习报告记录到Redis结束
2017-12-18 22:57:05
同步学习报告记录到Redis开始
2017-12-18 22:57:05
同步学习报告记录到Redis结束
2017-12-18 22:57:15
同步学习报告记录到Redis开始
2017-12-18 22:57:15
同步学习报告记录到Redis结束
2017-12-18 22:57:25
同步学习报告记录到Redis开始
2017-12-18 22:57:25
同步学习报告记录到Redis结束
2017-12-18 22:57:35
同步学习报告记录到Redis开始
2017-12-18 22:57:35
同步学习报告记录到Redis结束
2017-12-18 22:57:45
刷新课本剧排行榜redis数据开始
2017-12-18 22:57:45
刷新课本剧排行榜redis数据结束
2017-12-18 22:57:45
同步学习报告记录到Redis开始
2017-12-18 22:57:45
同步学习报告记录到Redis结束
2017-12-18 22:57:55
同步学习报告记录到Redis开始
2017-12-18 22:57:55
同步学习报告记录到Redis结束
2017-12-18 22:58:05
同步学习报告记录到Redis开始
2017-12-18 22:58:05
同步学习报告记录到Redis结束
2017-12-18 22:58:15
同步学习报告记录到Redis开始
2017-12-18 22:58:15
同步学习报告记录到Redis结束
2017-12-18 22:58:25
同步学习报告记录到Redis开始
2017-12-18 22:58:25
同步学习报告记录到Redis结束
2017-12-18 22:58:35
同步学习报告记录到Redis开始
2017-12-18 22:58:35
同步学习报告记录到Redis结束
2017-12-18 22:58:45
刷新课本剧排行榜redis数据开始
2017-12-18 22:58:45
刷新课本剧排行榜redis数据结束
2017-12-18 22:58:45
同步学习报告记录到Redis开始
2017-12-18 22:58:45
同步学习报告记录到Redis结束
2017-12-18 22:58:55
同步学习报告记录到Redis开始
2017-12-18 22:58:55
同步学习报告记录到Redis结束
2017-12-18 22:59:05
同步学习报告记录到Redis开始
2017-12-18 22:59:05
同步学习报告记录到Redis结束
2017-12-18 22:59:15
同步学习报告记录到Redis开始
2017-12-18 22:59:15
同步学习报告记录到Redis结束
2017-12-18 22:59:25
同步学习报告记录到Redis开始
2017-12-18 22:59:25
同步学习报告记录到Redis结束
2017-12-18 22:59:35
同步学习报告记录到Redis开始
2017-12-18 22:59:35
同步学习报告记录到Redis结束
2017-12-18 22:59:45
刷新课本剧排行榜redis数据开始
2017-12-18 22:59:45
刷新课本剧排行榜redis数据结束
2017-12-18 22:59:45
同步学习报告记录到Redis开始
2017-12-18 22:59:45
同步学习报告记录到Redis结束
2017-12-18 22:59:55
同步学习报告记录到Redis开始
2017-12-18 22:59:55
同步学习报告记录到Redis结束
2017-12-18 23:00:05
同步学习报告记录到Redis开始
2017-12-18 23:00:05
同步学习报告记录到Redis结束
2017-12-18 23:00:15
同步学习报告记录到Redis开始
2017-12-18 23:00:15
同步学习报告记录到Redis结束
2017-12-18 23:00:25
同步学习报告记录到Redis开始
2017-12-18 23:00:25
同步学习报告记录到Redis结束
2017-12-18 23:00:35
同步学习报告记录到Redis开始
2017-12-18 23:00:35
同步学习报告记录到Redis结束
2017-12-18 23:00:45
刷新课本剧排行榜redis数据开始
2017-12-18 23:00:45
刷新课本剧排行榜redis数据结束
2017-12-18 23:00:45
同步学习报告记录到Redis开始
2017-12-18 23:00:45
同步学习报告记录到Redis结束
2017-12-18 23:00:55
同步学习报告记录到Redis开始
2017-12-18 23:00:55
同步学习报告记录到Redis结束
2017-12-18 23:01:05
同步学习报告记录到Redis开始
2017-12-18 23:01:05
同步学习报告记录到Redis结束
2017-12-18 23:01:15
同步学习报告记录到Redis开始
2017-12-18 23:01:15
同步学习报告记录到Redis结束
2017-12-18 23:01:25
同步学习报告记录到Redis开始
2017-12-18 23:01:25
同步学习报告记录到Redis结束
2017-12-18 23:01:35
同步学习报告记录到Redis开始
2017-12-18 23:01:35
同步学习报告记录到Redis结束
2017-12-18 23:01:45
刷新课本剧排行榜redis数据开始
2017-12-18 23:01:45
刷新课本剧排行榜redis数据结束
2017-12-18 23:01:45
同步学习报告记录到Redis开始
2017-12-18 23:01:45
同步学习报告记录到Redis结束
2017-12-18 23:01:55
同步学习报告记录到Redis开始
2017-12-18 23:01:55
同步学习报告记录到Redis结束
2017-12-18 23:02:05
同步学习报告记录到Redis开始
2017-12-18 23:02:05
同步学习报告记录到Redis结束
2017-12-18 23:02:15
同步学习报告记录到Redis开始
2017-12-18 23:02:15
同步学习报告记录到Redis结束
2017-12-18 23:02:25
同步学习报告记录到Redis开始
2017-12-18 23:02:25
同步学习报告记录到Redis结束
2017-12-18 23:02:35
同步学习报告记录到Redis开始
2017-12-18 23:02:35
同步学习报告记录到Redis结束
2017-12-18 23:02:45
刷新课本剧排行榜redis数据开始
2017-12-18 23:02:45
刷新课本剧排行榜redis数据结束
2017-12-18 23:02:45
同步学习报告记录到Redis开始
2017-12-18 23:02:45
同步学习报告记录到Redis结束
2017-12-18 23:02:55
同步学习报告记录到Redis开始
2017-12-18 23:02:55
同步学习报告记录到Redis结束
2017-12-18 23:03:05
同步学习报告记录到Redis开始
2017-12-18 23:03:05
同步学习报告记录到Redis结束
2017-12-18 23:03:15
同步学习报告记录到Redis开始
2017-12-18 23:03:16
同步学习报告记录到Redis结束
2017-12-18 23:03:26
同步学习报告记录到Redis开始
2017-12-18 23:03:26
同步学习报告记录到Redis结束
2017-12-18 23:03:36
同步学习报告记录到Redis开始
2017-12-18 23:03:36
同步学习报告记录到Redis结束
2017-12-18 23:03:45
刷新课本剧排行榜redis数据开始
2017-12-18 23:03:45
刷新课本剧排行榜redis数据结束
2017-12-18 23:03:46
同步学习报告记录到Redis开始
2017-12-18 23:03:46
同步学习报告记录到Redis结束
2017-12-18 23:03:56
同步学习报告记录到Redis开始
2017-12-18 23:03:56
同步学习报告记录到Redis结束
2017-12-18 23:04:06
同步学习报告记录到Redis开始
2017-12-18 23:04:06
同步学习报告记录到Redis结束
2017-12-18 23:04:16
同步学习报告记录到Redis开始
2017-12-18 23:04:16
同步学习报告记录到Redis结束
2017-12-18 23:04:26
同步学习报告记录到Redis开始
2017-12-18 23:04:26
同步学习报告记录到Redis结束
2017-12-18 23:04:36
同步学习报告记录到Redis开始
2017-12-18 23:04:36
同步学习报告记录到Redis结束
2017-12-18 23:04:45
刷新课本剧排行榜redis数据开始
2017-12-18 23:04:45
刷新课本剧排行榜redis数据结束
2017-12-18 23:04:46
同步学习报告记录到Redis开始
2017-12-18 23:04:46
同步学习报告记录到Redis结束
2017-12-18 23:04:56
同步学习报告记录到Redis开始
2017-12-18 23:04:56
同步学习报告记录到Redis结束
2017-12-18 23:05:06
同步学习报告记录到Redis开始
2017-12-18 23:05:06
同步学习报告记录到Redis结束
2017-12-18 23:05:16
同步学习报告记录到Redis开始
2017-12-18 23:05:16
同步学习报告记录到Redis结束
2017-12-18 23:05:26
同步学习报告记录到Redis开始
2017-12-18 23:05:26
同步学习报告记录到Redis结束
2017-12-18 23:05:36
同步学习报告记录到Redis开始
2017-12-18 23:05:36
同步学习报告记录到Redis结束
2017-12-18 23:05:45
刷新课本剧排行榜redis数据开始
2017-12-18 23:05:45
刷新课本剧排行榜redis数据结束
2017-12-18 23:05:46
同步学习报告记录到Redis开始
2017-12-18 23:05:46
同步学习报告记录到Redis结束
2017-12-18 23:05:56
同步学习报告记录到Redis开始
2017-12-18 23:05:56
同步学习报告记录到Redis结束
2017-12-18 23:06:06
同步学习报告记录到Redis开始
2017-12-18 23:06:06
同步学习报告记录到Redis结束
2017-12-18 23:06:16
同步学习报告记录到Redis开始
2017-12-18 23:06:16
同步学习报告记录到Redis结束
2017-12-18 23:06:26
同步学习报告记录到Redis开始
2017-12-18 23:06:26
同步学习报告记录到Redis结束
2017-12-18 23:06:36
同步学习报告记录到Redis开始
2017-12-18 23:06:36
同步学习报告记录到Redis结束
2017-12-18 23:06:44
同步学订单同步开始
2017-12-18 23:06:45
同步学订单同步结束
2017-12-18 23:06:45
刷新学生所在学校排行榜redis数据开始
2017-12-18 23:06:45
刷新学生所在学校排行榜redis数据结束
2017-12-18 23:06:45
同步学用户同步开始
2017-12-18 23:06:45
同步学用户同步结束
2017-12-18 23:06:45
趣配音报名补全用户信息SyncUserInfoRedisFromUMS开始
2017-12-18 23:06:45
趣配音报名补全用户信息SyncUserInfoRedisFromUMS结束
2017-12-18 23:06:45
SyncDubbingData趣配音报名同步开始
2017-12-18 23:06:45
SyncDubbingData趣配音同步数据成功2017/12/18 23:06:45
2017-12-18 23:06:45
SyncDubbingData趣配音报名同步结束
2017-12-18 23:06:45
刷新课本剧排行榜redis数据开始
2017-12-18 23:06:45
刷新课本剧排行榜redis数据结束
2017-12-18 23:06:46
同步学习报告记录到Redis开始
2017-12-18 23:06:46
同步学习报告记录到Redis结束
2017-12-18 23:06:56
同步学习报告记录到Redis开始
2017-12-18 23:06:56
同步学习报告记录到Redis结束
2017-12-18 23:07:06
同步学习报告记录到Redis开始
2017-12-18 23:07:06
同步学习报告记录到Redis结束
2017-12-18 23:07:16
同步学习报告记录到Redis开始
2017-12-18 23:07:16
同步学习报告记录到Redis结束
2017-12-18 23:07:26
同步学习报告记录到Redis开始
2017-12-18 23:07:26
同步学习报告记录到Redis结束
2017-12-18 23:07:36
同步学习报告记录到Redis开始
2017-12-18 23:07:36
同步学习报告记录到Redis结束
2017-12-18 23:07:45
刷新课本剧排行榜redis数据开始
2017-12-18 23:07:45
刷新课本剧排行榜redis数据结束
2017-12-18 23:07:46
同步学习报告记录到Redis开始
2017-12-18 23:07:46
同步学习报告记录到Redis结束
2017-12-18 23:07:56
同步学习报告记录到Redis开始
2017-12-18 23:07:56
同步学习报告记录到Redis结束
2017-12-18 23:08:06
同步学习报告记录到Redis开始
2017-12-18 23:08:06
同步学习报告记录到Redis结束
2017-12-18 23:08:16
同步学习报告记录到Redis开始
2017-12-18 23:08:16
同步学习报告记录到Redis结束
2017-12-18 23:08:26
同步学习报告记录到Redis开始
2017-12-18 23:08:26
同步学习报告记录到Redis结束
2017-12-18 23:08:36
同步学习报告记录到Redis开始
2017-12-18 23:08:36
同步学习报告记录到Redis结束
2017-12-18 23:08:45
刷新课本剧排行榜redis数据开始
2017-12-18 23:08:45
刷新课本剧排行榜redis数据结束
2017-12-18 23:08:46
同步学习报告记录到Redis开始
2017-12-18 23:08:46
同步学习报告记录到Redis结束
2017-12-18 23:08:56
同步学习报告记录到Redis开始
2017-12-18 23:08:56
同步学习报告记录到Redis结束
2017-12-18 23:09:06
同步学习报告记录到Redis开始
2017-12-18 23:09:06
同步学习报告记录到Redis结束
2017-12-18 23:09:16
同步学习报告记录到Redis开始
2017-12-18 23:09:16
同步学习报告记录到Redis结束
2017-12-18 23:09:26
同步学习报告记录到Redis开始
2017-12-18 23:09:26
同步学习报告记录到Redis结束
2017-12-18 23:09:36
同步学习报告记录到Redis开始
2017-12-18 23:09:36
同步学习报告记录到Redis结束
2017-12-18 23:09:45
刷新课本剧排行榜redis数据开始
2017-12-18 23:09:45
刷新课本剧排行榜redis数据结束
2017-12-18 23:09:46
同步学习报告记录到Redis开始
2017-12-18 23:09:46
同步学习报告记录到Redis结束
2017-12-18 23:09:56
同步学习报告记录到Redis开始
2017-12-18 23:09:56
同步学习报告记录到Redis结束
2017-12-18 23:10:06
同步学习报告记录到Redis开始
2017-12-18 23:10:06
同步学习报告记录到Redis结束
2017-12-18 23:10:16
同步学习报告记录到Redis开始
2017-12-18 23:10:16
同步学习报告记录到Redis结束
2017-12-18 23:10:26
同步学习报告记录到Redis开始
2017-12-18 23:10:26
同步学习报告记录到Redis结束
2017-12-18 23:10:36
同步学习报告记录到Redis开始
2017-12-18 23:10:36
同步学习报告记录到Redis结束
2017-12-18 23:10:45
刷新课本剧排行榜redis数据开始
2017-12-18 23:10:45
刷新课本剧排行榜redis数据结束
2017-12-18 23:10:46
同步学习报告记录到Redis开始
2017-12-18 23:10:46
同步学习报告记录到Redis结束
2017-12-18 23:10:56
同步学习报告记录到Redis开始
2017-12-18 23:10:56
同步学习报告记录到Redis结束
2017-12-18 23:11:06
同步学习报告记录到Redis开始
2017-12-18 23:11:06
同步学习报告记录到Redis结束
2017-12-18 23:11:16
同步学习报告记录到Redis开始
2017-12-18 23:11:16
同步学习报告记录到Redis结束
2017-12-18 23:11:26
同步学习报告记录到Redis开始
2017-12-18 23:11:26
同步学习报告记录到Redis结束
2017-12-18 23:11:36
同步学习报告记录到Redis开始
2017-12-18 23:11:36
同步学习报告记录到Redis结束
2017-12-18 23:11:45
刷新课本剧排行榜redis数据开始
2017-12-18 23:11:45
刷新课本剧排行榜redis数据结束
2017-12-18 23:11:46
同步学习报告记录到Redis开始
2017-12-18 23:11:46
同步学习报告记录到Redis结束
2017-12-18 23:11:56
同步学习报告记录到Redis开始
2017-12-18 23:11:56
同步学习报告记录到Redis结束
2017-12-18 23:12:06
同步学习报告记录到Redis开始
2017-12-18 23:12:06
同步学习报告记录到Redis结束
2017-12-18 23:12:16
同步学习报告记录到Redis开始
2017-12-18 23:12:16
同步学习报告记录到Redis结束
2017-12-18 23:12:26
同步学习报告记录到Redis开始
2017-12-18 23:12:26
同步学习报告记录到Redis结束
2017-12-18 23:12:36
同步学习报告记录到Redis开始
2017-12-18 23:12:36
同步学习报告记录到Redis结束
2017-12-18 23:12:45
刷新课本剧排行榜redis数据开始
2017-12-18 23:12:45
刷新课本剧排行榜redis数据结束
2017-12-18 23:12:46
同步学习报告记录到Redis开始
2017-12-18 23:12:46
同步学习报告记录到Redis结束
2017-12-18 23:12:56
同步学习报告记录到Redis开始
2017-12-18 23:12:56
同步学习报告记录到Redis结束
2017-12-18 23:13:06
同步学习报告记录到Redis开始
2017-12-18 23:13:06
同步学习报告记录到Redis结束
2017-12-18 23:13:16
同步学习报告记录到Redis开始
2017-12-18 23:13:16
同步学习报告记录到Redis结束
2017-12-18 23:13:26
同步学习报告记录到Redis开始
2017-12-18 23:13:26
同步学习报告记录到Redis结束
2017-12-18 23:13:36
同步学习报告记录到Redis开始
2017-12-18 23:13:36
同步学习报告记录到Redis结束
2017-12-18 23:13:45
刷新课本剧排行榜redis数据开始
2017-12-18 23:13:45
刷新课本剧排行榜redis数据结束
2017-12-18 23:13:46
同步学习报告记录到Redis开始
2017-12-18 23:13:46
同步学习报告记录到Redis结束
2017-12-18 23:13:56
同步学习报告记录到Redis开始
2017-12-18 23:13:56
同步学习报告记录到Redis结束
2017-12-18 23:14:06
同步学习报告记录到Redis开始
2017-12-18 23:14:06
同步学习报告记录到Redis结束
2017-12-18 23:14:16
同步学习报告记录到Redis开始
2017-12-18 23:14:16
同步学习报告记录到Redis结束
2017-12-18 23:14:26
同步学习报告记录到Redis开始
2017-12-18 23:14:26
同步学习报告记录到Redis结束
2017-12-18 23:14:36
同步学习报告记录到Redis开始
2017-12-18 23:14:36
同步学习报告记录到Redis结束
2017-12-18 23:14:45
刷新课本剧排行榜redis数据开始
2017-12-18 23:14:45
刷新课本剧排行榜redis数据结束
2017-12-18 23:14:46
同步学习报告记录到Redis开始
2017-12-18 23:14:46
同步学习报告记录到Redis结束
2017-12-18 23:14:56
同步学习报告记录到Redis开始
2017-12-18 23:14:56
同步学习报告记录到Redis结束
2017-12-18 23:15:06
同步学习报告记录到Redis开始
2017-12-18 23:15:06
同步学习报告记录到Redis结束
2017-12-18 23:15:16
同步学习报告记录到Redis开始
2017-12-18 23:15:17
同步学习报告记录到Redis结束
2017-12-18 23:15:27
同步学习报告记录到Redis开始
2017-12-18 23:15:27
同步学习报告记录到Redis结束
2017-12-18 23:15:37
同步学习报告记录到Redis开始
2017-12-18 23:15:37
同步学习报告记录到Redis结束
2017-12-18 23:15:45
刷新课本剧排行榜redis数据开始
2017-12-18 23:15:45
刷新课本剧排行榜redis数据结束
2017-12-18 23:15:47
同步学习报告记录到Redis开始
2017-12-18 23:15:47
同步学习报告记录到Redis结束
2017-12-18 23:15:57
同步学习报告记录到Redis开始
2017-12-18 23:15:57
同步学习报告记录到Redis结束
2017-12-18 23:16:07
同步学习报告记录到Redis开始
2017-12-18 23:16:07
同步学习报告记录到Redis结束
2017-12-18 23:16:17
同步学习报告记录到Redis开始
2017-12-18 23:16:17
同步学习报告记录到Redis结束
2017-12-18 23:16:27
同步学习报告记录到Redis开始
2017-12-18 23:16:27
同步学习报告记录到Redis结束
2017-12-18 23:16:37
同步学习报告记录到Redis开始
2017-12-18 23:16:37
同步学习报告记录到Redis结束
2017-12-18 23:16:44
刷新学生所在学校排行榜redis数据开始
2017-12-18 23:16:44
刷新学生所在学校排行榜redis数据结束
2017-12-18 23:16:44
SyncDubbingData趣配音报名同步开始
2017-12-18 23:16:44
SyncDubbingData趣配音同步数据成功2017/12/18 23:16:44
2017-12-18 23:16:44
SyncDubbingData趣配音报名同步结束
2017-12-18 23:16:45
趣配音报名补全用户信息SyncUserInfoRedisFromUMS开始
2017-12-18 23:16:45
趣配音报名补全用户信息SyncUserInfoRedisFromUMS结束
2017-12-18 23:16:45
刷新课本剧排行榜redis数据开始
2017-12-18 23:16:45
刷新课本剧排行榜redis数据结束
2017-12-18 23:16:47
同步学习报告记录到Redis开始
2017-12-18 23:16:47
同步学习报告记录到Redis结束
2017-12-18 23:16:57
同步学习报告记录到Redis开始
2017-12-18 23:16:57
同步学习报告记录到Redis结束
2017-12-18 23:17:07
同步学习报告记录到Redis开始
2017-12-18 23:17:07
同步学习报告记录到Redis结束
2017-12-18 23:17:17
同步学习报告记录到Redis开始
2017-12-18 23:17:17
同步学习报告记录到Redis结束
2017-12-18 23:17:27
同步学习报告记录到Redis开始
2017-12-18 23:17:27
同步学习报告记录到Redis结束
2017-12-18 23:17:37
同步学习报告记录到Redis开始
2017-12-18 23:17:37
同步学习报告记录到Redis结束
2017-12-18 23:17:45
刷新课本剧排行榜redis数据开始
2017-12-18 23:17:45
刷新课本剧排行榜redis数据结束
2017-12-18 23:17:47
同步学习报告记录到Redis开始
2017-12-18 23:17:47
同步学习报告记录到Redis结束
2017-12-18 23:17:57
同步学习报告记录到Redis开始
2017-12-18 23:17:57
同步学习报告记录到Redis结束
2017-12-18 23:18:07
同步学习报告记录到Redis开始
2017-12-18 23:18:07
同步学习报告记录到Redis结束
2017-12-18 23:18:17
同步学习报告记录到Redis开始
2017-12-18 23:18:17
同步学习报告记录到Redis结束
2017-12-18 23:18:27
同步学习报告记录到Redis开始
2017-12-18 23:18:27
同步学习报告记录到Redis结束
2017-12-18 23:18:37
同步学习报告记录到Redis开始
2017-12-18 23:18:37
同步学习报告记录到Redis结束
2017-12-18 23:18:45
刷新课本剧排行榜redis数据开始
2017-12-18 23:18:45
刷新课本剧排行榜redis数据结束
2017-12-18 23:18:47
同步学习报告记录到Redis开始
2017-12-18 23:18:47
同步学习报告记录到Redis结束
2017-12-18 23:18:57
同步学习报告记录到Redis开始
2017-12-18 23:18:57
同步学习报告记录到Redis结束
2017-12-18 23:19:07
同步学习报告记录到Redis开始
2017-12-18 23:19:07
同步学习报告记录到Redis结束
2017-12-18 23:19:17
同步学习报告记录到Redis开始
2017-12-18 23:19:17
同步学习报告记录到Redis结束
2017-12-18 23:19:27
同步学习报告记录到Redis开始
2017-12-18 23:19:27
同步学习报告记录到Redis结束
2017-12-18 23:19:37
同步学习报告记录到Redis开始
2017-12-18 23:19:37
同步学习报告记录到Redis结束
2017-12-18 23:19:45
刷新课本剧排行榜redis数据开始
2017-12-18 23:19:45
刷新课本剧排行榜redis数据结束
2017-12-18 23:19:47
同步学习报告记录到Redis开始
2017-12-18 23:19:47
同步学习报告记录到Redis结束
2017-12-18 23:19:57
同步学习报告记录到Redis开始
2017-12-18 23:19:57
同步学习报告记录到Redis结束
2017-12-18 23:20:07
同步学习报告记录到Redis开始
2017-12-18 23:20:07
同步学习报告记录到Redis结束
2017-12-18 23:20:17
同步学习报告记录到Redis开始
2017-12-18 23:20:17
同步学习报告记录到Redis结束
2017-12-18 23:20:27
同步学习报告记录到Redis开始
2017-12-18 23:20:27
同步学习报告记录到Redis结束
2017-12-18 23:20:37
同步学习报告记录到Redis开始
2017-12-18 23:20:37
同步学习报告记录到Redis结束
2017-12-18 23:20:45
刷新课本剧排行榜redis数据开始
2017-12-18 23:20:45
刷新课本剧排行榜redis数据结束
2017-12-18 23:20:47
同步学习报告记录到Redis开始
2017-12-18 23:20:47
同步学习报告记录到Redis结束
2017-12-18 23:20:57
同步学习报告记录到Redis开始
2017-12-18 23:20:57
同步学习报告记录到Redis结束
2017-12-18 23:21:07
同步学习报告记录到Redis开始
2017-12-18 23:21:07
同步学习报告记录到Redis结束
2017-12-18 23:21:17
同步学习报告记录到Redis开始
2017-12-18 23:21:17
同步学习报告记录到Redis结束
2017-12-18 23:21:27
同步学习报告记录到Redis开始
2017-12-18 23:21:27
同步学习报告记录到Redis结束
2017-12-18 23:21:37
同步学习报告记录到Redis开始
2017-12-18 23:21:37
同步学习报告记录到Redis结束
2017-12-18 23:21:45
刷新课本剧排行榜redis数据开始
2017-12-18 23:21:45
刷新课本剧排行榜redis数据结束
2017-12-18 23:21:47
同步学习报告记录到Redis开始
2017-12-18 23:21:47
同步学习报告记录到Redis结束
2017-12-18 23:21:57
同步学习报告记录到Redis开始
2017-12-18 23:21:57
同步学习报告记录到Redis结束
2017-12-18 23:22:07
同步学习报告记录到Redis开始
2017-12-18 23:22:07
同步学习报告记录到Redis结束
2017-12-18 23:22:17
同步学习报告记录到Redis开始
2017-12-18 23:22:17
同步学习报告记录到Redis结束
2017-12-18 23:22:27
同步学习报告记录到Redis开始
2017-12-18 23:22:27
同步学习报告记录到Redis结束
2017-12-18 23:22:37
同步学习报告记录到Redis开始
2017-12-18 23:22:37
同步学习报告记录到Redis结束
2017-12-18 23:22:45
刷新课本剧排行榜redis数据开始
2017-12-18 23:22:45
刷新课本剧排行榜redis数据结束
2017-12-18 23:22:47
同步学习报告记录到Redis开始
2017-12-18 23:22:47
同步学习报告记录到Redis结束
2017-12-18 23:22:57
同步学习报告记录到Redis开始
2017-12-18 23:22:57
同步学习报告记录到Redis结束
2017-12-18 23:23:07
同步学习报告记录到Redis开始
2017-12-18 23:23:07
同步学习报告记录到Redis结束
2017-12-18 23:23:17
同步学习报告记录到Redis开始
2017-12-18 23:23:17
同步学习报告记录到Redis结束
2017-12-18 23:23:27
同步学习报告记录到Redis开始
2017-12-18 23:23:27
同步学习报告记录到Redis结束
2017-12-18 23:23:37
同步学习报告记录到Redis开始
2017-12-18 23:23:37
同步学习报告记录到Redis结束
2017-12-18 23:23:45
刷新课本剧排行榜redis数据开始
2017-12-18 23:23:45
刷新课本剧排行榜redis数据结束
2017-12-18 23:23:47
同步学习报告记录到Redis开始
2017-12-18 23:23:47
同步学习报告记录到Redis结束
2017-12-18 23:23:57
同步学习报告记录到Redis开始
2017-12-18 23:23:57
同步学习报告记录到Redis结束
2017-12-18 23:24:07
同步学习报告记录到Redis开始
2017-12-18 23:24:07
同步学习报告记录到Redis结束
2017-12-18 23:24:17
同步学习报告记录到Redis开始
2017-12-18 23:24:17
同步学习报告记录到Redis结束
2017-12-18 23:24:27
同步学习报告记录到Redis开始
2017-12-18 23:24:27
同步学习报告记录到Redis结束
2017-12-18 23:24:37
同步学习报告记录到Redis开始
2017-12-18 23:24:37
同步学习报告记录到Redis结束
2017-12-18 23:24:45
刷新课本剧排行榜redis数据开始
2017-12-18 23:24:45
刷新课本剧排行榜redis数据结束
2017-12-18 23:24:47
同步学习报告记录到Redis开始
2017-12-18 23:24:47
同步学习报告记录到Redis结束
2017-12-18 23:24:57
同步学习报告记录到Redis开始
2017-12-18 23:24:57
同步学习报告记录到Redis结束
2017-12-18 23:25:07
同步学习报告记录到Redis开始
2017-12-18 23:25:07
同步学习报告记录到Redis结束
2017-12-18 23:25:17
同步学习报告记录到Redis开始
2017-12-18 23:25:17
同步学习报告记录到Redis结束
2017-12-18 23:25:27
同步学习报告记录到Redis开始
2017-12-18 23:25:27
同步学习报告记录到Redis结束
2017-12-18 23:25:37
同步学习报告记录到Redis开始
2017-12-18 23:25:37
同步学习报告记录到Redis结束
2017-12-18 23:25:45
刷新课本剧排行榜redis数据开始
2017-12-18 23:25:45
刷新课本剧排行榜redis数据结束
2017-12-18 23:25:47
同步学习报告记录到Redis开始
2017-12-18 23:25:47
同步学习报告记录到Redis结束
2017-12-18 23:25:57
同步学习报告记录到Redis开始
2017-12-18 23:25:57
同步学习报告记录到Redis结束
2017-12-18 23:26:07
同步学习报告记录到Redis开始
2017-12-18 23:26:07
同步学习报告记录到Redis结束
2017-12-18 23:26:17
同步学习报告记录到Redis开始
2017-12-18 23:26:17
同步学习报告记录到Redis结束
2017-12-18 23:26:27
同步学习报告记录到Redis开始
2017-12-18 23:26:27
同步学习报告记录到Redis结束
2017-12-18 23:26:37
同步学习报告记录到Redis开始
2017-12-18 23:26:38
同步学习报告记录到Redis结束
2017-12-18 23:26:44
趣配音报名补全用户信息SyncUserInfoRedisFromUMS开始
2017-12-18 23:26:44
趣配音报名补全用户信息SyncUserInfoRedisFromUMS结束
2017-12-18 23:26:44
SyncDubbingData趣配音报名同步开始
2017-12-18 23:26:45
SyncDubbingData趣配音同步数据成功2017/12/18 23:26:44
2017-12-18 23:26:45
SyncDubbingData趣配音报名同步结束
2017-12-18 23:26:45
刷新学生所在学校排行榜redis数据开始
2017-12-18 23:26:45
刷新学生所在学校排行榜redis数据结束
2017-12-18 23:26:45
刷新课本剧排行榜redis数据开始
2017-12-18 23:26:45
刷新课本剧排行榜redis数据结束
2017-12-18 23:26:48
同步学习报告记录到Redis开始
2017-12-18 23:26:48
同步学习报告记录到Redis结束
2017-12-18 23:26:58
同步学习报告记录到Redis开始
2017-12-18 23:26:58
同步学习报告记录到Redis结束
2017-12-18 23:27:08
同步学习报告记录到Redis开始
2017-12-18 23:27:08
同步学习报告记录到Redis结束
2017-12-18 23:27:18
同步学习报告记录到Redis开始
2017-12-18 23:27:18
同步学习报告记录到Redis结束
2017-12-18 23:27:28
同步学习报告记录到Redis开始
2017-12-18 23:27:28
同步学习报告记录到Redis结束
2017-12-18 23:27:38
同步学习报告记录到Redis开始
2017-12-18 23:27:38
同步学习报告记录到Redis结束
2017-12-18 23:27:45
刷新课本剧排行榜redis数据开始
2017-12-18 23:27:45
刷新课本剧排行榜redis数据结束
2017-12-18 23:27:48
同步学习报告记录到Redis开始
2017-12-18 23:27:48
同步学习报告记录到Redis结束
2017-12-18 23:27:58
同步学习报告记录到Redis开始
2017-12-18 23:27:58
同步学习报告记录到Redis结束
2017-12-18 23:28:08
同步学习报告记录到Redis开始
2017-12-18 23:28:08
同步学习报告记录到Redis结束
2017-12-18 23:28:18
同步学习报告记录到Redis开始
2017-12-18 23:28:18
同步学习报告记录到Redis结束
2017-12-18 23:28:28
同步学习报告记录到Redis开始
2017-12-18 23:28:28
同步学习报告记录到Redis结束
2017-12-18 23:28:38
同步学习报告记录到Redis开始
2017-12-18 23:28:38
同步学习报告记录到Redis结束
2017-12-18 23:28:45
刷新课本剧排行榜redis数据开始
2017-12-18 23:28:45
刷新课本剧排行榜redis数据结束
2017-12-18 23:28:48
同步学习报告记录到Redis开始
2017-12-18 23:28:48
同步学习报告记录到Redis结束
2017-12-18 23:28:58
同步学习报告记录到Redis开始
2017-12-18 23:28:58
同步学习报告记录到Redis结束
2017-12-18 23:29:08
同步学习报告记录到Redis开始
2017-12-18 23:29:08
同步学习报告记录到Redis结束
2017-12-18 23:29:18
同步学习报告记录到Redis开始
2017-12-18 23:29:18
同步学习报告记录到Redis结束
2017-12-18 23:29:28
同步学习报告记录到Redis开始
2017-12-18 23:29:28
同步学习报告记录到Redis结束
2017-12-18 23:29:38
同步学习报告记录到Redis开始
2017-12-18 23:29:38
同步学习报告记录到Redis结束
2017-12-18 23:29:45
刷新课本剧排行榜redis数据开始
2017-12-18 23:29:45
刷新课本剧排行榜redis数据结束
2017-12-18 23:29:48
同步学习报告记录到Redis开始
2017-12-18 23:29:48
同步学习报告记录到Redis结束
2017-12-18 23:29:58
同步学习报告记录到Redis开始
2017-12-18 23:29:58
同步学习报告记录到Redis结束
2017-12-18 23:30:08
同步学习报告记录到Redis开始
2017-12-18 23:30:08
同步学习报告记录到Redis结束
2017-12-18 23:30:18
同步学习报告记录到Redis开始
2017-12-18 23:30:18
同步学习报告记录到Redis结束
2017-12-18 23:30:28
同步学习报告记录到Redis开始
2017-12-18 23:30:28
同步学习报告记录到Redis结束
2017-12-18 23:30:38
同步学习报告记录到Redis开始
2017-12-18 23:30:38
同步学习报告记录到Redis结束
2017-12-18 23:30:45
刷新课本剧排行榜redis数据开始
2017-12-18 23:30:45
刷新课本剧排行榜redis数据结束
2017-12-18 23:30:48
同步学习报告记录到Redis开始
2017-12-18 23:30:48
同步学习报告记录到Redis结束
2017-12-18 23:30:58
同步学习报告记录到Redis开始
2017-12-18 23:30:58
同步学习报告记录到Redis结束
2017-12-18 23:31:08
同步学习报告记录到Redis开始
2017-12-18 23:31:08
同步学习报告记录到Redis结束
2017-12-18 23:31:18
同步学习报告记录到Redis开始
2017-12-18 23:31:18
同步学习报告记录到Redis结束
2017-12-18 23:31:28
同步学习报告记录到Redis开始
2017-12-18 23:31:28
同步学习报告记录到Redis结束
2017-12-18 23:31:38
同步学习报告记录到Redis开始
2017-12-18 23:31:38
同步学习报告记录到Redis结束
2017-12-18 23:31:45
刷新课本剧排行榜redis数据开始
2017-12-18 23:31:45
刷新课本剧排行榜redis数据结束
2017-12-18 23:31:48
同步学习报告记录到Redis开始
2017-12-18 23:31:48
同步学习报告记录到Redis结束
2017-12-18 23:31:58
同步学习报告记录到Redis开始
2017-12-18 23:31:58
同步学习报告记录到Redis结束
2017-12-18 23:32:08
同步学习报告记录到Redis开始
2017-12-18 23:32:08
同步学习报告记录到Redis结束
2017-12-18 23:32:18
同步学习报告记录到Redis开始
2017-12-18 23:32:18
同步学习报告记录到Redis结束
2017-12-18 23:32:28
同步学习报告记录到Redis开始
2017-12-18 23:32:28
同步学习报告记录到Redis结束
2017-12-18 23:32:38
同步学习报告记录到Redis开始
2017-12-18 23:32:38
同步学习报告记录到Redis结束
2017-12-18 23:32:45
刷新课本剧排行榜redis数据开始
2017-12-18 23:32:45
刷新课本剧排行榜redis数据结束
2017-12-18 23:32:48
同步学习报告记录到Redis开始
2017-12-18 23:32:48
同步学习报告记录到Redis结束
2017-12-18 23:32:58
同步学习报告记录到Redis开始
2017-12-18 23:32:58
同步学习报告记录到Redis结束
2017-12-18 23:33:08
同步学习报告记录到Redis开始
2017-12-18 23:33:08
同步学习报告记录到Redis结束
2017-12-18 23:33:18
同步学习报告记录到Redis开始
2017-12-18 23:33:18
同步学习报告记录到Redis结束
2017-12-18 23:33:28
同步学习报告记录到Redis开始
2017-12-18 23:33:28
同步学习报告记录到Redis结束
2017-12-18 23:33:38
同步学习报告记录到Redis开始
2017-12-18 23:33:38
同步学习报告记录到Redis结束
2017-12-18 23:33:45
刷新课本剧排行榜redis数据开始
2017-12-18 23:33:45
刷新课本剧排行榜redis数据结束
2017-12-18 23:33:48
同步学习报告记录到Redis开始
2017-12-18 23:33:48
同步学习报告记录到Redis结束
2017-12-18 23:33:58
同步学习报告记录到Redis开始
2017-12-18 23:33:58
同步学习报告记录到Redis结束
2017-12-18 23:34:08
同步学习报告记录到Redis开始
2017-12-18 23:34:08
同步学习报告记录到Redis结束
2017-12-18 23:34:18
同步学习报告记录到Redis开始
2017-12-18 23:34:18
同步学习报告记录到Redis结束
2017-12-18 23:34:28
同步学习报告记录到Redis开始
2017-12-18 23:34:28
同步学习报告记录到Redis结束
2017-12-18 23:34:38
同步学习报告记录到Redis开始
2017-12-18 23:34:38
同步学习报告记录到Redis结束
2017-12-18 23:34:45
刷新课本剧排行榜redis数据开始
2017-12-18 23:34:45
刷新课本剧排行榜redis数据结束
2017-12-18 23:34:48
同步学习报告记录到Redis开始
2017-12-18 23:34:48
同步学习报告记录到Redis结束
2017-12-18 23:34:58
同步学习报告记录到Redis开始
2017-12-18 23:34:58
同步学习报告记录到Redis结束
2017-12-18 23:35:08
同步学习报告记录到Redis开始
2017-12-18 23:35:08
同步学习报告记录到Redis结束
2017-12-18 23:35:18
同步学习报告记录到Redis开始
2017-12-18 23:35:18
同步学习报告记录到Redis结束
2017-12-18 23:35:28
同步学习报告记录到Redis开始
2017-12-18 23:35:28
同步学习报告记录到Redis结束
2017-12-18 23:35:38
同步学习报告记录到Redis开始
2017-12-18 23:35:38
同步学习报告记录到Redis结束
2017-12-18 23:35:45
刷新课本剧排行榜redis数据开始
2017-12-18 23:35:45
刷新课本剧排行榜redis数据结束
2017-12-18 23:35:48
同步学习报告记录到Redis开始
2017-12-18 23:35:48
同步学习报告记录到Redis结束
2017-12-18 23:35:58
同步学习报告记录到Redis开始
2017-12-18 23:35:58
同步学习报告记录到Redis结束
2017-12-18 23:36:08
同步学习报告记录到Redis开始
2017-12-18 23:36:08
同步学习报告记录到Redis结束
2017-12-18 23:36:18
同步学习报告记录到Redis开始
2017-12-18 23:36:18
同步学习报告记录到Redis结束
2017-12-18 23:36:28
同步学习报告记录到Redis开始
2017-12-18 23:36:28
同步学习报告记录到Redis结束
2017-12-18 23:36:38
同步学习报告记录到Redis开始
2017-12-18 23:36:38
同步学习报告记录到Redis结束
2017-12-18 23:36:44
刷新学生所在学校排行榜redis数据开始
2017-12-18 23:36:45
刷新学生所在学校排行榜redis数据结束
2017-12-18 23:36:45
SyncDubbingData趣配音报名同步开始
2017-12-18 23:36:45
SyncDubbingData趣配音同步数据成功2017/12/18 23:36:45
2017-12-18 23:36:45
SyncDubbingData趣配音报名同步结束
2017-12-18 23:36:45
趣配音报名补全用户信息SyncUserInfoRedisFromUMS开始
2017-12-18 23:36:45
趣配音报名补全用户信息SyncUserInfoRedisFromUMS结束
2017-12-18 23:36:45
刷新课本剧排行榜redis数据开始
2017-12-18 23:36:45
刷新课本剧排行榜redis数据结束
2017-12-18 23:36:48
同步学习报告记录到Redis开始
2017-12-18 23:36:48
同步学习报告记录到Redis结束
2017-12-18 23:36:58
同步学习报告记录到Redis开始
2017-12-18 23:36:58
同步学习报告记录到Redis结束
2017-12-18 23:37:08
同步学习报告记录到Redis开始
2017-12-18 23:37:08
同步学习报告记录到Redis结束
2017-12-18 23:37:18
同步学习报告记录到Redis开始
2017-12-18 23:37:18
同步学习报告记录到Redis结束
2017-12-18 23:37:28
同步学习报告记录到Redis开始
2017-12-18 23:37:28
同步学习报告记录到Redis结束
2017-12-18 23:37:38
同步学习报告记录到Redis开始
2017-12-18 23:37:38
同步学习报告记录到Redis结束
2017-12-18 23:37:45
刷新课本剧排行榜redis数据开始
2017-12-18 23:37:45
刷新课本剧排行榜redis数据结束
2017-12-18 23:37:48
同步学习报告记录到Redis开始
2017-12-18 23:37:48
同步学习报告记录到Redis结束
2017-12-18 23:37:58
同步学习报告记录到Redis开始
2017-12-18 23:37:58
同步学习报告记录到Redis结束
2017-12-18 23:38:08
同步学习报告记录到Redis开始
2017-12-18 23:38:08
同步学习报告记录到Redis结束
2017-12-18 23:38:18
同步学习报告记录到Redis开始
2017-12-18 23:38:18
同步学习报告记录到Redis结束
2017-12-18 23:38:28
同步学习报告记录到Redis开始
2017-12-18 23:38:28
同步学习报告记录到Redis结束
2017-12-18 23:38:38
同步学习报告记录到Redis开始
2017-12-18 23:38:38
同步学习报告记录到Redis结束
2017-12-18 23:38:45
刷新课本剧排行榜redis数据开始
2017-12-18 23:38:45
刷新课本剧排行榜redis数据结束
2017-12-18 23:38:49
同步学习报告记录到Redis开始
2017-12-18 23:38:49
同步学习报告记录到Redis结束
2017-12-18 23:38:59
同步学习报告记录到Redis开始
2017-12-18 23:38:59
同步学习报告记录到Redis结束
2017-12-18 23:39:09
同步学习报告记录到Redis开始
2017-12-18 23:39:09
同步学习报告记录到Redis结束
2017-12-18 23:39:19
同步学习报告记录到Redis开始
2017-12-18 23:39:19
同步学习报告记录到Redis结束
2017-12-18 23:39:29
同步学习报告记录到Redis开始
2017-12-18 23:39:29
同步学习报告记录到Redis结束
2017-12-18 23:39:39
同步学习报告记录到Redis开始
2017-12-18 23:39:39
同步学习报告记录到Redis结束
2017-12-18 23:39:45
刷新课本剧排行榜redis数据开始
2017-12-18 23:39:45
刷新课本剧排行榜redis数据结束
2017-12-18 23:39:49
同步学习报告记录到Redis开始
2017-12-18 23:39:49
同步学习报告记录到Redis结束
2017-12-18 23:39:59
同步学习报告记录到Redis开始
2017-12-18 23:39:59
同步学习报告记录到Redis结束
2017-12-18 23:40:09
同步学习报告记录到Redis开始
2017-12-18 23:40:09
同步学习报告记录到Redis结束
2017-12-18 23:40:19
同步学习报告记录到Redis开始
2017-12-18 23:40:19
同步学习报告记录到Redis结束
2017-12-18 23:40:29
同步学习报告记录到Redis开始
2017-12-18 23:40:29
同步学习报告记录到Redis结束
2017-12-18 23:40:39
同步学习报告记录到Redis开始
2017-12-18 23:40:39
同步学习报告记录到Redis结束
2017-12-18 23:40:45
刷新课本剧排行榜redis数据开始
2017-12-18 23:40:45
刷新课本剧排行榜redis数据结束
2017-12-18 23:40:49
同步学习报告记录到Redis开始
2017-12-18 23:40:49
同步学习报告记录到Redis结束
2017-12-18 23:40:59
同步学习报告记录到Redis开始
2017-12-18 23:40:59
同步学习报告记录到Redis结束
2017-12-18 23:41:09
同步学习报告记录到Redis开始
2017-12-18 23:41:09
同步学习报告记录到Redis结束
2017-12-18 23:41:19
同步学习报告记录到Redis开始
2017-12-18 23:41:19
同步学习报告记录到Redis结束
2017-12-18 23:41:29
同步学习报告记录到Redis开始
2017-12-18 23:41:29
同步学习报告记录到Redis结束
2017-12-18 23:41:39
同步学习报告记录到Redis开始
2017-12-18 23:41:39
同步学习报告记录到Redis结束
2017-12-18 23:41:45
刷新课本剧排行榜redis数据开始
2017-12-18 23:41:45
刷新课本剧排行榜redis数据结束
2017-12-18 23:41:49
同步学习报告记录到Redis开始
2017-12-18 23:41:49
同步学习报告记录到Redis结束
2017-12-18 23:41:59
同步学习报告记录到Redis开始
2017-12-18 23:41:59
同步学习报告记录到Redis结束
2017-12-18 23:42:09
同步学习报告记录到Redis开始
2017-12-18 23:42:09
同步学习报告记录到Redis结束
2017-12-18 23:42:19
同步学习报告记录到Redis开始
2017-12-18 23:42:19
同步学习报告记录到Redis结束
2017-12-18 23:42:29
同步学习报告记录到Redis开始
2017-12-18 23:42:29
同步学习报告记录到Redis结束
2017-12-18 23:42:39
同步学习报告记录到Redis开始
2017-12-18 23:42:39
同步学习报告记录到Redis结束
2017-12-18 23:42:45
刷新课本剧排行榜redis数据开始
2017-12-18 23:42:45
刷新课本剧排行榜redis数据结束
2017-12-18 23:42:49
同步学习报告记录到Redis开始
2017-12-18 23:42:49
同步学习报告记录到Redis结束
2017-12-18 23:42:59
同步学习报告记录到Redis开始
2017-12-18 23:42:59
同步学习报告记录到Redis结束
2017-12-18 23:43:09
同步学习报告记录到Redis开始
2017-12-18 23:43:09
同步学习报告记录到Redis结束
2017-12-18 23:43:19
同步学习报告记录到Redis开始
2017-12-18 23:43:19
同步学习报告记录到Redis结束
2017-12-18 23:43:29
同步学习报告记录到Redis开始
2017-12-18 23:43:29
同步学习报告记录到Redis结束
2017-12-18 23:43:39
同步学习报告记录到Redis开始
2017-12-18 23:43:39
同步学习报告记录到Redis结束
2017-12-18 23:43:45
刷新课本剧排行榜redis数据开始
2017-12-18 23:43:45
刷新课本剧排行榜redis数据结束
2017-12-18 23:43:49
同步学习报告记录到Redis开始
2017-12-18 23:43:49
同步学习报告记录到Redis结束
2017-12-18 23:43:59
同步学习报告记录到Redis开始
2017-12-18 23:43:59
同步学习报告记录到Redis结束
2017-12-18 23:44:09
同步学习报告记录到Redis开始
2017-12-18 23:44:09
同步学习报告记录到Redis结束
2017-12-18 23:44:19
同步学习报告记录到Redis开始
2017-12-18 23:44:19
同步学习报告记录到Redis结束
2017-12-18 23:44:29
同步学习报告记录到Redis开始
2017-12-18 23:44:29
同步学习报告记录到Redis结束
2017-12-18 23:44:39
同步学习报告记录到Redis开始
2017-12-18 23:44:39
同步学习报告记录到Redis结束
2017-12-18 23:44:45
刷新课本剧排行榜redis数据开始
2017-12-18 23:44:45
刷新课本剧排行榜redis数据结束
2017-12-18 23:44:49
同步学习报告记录到Redis开始
2017-12-18 23:44:49
同步学习报告记录到Redis结束
2017-12-18 23:44:59
同步学习报告记录到Redis开始
2017-12-18 23:44:59
同步学习报告记录到Redis结束
2017-12-18 23:45:09
同步学习报告记录到Redis开始
2017-12-18 23:45:09
同步学习报告记录到Redis结束
2017-12-18 23:45:19
同步学习报告记录到Redis开始
2017-12-18 23:45:19
同步学习报告记录到Redis结束
2017-12-18 23:45:29
同步学习报告记录到Redis开始
2017-12-18 23:45:29
同步学习报告记录到Redis结束
2017-12-18 23:45:39
同步学习报告记录到Redis开始
2017-12-18 23:45:39
同步学习报告记录到Redis结束
2017-12-18 23:45:45
刷新课本剧排行榜redis数据开始
2017-12-18 23:45:45
刷新课本剧排行榜redis数据结束
2017-12-18 23:45:49
同步学习报告记录到Redis开始
2017-12-18 23:45:49
同步学习报告记录到Redis结束
2017-12-18 23:45:59
同步学习报告记录到Redis开始
2017-12-18 23:45:59
同步学习报告记录到Redis结束
2017-12-18 23:46:09
同步学习报告记录到Redis开始
2017-12-18 23:46:09
同步学习报告记录到Redis结束
2017-12-18 23:46:19
同步学习报告记录到Redis开始
2017-12-18 23:46:19
同步学习报告记录到Redis结束
2017-12-18 23:46:29
同步学习报告记录到Redis开始
2017-12-18 23:46:29
同步学习报告记录到Redis结束
2017-12-18 23:46:39
同步学习报告记录到Redis开始
2017-12-18 23:46:39
同步学习报告记录到Redis结束
2017-12-18 23:46:44
趣配音报名补全用户信息SyncUserInfoRedisFromUMS开始
2017-12-18 23:46:44
趣配音报名补全用户信息SyncUserInfoRedisFromUMS结束
2017-12-18 23:46:45
刷新学生所在学校排行榜redis数据开始
2017-12-18 23:46:45
刷新学生所在学校排行榜redis数据结束
2017-12-18 23:46:45
SyncDubbingData趣配音报名同步开始
2017-12-18 23:46:45
SyncDubbingData趣配音同步数据成功2017/12/18 23:46:45
2017-12-18 23:46:45
SyncDubbingData趣配音报名同步结束
2017-12-18 23:46:45
刷新课本剧排行榜redis数据开始
2017-12-18 23:46:45
刷新课本剧排行榜redis数据结束
2017-12-18 23:46:49
同步学习报告记录到Redis开始
2017-12-18 23:46:49
同步学习报告记录到Redis结束
2017-12-18 23:46:59
同步学习报告记录到Redis开始
2017-12-18 23:46:59
同步学习报告记录到Redis结束
2017-12-18 23:47:09
同步学习报告记录到Redis开始
2017-12-18 23:47:09
同步学习报告记录到Redis结束
2017-12-18 23:47:19
同步学习报告记录到Redis开始
2017-12-18 23:47:19
同步学习报告记录到Redis结束
2017-12-18 23:47:29
同步学习报告记录到Redis开始
2017-12-18 23:47:29
同步学习报告记录到Redis结束
2017-12-18 23:47:39
同步学习报告记录到Redis开始
2017-12-18 23:47:39
同步学习报告记录到Redis结束
2017-12-18 23:47:45
刷新课本剧排行榜redis数据开始
2017-12-18 23:47:45
刷新课本剧排行榜redis数据结束
2017-12-18 23:47:49
同步学习报告记录到Redis开始
2017-12-18 23:47:49
同步学习报告记录到Redis结束
2017-12-18 23:47:59
同步学习报告记录到Redis开始
2017-12-18 23:47:59
同步学习报告记录到Redis结束
2017-12-18 23:48:09
同步学习报告记录到Redis开始
2017-12-18 23:48:09
同步学习报告记录到Redis结束
2017-12-18 23:48:19
同步学习报告记录到Redis开始
2017-12-18 23:48:19
同步学习报告记录到Redis结束
2017-12-18 23:48:29
同步学习报告记录到Redis开始
2017-12-18 23:48:29
同步学习报告记录到Redis结束
2017-12-18 23:48:39
同步学习报告记录到Redis开始
2017-12-18 23:48:39
同步学习报告记录到Redis结束
2017-12-18 23:48:45
刷新课本剧排行榜redis数据开始
2017-12-18 23:48:45
刷新课本剧排行榜redis数据结束
2017-12-18 23:48:49
同步学习报告记录到Redis开始
2017-12-18 23:48:49
同步学习报告记录到Redis结束
2017-12-18 23:48:59
同步学习报告记录到Redis开始
2017-12-18 23:48:59
同步学习报告记录到Redis结束
2017-12-18 23:49:09
同步学习报告记录到Redis开始
2017-12-18 23:49:09
同步学习报告记录到Redis结束
2017-12-18 23:49:19
同步学习报告记录到Redis开始
2017-12-18 23:49:19
同步学习报告记录到Redis结束
2017-12-18 23:49:29
同步学习报告记录到Redis开始
2017-12-18 23:49:29
同步学习报告记录到Redis结束
2017-12-18 23:49:39
同步学习报告记录到Redis开始
2017-12-18 23:49:39
同步学习报告记录到Redis结束
2017-12-18 23:49:45
刷新课本剧排行榜redis数据开始
2017-12-18 23:49:45
刷新课本剧排行榜redis数据结束
2017-12-18 23:49:49
同步学习报告记录到Redis开始
2017-12-18 23:49:49
同步学习报告记录到Redis结束
2017-12-18 23:49:59
同步学习报告记录到Redis开始
2017-12-18 23:49:59
同步学习报告记录到Redis结束
2017-12-18 23:50:09
同步学习报告记录到Redis开始
2017-12-18 23:50:09
同步学习报告记录到Redis结束
2017-12-18 23:50:19
同步学习报告记录到Redis开始
2017-12-18 23:50:20
同步学习报告记录到Redis结束
2017-12-18 23:50:30
同步学习报告记录到Redis开始
2017-12-18 23:50:30
同步学习报告记录到Redis结束
2017-12-18 23:50:40
同步学习报告记录到Redis开始
2017-12-18 23:50:40
同步学习报告记录到Redis结束
2017-12-18 23:50:45
刷新课本剧排行榜redis数据开始
2017-12-18 23:50:45
刷新课本剧排行榜redis数据结束
2017-12-18 23:50:50
同步学习报告记录到Redis开始
2017-12-18 23:50:50
同步学习报告记录到Redis结束
2017-12-18 23:51:00
同步学习报告记录到Redis开始
2017-12-18 23:51:00
同步学习报告记录到Redis结束
2017-12-18 23:51:10
同步学习报告记录到Redis开始
2017-12-18 23:51:10
同步学习报告记录到Redis结束
2017-12-18 23:51:20
同步学习报告记录到Redis开始
2017-12-18 23:51:20
同步学习报告记录到Redis结束
2017-12-18 23:51:30
同步学习报告记录到Redis开始
2017-12-18 23:51:30
同步学习报告记录到Redis结束
2017-12-18 23:51:40
同步学习报告记录到Redis开始
2017-12-18 23:51:40
同步学习报告记录到Redis结束
2017-12-18 23:51:45
刷新课本剧排行榜redis数据开始
2017-12-18 23:51:45
刷新课本剧排行榜redis数据结束
2017-12-18 23:51:50
同步学习报告记录到Redis开始
2017-12-18 23:51:50
同步学习报告记录到Redis结束
2017-12-18 23:52:00
同步学习报告记录到Redis开始
2017-12-18 23:52:00
同步学习报告记录到Redis结束
2017-12-18 23:52:10
同步学习报告记录到Redis开始
2017-12-18 23:52:10
同步学习报告记录到Redis结束
2017-12-18 23:52:20
同步学习报告记录到Redis开始
2017-12-18 23:52:20
同步学习报告记录到Redis结束
2017-12-18 23:52:30
同步学习报告记录到Redis开始
2017-12-18 23:52:30
同步学习报告记录到Redis结束
2017-12-18 23:52:40
同步学习报告记录到Redis开始
2017-12-18 23:52:40
同步学习报告记录到Redis结束
2017-12-18 23:52:45
刷新课本剧排行榜redis数据开始
2017-12-18 23:52:45
刷新课本剧排行榜redis数据结束
2017-12-18 23:52:50
同步学习报告记录到Redis开始
2017-12-18 23:52:50
同步学习报告记录到Redis结束
2017-12-18 23:53:00
同步学习报告记录到Redis开始
2017-12-18 23:53:00
同步学习报告记录到Redis结束
2017-12-18 23:53:10
同步学习报告记录到Redis开始
2017-12-18 23:53:10
同步学习报告记录到Redis结束
2017-12-18 23:53:20
同步学习报告记录到Redis开始
2017-12-18 23:53:20
同步学习报告记录到Redis结束
2017-12-18 23:53:30
同步学习报告记录到Redis开始
2017-12-18 23:53:30
同步学习报告记录到Redis结束
2017-12-18 23:53:40
同步学习报告记录到Redis开始
2017-12-18 23:53:40
同步学习报告记录到Redis结束
2017-12-18 23:53:45
刷新课本剧排行榜redis数据开始
2017-12-18 23:53:45
刷新课本剧排行榜redis数据结束
2017-12-18 23:53:50
同步学习报告记录到Redis开始
2017-12-18 23:53:50
同步学习报告记录到Redis结束
2017-12-18 23:54:00
同步学习报告记录到Redis开始
2017-12-18 23:54:00
同步学习报告记录到Redis结束
2017-12-18 23:54:10
同步学习报告记录到Redis开始
2017-12-18 23:54:10
同步学习报告记录到Redis结束
2017-12-18 23:54:20
同步学习报告记录到Redis开始
2017-12-18 23:54:20
同步学习报告记录到Redis结束
2017-12-18 23:54:30
同步学习报告记录到Redis开始
2017-12-18 23:54:30
同步学习报告记录到Redis结束
2017-12-18 23:54:40
同步学习报告记录到Redis开始
2017-12-18 23:54:40
同步学习报告记录到Redis结束
2017-12-18 23:54:46
刷新课本剧排行榜redis数据开始
2017-12-18 23:54:46
刷新课本剧排行榜redis数据结束
2017-12-18 23:54:50
同步学习报告记录到Redis开始
2017-12-18 23:54:50
同步学习报告记录到Redis结束
2017-12-18 23:55:00
同步学习报告记录到Redis开始
2017-12-18 23:55:00
同步学习报告记录到Redis结束
2017-12-18 23:55:10
同步学习报告记录到Redis开始
2017-12-18 23:55:10
同步学习报告记录到Redis结束
2017-12-18 23:55:20
同步学习报告记录到Redis开始
2017-12-18 23:55:20
同步学习报告记录到Redis结束
2017-12-18 23:55:30
同步学习报告记录到Redis开始
2017-12-18 23:55:30
同步学习报告记录到Redis结束
2017-12-18 23:55:40
同步学习报告记录到Redis开始
2017-12-18 23:55:40
同步学习报告记录到Redis结束
2017-12-18 23:55:46
刷新课本剧排行榜redis数据开始
2017-12-18 23:55:46
刷新课本剧排行榜redis数据结束
2017-12-18 23:55:50
同步学习报告记录到Redis开始
2017-12-18 23:55:50
同步学习报告记录到Redis结束
2017-12-18 23:56:00
同步学习报告记录到Redis开始
2017-12-18 23:56:00
同步学习报告记录到Redis结束
2017-12-18 23:56:10
同步学习报告记录到Redis开始
2017-12-18 23:56:10
同步学习报告记录到Redis结束
2017-12-18 23:56:20
同步学习报告记录到Redis开始
2017-12-18 23:56:20
同步学习报告记录到Redis结束
2017-12-18 23:56:30
同步学习报告记录到Redis开始
2017-12-18 23:56:30
同步学习报告记录到Redis结束
2017-12-18 23:56:40
同步学习报告记录到Redis开始
2017-12-18 23:56:40
同步学习报告记录到Redis结束
2017-12-18 23:56:44
刷新学生所在学校排行榜redis数据开始
2017-12-18 23:56:44
刷新学生所在学校排行榜redis数据结束
2017-12-18 23:56:45
SyncDubbingData趣配音报名同步开始
2017-12-18 23:56:45
SyncDubbingData趣配音同步数据成功2017/12/18 23:56:45
2017-12-18 23:56:45
SyncDubbingData趣配音报名同步结束
2017-12-18 23:56:45
趣配音报名补全用户信息SyncUserInfoRedisFromUMS开始
2017-12-18 23:56:45
趣配音报名补全用户信息SyncUserInfoRedisFromUMS结束
2017-12-18 23:56:46
刷新课本剧排行榜redis数据开始
2017-12-18 23:56:46
刷新课本剧排行榜redis数据结束
2017-12-18 23:56:50
同步学习报告记录到Redis开始
2017-12-18 23:56:50
同步学习报告记录到Redis结束
2017-12-18 23:57:00
同步学习报告记录到Redis开始
2017-12-18 23:57:00
同步学习报告记录到Redis结束
2017-12-18 23:57:10
同步学习报告记录到Redis开始
2017-12-18 23:57:10
同步学习报告记录到Redis结束
2017-12-18 23:57:20
同步学习报告记录到Redis开始
2017-12-18 23:57:20
同步学习报告记录到Redis结束
2017-12-18 23:57:30
同步学习报告记录到Redis开始
2017-12-18 23:57:30
同步学习报告记录到Redis结束
2017-12-18 23:57:40
同步学习报告记录到Redis开始
2017-12-18 23:57:40
同步学习报告记录到Redis结束
2017-12-18 23:57:46
刷新课本剧排行榜redis数据开始
2017-12-18 23:57:46
刷新课本剧排行榜redis数据结束
2017-12-18 23:57:50
同步学习报告记录到Redis开始
2017-12-18 23:57:50
同步学习报告记录到Redis结束
2017-12-18 23:58:00
同步学习报告记录到Redis开始
2017-12-18 23:58:00
同步学习报告记录到Redis结束
2017-12-18 23:58:10
同步学习报告记录到Redis开始
2017-12-18 23:58:10
同步学习报告记录到Redis结束
2017-12-18 23:58:20
同步学习报告记录到Redis开始
2017-12-18 23:58:20
同步学习报告记录到Redis结束
2017-12-18 23:58:30
同步学习报告记录到Redis开始
2017-12-18 23:58:30
同步学习报告记录到Redis结束
2017-12-18 23:58:40
同步学习报告记录到Redis开始
2017-12-18 23:58:40
同步学习报告记录到Redis结束
2017-12-18 23:58:46
刷新课本剧排行榜redis数据开始
2017-12-18 23:58:46
刷新课本剧排行榜redis数据结束
2017-12-18 23:58:50
同步学习报告记录到Redis开始
2017-12-18 23:58:50
同步学习报告记录到Redis结束
2017-12-18 23:59:00
同步学习报告记录到Redis开始
2017-12-18 23:59:00
同步学习报告记录到Redis结束
2017-12-18 23:59:10
同步学习报告记录到Redis开始
2017-12-18 23:59:10
同步学习报告记录到Redis结束
2017-12-18 23:59:20
同步学习报告记录到Redis开始
2017-12-18 23:59:20
同步学习报告记录到Redis结束
2017-12-18 23:59:30
同步学习报告记录到Redis开始
2017-12-18 23:59:30
同步学习报告记录到Redis结束
2017-12-18 23:59:40
同步学习报告记录到Redis开始
2017-12-18 23:59:40
同步学习报告记录到Redis结束
2017-12-18 23:59:46
刷新课本剧排行榜redis数据开始
2017-12-18 23:59:46
刷新课本剧排行榜redis数据结束
2017-12-18 23:59:50
同步学习报告记录到Redis开始
2017-12-18 23:59:50
同步学习报告记录到Redis结束
