2017-12-20 10:23:12
定时任务
2017-12-20 10:23:13
班级变更同步学习报告记录到Redis开始
2017-12-20 10:23:13
同步学习报告记录到Redis结束
2017-12-20 10:23:13
初始化SZ学习报告记录到Redis开始
2017-12-20 10:23:17
班级变更同步学习报告记录到Redis结束
2017-12-20 10:23:24
班级变更同步学习报告记录到Redis开始
2017-12-20 10:23:24
班级变更同步学习报告记录到Redis结束
2017-12-20 10:23:43
班级变更同步学习报告记录到Redis开始
2017-12-20 10:23:48
班级变更同步学习报告记录到Redis结束
2017-12-20 10:23:52
班级变更同步学习报告记录到Redis开始
2017-12-20 10:23:52
班级变更同步学习报告记录到Redis结束
2017-12-20 10:24:05
班级变更同步学习报告记录到Redis开始
2017-12-20 10:24:06
班级变更同步学习报告记录到Redis结束
2017-12-20 14:02:55
定时任务
2017-12-20 14:02:56
班级变更同步学习报告记录到Redis开始
2017-12-20 14:02:56
同步学习报告记录到Redis结束
2017-12-20 14:02:56
初始化SZ学习报告记录到Redis开始
2017-12-20 14:03:06
班级变更同步学习报告记录到Redis结束
2017-12-20 14:03:27
班级变更同步学习报告记录到Redis开始
2017-12-20 14:03:27
班级变更同步学习报告记录到Redis结束
2017-12-20 14:03:27
班级变更同步学习报告记录到Redis开始
2017-12-20 14:03:27
班级变更同步学习报告记录到Redis结束
2017-12-20 14:04:09
班级变更同步学习报告记录到Redis开始
2017-12-20 14:04:13
班级变更同步学习报告记录到Redis结束
2017-12-20 14:05:17
刷新课本剧排行榜redis数据开始
2017-12-20 14:05:32
刷新课本剧排行榜redis数据结束
2017-12-20 14:06:17
定时任务
2017-12-20 14:06:27
班级变更同步学习报告记录到Redis开始
2017-12-20 14:06:28
班级变更同步学习报告记录到Redis结束
2017-12-20 14:06:34
班级变更同步学习报告记录到Redis开始
2017-12-20 14:06:34
班级变更同步学习报告记录到Redis结束
2017-12-20 14:06:42
班级变更同步学习报告记录到Redis开始
2017-12-20 14:06:42
班级变更同步学习报告记录到Redis结束
2017-12-20 16:04:55
定时任务
2017-12-20 16:04:56
初始化SZ学习报告记录到Redis开始
2017-12-20 16:04:59
班级变更同步学习报告记录到Redis结束
2017-12-20 16:05:06
班级变更同步学习报告记录到Redis开始
2017-12-20 16:05:06
班级变更同步学习报告记录到Redis结束
2017-12-20 16:05:16
班级变更同步学习报告记录到Redis开始
2017-12-20 16:05:16
班级变更同步学习报告记录到Redis结束
2017-12-20 16:05:26
班级变更同步学习报告记录到Redis开始
2017-12-20 16:05:26
班级变更同步学习报告记录到Redis结束
2017-12-20 16:05:49
定时任务
2017-12-20 16:05:50
同步学习报告记录到Redis开始
2017-12-20 16:05:50
班级变更同步学习报告记录到Redis开始
2017-12-20 16:05:50
班级变更同步学习报告记录到Redis结束
2017-12-20 16:05:50
初始化SZ学习报告记录到Redis开始
2017-12-20 16:06:51
班级变更同步学习报告记录到Redis开始
2017-12-20 16:06:55
班级变更同步学习报告记录到Redis结束
2017-12-20 16:06:56
刷新课本剧排行榜redis数据开始
2017-12-20 16:06:57
刷新课本剧排行榜redis数据结束
2017-12-20 16:07:02
班级变更同步学习报告记录到Redis开始
2017-12-20 16:07:03
班级变更同步学习报告记录到Redis结束
2017-12-20 16:07:18
班级变更同步学习报告记录到Redis开始
2017-12-20 16:07:18
班级变更同步学习报告记录到Redis结束
2017-12-20 16:07:28
班级变更同步学习报告记录到Redis开始
2017-12-20 16:07:28
班级变更同步学习报告记录到Redis结束
