2017-12-09 10:49:47
定时任务
2017-12-09 10:49:48
同步学习报告记录到Redis开始
2017-12-09 10:51:14
刷新课本剧排行榜redis数据开始
2017-12-09 10:51:14
刷新课本剧排行榜redis数据结束
2017-12-09 11:06:27
定时任务
2017-12-09 11:06:28
同步学习报告记录到Redis开始
2017-12-09 11:06:28
同步学习报告记录到Redis结束
2017-12-09 11:06:28
同步学习报告记录到Redis开始
2017-12-09 11:08:26
刷新课本剧排行榜redis数据开始
2017-12-09 11:08:26
刷新课本剧排行榜redis数据结束
2017-12-09 11:08:40
同步学习报告记录到Redis结束
2017-12-09 11:08:40
同步学习报告记录到Redis开始
2017-12-09 11:08:40
同步学习报告记录到Redis结束
2017-12-09 11:08:40
同步学习报告记录到Redis开始
2017-12-09 11:08:40
同步学习报告记录到Redis结束
2017-12-09 11:08:40
同步学习报告记录到Redis开始
2017-12-09 11:08:40
同步学习报告记录到Redis结束
2017-12-09 11:08:40
同步学习报告记录到Redis开始
2017-12-09 11:08:40
同步学习报告记录到Redis结束
2017-12-09 11:08:40
同步学习报告记录到Redis开始
2017-12-09 11:08:40
同步学习报告记录到Redis结束
2017-12-09 11:08:47
同步学习报告记录到Redis开始
2017-12-09 11:08:47
同步学习报告记录到Redis结束
2017-12-09 11:08:57
同步学习报告记录到Redis开始
2017-12-09 11:08:57
同步学习报告记录到Redis结束
2017-12-09 11:09:07
同步学习报告记录到Redis开始
2017-12-09 11:09:07
同步学习报告记录到Redis结束
2017-12-09 11:09:17
同步学习报告记录到Redis开始
2017-12-09 11:09:17
同步学习报告记录到Redis结束
2017-12-09 11:09:25
刷新课本剧排行榜redis数据开始
2017-12-09 11:09:25
刷新课本剧排行榜redis数据结束
2017-12-09 11:09:27
同步学习报告记录到Redis开始
2017-12-09 11:09:27
同步学习报告记录到Redis结束
2017-12-09 11:09:37
同步学习报告记录到Redis开始
2017-12-09 11:09:37
同步学习报告记录到Redis结束
2017-12-09 11:09:47
同步学习报告记录到Redis开始
2017-12-09 11:09:47
同步学习报告记录到Redis结束
2017-12-09 11:09:57
同步学习报告记录到Redis开始
2017-12-09 11:09:57
同步学习报告记录到Redis结束
2017-12-09 11:10:07
同步学习报告记录到Redis开始
2017-12-09 11:10:07
同步学习报告记录到Redis结束
2017-12-09 11:10:17
同步学习报告记录到Redis开始
2017-12-09 11:10:17
同步学习报告记录到Redis结束
2017-12-09 13:05:06
定时任务
2017-12-09 13:05:07
同步学习报告记录到Redis开始
2017-12-09 13:05:41
同步学习报告记录到Redis结束
2017-12-09 13:05:41
同步学习报告记录到Redis开始
2017-12-09 13:05:41
同步学习报告记录到Redis结束
2017-12-09 13:05:41
同步学习报告记录到Redis开始
2017-12-09 13:05:41
同步学习报告记录到Redis结束
2017-12-09 13:05:41
同步学习报告记录到Redis开始
2017-12-09 13:05:41
同步学习报告记录到Redis结束
2017-12-09 13:05:41
同步学习报告记录到Redis开始
2017-12-09 13:05:41
同步学习报告记录到Redis结束
2017-12-09 13:05:47
同步学习报告记录到Redis开始
2017-12-09 13:05:47
同步学习报告记录到Redis结束
2017-12-09 13:05:57
同步学习报告记录到Redis开始
2017-12-09 13:05:57
同步学习报告记录到Redis结束
2017-12-09 13:06:07
刷新课本剧排行榜redis数据开始
2017-12-09 13:06:07
刷新课本剧排行榜redis数据结束
2017-12-09 13:06:07
同步学习报告记录到Redis开始
2017-12-09 13:06:07
同步学习报告记录到Redis结束
2017-12-09 13:06:17
同步学习报告记录到Redis开始
2017-12-09 13:06:17
同步学习报告记录到Redis结束
2017-12-09 13:06:27
同步学习报告记录到Redis开始
2017-12-09 13:06:27
同步学习报告记录到Redis结束
2017-12-09 13:06:37
同步学习报告记录到Redis开始
2017-12-09 13:06:37
同步学习报告记录到Redis结束
2017-12-09 13:06:47
同步学习报告记录到Redis开始
2017-12-09 13:06:47
同步学习报告记录到Redis结束
2017-12-09 13:06:57
同步学习报告记录到Redis开始
2017-12-09 13:06:57
同步学习报告记录到Redis结束
2017-12-09 13:07:07
刷新课本剧排行榜redis数据开始
2017-12-09 13:07:07
刷新课本剧排行榜redis数据结束
2017-12-09 13:07:07
同步学习报告记录到Redis开始
2017-12-09 13:07:07
同步学习报告记录到Redis结束
2017-12-09 13:07:17
同步学习报告记录到Redis开始
2017-12-09 13:07:17
同步学习报告记录到Redis结束
2017-12-09 13:07:27
同步学习报告记录到Redis开始
2017-12-09 13:07:27
同步学习报告记录到Redis结束
2017-12-09 13:07:37
同步学习报告记录到Redis开始
2017-12-09 13:07:37
同步学习报告记录到Redis结束
2017-12-09 13:07:47
同步学习报告记录到Redis开始
2017-12-09 13:07:47
同步学习报告记录到Redis结束
2017-12-09 13:07:57
同步学习报告记录到Redis开始
2017-12-09 13:07:57
同步学习报告记录到Redis结束
2017-12-09 13:08:07
刷新课本剧排行榜redis数据开始
2017-12-09 13:08:07
刷新课本剧排行榜redis数据结束
2017-12-09 13:08:07
同步学习报告记录到Redis开始
2017-12-09 13:08:07
同步学习报告记录到Redis结束
2017-12-09 13:08:17
同步学习报告记录到Redis开始
2017-12-09 13:08:17
同步学习报告记录到Redis结束
2017-12-09 13:08:27
同步学习报告记录到Redis开始
2017-12-09 13:08:27
同步学习报告记录到Redis结束
2017-12-09 13:08:37
同步学习报告记录到Redis开始
2017-12-09 13:08:37
同步学习报告记录到Redis结束
2017-12-09 13:08:47
同步学习报告记录到Redis开始
2017-12-09 13:08:47
同步学习报告记录到Redis结束
2017-12-09 13:08:57
同步学习报告记录到Redis开始
2017-12-09 13:08:57
同步学习报告记录到Redis结束
2017-12-09 13:09:07
刷新课本剧排行榜redis数据开始
2017-12-09 13:09:07
刷新课本剧排行榜redis数据结束
2017-12-09 13:09:07
同步学习报告记录到Redis开始
2017-12-09 13:09:07
同步学习报告记录到Redis结束
2017-12-09 13:09:17
同步学习报告记录到Redis开始
2017-12-09 13:09:17
同步学习报告记录到Redis结束
2017-12-09 13:09:27
同步学习报告记录到Redis开始
2017-12-09 13:09:27
同步学习报告记录到Redis结束
2017-12-09 13:09:37
同步学习报告记录到Redis开始
2017-12-09 13:09:37
同步学习报告记录到Redis结束
2017-12-09 13:09:47
同步学习报告记录到Redis开始
2017-12-09 13:09:47
同步学习报告记录到Redis结束
2017-12-09 13:09:57
同步学习报告记录到Redis开始
2017-12-09 13:09:57
同步学习报告记录到Redis结束
2017-12-09 13:10:07
刷新课本剧排行榜redis数据开始
2017-12-09 13:10:07
刷新课本剧排行榜redis数据结束
2017-12-09 13:10:07
同步学习报告记录到Redis开始
2017-12-09 13:10:07
同步学习报告记录到Redis结束
2017-12-09 13:10:17
同步学习报告记录到Redis开始
2017-12-09 13:10:17
同步学习报告记录到Redis结束
2017-12-09 13:10:27
同步学习报告记录到Redis开始
2017-12-09 13:10:27
同步学习报告记录到Redis结束
2017-12-09 13:10:37
同步学习报告记录到Redis开始
2017-12-09 13:10:37
同步学习报告记录到Redis结束
2017-12-09 13:10:47
同步学习报告记录到Redis开始
2017-12-09 13:10:47
同步学习报告记录到Redis结束
2017-12-09 13:10:57
同步学习报告记录到Redis开始
2017-12-09 13:10:57
同步学习报告记录到Redis结束
2017-12-09 13:11:07
刷新课本剧排行榜redis数据开始
2017-12-09 13:11:07
刷新课本剧排行榜redis数据结束
2017-12-09 13:11:07
同步学习报告记录到Redis开始
2017-12-09 13:11:07
同步学习报告记录到Redis结束
2017-12-09 13:11:17
同步学习报告记录到Redis开始
2017-12-09 13:11:17
同步学习报告记录到Redis结束
2017-12-09 13:11:27
同步学习报告记录到Redis开始
2017-12-09 13:11:27
同步学习报告记录到Redis结束
2017-12-09 13:11:37
同步学习报告记录到Redis开始
2017-12-09 13:11:37
同步学习报告记录到Redis结束
2017-12-09 13:11:48
同步学习报告记录到Redis开始
2017-12-09 13:11:48
同步学习报告记录到Redis结束
2017-12-09 13:11:58
同步学习报告记录到Redis开始
2017-12-09 13:11:58
同步学习报告记录到Redis结束
2017-12-09 13:12:07
刷新课本剧排行榜redis数据开始
2017-12-09 13:12:07
刷新课本剧排行榜redis数据结束
2017-12-09 13:12:08
同步学习报告记录到Redis开始
2017-12-09 13:12:08
同步学习报告记录到Redis结束
2017-12-09 13:12:18
同步学习报告记录到Redis开始
2017-12-09 13:12:18
同步学习报告记录到Redis结束
2017-12-09 13:12:28
同步学习报告记录到Redis开始
2017-12-09 13:12:28
同步学习报告记录到Redis结束
2017-12-09 13:12:38
同步学习报告记录到Redis开始
2017-12-09 13:12:38
同步学习报告记录到Redis结束
2017-12-09 13:12:48
同步学习报告记录到Redis开始
2017-12-09 13:12:48
同步学习报告记录到Redis结束
2017-12-09 13:12:58
同步学习报告记录到Redis开始
2017-12-09 13:12:58
同步学习报告记录到Redis结束
2017-12-09 13:13:07
刷新课本剧排行榜redis数据开始
2017-12-09 13:13:07
刷新课本剧排行榜redis数据结束
2017-12-09 13:13:08
同步学习报告记录到Redis开始
2017-12-09 13:13:08
同步学习报告记录到Redis结束
2017-12-09 13:13:18
同步学习报告记录到Redis开始
2017-12-09 13:13:18
同步学习报告记录到Redis结束
2017-12-09 13:13:28
同步学习报告记录到Redis开始
2017-12-09 13:13:28
同步学习报告记录到Redis结束
2017-12-09 13:13:38
同步学习报告记录到Redis开始
2017-12-09 13:13:38
同步学习报告记录到Redis结束
2017-12-09 13:13:48
同步学习报告记录到Redis开始
2017-12-09 13:13:48
同步学习报告记录到Redis结束
2017-12-09 13:13:58
同步学习报告记录到Redis开始
2017-12-09 13:13:58
同步学习报告记录到Redis结束
2017-12-09 13:14:07
刷新课本剧排行榜redis数据开始
2017-12-09 13:14:07
刷新课本剧排行榜redis数据结束
2017-12-09 13:14:08
同步学习报告记录到Redis开始
2017-12-09 13:14:08
同步学习报告记录到Redis结束
2017-12-09 13:14:18
同步学习报告记录到Redis开始
2017-12-09 13:14:18
同步学习报告记录到Redis结束
2017-12-09 13:14:28
同步学习报告记录到Redis开始
2017-12-09 13:14:28
同步学习报告记录到Redis结束
2017-12-09 13:14:38
同步学习报告记录到Redis开始
2017-12-09 13:14:38
同步学习报告记录到Redis结束
2017-12-09 13:14:48
同步学习报告记录到Redis开始
2017-12-09 13:14:48
同步学习报告记录到Redis结束
2017-12-09 13:14:58
同步学习报告记录到Redis开始
2017-12-09 13:14:58
同步学习报告记录到Redis结束
2017-12-09 13:15:07
SyncDubbingData趣配音报名同步开始
2017-12-09 13:15:07
SyncDubbingData趣配音同步数据成功2017/12/9 13:15:07
2017-12-09 13:15:07
SyncDubbingData趣配音报名同步结束
2017-12-09 13:15:07
趣配音报名补全用户信息SyncUserInfoRedisFromUMS开始
2017-12-09 13:15:07
刷新课本剧排行榜redis数据开始
2017-12-09 13:15:07
刷新课本剧排行榜redis数据结束
2017-12-09 13:15:08
同步学习报告记录到Redis开始
2017-12-09 13:15:08
同步学习报告记录到Redis结束
2017-12-09 13:15:09
趣配音报名补全用户信息SyncUserInfoRedisFromUMS结束
2017-12-09 13:15:09
刷新学生所在学校排行榜redis数据开始
2017-12-09 13:15:09
刷新学生所在学校排行榜redis数据结束
2017-12-09 13:15:18
同步学习报告记录到Redis开始
2017-12-09 13:15:18
同步学习报告记录到Redis结束
2017-12-09 13:15:28
同步学习报告记录到Redis开始
2017-12-09 13:15:28
同步学习报告记录到Redis结束
2017-12-09 13:15:38
同步学习报告记录到Redis开始
2017-12-09 13:15:38
同步学习报告记录到Redis结束
2017-12-09 13:15:48
同步学习报告记录到Redis开始
2017-12-09 13:15:48
同步学习报告记录到Redis结束
2017-12-09 13:15:58
同步学习报告记录到Redis开始
2017-12-09 13:15:58
同步学习报告记录到Redis结束
2017-12-09 13:16:07
刷新课本剧排行榜redis数据开始
2017-12-09 13:16:07
刷新课本剧排行榜redis数据结束
2017-12-09 13:16:08
同步学习报告记录到Redis开始
2017-12-09 13:16:08
同步学习报告记录到Redis结束
2017-12-09 13:16:18
同步学习报告记录到Redis开始
2017-12-09 13:16:18
同步学习报告记录到Redis结束
2017-12-09 13:16:28
同步学习报告记录到Redis开始
2017-12-09 13:16:28
同步学习报告记录到Redis结束
2017-12-09 13:16:38
同步学习报告记录到Redis开始
2017-12-09 13:16:38
同步学习报告记录到Redis结束
2017-12-09 13:16:48
同步学习报告记录到Redis开始
2017-12-09 13:16:48
同步学习报告记录到Redis结束
2017-12-09 13:16:58
同步学习报告记录到Redis开始
2017-12-09 13:16:58
同步学习报告记录到Redis结束
2017-12-09 13:17:07
刷新课本剧排行榜redis数据开始
2017-12-09 13:17:07
刷新课本剧排行榜redis数据结束
2017-12-09 13:17:08
同步学习报告记录到Redis开始
2017-12-09 13:17:08
同步学习报告记录到Redis结束
2017-12-09 13:17:18
同步学习报告记录到Redis开始
2017-12-09 13:17:18
同步学习报告记录到Redis结束
2017-12-09 13:17:28
同步学习报告记录到Redis开始
2017-12-09 13:17:28
同步学习报告记录到Redis结束
2017-12-09 13:17:38
同步学习报告记录到Redis开始
2017-12-09 13:17:38
同步学习报告记录到Redis结束
2017-12-09 13:17:48
同步学习报告记录到Redis开始
2017-12-09 13:17:48
同步学习报告记录到Redis结束
