2017-11-30 09:44:51
定时任务
2017-11-30 09:45:07
MOD初始化区域数据开始
2017-11-30 09:45:07
同步区域信息到IBS
2017-11-30 09:45:07
同步班级信息到IBS
2017-11-30 09:45:07
MOD初始化学校数据开始
2017-11-30 09:45:07
同步学校信息到IBS
2017-11-30 09:45:08
MOD2IBS同步开始
2017-11-30 09:45:09
MOD2IBS同步结束
2017-11-30 09:45:14
MOD2IBS同步开始
2017-11-30 09:45:14
同步班级信息条数：850
2017-11-30 09:45:15
MOD2IBS同步结束
2017-11-30 09:45:19
MOD2IBS同步开始
2017-11-30 09:45:20
MOD2IBS同步结束
2017-11-30 09:45:23
IBS_ClassUserRelation写入成功!
2017-11-30 09:45:23
MOD初始化班级数据结束
2017-11-30 09:45:24
MOD2IBS同步开始
2017-11-30 09:45:25
MOD2IBS同步结束
2017-11-30 09:45:27
同步学校信息条数：621044
2017-11-30 09:45:29
MOD2IBS同步开始
2017-11-30 09:45:29
MOD2IBS同步结束
2017-11-30 09:45:46
MOD初始化区域数据结束
2017-11-30 09:45:46
MOD初始化用户数据结束
2017-11-30 09:45:50
MOD2IBS同步开始
2017-11-30 09:45:50
MOD2IBS同步结束
2017-11-30 09:45:55
MOD2IBS同步开始
2017-11-30 09:45:55
MOD2IBS同步结束
2017-11-30 09:46:00
MOD2IBS同步开始
2017-11-30 09:46:00
MOD2IBS同步结束
2017-11-30 09:46:05
MOD2IBS同步开始
2017-11-30 09:46:05
MOD2IBS同步结束
2017-11-30 09:46:10
MOD2IBS同步开始
2017-11-30 09:46:10
MOD2IBS同步结束
2017-11-30 09:48:07
定时任务
2017-11-30 09:48:21
MOD初始化数据开始
2017-11-30 09:48:21
同步用户数据到IBS
2017-11-30 09:49:15
同步用户信息条数：1187191
2017-11-30 09:51:01
定时任务
2017-11-30 09:51:09
MOD初始化数据开始
2017-11-30 09:51:12
同步用户数据到IBS
2017-11-30 09:53:22
同步用户信息条数：1187191
2017-11-30 09:58:15
第1次用户信息同步完成！一共写入50000条
2017-11-30 09:59:05
定时任务
2017-11-30 09:59:09
MOD初始化数据开始
2017-11-30 09:59:10
同步用户数据到IBS
2017-11-30 10:00:00
同步用户信息条数：1187191
