2017-12-28 14:12:31
定时任务
2017-12-28 14:12:33
同步学习报告记录到Redis开始
2017-12-28 14:12:33
初始化单元测试数据SZ开始
2017-12-28 14:12:33
班级变更同步学习报告记录到Redis结束
2017-12-28 14:12:36
同步学习报告记录到Redis结束
2017-12-28 14:12:37
Catalog目录数:457
2017-12-28 14:12:43
班级变更同步学习报告记录到Redis结束
2017-12-28 14:12:50
初始化单元测试数据SZ结束
2017-12-28 14:12:53
同步学习报告记录到Redis结束
2017-12-28 14:13:03
同步学习报告记录到Redis结束
2017-12-28 14:13:13
同步学习报告记录到Redis开始
2017-12-28 14:13:13
班级变更同步学习报告记录到Redis结束
2017-12-28 14:13:23
班级变更同步学习报告记录到Redis开始
2017-12-28 14:13:23
同步学习报告记录到Redis结束
2017-12-28 14:13:33
刷新课本剧排行榜redis数据开始
2017-12-28 14:13:33
刷新课本剧排行榜redis数据结束
2017-12-28 14:13:33
班级变更同步学习报告记录到Redis结束
2017-12-28 14:13:33
同步学习报告记录到Redis结束
2017-12-28 14:13:43
同步学习报告记录到Redis结束
2017-12-28 14:13:53
班级变更同步学习报告记录到Redis开始
2017-12-28 14:13:53
班级变更同步学习报告记录到Redis结束
2017-12-28 14:13:53
同步学习报告记录到Redis开始
2017-12-28 14:13:53
同步学习报告记录到Redis结束
2017-12-28 14:14:03
同步学习报告记录到Redis开始
2017-12-28 14:14:03
同步学习报告记录到Redis结束
2017-12-28 14:14:03
班级变更同步学习报告记录到Redis结束
2017-12-28 14:14:13
班级变更同步学习报告记录到Redis结束
2017-12-28 14:14:23
同步学习报告记录到Redis结束
2017-12-28 14:14:33
刷新课本剧排行榜redis数据开始
2017-12-28 14:14:33
刷新课本剧排行榜redis数据结束
2017-12-28 14:14:33
班级变更同步学习报告记录到Redis结束
2017-12-28 14:14:43
同步学习报告记录到Redis结束
2017-12-28 14:14:53
同步学习报告记录到Redis结束
2017-12-28 14:15:03
班级变更同步学习报告记录到Redis结束
2017-12-28 14:15:03
同步学习报告记录到Redis结束
2017-12-28 14:15:13
班级变更同步学习报告记录到Redis结束
2017-12-28 14:15:23
同步学习报告记录到Redis结束
2017-12-28 14:15:33
刷新课本剧排行榜redis数据开始
2017-12-28 14:15:33
刷新课本剧排行榜redis数据结束
2017-12-28 14:15:33
同步学习报告记录到Redis结束
2017-12-28 14:15:43
班级变更同步学习报告记录到Redis开始
2017-12-28 14:15:43
同步学习报告记录到Redis结束
2017-12-28 14:15:53
班级变更同步学习报告记录到Redis结束
2017-12-28 14:16:03
班级变更同步学习报告记录到Redis开始
2017-12-28 14:16:03
班级变更同步学习报告记录到Redis结束
2017-12-28 14:16:13
班级变更同步学习报告记录到Redis开始
2017-12-28 14:16:13
同步学习报告记录到Redis结束
2017-12-28 14:16:13
班级变更同步学习报告记录到Redis结束
2017-12-28 14:16:23
班级变更同步学习报告记录到Redis结束
2017-12-28 14:16:23
同步学习报告记录到Redis结束
2017-12-28 14:16:33
刷新课本剧排行榜redis数据开始
2017-12-28 14:16:33
刷新课本剧排行榜redis数据结束
2017-12-28 14:16:33
同步学习报告记录到Redis结束
2017-12-28 14:16:33
班级变更同步学习报告记录到Redis结束
2017-12-28 14:16:43
班级变更同步学习报告记录到Redis开始
2017-12-28 14:16:43
同步学习报告记录到Redis开始
2017-12-28 14:16:43
同步学习报告记录到Redis结束
2017-12-28 14:16:53
班级变更同步学习报告记录到Redis开始
2017-12-28 14:16:53
同步学习报告记录到Redis结束
2017-12-28 14:17:03
同步学习报告记录到Redis结束
2017-12-28 14:17:13
同步学习报告记录到Redis开始
2017-12-28 14:17:13
同步学习报告记录到Redis结束
2017-12-28 14:17:23
班级变更同步学习报告记录到Redis结束
2017-12-28 14:17:33
刷新课本剧排行榜redis数据开始
2017-12-28 14:17:33
刷新课本剧排行榜redis数据结束
2017-12-28 14:17:33
同步学习报告记录到Redis开始
2017-12-28 14:17:33
班级变更同步学习报告记录到Redis结束
2017-12-28 14:17:43
同步学习报告记录到Redis结束
2017-12-28 14:17:53
同步学习报告记录到Redis开始
2017-12-28 14:17:53
同步学习报告记录到Redis结束
2017-12-28 14:18:03
同步学习报告记录到Redis开始
2017-12-28 14:18:03
同步学习报告记录到Redis结束
2017-12-28 14:18:13
同步学习报告记录到Redis开始
2017-12-28 14:18:13
班级变更同步学习报告记录到Redis结束
2017-12-28 14:18:23
同步学习报告记录到Redis开始
2017-12-28 14:18:23
同步学习报告记录到Redis结束
2017-12-28 14:18:23
班级变更同步学习报告记录到Redis结束
2017-12-28 14:18:33
刷新课本剧排行榜redis数据开始
2017-12-28 14:18:33
刷新课本剧排行榜redis数据结束
2017-12-28 14:18:33
同步学习报告记录到Redis开始
2017-12-28 14:18:33
班级变更同步学习报告记录到Redis开始
2017-12-28 14:18:33
班级变更同步学习报告记录到Redis结束
2017-12-28 14:18:43
同步学习报告记录到Redis开始
2017-12-28 14:18:43
同步学习报告记录到Redis结束
2017-12-28 14:18:53
班级变更同步学习报告记录到Redis结束
2017-12-28 14:18:53
同步学习报告记录到Redis结束
2017-12-28 14:19:03
同步学习报告记录到Redis开始
2017-12-28 14:19:03
同步学习报告记录到Redis结束
2017-12-28 14:19:13
班级变更同步学习报告记录到Redis结束
2017-12-28 14:19:23
同步学习报告记录到Redis开始
2017-12-28 14:19:23
同步学习报告记录到Redis结束
2017-12-28 14:19:23
班级变更同步学习报告记录到Redis结束
2017-12-28 14:19:33
刷新课本剧排行榜redis数据开始
2017-12-28 14:19:33
刷新课本剧排行榜redis数据结束
2017-12-28 14:19:33
同步学习报告记录到Redis结束
2017-12-28 14:19:33
班级变更同步学习报告记录到Redis结束
2017-12-28 14:19:43
班级变更同步学习报告记录到Redis开始
2017-12-28 14:19:43
同步学习报告记录到Redis结束
2017-12-28 14:19:53
班级变更同步学习报告记录到Redis开始
2017-12-28 14:19:53
班级变更同步学习报告记录到Redis结束
2017-12-28 14:19:53
同步学习报告记录到Redis结束
2017-12-28 14:20:03
班级变更同步学习报告记录到Redis结束
2017-12-28 14:20:13
同步学习报告记录到Redis结束
2017-12-28 14:20:24
班级变更同步学习报告记录到Redis开始
2017-12-28 14:20:24
同步学习报告记录到Redis开始
2017-12-28 14:20:24
同步学习报告记录到Redis结束
2017-12-28 14:20:33
刷新课本剧排行榜redis数据开始
2017-12-28 14:20:33
刷新课本剧排行榜redis数据结束
2017-12-28 14:20:34
班级变更同步学习报告记录到Redis结束
2017-12-28 14:20:44
同步学习报告记录到Redis开始
2017-12-28 14:20:44
班级变更同步学习报告记录到Redis结束
2017-12-28 14:20:54
同步学习报告记录到Redis开始
2017-12-28 14:20:54
同步学习报告记录到Redis结束
2017-12-28 14:21:04
班级变更同步学习报告记录到Redis结束
2017-12-28 14:21:14
班级变更同步学习报告记录到Redis结束
2017-12-28 14:21:24
同步学习报告记录到Redis结束
2017-12-28 14:21:33
刷新课本剧排行榜redis数据开始
2017-12-28 14:21:33
刷新课本剧排行榜redis数据结束
2017-12-28 14:21:34
班级变更同步学习报告记录到Redis结束
2017-12-28 14:21:44
班级变更同步学习报告记录到Redis开始
2017-12-28 14:21:44
班级变更同步学习报告记录到Redis结束
2017-12-28 14:21:54
班级变更同步学习报告记录到Redis结束
2017-12-28 14:22:04
同步学习报告记录到Redis结束
2017-12-28 14:22:14
班级变更同步学习报告记录到Redis结束
2017-12-28 14:22:24
同步学习报告记录到Redis结束
2017-12-28 14:22:33
SyncDubbingData趣配音报名同步开始
2017-12-28 14:22:33
SyncDubbingData趣配音同步数据成功2017/12/28 14:22:33
2017-12-28 14:22:33
SyncDubbingData趣配音报名同步结束
2017-12-28 14:22:33
趣配音报名补全用户信息SyncUserInfoRedisFromUMS开始
2017-12-28 14:22:33
趣配音报名补全用户信息SyncUserInfoRedisFromUMS结束
2017-12-28 14:22:33
刷新学生所在学校排行榜redis数据开始
2017-12-28 14:22:33
刷新学生所在学校排行榜redis数据结束
2017-12-28 14:22:33
刷新课本剧排行榜redis数据开始
2017-12-28 14:22:33
刷新课本剧排行榜redis数据结束
2017-12-28 14:22:34
班级变更同步学习报告记录到Redis结束
2017-12-28 14:22:44
班级变更同步学习报告记录到Redis结束
2017-12-28 14:22:54
班级变更同步学习报告记录到Redis结束
2017-12-28 14:23:04
班级变更同步学习报告记录到Redis开始
2017-12-28 14:23:04
同步学习报告记录到Redis结束
2017-12-28 14:23:14
同步学习报告记录到Redis结束
2017-12-28 14:23:14
班级变更同步学习报告记录到Redis结束
2017-12-28 14:23:24
班级变更同步学习报告记录到Redis开始
2017-12-28 14:23:24
班级变更同步学习报告记录到Redis结束
2017-12-28 14:23:24
同步学习报告记录到Redis结束
2017-12-28 14:23:33
刷新课本剧排行榜redis数据开始
2017-12-28 14:23:33
刷新课本剧排行榜redis数据结束
2017-12-28 14:23:34
班级变更同步学习报告记录到Redis结束
2017-12-28 14:23:44
同步学习报告记录到Redis结束
2017-12-28 14:23:54
同步学习报告记录到Redis结束
2017-12-28 14:23:54
班级变更同步学习报告记录到Redis结束
2017-12-28 14:24:04
同步学习报告记录到Redis结束
2017-12-28 14:24:14
同步学习报告记录到Redis结束
2017-12-28 14:24:24
班级变更同步学习报告记录到Redis开始
2017-12-28 14:24:24
班级变更同步学习报告记录到Redis结束
2017-12-28 14:24:24
同步学习报告记录到Redis结束
2017-12-28 14:24:33
刷新课本剧排行榜redis数据开始
2017-12-28 14:24:33
刷新课本剧排行榜redis数据结束
2017-12-28 14:24:34
同步学习报告记录到Redis结束
2017-12-28 14:24:44
班级变更同步学习报告记录到Redis结束
2017-12-28 14:24:54
同步学习报告记录到Redis开始
2017-12-28 14:24:54
班级变更同步学习报告记录到Redis开始
2017-12-28 14:24:54
班级变更同步学习报告记录到Redis结束
2017-12-28 14:25:04
同步学习报告记录到Redis开始
2017-12-28 14:25:04
同步学习报告记录到Redis结束
2017-12-28 14:25:14
同步学习报告记录到Redis结束
2017-12-28 14:25:24
班级变更同步学习报告记录到Redis结束
2017-12-28 14:25:33
刷新课本剧排行榜redis数据开始
2017-12-28 14:25:33
刷新课本剧排行榜redis数据结束
2017-12-28 14:25:34
同步学习报告记录到Redis结束
2017-12-28 14:25:44
同步学习报告记录到Redis结束
2017-12-28 14:25:44
班级变更同步学习报告记录到Redis结束
2017-12-28 14:25:54
班级变更同步学习报告记录到Redis开始
2017-12-28 14:25:54
班级变更同步学习报告记录到Redis结束
2017-12-28 14:26:04
同步学习报告记录到Redis结束
2017-12-28 14:26:04
班级变更同步学习报告记录到Redis结束
2017-12-28 14:26:14
班级变更同步学习报告记录到Redis结束
2017-12-28 14:26:24
同步学习报告记录到Redis结束
2017-12-28 14:26:33
刷新课本剧排行榜redis数据开始
2017-12-28 14:26:33
刷新课本剧排行榜redis数据结束
2017-12-28 14:26:34
同步学习报告记录到Redis结束
2017-12-28 14:26:44
班级变更同步学习报告记录到Redis结束
2017-12-28 14:26:44
同步学习报告记录到Redis结束
2017-12-28 14:26:54
同步学习报告记录到Redis结束
2017-12-28 14:27:04
班级变更同步学习报告记录到Redis结束
2017-12-28 14:27:14
同步学习报告记录到Redis开始
2017-12-28 14:27:14
班级变更同步学习报告记录到Redis结束
2017-12-28 14:27:24
班级变更同步学习报告记录到Redis结束
2017-12-28 14:27:24
同步学习报告记录到Redis结束
2017-12-28 14:27:33
刷新课本剧排行榜redis数据开始
2017-12-28 14:27:33
刷新课本剧排行榜redis数据结束
2017-12-28 14:27:34
班级变更同步学习报告记录到Redis结束
2017-12-28 14:27:34
同步学习报告记录到Redis结束
2017-12-28 14:27:44
班级变更同步学习报告记录到Redis结束
2017-12-28 14:27:54
班级变更同步学习报告记录到Redis结束
2017-12-28 14:28:04
班级变更同步学习报告记录到Redis开始
2017-12-28 14:28:04
班级变更同步学习报告记录到Redis结束
2017-12-28 14:28:14
班级变更同步学习报告记录到Redis结束
2017-12-28 14:28:24
同步学习报告记录到Redis开始
2017-12-28 14:28:24
同步学习报告记录到Redis结束
2017-12-28 14:28:33
刷新课本剧排行榜redis数据开始
2017-12-28 14:28:33
刷新课本剧排行榜redis数据结束
2017-12-28 14:28:34
班级变更同步学习报告记录到Redis结束
2017-12-28 14:28:44
同步学习报告记录到Redis开始
2017-12-28 14:28:44
同步学习报告记录到Redis结束
2017-12-28 14:28:54
班级变更同步学习报告记录到Redis开始
2017-12-28 14:28:54
同步学习报告记录到Redis结束
2017-12-28 14:29:04
同步学习报告记录到Redis结束
2017-12-28 14:29:14
同步学习报告记录到Redis开始
2017-12-28 14:29:14
同步学习报告记录到Redis结束
2017-12-28 14:29:14
班级变更同步学习报告记录到Redis结束
2017-12-28 14:29:24
班级变更同步学习报告记录到Redis结束
2017-12-28 14:29:33
刷新课本剧排行榜redis数据开始
2017-12-28 14:29:33
刷新课本剧排行榜redis数据结束
2017-12-28 14:29:34
班级变更同步学习报告记录到Redis开始
2017-12-28 14:29:34
同步学习报告记录到Redis结束
2017-12-28 14:29:34
班级变更同步学习报告记录到Redis结束
2017-12-28 14:29:44
班级变更同步学习报告记录到Redis结束
2017-12-28 14:29:54
同步学习报告记录到Redis结束
2017-12-28 14:29:54
班级变更同步学习报告记录到Redis结束
2017-12-28 14:30:04
班级变更同步学习报告记录到Redis结束
2017-12-28 14:30:14
同步学习报告记录到Redis开始
2017-12-28 14:30:14
同步学习报告记录到Redis结束
2017-12-28 14:30:24
班级变更同步学习报告记录到Redis结束
2017-12-28 14:30:33
刷新课本剧排行榜redis数据开始
2017-12-28 14:30:33
刷新课本剧排行榜redis数据结束
2017-12-28 14:30:34
班级变更同步学习报告记录到Redis结束
2017-12-28 14:30:44
班级变更同步学习报告记录到Redis开始
2017-12-28 14:30:44
班级变更同步学习报告记录到Redis结束
2017-12-28 14:30:54
同步学习报告记录到Redis结束
2017-12-28 14:31:04
班级变更同步学习报告记录到Redis结束
2017-12-28 14:31:14
班级变更同步学习报告记录到Redis开始
2017-12-28 14:31:14
班级变更同步学习报告记录到Redis结束
2017-12-28 14:31:14
同步学习报告记录到Redis结束
2017-12-28 14:31:24
班级变更同步学习报告记录到Redis开始
2017-12-28 14:31:24
同步学习报告记录到Redis开始
2017-12-28 14:31:24
同步学习报告记录到Redis结束
2017-12-28 14:31:33
刷新课本剧排行榜redis数据开始
2017-12-28 14:31:33
刷新课本剧排行榜redis数据结束
2017-12-28 14:31:34
班级变更同步学习报告记录到Redis开始
2017-12-28 14:31:34
同步学习报告记录到Redis开始
2017-12-28 14:31:34
同步学习报告记录到Redis结束
2017-12-28 14:31:44
班级变更同步学习报告记录到Redis开始
2017-12-28 14:31:44
同步学习报告记录到Redis开始
2017-12-28 14:31:44
同步学习报告记录到Redis结束
2017-12-28 14:31:54
班级变更同步学习报告记录到Redis开始
2017-12-28 14:31:54
同步学习报告记录到Redis开始
2017-12-28 14:31:54
同步学习报告记录到Redis结束
2017-12-28 14:32:04
班级变更同步学习报告记录到Redis开始
2017-12-28 14:32:04
同步学习报告记录到Redis结束
2017-12-28 14:32:14
班级变更同步学习报告记录到Redis开始
2017-12-28 14:32:14
同步学习报告记录到Redis开始
2017-12-28 14:32:14
同步学习报告记录到Redis结束
2017-12-28 14:32:24
班级变更同步学习报告记录到Redis开始
2017-12-28 14:32:24
同步学习报告记录到Redis开始
2017-12-28 14:32:24
同步学习报告记录到Redis结束
2017-12-28 14:32:33
刷新学生所在学校排行榜redis数据开始
2017-12-28 14:32:33
刷新学生所在学校排行榜redis数据结束
2017-12-28 14:32:33
趣配音报名补全用户信息SyncUserInfoRedisFromUMS开始
2017-12-28 14:32:33
趣配音报名补全用户信息SyncUserInfoRedisFromUMS结束
2017-12-28 14:32:33
SyncDubbingData趣配音报名同步开始
2017-12-28 14:32:33
SyncDubbingData趣配音同步数据成功2017/12/28 14:32:33
2017-12-28 14:32:33
SyncDubbingData趣配音报名同步结束
2017-12-28 14:32:33
刷新课本剧排行榜redis数据开始
2017-12-28 14:32:33
刷新课本剧排行榜redis数据结束
2017-12-28 14:32:34
班级变更同步学习报告记录到Redis开始
2017-12-28 14:32:34
同步学习报告记录到Redis开始
2017-12-28 14:32:34
同步学习报告记录到Redis结束
2017-12-28 14:32:44
班级变更同步学习报告记录到Redis开始
2017-12-28 14:32:45
同步学习报告记录到Redis结束
2017-12-28 14:32:55
同步学习报告记录到Redis结束
2017-12-28 14:32:55
班级变更同步学习报告记录到Redis结束
2017-12-28 14:33:05
同步学习报告记录到Redis开始
2017-12-28 14:33:05
同步学习报告记录到Redis结束
2017-12-28 14:33:15
班级变更同步学习报告记录到Redis结束
2017-12-28 14:33:25
班级变更同步学习报告记录到Redis结束
2017-12-28 14:33:25
同步学习报告记录到Redis结束
2017-12-28 14:33:33
刷新课本剧排行榜redis数据开始
2017-12-28 14:33:33
刷新课本剧排行榜redis数据结束
2017-12-28 14:33:35
班级变更同步学习报告记录到Redis结束
2017-12-28 14:33:35
同步学习报告记录到Redis结束
2017-12-28 14:33:45
班级变更同步学习报告记录到Redis结束
2017-12-28 14:33:55
班级变更同步学习报告记录到Redis结束
2017-12-28 14:34:05
同步学习报告记录到Redis结束
2017-12-28 14:34:05
班级变更同步学习报告记录到Redis结束
2017-12-28 14:34:15
班级变更同步学习报告记录到Redis结束
2017-12-28 14:34:25
同步学习报告记录到Redis开始
2017-12-28 14:34:25
班级变更同步学习报告记录到Redis开始
2017-12-28 14:34:25
同步学习报告记录到Redis结束
2017-12-28 14:34:25
班级变更同步学习报告记录到Redis结束
2017-12-28 14:34:33
刷新课本剧排行榜redis数据开始
2017-12-28 14:34:33
刷新课本剧排行榜redis数据结束
2017-12-28 14:34:35
同步学习报告记录到Redis开始
2017-12-28 14:34:35
同步学习报告记录到Redis结束
2017-12-28 14:34:45
同步学习报告记录到Redis结束
2017-12-28 14:34:55
同步学习报告记录到Redis结束
2017-12-28 14:34:55
班级变更同步学习报告记录到Redis结束
2017-12-28 14:35:05
同步学习报告记录到Redis结束
2017-12-28 14:35:15
班级变更同步学习报告记录到Redis结束
2017-12-28 14:35:25
同步学习报告记录到Redis结束
2017-12-28 14:35:33
刷新课本剧排行榜redis数据开始
2017-12-28 14:35:33
刷新课本剧排行榜redis数据结束
2017-12-28 14:35:35
同步学习报告记录到Redis结束
2017-12-28 14:35:45
同步学习报告记录到Redis开始
2017-12-28 14:35:45
班级变更同步学习报告记录到Redis结束
2017-12-28 14:35:55
班级变更同步学习报告记录到Redis开始
2017-12-28 14:35:55
班级变更同步学习报告记录到Redis结束
2017-12-28 14:36:05
同步学习报告记录到Redis结束
2017-12-28 14:36:15
班级变更同步学习报告记录到Redis开始
2017-12-28 14:36:15
同步学习报告记录到Redis开始
2017-12-28 14:36:15
同步学习报告记录到Redis结束
2017-12-28 14:36:25
班级变更同步学习报告记录到Redis开始
2017-12-28 14:36:25
班级变更同步学习报告记录到Redis结束
2017-12-28 14:36:33
刷新课本剧排行榜redis数据开始
2017-12-28 14:36:33
刷新课本剧排行榜redis数据结束
2017-12-28 14:36:35
班级变更同步学习报告记录到Redis开始
2017-12-28 14:36:35
同步学习报告记录到Redis结束
2017-12-28 14:36:45
班级变更同步学习报告记录到Redis开始
2017-12-28 14:36:45
班级变更同步学习报告记录到Redis结束
2017-12-28 14:36:55
班级变更同步学习报告记录到Redis结束
2017-12-28 14:37:05
同步学习报告记录到Redis结束
2017-12-28 14:37:05
班级变更同步学习报告记录到Redis结束
2017-12-28 14:37:15
同步学习报告记录到Redis结束
2017-12-28 14:37:15
班级变更同步学习报告记录到Redis结束
2017-12-28 14:37:25
同步学习报告记录到Redis结束
2017-12-28 14:37:33
刷新课本剧排行榜redis数据开始
2017-12-28 14:37:33
刷新课本剧排行榜redis数据结束
2017-12-28 14:37:35
班级变更同步学习报告记录到Redis开始
2017-12-28 14:37:35
班级变更同步学习报告记录到Redis结束
2017-12-28 14:37:45
班级变更同步学习报告记录到Redis开始
2017-12-28 14:37:45
班级变更同步学习报告记录到Redis结束
2017-12-28 14:37:55
班级变更同步学习报告记录到Redis开始
2017-12-28 14:37:55
同步学习报告记录到Redis开始
2017-12-28 14:37:55
班级变更同步学习报告记录到Redis结束
2017-12-28 14:37:55
同步学习报告记录到Redis结束
2017-12-28 14:38:05
同步学习报告记录到Redis结束
2017-12-28 14:38:15
同步学习报告记录到Redis结束
2017-12-28 14:38:25
同步学习报告记录到Redis开始
2017-12-28 14:38:25
班级变更同步学习报告记录到Redis结束
2017-12-28 14:38:33
刷新课本剧排行榜redis数据开始
2017-12-28 14:38:33
刷新课本剧排行榜redis数据结束
2017-12-28 14:38:35
同步学习报告记录到Redis结束
2017-12-28 14:38:45
班级变更同步学习报告记录到Redis结束
2017-12-28 14:38:45
同步学习报告记录到Redis结束
2017-12-28 14:38:55
同步学习报告记录到Redis结束
2017-12-28 14:39:05
班级变更同步学习报告记录到Redis结束
2017-12-28 14:39:15
同步学习报告记录到Redis开始
2017-12-28 14:39:15
班级变更同步学习报告记录到Redis结束
2017-12-28 14:39:25
班级变更同步学习报告记录到Redis结束
2017-12-28 14:39:25
同步学习报告记录到Redis结束
2017-12-28 14:39:33
刷新课本剧排行榜redis数据开始
2017-12-28 14:39:33
刷新课本剧排行榜redis数据结束
2017-12-28 14:39:35
同步学习报告记录到Redis开始
2017-12-28 14:39:35
同步学习报告记录到Redis结束
2017-12-28 14:39:45
同步学习报告记录到Redis结束
2017-12-28 14:39:55
同步学习报告记录到Redis结束
2017-12-28 14:40:05
同步学习报告记录到Redis结束
2017-12-28 14:40:05
班级变更同步学习报告记录到Redis结束
2017-12-28 14:40:15
班级变更同步学习报告记录到Redis结束
2017-12-28 14:40:25
同步学习报告记录到Redis开始
2017-12-28 14:40:25
班级变更同步学习报告记录到Redis结束
2017-12-28 14:40:33
刷新课本剧排行榜redis数据开始
2017-12-28 14:40:33
刷新课本剧排行榜redis数据结束
2017-12-28 14:40:35
同步学习报告记录到Redis结束
2017-12-28 14:40:45
同步学习报告记录到Redis结束
2017-12-28 14:40:55
班级变更同步学习报告记录到Redis开始
2017-12-28 14:40:55
同步学习报告记录到Redis开始
2017-12-28 14:40:55
班级变更同步学习报告记录到Redis结束
2017-12-28 14:40:55
同步学习报告记录到Redis结束
2017-12-28 14:41:05
班级变更同步学习报告记录到Redis结束
2017-12-28 14:41:15
班级变更同步学习报告记录到Redis结束
2017-12-28 14:41:15
同步学习报告记录到Redis结束
2017-12-28 14:41:25
班级变更同步学习报告记录到Redis结束
2017-12-28 14:41:33
刷新课本剧排行榜redis数据开始
2017-12-28 14:41:33
刷新课本剧排行榜redis数据结束
2017-12-28 14:41:35
班级变更同步学习报告记录到Redis开始
2017-12-28 14:41:35
班级变更同步学习报告记录到Redis结束
2017-12-28 14:41:45
班级变更同步学习报告记录到Redis结束
2017-12-28 14:41:55
同步学习报告记录到Redis结束
2017-12-28 14:42:05
班级变更同步学习报告记录到Redis结束
2017-12-28 14:42:15
同步学习报告记录到Redis结束
2017-12-28 14:42:25
班级变更同步学习报告记录到Redis结束
2017-12-28 14:42:33
趣配音报名补全用户信息SyncUserInfoRedisFromUMS开始
2017-12-28 14:42:33
趣配音报名补全用户信息SyncUserInfoRedisFromUMS结束
2017-12-28 14:42:33
SyncDubbingData趣配音报名同步开始
2017-12-28 14:42:33
SyncDubbingData趣配音同步数据成功2017/12/28 14:42:33
2017-12-28 14:42:33
SyncDubbingData趣配音报名同步结束
2017-12-28 14:42:33
刷新学生所在学校排行榜redis数据开始
2017-12-28 14:42:33
刷新学生所在学校排行榜redis数据结束
2017-12-28 14:42:33
刷新课本剧排行榜redis数据开始
2017-12-28 14:42:33
刷新课本剧排行榜redis数据结束
2017-12-28 14:42:35
班级变更同步学习报告记录到Redis结束
2017-12-28 14:42:45
班级变更同步学习报告记录到Redis结束
2017-12-28 14:42:55
同步学习报告记录到Redis结束
2017-12-28 14:43:05
班级变更同步学习报告记录到Redis结束
2017-12-28 14:43:15
同步学习报告记录到Redis结束
2017-12-28 14:43:25
同步学习报告记录到Redis结束
2017-12-28 14:43:33
刷新课本剧排行榜redis数据开始
2017-12-28 14:43:33
刷新课本剧排行榜redis数据结束
2017-12-28 14:43:35
班级变更同步学习报告记录到Redis结束
2017-12-28 14:43:45
同步学习报告记录到Redis结束
2017-12-28 14:43:55
班级变更同步学习报告记录到Redis结束
2017-12-28 14:44:05
班级变更同步学习报告记录到Redis结束
2017-12-28 14:44:15
同步学习报告记录到Redis开始
2017-12-28 14:44:15
同步学习报告记录到Redis结束
2017-12-28 14:44:25
同步学习报告记录到Redis开始
2017-12-28 14:44:25
班级变更同步学习报告记录到Redis结束
2017-12-28 14:44:33
刷新课本剧排行榜redis数据开始
2017-12-28 14:44:33
刷新课本剧排行榜redis数据结束
2017-12-28 14:44:36
班级变更同步学习报告记录到Redis结束
2017-12-28 14:44:46
班级变更同步学习报告记录到Redis结束
2017-12-28 14:44:56
班级变更同步学习报告记录到Redis开始
2017-12-28 14:44:56
同步学习报告记录到Redis结束
2017-12-28 14:44:56
班级变更同步学习报告记录到Redis结束
2017-12-28 14:45:06
同步学习报告记录到Redis结束
2017-12-28 14:45:06
班级变更同步学习报告记录到Redis结束
2017-12-28 14:45:16
班级变更同步学习报告记录到Redis开始
2017-12-28 14:45:16
同步学习报告记录到Redis开始
2017-12-28 14:45:16
同步学习报告记录到Redis结束
2017-12-28 14:45:26
班级变更同步学习报告记录到Redis结束
2017-12-28 14:45:33
刷新课本剧排行榜redis数据开始
2017-12-28 14:45:33
刷新课本剧排行榜redis数据结束
2017-12-28 14:45:36
同步学习报告记录到Redis结束
2017-12-28 14:45:46
同步学习报告记录到Redis结束
2017-12-28 14:45:46
班级变更同步学习报告记录到Redis结束
2017-12-28 14:45:56
班级变更同步学习报告记录到Redis开始
2017-12-28 14:45:56
班级变更同步学习报告记录到Redis结束
2017-12-28 14:46:06
班级变更同步学习报告记录到Redis结束
2017-12-28 14:46:16
同步学习报告记录到Redis开始
2017-12-28 14:46:16
同步学习报告记录到Redis结束
2017-12-28 14:46:26
同步学习报告记录到Redis结束
2017-12-28 14:46:33
刷新课本剧排行榜redis数据开始
2017-12-28 14:46:33
刷新课本剧排行榜redis数据结束
2017-12-28 14:46:36
同步学习报告记录到Redis结束
2017-12-28 14:46:36
班级变更同步学习报告记录到Redis结束
2017-12-28 14:46:46
班级变更同步学习报告记录到Redis开始
2017-12-28 14:46:46
同步学习报告记录到Redis结束
2017-12-28 14:46:46
班级变更同步学习报告记录到Redis结束
2017-12-28 14:46:56
同步学习报告记录到Redis结束
2017-12-28 14:47:06
班级变更同步学习报告记录到Redis开始
2017-12-28 14:47:06
班级变更同步学习报告记录到Redis结束
2017-12-28 14:47:16
同步学习报告记录到Redis结束
2017-12-28 14:47:26
班级变更同步学习报告记录到Redis开始
2017-12-28 14:47:26
班级变更同步学习报告记录到Redis结束
2017-12-28 14:47:33
刷新课本剧排行榜redis数据开始
2017-12-28 14:47:33
刷新课本剧排行榜redis数据结束
2017-12-28 14:47:36
班级变更同步学习报告记录到Redis结束
2017-12-28 14:47:46
班级变更同步学习报告记录到Redis结束
2017-12-28 14:47:56
同步学习报告记录到Redis结束
2017-12-28 14:48:06
班级变更同步学习报告记录到Redis结束
2017-12-28 14:48:16
同步学习报告记录到Redis开始
2017-12-28 14:48:16
班级变更同步学习报告记录到Redis结束
2017-12-28 14:48:16
同步学习报告记录到Redis结束
2017-12-28 14:48:26
班级变更同步学习报告记录到Redis结束
2017-12-28 14:48:33
刷新课本剧排行榜redis数据开始
2017-12-28 14:48:33
刷新课本剧排行榜redis数据结束
2017-12-28 14:48:36
同步学习报告记录到Redis结束
2017-12-28 14:48:46
班级变更同步学习报告记录到Redis开始
2017-12-28 14:48:46
班级变更同步学习报告记录到Redis结束
2017-12-28 14:48:56
同步学习报告记录到Redis结束
2017-12-28 14:49:06
班级变更同步学习报告记录到Redis开始
2017-12-28 14:49:06
同步学习报告记录到Redis开始
2017-12-28 14:49:06
同步学习报告记录到Redis结束
2017-12-28 14:49:16
班级变更同步学习报告记录到Redis结束
2017-12-28 14:49:26
同步学习报告记录到Redis结束
2017-12-28 14:49:33
刷新课本剧排行榜redis数据开始
2017-12-28 14:49:33
刷新课本剧排行榜redis数据结束
2017-12-28 14:49:36
班级变更同步学习报告记录到Redis结束
2017-12-28 14:49:46
同步学习报告记录到Redis开始
2017-12-28 14:49:46
班级变更同步学习报告记录到Redis结束
2017-12-28 14:49:56
班级变更同步学习报告记录到Redis开始
2017-12-28 14:49:56
同步学习报告记录到Redis开始
2017-12-28 14:49:56
同步学习报告记录到Redis结束
2017-12-28 14:50:06
同步学习报告记录到Redis结束
2017-12-28 14:50:16
班级变更同步学习报告记录到Redis结束
2017-12-28 14:50:26
同步学习报告记录到Redis结束
2017-12-28 14:50:26
班级变更同步学习报告记录到Redis结束
2017-12-28 14:50:33
刷新课本剧排行榜redis数据开始
2017-12-28 14:50:33
刷新课本剧排行榜redis数据结束
2017-12-28 14:50:36
班级变更同步学习报告记录到Redis结束
2017-12-28 14:50:36
同步学习报告记录到Redis结束
2017-12-28 14:50:46
班级变更同步学习报告记录到Redis结束
2017-12-28 14:50:56
班级变更同步学习报告记录到Redis结束
2017-12-28 14:51:06
班级变更同步学习报告记录到Redis结束
2017-12-28 14:51:16
同步学习报告记录到Redis结束
2017-12-28 14:51:26
同步学习报告记录到Redis开始
2017-12-28 14:51:26
班级变更同步学习报告记录到Redis开始
2017-12-28 14:51:26
班级变更同步学习报告记录到Redis结束
2017-12-28 14:51:33
刷新课本剧排行榜redis数据开始
2017-12-28 14:51:33
刷新课本剧排行榜redis数据结束
2017-12-28 14:51:36
同步学习报告记录到Redis结束
2017-12-28 14:51:46
同步学习报告记录到Redis开始
2017-12-28 14:51:46
同步学习报告记录到Redis结束
2017-12-28 14:51:56
同步学习报告记录到Redis结束
2017-12-28 14:52:06
同步学习报告记录到Redis结束
2017-12-28 14:52:16
班级变更同步学习报告记录到Redis结束
2017-12-28 14:52:26
同步学习报告记录到Redis开始
2017-12-28 14:52:26
同步学习报告记录到Redis结束
2017-12-28 14:52:26
班级变更同步学习报告记录到Redis结束
2017-12-28 14:52:33
趣配音报名补全用户信息SyncUserInfoRedisFromUMS开始
2017-12-28 14:52:33
趣配音报名补全用户信息SyncUserInfoRedisFromUMS结束
2017-12-28 14:52:33
SyncDubbingData趣配音报名同步开始
2017-12-28 14:52:33
SyncDubbingData趣配音同步数据成功2017/12/28 14:52:33
2017-12-28 14:52:33
SyncDubbingData趣配音报名同步结束
2017-12-28 14:52:33
刷新学生所在学校排行榜redis数据开始
2017-12-28 14:52:33
刷新学生所在学校排行榜redis数据结束
2017-12-28 14:52:33
刷新课本剧排行榜redis数据开始
2017-12-28 14:52:33
刷新课本剧排行榜redis数据结束
2017-12-28 14:52:36
同步学习报告记录到Redis结束
2017-12-28 14:52:46
同步学习报告记录到Redis开始
2017-12-28 14:52:46
同步学习报告记录到Redis结束
2017-12-28 14:52:56
同步学习报告记录到Redis结束
2017-12-28 14:53:06
班级变更同步学习报告记录到Redis结束
2017-12-28 14:53:16
同步学习报告记录到Redis结束
2017-12-28 14:53:26
同步学习报告记录到Redis结束
2017-12-28 14:53:33
刷新课本剧排行榜redis数据开始
2017-12-28 14:53:33
刷新课本剧排行榜redis数据结束
2017-12-28 14:53:36
班级变更同步学习报告记录到Redis结束
2017-12-28 14:53:46
班级变更同步学习报告记录到Redis结束
2017-12-28 14:53:56
班级变更同步学习报告记录到Redis结束
2017-12-28 14:54:06
班级变更同步学习报告记录到Redis开始
2017-12-28 14:54:06
班级变更同步学习报告记录到Redis结束
2017-12-28 14:54:16
同步学习报告记录到Redis开始
2017-12-28 14:54:16
同步学习报告记录到Redis结束
2017-12-28 14:54:26
班级变更同步学习报告记录到Redis结束
2017-12-28 14:54:33
刷新课本剧排行榜redis数据开始
2017-12-28 14:54:33
刷新课本剧排行榜redis数据结束
2017-12-28 14:54:36
同步学习报告记录到Redis开始
2017-12-28 14:54:36
同步学习报告记录到Redis结束
2017-12-28 14:54:46
班级变更同步学习报告记录到Redis开始
2017-12-28 14:54:46
班级变更同步学习报告记录到Redis结束
2017-12-28 14:54:46
同步学习报告记录到Redis开始
2017-12-28 14:54:46
同步学习报告记录到Redis结束
2017-12-28 14:54:56
班级变更同步学习报告记录到Redis结束
2017-12-28 14:55:06
同步学习报告记录到Redis结束
2017-12-28 14:55:16
同步学习报告记录到Redis结束
2017-12-28 14:55:26
同步学习报告记录到Redis结束
2017-12-28 14:55:33
刷新课本剧排行榜redis数据开始
2017-12-28 14:55:33
刷新课本剧排行榜redis数据结束
2017-12-28 14:55:36
班级变更同步学习报告记录到Redis结束
2017-12-28 14:55:46
同步学习报告记录到Redis结束
2017-12-28 14:55:56
同步学习报告记录到Redis开始
2017-12-28 14:55:56
班级变更同步学习报告记录到Redis开始
2017-12-28 14:55:56
班级变更同步学习报告记录到Redis结束
2017-12-28 14:56:06
同步学习报告记录到Redis开始
2017-12-28 14:56:06
班级变更同步学习报告记录到Redis结束
2017-12-28 14:56:16
同步学习报告记录到Redis开始
2017-12-28 14:56:16
班级变更同步学习报告记录到Redis开始
2017-12-28 14:56:16
班级变更同步学习报告记录到Redis结束
2017-12-28 14:56:26
同步学习报告记录到Redis开始
2017-12-28 14:56:26
班级变更同步学习报告记录到Redis开始
2017-12-28 14:56:26
班级变更同步学习报告记录到Redis结束
2017-12-28 14:56:33
刷新课本剧排行榜redis数据开始
2017-12-28 14:56:33
刷新课本剧排行榜redis数据结束
2017-12-28 14:56:36
同步学习报告记录到Redis开始
2017-12-28 14:56:36
班级变更同步学习报告记录到Redis开始
2017-12-28 14:56:36
班级变更同步学习报告记录到Redis结束
2017-12-28 14:56:46
同步学习报告记录到Redis开始
2017-12-28 14:56:46
班级变更同步学习报告记录到Redis结束
2017-12-28 14:56:56
同步学习报告记录到Redis开始
2017-12-28 14:56:56
班级变更同步学习报告记录到Redis开始
2017-12-28 14:56:56
班级变更同步学习报告记录到Redis结束
2017-12-28 14:57:06
同步学习报告记录到Redis开始
2017-12-28 14:57:06
同步学习报告记录到Redis结束
2017-12-28 14:57:07
班级变更同步学习报告记录到Redis结束
2017-12-28 14:57:17
班级变更同步学习报告记录到Redis结束
2017-12-28 14:57:27
同步学习报告记录到Redis开始
2017-12-28 14:57:27
同步学习报告记录到Redis结束
2017-12-28 14:57:33
刷新课本剧排行榜redis数据开始
2017-12-28 14:57:33
刷新课本剧排行榜redis数据结束
2017-12-28 14:57:37
班级变更同步学习报告记录到Redis结束
2017-12-28 14:57:47
同步学习报告记录到Redis结束
2017-12-28 14:57:57
同步学习报告记录到Redis结束
2017-12-28 14:58:07
班级变更同步学习报告记录到Redis开始
2017-12-28 14:58:07
班级变更同步学习报告记录到Redis结束
2017-12-28 14:58:07
同步学习报告记录到Redis结束
2017-12-28 14:58:17
班级变更同步学习报告记录到Redis开始
2017-12-28 14:58:17
班级变更同步学习报告记录到Redis结束
2017-12-28 14:58:27
班级变更同步学习报告记录到Redis结束
2017-12-28 14:58:27
同步学习报告记录到Redis结束
2017-12-28 14:58:33
刷新课本剧排行榜redis数据开始
2017-12-28 14:58:33
刷新课本剧排行榜redis数据结束
2017-12-28 14:58:37
同步学习报告记录到Redis结束
2017-12-28 14:58:37
班级变更同步学习报告记录到Redis结束
2017-12-28 14:58:47
同步学习报告记录到Redis开始
2017-12-28 14:58:47
同步学习报告记录到Redis结束
2017-12-28 14:58:57
班级变更同步学习报告记录到Redis结束
2017-12-28 14:59:07
班级变更同步学习报告记录到Redis结束
2017-12-28 14:59:07
同步学习报告记录到Redis结束
2017-12-28 14:59:17
同步学习报告记录到Redis结束
2017-12-28 14:59:27
班级变更同步学习报告记录到Redis结束
2017-12-28 14:59:33
刷新课本剧排行榜redis数据开始
2017-12-28 14:59:33
刷新课本剧排行榜redis数据结束
2017-12-28 14:59:37
同步学习报告记录到Redis结束
2017-12-28 14:59:47
同步学习报告记录到Redis结束
2017-12-28 14:59:57
班级变更同步学习报告记录到Redis结束
2017-12-28 15:00:07
班级变更同步学习报告记录到Redis开始
2017-12-28 15:00:07
同步学习报告记录到Redis开始
2017-12-28 15:00:07
班级变更同步学习报告记录到Redis结束
2017-12-28 15:00:07
同步学习报告记录到Redis结束
2017-12-28 15:00:17
同步学习报告记录到Redis结束
2017-12-28 15:00:27
班级变更同步学习报告记录到Redis结束
2017-12-28 15:00:27
同步学习报告记录到Redis结束
2017-12-28 15:00:33
刷新课本剧排行榜redis数据开始
2017-12-28 15:00:33
刷新课本剧排行榜redis数据结束
2017-12-28 15:00:37
班级变更同步学习报告记录到Redis结束
2017-12-28 15:00:47
同步学习报告记录到Redis结束
2017-12-28 15:00:57
同步学习报告记录到Redis结束
2017-12-28 15:01:07
班级变更同步学习报告记录到Redis开始
2017-12-28 15:01:07
同步学习报告记录到Redis结束
2017-12-28 15:01:17
同步学习报告记录到Redis结束
2017-12-28 15:01:17
班级变更同步学习报告记录到Redis结束
2017-12-28 15:01:27
班级变更同步学习报告记录到Redis开始
2017-12-28 15:01:27
同步学习报告记录到Redis结束
2017-12-28 15:01:27
班级变更同步学习报告记录到Redis结束
2017-12-28 15:01:33
刷新课本剧排行榜redis数据开始
2017-12-28 15:01:33
刷新课本剧排行榜redis数据结束
2017-12-28 15:01:37
同步学习报告记录到Redis结束
2017-12-28 15:01:37
班级变更同步学习报告记录到Redis结束
2017-12-28 15:01:47
班级变更同步学习报告记录到Redis开始
2017-12-28 15:01:47
同步学习报告记录到Redis结束
2017-12-28 15:01:57
同步学习报告记录到Redis结束
2017-12-28 15:01:57
班级变更同步学习报告记录到Redis结束
2017-12-28 15:02:07
班级变更同步学习报告记录到Redis开始
2017-12-28 15:02:07
班级变更同步学习报告记录到Redis结束
2017-12-28 15:02:07
同步学习报告记录到Redis结束
2017-12-28 15:02:17
班级变更同步学习报告记录到Redis结束
2017-12-28 15:02:17
同步学习报告记录到Redis结束
2017-12-28 15:02:27
同步学习报告记录到Redis结束
2017-12-28 15:02:33
SyncDubbingData趣配音报名同步开始
2017-12-28 15:02:33
SyncDubbingData趣配音同步数据成功2017/12/28 15:02:33
2017-12-28 15:02:33
SyncDubbingData趣配音报名同步结束
2017-12-28 15:02:33
刷新学生所在学校排行榜redis数据开始
2017-12-28 15:02:33
刷新学生所在学校排行榜redis数据结束
2017-12-28 15:02:33
趣配音报名补全用户信息SyncUserInfoRedisFromUMS开始
2017-12-28 15:02:33
趣配音报名补全用户信息SyncUserInfoRedisFromUMS结束
2017-12-28 15:02:33
刷新课本剧排行榜redis数据开始
2017-12-28 15:02:33
刷新课本剧排行榜redis数据结束
2017-12-28 15:02:37
班级变更同步学习报告记录到Redis结束
2017-12-28 15:02:37
同步学习报告记录到Redis结束
2017-12-28 15:02:47
同步学习报告记录到Redis结束
2017-12-28 15:02:47
班级变更同步学习报告记录到Redis结束
2017-12-28 15:02:57
同步学习报告记录到Redis结束
2017-12-28 15:03:07
班级变更同步学习报告记录到Redis结束
2017-12-28 15:03:07
同步学习报告记录到Redis结束
2017-12-28 15:03:17
班级变更同步学习报告记录到Redis结束
2017-12-28 15:03:27
班级变更同步学习报告记录到Redis结束
2017-12-28 15:03:33
刷新课本剧排行榜redis数据开始
2017-12-28 15:03:33
刷新课本剧排行榜redis数据结束
2017-12-28 15:03:37
同步学习报告记录到Redis结束
2017-12-28 15:03:47
班级变更同步学习报告记录到Redis结束
2017-12-28 15:03:57
同步学习报告记录到Redis结束
2017-12-28 15:04:07
同步学习报告记录到Redis开始
2017-12-28 15:04:07
班级变更同步学习报告记录到Redis结束
2017-12-28 15:04:17
班级变更同步学习报告记录到Redis结束
2017-12-28 15:04:27
同步学习报告记录到Redis结束
2017-12-28 15:04:33
刷新课本剧排行榜redis数据开始
2017-12-28 15:04:33
刷新课本剧排行榜redis数据结束
2017-12-28 15:04:37
班级变更同步学习报告记录到Redis结束
2017-12-28 15:04:47
同步学习报告记录到Redis结束
2017-12-28 15:04:57
班级变更同步学习报告记录到Redis结束
2017-12-28 15:05:07
同步学习报告记录到Redis开始
2017-12-28 15:05:07
同步学习报告记录到Redis结束
2017-12-28 15:05:17
同步学习报告记录到Redis结束
2017-12-28 15:05:27
班级变更同步学习报告记录到Redis结束
2017-12-28 15:05:33
刷新课本剧排行榜redis数据开始
2017-12-28 15:05:33
刷新课本剧排行榜redis数据结束
2017-12-28 15:05:37
班级变更同步学习报告记录到Redis结束
2017-12-28 15:05:47
同步学习报告记录到Redis结束
2017-12-28 15:05:57
班级变更同步学习报告记录到Redis结束
2017-12-28 15:06:07
同步学习报告记录到Redis开始
2017-12-28 15:06:07
同步学习报告记录到Redis结束
2017-12-28 15:06:17
同步学习报告记录到Redis开始
2017-12-28 15:06:17
班级变更同步学习报告记录到Redis开始
2017-12-28 15:06:17
同步学习报告记录到Redis结束
2017-12-28 15:06:17
班级变更同步学习报告记录到Redis结束
2017-12-28 15:06:27
班级变更同步学习报告记录到Redis开始
2017-12-28 15:06:27
班级变更同步学习报告记录到Redis结束
2017-12-28 15:06:33
刷新课本剧排行榜redis数据开始
2017-12-28 15:06:33
刷新课本剧排行榜redis数据结束
2017-12-28 15:06:37
班级变更同步学习报告记录到Redis开始
2017-12-28 15:06:37
班级变更同步学习报告记录到Redis结束
2017-12-28 15:06:47
同步学习报告记录到Redis结束
2017-12-28 15:06:57
班级变更同步学习报告记录到Redis结束
2017-12-28 15:07:07
班级变更同步学习报告记录到Redis结束
2017-12-28 15:07:17
班级变更同步学习报告记录到Redis结束
2017-12-28 15:07:27
同步学习报告记录到Redis结束
2017-12-28 15:07:33
刷新课本剧排行榜redis数据开始
2017-12-28 15:07:33
刷新课本剧排行榜redis数据结束
2017-12-28 15:07:37
班级变更同步学习报告记录到Redis结束
2017-12-28 15:07:47
同步学习报告记录到Redis结束
2017-12-28 15:07:57
同步学习报告记录到Redis结束
2017-12-28 15:08:07
班级变更同步学习报告记录到Redis结束
2017-12-28 15:08:17
同步学习报告记录到Redis结束
2017-12-28 15:08:17
班级变更同步学习报告记录到Redis结束
2017-12-28 15:08:27
班级变更同步学习报告记录到Redis结束
2017-12-28 15:08:33
刷新课本剧排行榜redis数据开始
2017-12-28 15:08:33
刷新课本剧排行榜redis数据结束
2017-12-28 15:08:37
同步学习报告记录到Redis开始
2017-12-28 15:08:38
同步学习报告记录到Redis结束
2017-12-28 15:08:47
班级变更同步学习报告记录到Redis结束
2017-12-28 15:08:57
班级变更同步学习报告记录到Redis结束
2017-12-28 15:08:57
同步学习报告记录到Redis结束
2017-12-28 15:09:07
同步学习报告记录到Redis开始
2017-12-28 15:09:07
同步学习报告记录到Redis结束
2017-12-28 15:09:18
班级变更同步学习报告记录到Redis结束
2017-12-28 15:09:28
同步学习报告记录到Redis结束
2017-12-28 15:09:33
刷新课本剧排行榜redis数据开始
2017-12-28 15:09:33
刷新课本剧排行榜redis数据结束
2017-12-28 15:09:38
班级变更同步学习报告记录到Redis结束
2017-12-28 15:09:48
同步学习报告记录到Redis结束
2017-12-28 15:09:58
班级变更同步学习报告记录到Redis结束
2017-12-28 15:10:08
班级变更同步学习报告记录到Redis开始
2017-12-28 15:10:08
班级变更同步学习报告记录到Redis结束
2017-12-28 15:10:18
同步学习报告记录到Redis结束
2017-12-28 15:10:18
班级变更同步学习报告记录到Redis结束
2017-12-28 15:10:28
同步学习报告记录到Redis开始
2017-12-28 15:10:28
班级变更同步学习报告记录到Redis结束
2017-12-28 15:10:33
刷新课本剧排行榜redis数据开始
2017-12-28 15:10:33
刷新课本剧排行榜redis数据结束
2017-12-28 15:10:38
同步学习报告记录到Redis开始
2017-12-28 15:10:38
班级变更同步学习报告记录到Redis开始
2017-12-28 15:10:38
同步学习报告记录到Redis结束
2017-12-28 15:10:38
班级变更同步学习报告记录到Redis结束
2017-12-28 15:10:48
同步学习报告记录到Redis结束
2017-12-28 15:10:48
班级变更同步学习报告记录到Redis结束
2017-12-28 15:10:58
班级变更同步学习报告记录到Redis开始
2017-12-28 15:10:58
同步学习报告记录到Redis结束
2017-12-28 15:10:58
班级变更同步学习报告记录到Redis结束
2017-12-28 15:11:08
班级变更同步学习报告记录到Redis结束
2017-12-28 15:11:18
同步学习报告记录到Redis开始
2017-12-28 15:11:18
同步学习报告记录到Redis结束
2017-12-28 15:11:18
班级变更同步学习报告记录到Redis结束
2017-12-28 15:11:28
班级变更同步学习报告记录到Redis结束
2017-12-28 15:11:33
刷新课本剧排行榜redis数据开始
2017-12-28 15:11:33
刷新课本剧排行榜redis数据结束
2017-12-28 15:11:38
同步学习报告记录到Redis开始
2017-12-28 15:11:38
同步学习报告记录到Redis结束
2017-12-28 15:11:48
班级变更同步学习报告记录到Redis开始
2017-12-28 15:11:48
同步学习报告记录到Redis结束
2017-12-28 15:11:48
班级变更同步学习报告记录到Redis结束
2017-12-28 15:11:58
班级变更同步学习报告记录到Redis结束
2017-12-28 15:12:08
同步学习报告记录到Redis结束
2017-12-28 15:12:18
班级变更同步学习报告记录到Redis结束
2017-12-28 15:12:28
同步学习报告记录到Redis开始
2017-12-28 15:12:28
同步学习报告记录到Redis结束
2017-12-28 15:12:33
同步学订单同步开始
2017-12-28 15:12:33
同步学订单同步结束
2017-12-28 15:12:33
趣配音报名补全用户信息SyncUserInfoRedisFromUMS开始
2017-12-28 15:12:33
趣配音报名补全用户信息SyncUserInfoRedisFromUMS结束
2017-12-28 15:12:33
SyncDubbingData趣配音报名同步开始
2017-12-28 15:12:33
SyncDubbingData趣配音同步数据成功2017/12/28 15:12:33
2017-12-28 15:12:33
SyncDubbingData趣配音报名同步结束
2017-12-28 15:12:33
刷新学生所在学校排行榜redis数据开始
2017-12-28 15:12:33
刷新学生所在学校排行榜redis数据结束
2017-12-28 15:12:33
同步学用户同步开始
2017-12-28 15:12:33
同步学用户同步结束
2017-12-28 15:12:33
刷新课本剧排行榜redis数据开始
2017-12-28 15:12:33
刷新课本剧排行榜redis数据结束
2017-12-28 15:12:38
班级变更同步学习报告记录到Redis结束
2017-12-28 15:12:48
同步学习报告记录到Redis结束
2017-12-28 15:12:58
班级变更同步学习报告记录到Redis结束
2017-12-28 15:12:58
同步学习报告记录到Redis结束
2017-12-28 15:13:08
同步学习报告记录到Redis结束
2017-12-28 15:13:08
班级变更同步学习报告记录到Redis结束
2017-12-28 15:13:18
同步学习报告记录到Redis结束
2017-12-28 15:13:28
班级变更同步学习报告记录到Redis结束
2017-12-28 15:13:28
同步学习报告记录到Redis结束
2017-12-28 15:13:33
刷新课本剧排行榜redis数据开始
2017-12-28 15:13:33
刷新课本剧排行榜redis数据结束
2017-12-28 15:13:38
班级变更同步学习报告记录到Redis结束
2017-12-28 15:13:48
班级变更同步学习报告记录到Redis结束
2017-12-28 15:13:58
同步学习报告记录到Redis结束
2017-12-28 15:13:58
班级变更同步学习报告记录到Redis结束
2017-12-28 15:14:08
班级变更同步学习报告记录到Redis结束
2017-12-28 15:14:18
班级变更同步学习报告记录到Redis结束
2017-12-28 15:14:28
班级变更同步学习报告记录到Redis开始
2017-12-28 15:14:28
同步学习报告记录到Redis结束
2017-12-28 15:14:28
班级变更同步学习报告记录到Redis结束
2017-12-28 15:14:33
刷新课本剧排行榜redis数据开始
2017-12-28 15:14:33
刷新课本剧排行榜redis数据结束
2017-12-28 15:14:38
同步学习报告记录到Redis结束
2017-12-28 15:14:48
同步学习报告记录到Redis结束
2017-12-28 15:14:58
同步学习报告记录到Redis结束
2017-12-28 15:15:08
同步学习报告记录到Redis开始
2017-12-28 15:15:08
班级变更同步学习报告记录到Redis结束
2017-12-28 15:15:18
同步学习报告记录到Redis结束
2017-12-28 15:15:28
同步学习报告记录到Redis开始
2017-12-28 15:15:28
同步学习报告记录到Redis结束
2017-12-28 15:15:33
刷新课本剧排行榜redis数据开始
2017-12-28 15:15:33
刷新课本剧排行榜redis数据结束
2017-12-28 15:15:38
同步学习报告记录到Redis开始
2017-12-28 15:15:38
班级变更同步学习报告记录到Redis开始
2017-12-28 15:15:38
班级变更同步学习报告记录到Redis结束
2017-12-28 15:15:48
班级变更同步学习报告记录到Redis开始
2017-12-28 15:15:48
同步学习报告记录到Redis结束
2017-12-28 15:15:58
班级变更同步学习报告记录到Redis结束
2017-12-28 15:16:08
班级变更同步学习报告记录到Redis开始
2017-12-28 15:16:08
班级变更同步学习报告记录到Redis结束
2017-12-28 15:16:18
班级变更同步学习报告记录到Redis结束
2017-12-28 15:16:28
班级变更同步学习报告记录到Redis结束
2017-12-28 15:16:33
刷新课本剧排行榜redis数据开始
2017-12-28 15:16:33
刷新课本剧排行榜redis数据结束
2017-12-28 15:16:38
班级变更同步学习报告记录到Redis结束
2017-12-28 15:16:48
同步学习报告记录到Redis开始
2017-12-28 15:16:48
同步学习报告记录到Redis结束
2017-12-28 15:16:58
班级变更同步学习报告记录到Redis开始
2017-12-28 15:16:58
同步学习报告记录到Redis开始
2017-12-28 15:16:58
同步学习报告记录到Redis结束
2017-12-28 15:17:08
班级变更同步学习报告记录到Redis结束
2017-12-28 15:17:18
班级变更同步学习报告记录到Redis结束
2017-12-28 15:17:18
同步学习报告记录到Redis结束
2017-12-28 15:17:28
班级变更同步学习报告记录到Redis结束
2017-12-28 15:17:28
同步学习报告记录到Redis结束
2017-12-28 15:17:33
刷新课本剧排行榜redis数据开始
2017-12-28 15:17:33
刷新课本剧排行榜redis数据结束
2017-12-28 15:17:38
班级变更同步学习报告记录到Redis结束
2017-12-28 15:17:48
班级变更同步学习报告记录到Redis结束
2017-12-28 15:17:58
同步学习报告记录到Redis结束
2017-12-28 15:18:08
同步学习报告记录到Redis结束
2017-12-28 15:18:18
同步学习报告记录到Redis开始
2017-12-28 15:18:18
同步学习报告记录到Redis结束
2017-12-28 15:18:28
同步学习报告记录到Redis开始
2017-12-28 15:18:28
同步学习报告记录到Redis结束
2017-12-28 15:18:33
刷新课本剧排行榜redis数据开始
2017-12-28 15:18:33
刷新课本剧排行榜redis数据结束
2017-12-28 15:18:38
同步学习报告记录到Redis开始
2017-12-28 15:18:38
班级变更同步学习报告记录到Redis结束
2017-12-28 15:18:38
同步学习报告记录到Redis结束
2017-12-28 15:18:48
同步学习报告记录到Redis开始
2017-12-28 15:18:48
同步学习报告记录到Redis结束
2017-12-28 15:18:58
班级变更同步学习报告记录到Redis结束
2017-12-28 15:19:08
同步学习报告记录到Redis结束
2017-12-28 15:19:18
班级变更同步学习报告记录到Redis结束
2017-12-28 15:19:28
同步学习报告记录到Redis结束
2017-12-28 15:19:33
刷新课本剧排行榜redis数据开始
2017-12-28 15:19:34
刷新课本剧排行榜redis数据结束
2017-12-28 15:19:38
同步学习报告记录到Redis结束
2017-12-28 15:19:48
同步学习报告记录到Redis结束
2017-12-28 15:19:58
班级变更同步学习报告记录到Redis结束
2017-12-28 15:20:08
班级变更同步学习报告记录到Redis开始
2017-12-28 15:20:08
同步学习报告记录到Redis结束
2017-12-28 15:20:18
班级变更同步学习报告记录到Redis结束
2017-12-28 15:20:28
同步学习报告记录到Redis开始
2017-12-28 15:20:28
班级变更同步学习报告记录到Redis结束
2017-12-28 15:20:34
刷新课本剧排行榜redis数据开始
2017-12-28 15:20:34
刷新课本剧排行榜redis数据结束
2017-12-28 15:20:38
班级变更同步学习报告记录到Redis开始
2017-12-28 15:20:38
班级变更同步学习报告记录到Redis结束
2017-12-28 15:20:48
班级变更同步学习报告记录到Redis开始
2017-12-28 15:20:48
同步学习报告记录到Redis结束
2017-12-28 15:20:59
同步学习报告记录到Redis结束
2017-12-28 15:20:59
班级变更同步学习报告记录到Redis结束
2017-12-28 15:21:08
班级变更同步学习报告记录到Redis开始
2017-12-28 15:21:09
同步学习报告记录到Redis结束
2017-12-28 15:21:19
班级变更同步学习报告记录到Redis结束
2017-12-28 15:21:29
班级变更同步学习报告记录到Redis结束
2017-12-28 15:21:34
刷新课本剧排行榜redis数据开始
2017-12-28 15:21:34
刷新课本剧排行榜redis数据结束
2017-12-28 15:21:39
同步学习报告记录到Redis结束
2017-12-28 15:21:49
同步学习报告记录到Redis开始
2017-12-28 15:21:49
班级变更同步学习报告记录到Redis结束
2017-12-28 15:21:49
同步学习报告记录到Redis结束
2017-12-28 15:21:59
同步学习报告记录到Redis结束
2017-12-28 15:21:59
班级变更同步学习报告记录到Redis结束
2017-12-28 15:22:09
同步学习报告记录到Redis开始
2017-12-28 15:22:09
同步学习报告记录到Redis结束
2017-12-28 15:22:19
同步学习报告记录到Redis开始
2017-12-28 15:22:19
班级变更同步学习报告记录到Redis结束
2017-12-28 15:22:29
同步学习报告记录到Redis开始
2017-12-28 15:22:29
班级变更同步学习报告记录到Redis结束
2017-12-28 15:22:33
SyncDubbingData趣配音报名同步开始
2017-12-28 15:22:33
SyncDubbingData趣配音同步数据成功2017/12/28 15:22:33
2017-12-28 15:22:33
SyncDubbingData趣配音报名同步结束
2017-12-28 15:22:33
刷新学生所在学校排行榜redis数据开始
2017-12-28 15:22:33
刷新学生所在学校排行榜redis数据结束
2017-12-28 15:22:33
趣配音报名补全用户信息SyncUserInfoRedisFromUMS开始
2017-12-28 15:22:33
趣配音报名补全用户信息SyncUserInfoRedisFromUMS结束
2017-12-28 15:22:34
刷新课本剧排行榜redis数据开始
2017-12-28 15:22:34
刷新课本剧排行榜redis数据结束
2017-12-28 15:22:39
班级变更同步学习报告记录到Redis结束
2017-12-28 15:22:49
同步学习报告记录到Redis结束
2017-12-28 15:22:59
同步学习报告记录到Redis开始
2017-12-28 15:22:59
班级变更同步学习报告记录到Redis结束
2017-12-28 15:23:09
班级变更同步学习报告记录到Redis结束
2017-12-28 15:23:09
同步学习报告记录到Redis结束
2017-12-28 15:23:19
班级变更同步学习报告记录到Redis结束
2017-12-28 15:23:29
同步学习报告记录到Redis结束
2017-12-28 15:23:34
刷新课本剧排行榜redis数据开始
2017-12-28 15:23:34
刷新课本剧排行榜redis数据结束
2017-12-28 15:23:39
同步学习报告记录到Redis开始
2017-12-28 15:23:39
同步学习报告记录到Redis结束
2017-12-28 15:23:49
班级变更同步学习报告记录到Redis结束
2017-12-28 15:23:49
同步学习报告记录到Redis结束
2017-12-28 15:23:59
班级变更同步学习报告记录到Redis开始
2017-12-28 15:23:59
班级变更同步学习报告记录到Redis结束
2017-12-28 15:24:09
同步学习报告记录到Redis开始
2017-12-28 15:24:09
同步学习报告记录到Redis结束
2017-12-28 15:25:12
定时任务
2017-12-28 15:25:13
初始化SZ学习报告记录到Redis开始
2017-12-28 15:25:14
初始化SZ学习报告记录到Redis结束
2017-12-28 15:26:35
定时任务
2017-12-28 15:26:38
初始化SZ学习报告记录到Redis开始
2017-12-28 15:37:57
定时任务
2017-12-28 15:38:29
初始化SZ学习报告记录到Redis开始
2017-12-28 15:39:11
初始化SZ学习报告记录到Redis结束
2017-12-28 15:39:41
定时任务
2017-12-28 15:39:42
初始化SZ学习报告记录到Redis开始
2017-12-28 15:40:14
初始化SZ学习报告记录到Redis结束
2017-12-28 16:06:43
定时任务
2017-12-28 16:06:44
初始化SZ学习报告记录到Redis开始
2017-12-28 16:06:59
初始化SZ学习报告记录到Redis结束
2017-12-28 16:07:32
定时任务
2017-12-28 16:07:33
初始化SZ学习报告记录到Redis开始
2017-12-28 16:07:40
初始化SZ学习报告记录到Redis结束
