2017-12-25 19:16:54
定时任务
2017-12-25 19:16:59
班级变更同步学习报告记录到Redis开始
2017-12-25 19:16:59
同步学习报告记录到Redis开始
2017-12-25 19:17:00
班级变更同步学习报告记录到Redis结束
2017-12-25 19:17:25
同步学习报告记录到Redis结束
2017-12-25 19:17:25
同步学习报告记录到Redis开始
2017-12-25 19:17:25
班级变更同步学习报告记录到Redis开始
2017-12-25 19:17:25
班级变更同步学习报告记录到Redis结束
2017-12-25 19:19:45
定时任务
2017-12-25 19:19:47
班级变更同步学习报告记录到Redis开始
2017-12-25 19:19:47
同步学习报告记录到Redis开始
2017-12-25 19:19:47
班级变更同步学习报告记录到Redis结束
2017-12-25 19:19:47
同步学习报告记录到Redis结束
2017-12-25 19:19:47
刷新课本剧排行榜redis数据开始
2017-12-25 19:19:59
同步学习报告记录到Redis开始
2017-12-25 19:19:59
同步学习报告记录到Redis结束
2017-12-25 19:20:03
班级变更同步学习报告记录到Redis开始
2017-12-25 19:20:04
班级变更同步学习报告记录到Redis结束
2017-12-25 19:21:21
班级变更同步学习报告记录到Redis开始
2017-12-25 19:21:23
班级变更同步学习报告记录到Redis结束
2017-12-25 19:21:23
同步学习报告记录到Redis开始
2017-12-25 19:21:23
同步学习报告记录到Redis结束
