2017-12-07 09:18:46
定时任务
2017-12-07 09:18:46
同步学习报告记录到Redis开始
2017-12-07 09:18:46
同步学习报告记录到Redis结束
2017-12-07 09:19:46
同步学习报告记录到Redis开始
2017-12-07 09:19:46
刷新课本剧排行榜redis数据开始
2017-12-07 09:19:46
同步学习报告记录到Redis结束
2017-12-07 09:19:46
刷新课本剧排行榜redis数据结束
2017-12-07 09:19:49
进程即将被IIS回收
2017-12-07 09:19:49
重新访问一个页面，以唤醒服务
2017-12-07 09:19:49
重新访问一个页面,地址：http://localhost:50868/
2017-12-07 09:19:49
重新访问一个页面,httpWebRequest
2017-12-07 09:19:52
定时任务
2017-12-07 09:19:52
同步学习报告记录到Redis开始
2017-12-07 09:19:52
同步学习报告记录到Redis结束
2017-12-07 09:19:53
重新访问一个页面,httpWebResponse
2017-12-07 09:19:53
重新访问一个页面,得到回写的字节流stream
2017-12-07 09:19:53
重新访问一个页面，唤醒服务成功,地址：http://localhost:50868/
2017-12-07 09:20:42
进程即将被IIS回收
2017-12-07 09:20:42
重新访问一个页面，以唤醒服务
2017-12-07 09:20:42
重新访问一个页面,地址：http://localhost:50868/
2017-12-07 09:20:42
重新访问一个页面,httpWebRequest
2017-12-07 09:20:43
定时任务
2017-12-07 09:20:43
同步学习报告记录到Redis开始
2017-12-07 09:20:43
同步学习报告记录到Redis结束
2017-12-07 09:20:43
重新访问一个页面,httpWebResponse
2017-12-07 09:20:43
重新访问一个页面,得到回写的字节流stream
2017-12-07 09:20:43
重新访问一个页面，唤醒服务成功,地址：http://localhost:50868/
2017-12-07 09:21:13
进程即将被IIS回收
2017-12-07 09:21:13
重新访问一个页面，以唤醒服务
2017-12-07 09:21:13
重新访问一个页面,地址：http://localhost:50868/
2017-12-07 09:21:13
重新访问一个页面,httpWebRequest
2017-12-07 09:21:19
定时任务
2017-12-07 09:21:20
同步学习报告记录到Redis开始
2017-12-07 09:21:20
同步学习报告记录到Redis结束
2017-12-07 09:21:22
重新访问一个页面,httpWebResponse
2017-12-07 09:21:22
重新访问一个页面,得到回写的字节流stream
2017-12-07 09:21:22
重新访问一个页面，唤醒服务成功,地址：http://localhost:50868/
2017-12-07 09:22:20
刷新课本剧排行榜redis数据开始
2017-12-07 09:22:20
插入用户配音数据9716;是否成功：True
2017-12-07 09:22:20
插入校级榜数据:UserID:454582054;是否成功：False
2017-12-07 09:22:20
插入班级榜数据：UserID:454582054;是否成功：False
2017-12-07 09:22:20
插入最新榜数据UserID454582054;是否成功：False
2017-12-07 09:22:20
刷新课本剧排行榜redis数据结束
2017-12-07 09:22:20
同步学习报告记录到Redis结束
2017-12-07 09:23:20
同步学习报告记录到Redis开始
2017-12-07 09:23:20
刷新课本剧排行榜redis数据开始
2017-12-07 09:23:20
同步学习报告记录到Redis结束
2017-12-07 09:23:20
刷新课本剧排行榜redis数据结束
2017-12-07 09:24:20
同步学习报告记录到Redis开始
2017-12-07 09:24:20
同步学习报告记录到Redis结束
2017-12-07 09:24:20
刷新课本剧排行榜redis数据结束
2017-12-07 09:25:20
同步学习报告记录到Redis开始
2017-12-07 09:25:20
刷新课本剧排行榜redis数据开始
2017-12-07 09:25:20
同步学习报告记录到Redis结束
2017-12-07 09:25:20
刷新课本剧排行榜redis数据结束
2017-12-07 09:26:20
同步学习报告记录到Redis结束
2017-12-07 09:26:20
刷新课本剧排行榜redis数据结束
2017-12-07 09:27:20
同步学习报告记录到Redis开始
2017-12-07 09:27:20
刷新课本剧排行榜redis数据结束
2017-12-07 09:27:20
同步学习报告记录到Redis结束
2017-12-07 09:28:20
刷新课本剧排行榜redis数据开始
2017-12-07 09:28:20
同步学习报告记录到Redis结束
2017-12-07 09:28:20
刷新课本剧排行榜redis数据结束
2017-12-07 09:29:20
同步学习报告记录到Redis开始
2017-12-07 09:29:20
刷新课本剧排行榜redis数据结束
2017-12-07 09:30:20
同步学习报告记录到Redis结束
2017-12-07 09:30:20
刷新课本剧排行榜redis数据结束
2017-12-07 09:31:20
SyncDubbingData趣配音报名同步开始
2017-12-07 09:31:20
同步学习报告记录到Redis开始
2017-12-07 09:31:20
同步学习报告记录到Redis结束
2017-12-07 09:31:20
刷新课本剧排行榜redis数据开始
2017-12-07 09:31:20
刷新课本剧排行榜redis数据结束
2017-12-07 09:31:20
SyncDubbingData趣配音同步数据成功2017/12/7 9:31:20
2017-12-07 09:31:20
SyncDubbingData趣配音报名同步结束
2017-12-07 09:31:20
趣配音报名补全用户信息SyncUserInfoRedisFromUMS开始
2017-12-07 09:31:20
趣配音报名补全用户信息SyncUserInfoRedisFromUMS结束
2017-12-07 09:31:20
刷新学生所在学校排行榜redis数据开始
2017-12-07 09:31:21
刷新学生所在学校排行榜redis数据结束
2017-12-07 09:32:20
同步学习报告记录到Redis开始
2017-12-07 09:32:20
同步学习报告记录到Redis结束
2017-12-07 09:33:20
同步学习报告记录到Redis开始
2017-12-07 09:33:20
刷新课本剧排行榜redis数据开始
2017-12-07 09:33:20
同步学习报告记录到Redis结束
2017-12-07 09:33:20
刷新课本剧排行榜redis数据结束
2017-12-07 09:34:20
同步学习报告记录到Redis开始
2017-12-07 09:34:20
刷新课本剧排行榜redis数据结束
2017-12-07 09:35:20
刷新课本剧排行榜redis数据开始
2017-12-07 09:35:20
同步学习报告记录到Redis开始
2017-12-07 09:35:20
刷新课本剧排行榜redis数据结束
2017-12-07 09:35:20
同步学习报告记录到Redis结束
2017-12-07 09:36:20
刷新课本剧排行榜redis数据开始
2017-12-07 09:36:20
同步学习报告记录到Redis开始
2017-12-07 09:36:20
同步学习报告记录到Redis结束
2017-12-07 09:36:20
刷新课本剧排行榜redis数据结束
2017-12-07 09:37:20
刷新课本剧排行榜redis数据开始
2017-12-07 09:37:20
刷新课本剧排行榜redis数据结束
2017-12-07 09:38:20
同步学习报告记录到Redis开始
2017-12-07 09:38:20
同步学习报告记录到Redis结束
2017-12-07 09:39:20
同步学习报告记录到Redis结束
2017-12-07 09:39:20
刷新课本剧排行榜redis数据结束
2017-12-07 09:40:20
刷新课本剧排行榜redis数据开始
2017-12-07 09:40:20
同步学习报告记录到Redis结束
2017-12-07 09:41:20
刷新学生所在学校排行榜redis数据开始
2017-12-07 09:41:20
同步学习报告记录到Redis开始
2017-12-07 09:41:20
刷新学生所在学校排行榜redis数据结束
2017-12-07 09:41:20
趣配音报名补全用户信息SyncUserInfoRedisFromUMS开始
2017-12-07 09:41:20
刷新课本剧排行榜redis数据开始
2017-12-07 09:41:20
刷新课本剧排行榜redis数据结束
2017-12-07 09:41:20
趣配音报名补全用户信息SyncUserInfoRedisFromUMS结束
2017-12-07 09:41:20
SyncDubbingData趣配音报名同步开始
2017-12-07 09:41:20
SyncDubbingData趣配音同步数据成功2017/12/7 9:41:20
2017-12-07 09:41:20
SyncDubbingData趣配音报名同步结束
2017-12-07 09:42:20
刷新课本剧排行榜redis数据开始
2017-12-07 09:42:20
刷新课本剧排行榜redis数据结束
2017-12-07 09:42:20
同步学习报告记录到Redis结束
2017-12-07 09:43:20
刷新课本剧排行榜redis数据结束
2017-12-07 09:43:20
同步学习报告记录到Redis结束
2017-12-07 09:44:20
刷新课本剧排行榜redis数据开始
2017-12-07 09:44:20
同步学习报告记录到Redis结束
2017-12-07 09:44:20
刷新课本剧排行榜redis数据结束
2017-12-07 09:44:32
进程即将被IIS回收
2017-12-07 09:44:32
重新访问一个页面，以唤醒服务
2017-12-07 09:44:32
重新访问一个页面,地址：http://localhost:50868/
2017-12-07 09:44:32
重新访问一个页面,httpWebRequest
2017-12-07 09:44:35
定时任务
2017-12-07 09:44:35
同步学习报告记录到Redis开始
2017-12-07 09:44:35
同步学习报告记录到Redis结束
2017-12-07 09:44:36
重新访问一个页面,httpWebResponse
2017-12-07 09:44:36
重新访问一个页面,得到回写的字节流stream
2017-12-07 09:44:36
重新访问一个页面，唤醒服务成功,地址：http://localhost:50868/
2017-12-07 09:45:35
刷新课本剧排行榜redis数据结束
2017-12-07 09:45:35
同步学习报告记录到Redis结束
2017-12-07 09:46:35
刷新课本剧排行榜redis数据开始
2017-12-07 09:46:35
刷新课本剧排行榜redis数据结束
2017-12-07 09:47:35
刷新课本剧排行榜redis数据结束
2017-12-07 09:47:35
同步学习报告记录到Redis结束
2017-12-07 09:48:35
同步学习报告记录到Redis开始
2017-12-07 09:48:35
刷新课本剧排行榜redis数据开始
2017-12-07 09:48:35
同步学习报告记录到Redis结束
2017-12-07 09:48:35
刷新课本剧排行榜redis数据结束
2017-12-07 09:49:35
同步学习报告记录到Redis开始
2017-12-07 09:49:35
同步学习报告记录到Redis结束
2017-12-07 09:49:35
刷新课本剧排行榜redis数据结束
2017-12-07 09:50:03
进程即将被IIS回收
2017-12-07 09:50:03
重新访问一个页面，以唤醒服务
2017-12-07 09:50:03
重新访问一个页面,地址：http://localhost:50868/
2017-12-07 09:50:03
重新访问一个页面,httpWebRequest
2017-12-07 09:50:07
定时任务
2017-12-07 09:50:07
同步学习报告记录到Redis开始
2017-12-07 09:50:07
同步学习报告记录到Redis结束
2017-12-07 09:50:08
重新访问一个页面,httpWebResponse
2017-12-07 09:50:08
重新访问一个页面,得到回写的字节流stream
2017-12-07 09:50:08
重新访问一个页面，唤醒服务成功,地址：http://localhost:50868/
2017-12-07 09:51:07
同步学习报告记录到Redis开始
2017-12-07 09:51:07
同步学习报告记录到Redis结束
2017-12-07 09:51:07
刷新课本剧排行榜redis数据结束
2017-12-07 09:52:07
同步学习报告记录到Redis开始
2017-12-07 09:52:07
刷新课本剧排行榜redis数据结束
2017-12-07 09:52:07
同步学习报告记录到Redis结束
2017-12-07 09:53:07
同步学习报告记录到Redis开始
2017-12-07 09:53:07
刷新课本剧排行榜redis数据开始
2017-12-07 09:53:07
同步学习报告记录到Redis结束
2017-12-07 09:53:07
刷新课本剧排行榜redis数据结束
2017-12-07 09:54:07
同步学习报告记录到Redis开始
2017-12-07 09:54:07
刷新课本剧排行榜redis数据开始
2017-12-07 09:54:07
同步学习报告记录到Redis结束
2017-12-07 09:54:07
刷新课本剧排行榜redis数据结束
2017-12-07 09:55:07
刷新课本剧排行榜redis数据开始
2017-12-07 09:55:07
同步学习报告记录到Redis开始
2017-12-07 09:55:07
插入用户配音数据9717;是否成功：True
2017-12-07 09:55:07
插入校级榜数据:UserID:454582054;是否成功：False
2017-12-07 09:55:07
插入班级榜数据：UserID:454582054;是否成功：False
2017-12-07 09:55:07
插入最新榜数据UserID454582054;是否成功：False
2017-12-07 09:55:07
刷新课本剧排行榜redis数据结束
2017-12-07 09:55:07
同步学习报告记录到Redis结束
2017-12-07 09:56:07
同步学习报告记录到Redis开始
2017-12-07 09:56:07
刷新课本剧排行榜redis数据结束
2017-12-07 09:57:07
刷新课本剧排行榜redis数据开始
2017-12-07 09:57:07
刷新课本剧排行榜redis数据结束
2017-12-07 09:57:50
进程即将被IIS回收
2017-12-07 09:57:50
重新访问一个页面，以唤醒服务
2017-12-07 09:57:50
重新访问一个页面,地址：http://localhost:50868/
2017-12-07 09:57:50
重新访问一个页面,httpWebRequest
2017-12-07 09:57:54
定时任务
2017-12-07 09:57:55
同步学习报告记录到Redis开始
2017-12-07 09:57:55
同步学习报告记录到Redis结束
2017-12-07 09:57:56
重新访问一个页面,httpWebResponse
2017-12-07 09:57:56
重新访问一个页面,得到回写的字节流stream
2017-12-07 09:57:56
重新访问一个页面，唤醒服务成功,地址：http://localhost:50868/
2017-12-07 09:58:55
刷新课本剧排行榜redis数据开始
2017-12-07 09:58:55
同步学习报告记录到Redis开始
2017-12-07 09:58:55
刷新课本剧排行榜redis数据结束
2017-12-07 09:58:55
同步学习报告记录到Redis结束
2017-12-07 09:59:55
刷新课本剧排行榜redis数据结束
2017-12-07 09:59:55
同步学习报告记录到Redis结束
2017-12-07 10:00:55
刷新课本剧排行榜redis数据开始
2017-12-07 10:00:55
同步学习报告记录到Redis开始
2017-12-07 10:00:55
同步学习报告记录到Redis结束
2017-12-07 10:01:55
刷新课本剧排行榜redis数据开始
2017-12-07 10:01:55
同步学习报告记录到Redis结束
2017-12-07 10:01:55
刷新课本剧排行榜redis数据结束
2017-12-07 10:02:55
刷新课本剧排行榜redis数据开始
2017-12-07 10:02:55
刷新课本剧排行榜redis数据结束
2017-12-07 10:02:55
同步学习报告记录到Redis结束
2017-12-07 10:03:55
同步学习报告记录到Redis开始
2017-12-07 10:03:55
刷新课本剧排行榜redis数据开始
2017-12-07 10:03:55
刷新课本剧排行榜redis数据结束
2017-12-07 10:04:55
同步学习报告记录到Redis开始
2017-12-07 10:04:55
同步学习报告记录到Redis结束
2017-12-07 10:04:55
刷新课本剧排行榜redis数据结束
2017-12-07 10:05:55
刷新课本剧排行榜redis数据开始
2017-12-07 10:05:55
刷新课本剧排行榜redis数据结束
2017-12-07 10:06:55
同步学习报告记录到Redis开始
2017-12-07 10:06:55
刷新课本剧排行榜redis数据结束
2017-12-07 10:06:55
同步学习报告记录到Redis结束
2017-12-07 10:07:55
SyncDubbingData趣配音报名同步开始
2017-12-07 10:07:55
同步学习报告记录到Redis开始
2017-12-07 10:07:55
同步学习报告记录到Redis结束
2017-12-07 10:07:55
刷新课本剧排行榜redis数据开始
2017-12-07 10:07:55
刷新课本剧排行榜redis数据结束
2017-12-07 10:07:55
SyncDubbingData趣配音同步数据成功2017/12/7 10:07:55
2017-12-07 10:07:55
SyncDubbingData趣配音报名同步结束
2017-12-07 10:07:55
趣配音报名补全用户信息SyncUserInfoRedisFromUMS开始
2017-12-07 10:07:55
趣配音报名补全用户信息SyncUserInfoRedisFromUMS结束
2017-12-07 10:07:55
刷新学生所在学校排行榜redis数据开始
2017-12-07 10:07:55
刷新学生所在学校排行榜redis数据结束
2017-12-07 10:08:55
同步学习报告记录到Redis开始
2017-12-07 10:08:55
同步学习报告记录到Redis结束
2017-12-07 10:09:55
同步学习报告记录到Redis开始
2017-12-07 10:09:55
刷新课本剧排行榜redis数据结束
2017-12-07 10:09:55
同步学习报告记录到Redis结束
2017-12-07 10:10:55
同步学习报告记录到Redis开始
2017-12-07 10:10:55
刷新课本剧排行榜redis数据结束
2017-12-07 10:10:55
同步学习报告记录到Redis结束
2017-12-07 10:11:55
同步学习报告记录到Redis开始
2017-12-07 10:11:55
同步学习报告记录到Redis结束
2017-12-07 10:11:55
刷新课本剧排行榜redis数据开始
2017-12-07 10:11:55
刷新课本剧排行榜redis数据结束
2017-12-07 10:12:55
刷新课本剧排行榜redis数据开始
2017-12-07 10:12:55
同步学习报告记录到Redis开始
2017-12-07 10:12:55
同步学习报告记录到Redis结束
2017-12-07 10:13:18
进程即将被IIS回收
2017-12-07 10:13:18
重新访问一个页面，以唤醒服务
2017-12-07 10:13:18
重新访问一个页面,地址：http://localhost:50868/
2017-12-07 10:13:18
重新访问一个页面,httpWebRequest
2017-12-07 10:13:23
定时任务
2017-12-07 10:13:23
同步学习报告记录到Redis开始
2017-12-07 10:13:23
同步学习报告记录到Redis结束
2017-12-07 10:13:24
重新访问一个页面,httpWebResponse
2017-12-07 10:13:24
重新访问一个页面,得到回写的字节流stream
2017-12-07 10:13:24
重新访问一个页面，唤醒服务成功,地址：http://localhost:50868/
2017-12-07 10:13:53
进程即将被IIS回收
2017-12-07 10:13:53
重新访问一个页面，以唤醒服务
2017-12-07 10:13:53
重新访问一个页面,地址：http://localhost:50868/
2017-12-07 10:13:53
重新访问一个页面,httpWebRequest
2017-12-07 10:14:13
定时任务
2017-12-07 10:14:31
同步学习报告记录到Redis开始
2017-12-07 10:16:49
刷新课本剧排行榜redis数据开始
2017-12-07 10:16:58
插入用户配音数据9719;是否成功：True
2017-12-07 10:17:01
插入校级榜数据:UserID:454582054;是否成功：False
2017-12-07 10:17:05
插入班级榜数据：UserID:454582054;是否成功：False
2017-12-07 10:17:08
插入最新榜数据UserID454582054;是否成功：False
2017-12-07 10:17:12
刷新课本剧排行榜redis数据结束
2017-12-07 10:17:14
同步学习报告记录到Redis结束
2017-12-07 10:17:14
同步学习报告记录到Redis开始
2017-12-07 13:54:16
定时任务
2017-12-07 13:55:24
同步学习报告记录到Redis开始
2017-12-07 14:41:22
定时任务
2017-12-07 14:42:33
同步学习报告记录到Redis开始
2017-12-07 14:42:33
同步学习报告记录到Redis结束
2017-12-07 14:43:45
刷新课本剧排行榜redis数据结束
2017-12-07 15:03:29
定时任务
2017-12-07 15:05:45
同步学习报告记录到Redis开始
2017-12-07 15:05:52
同步学习报告记录到Redis结束
2017-12-07 15:07:25
刷新课本剧排行榜redis数据开始
2017-12-07 15:07:25
刷新课本剧排行榜redis数据结束
2017-12-07 15:07:46
刷新课本剧排行榜redis数据开始
2017-12-07 15:07:49
刷新课本剧排行榜redis数据结束
2017-12-07 15:37:11
定时任务
2017-12-07 15:37:17
同步学习报告记录到Redis开始
2017-12-07 15:39:04
定时任务
2017-12-07 15:40:54
定时任务
2017-12-07 15:51:21
定时任务
2017-12-07 15:51:49
同步学习报告记录到Redis开始
2017-12-07 15:53:01
定时任务
2017-12-07 15:53:06
同步学习报告记录到Redis开始
2017-12-07 15:53:18
同步学习报告记录到Redis结束
2017-12-07 15:55:09
定时任务
2017-12-07 15:55:10
同步学习报告记录到Redis开始
2017-12-07 16:00:32
定时任务
2017-12-07 16:00:34
同步学习报告记录到Redis开始
2017-12-07 16:00:40
同步学习报告记录到Redis结束
2017-12-07 16:01:38
刷新课本剧排行榜redis数据开始
2017-12-07 16:01:40
刷新课本剧排行榜redis数据结束
2017-12-07 16:02:40
刷新课本剧排行榜redis数据开始
2017-12-07 16:02:41
刷新课本剧排行榜redis数据结束
2017-12-07 16:02:48
同步学习报告记录到Redis结束
2017-12-07 16:02:48
同步学习报告记录到Redis开始
2017-12-07 16:05:08
定时任务
2017-12-07 16:05:09
同步学习报告记录到Redis开始
2017-12-07 16:05:34
同步学习报告记录到Redis结束
2017-12-07 16:06:09
同步学习报告记录到Redis开始
2017-12-07 16:19:53
SyncDubbingData趣配音报名同步开始
2017-12-07 16:19:53
刷新课本剧排行榜redis数据结束
2017-12-07 16:19:53
同步学习报告记录到Redis开始
2017-12-07 16:19:53
同步学习报告记录到Redis结束
2017-12-07 16:19:53
刷新课本剧排行榜redis数据开始
2017-12-07 16:19:53
SyncDubbingData趣配音报名同步结束
2017-12-07 16:19:53
趣配音报名补全用户信息SyncUserInfoRedisFromUMS开始
2017-12-07 16:19:55
趣配音报名补全用户信息SyncUserInfoRedisFromUMS结束
2017-12-07 16:19:55
刷新学生所在学校排行榜redis数据开始
2017-12-07 16:19:56
刷新学生所在学校排行榜redis数据结束
2017-12-07 16:28:52
定时任务
2017-12-07 16:28:53
同步学习报告记录到Redis开始
2017-12-07 16:28:53
同步学习报告记录到Redis结束
2017-12-07 16:29:03
同步学习报告记录到Redis开始
2017-12-07 16:29:03
同步学习报告记录到Redis结束
2017-12-07 16:29:13
同步学习报告记录到Redis开始
2017-12-07 16:29:13
同步学习报告记录到Redis结束
2017-12-07 16:29:23
同步学习报告记录到Redis开始
2017-12-07 16:29:23
同步学习报告记录到Redis结束
2017-12-07 16:29:33
同步学习报告记录到Redis开始
2017-12-07 16:29:33
同步学习报告记录到Redis结束
2017-12-07 16:29:43
同步学习报告记录到Redis开始
2017-12-07 16:29:43
同步学习报告记录到Redis结束
2017-12-07 16:29:53
刷新课本剧排行榜redis数据开始
2017-12-07 16:29:53
刷新课本剧排行榜redis数据结束
2017-12-07 16:29:53
同步学习报告记录到Redis开始
2017-12-07 16:29:53
同步学习报告记录到Redis结束
2017-12-07 16:30:03
同步学习报告记录到Redis开始
2017-12-07 16:30:03
同步学习报告记录到Redis结束
2017-12-07 16:30:13
同步学习报告记录到Redis开始
2017-12-07 16:30:13
同步学习报告记录到Redis结束
2017-12-07 16:30:23
同步学习报告记录到Redis开始
2017-12-07 16:30:23
同步学习报告记录到Redis结束
2017-12-07 16:30:33
同步学习报告记录到Redis开始
2017-12-07 16:30:33
同步学习报告记录到Redis结束
2017-12-07 16:30:43
同步学习报告记录到Redis开始
2017-12-07 16:30:43
同步学习报告记录到Redis结束
2017-12-07 16:30:53
刷新课本剧排行榜redis数据开始
2017-12-07 16:30:53
刷新课本剧排行榜redis数据结束
2017-12-07 16:30:53
同步学习报告记录到Redis开始
2017-12-07 16:30:53
同步学习报告记录到Redis结束
2017-12-07 16:31:03
同步学习报告记录到Redis开始
2017-12-07 16:31:03
同步学习报告记录到Redis结束
2017-12-07 16:31:13
同步学习报告记录到Redis开始
2017-12-07 16:31:13
同步学习报告记录到Redis结束
2017-12-07 16:31:23
同步学习报告记录到Redis开始
2017-12-07 16:31:23
同步学习报告记录到Redis结束
2017-12-07 16:31:33
同步学习报告记录到Redis开始
2017-12-07 16:31:33
同步学习报告记录到Redis结束
2017-12-07 16:31:43
同步学习报告记录到Redis开始
2017-12-07 16:31:43
同步学习报告记录到Redis结束
2017-12-07 16:31:53
刷新课本剧排行榜redis数据开始
2017-12-07 16:31:53
刷新课本剧排行榜redis数据结束
2017-12-07 16:31:53
同步学习报告记录到Redis开始
2017-12-07 16:31:53
同步学习报告记录到Redis结束
2017-12-07 16:32:03
同步学习报告记录到Redis开始
2017-12-07 16:32:03
同步学习报告记录到Redis结束
2017-12-07 16:32:13
同步学习报告记录到Redis开始
2017-12-07 16:32:13
同步学习报告记录到Redis结束
2017-12-07 16:32:23
同步学习报告记录到Redis开始
2017-12-07 16:32:23
同步学习报告记录到Redis结束
2017-12-07 16:32:33
同步学习报告记录到Redis开始
2017-12-07 16:32:33
同步学习报告记录到Redis结束
2017-12-07 16:32:43
同步学习报告记录到Redis开始
2017-12-07 16:32:43
同步学习报告记录到Redis结束
2017-12-07 16:32:53
刷新课本剧排行榜redis数据开始
2017-12-07 16:32:53
刷新课本剧排行榜redis数据结束
2017-12-07 16:32:53
同步学习报告记录到Redis开始
2017-12-07 16:32:53
同步学习报告记录到Redis结束
2017-12-07 16:33:03
同步学习报告记录到Redis开始
2017-12-07 16:33:03
同步学习报告记录到Redis结束
2017-12-07 16:33:13
同步学习报告记录到Redis开始
2017-12-07 16:33:13
同步学习报告记录到Redis结束
2017-12-07 16:33:23
同步学习报告记录到Redis开始
2017-12-07 16:33:23
同步学习报告记录到Redis结束
2017-12-07 16:33:33
同步学习报告记录到Redis开始
2017-12-07 16:33:33
同步学习报告记录到Redis结束
2017-12-07 16:33:43
同步学习报告记录到Redis开始
2017-12-07 16:33:43
同步学习报告记录到Redis结束
2017-12-07 16:33:53
刷新课本剧排行榜redis数据开始
2017-12-07 16:33:53
刷新课本剧排行榜redis数据结束
2017-12-07 16:33:53
同步学习报告记录到Redis开始
2017-12-07 16:33:53
同步学习报告记录到Redis结束
2017-12-07 16:34:03
同步学习报告记录到Redis开始
2017-12-07 16:34:03
同步学习报告记录到Redis结束
2017-12-07 16:34:13
同步学习报告记录到Redis开始
2017-12-07 16:34:13
同步学习报告记录到Redis结束
2017-12-07 16:34:23
同步学习报告记录到Redis开始
2017-12-07 16:34:23
同步学习报告记录到Redis结束
2017-12-07 16:34:33
同步学习报告记录到Redis开始
2017-12-07 16:34:33
同步学习报告记录到Redis结束
2017-12-07 16:34:44
同步学习报告记录到Redis开始
2017-12-07 16:34:44
同步学习报告记录到Redis结束
2017-12-07 16:34:53
刷新课本剧排行榜redis数据开始
2017-12-07 16:34:53
刷新课本剧排行榜redis数据结束
2017-12-07 16:34:54
同步学习报告记录到Redis开始
2017-12-07 16:34:54
同步学习报告记录到Redis结束
2017-12-07 16:35:04
同步学习报告记录到Redis开始
2017-12-07 16:35:04
同步学习报告记录到Redis结束
2017-12-07 16:35:14
同步学习报告记录到Redis开始
2017-12-07 16:35:14
同步学习报告记录到Redis结束
2017-12-07 16:35:24
同步学习报告记录到Redis开始
2017-12-07 16:35:24
同步学习报告记录到Redis结束
2017-12-07 16:35:34
同步学习报告记录到Redis开始
2017-12-07 16:35:34
同步学习报告记录到Redis结束
2017-12-07 16:35:44
同步学习报告记录到Redis开始
2017-12-07 16:35:44
同步学习报告记录到Redis结束
2017-12-07 16:35:53
刷新课本剧排行榜redis数据开始
2017-12-07 16:35:53
刷新课本剧排行榜redis数据结束
2017-12-07 16:35:54
同步学习报告记录到Redis开始
2017-12-07 16:35:54
同步学习报告记录到Redis结束
2017-12-07 16:36:04
同步学习报告记录到Redis开始
2017-12-07 16:36:04
同步学习报告记录到Redis结束
2017-12-07 16:36:14
同步学习报告记录到Redis开始
2017-12-07 16:36:14
同步学习报告记录到Redis结束
2017-12-07 16:36:24
同步学习报告记录到Redis开始
2017-12-07 16:36:24
同步学习报告记录到Redis结束
2017-12-07 16:36:34
同步学习报告记录到Redis开始
2017-12-07 16:36:34
同步学习报告记录到Redis结束
2017-12-07 16:36:44
同步学习报告记录到Redis开始
2017-12-07 16:36:44
同步学习报告记录到Redis结束
2017-12-07 16:36:53
刷新课本剧排行榜redis数据开始
2017-12-07 16:36:53
刷新课本剧排行榜redis数据结束
2017-12-07 16:36:54
同步学习报告记录到Redis开始
2017-12-07 16:36:54
同步学习报告记录到Redis结束
2017-12-07 16:37:04
同步学习报告记录到Redis开始
2017-12-07 16:37:04
同步学习报告记录到Redis结束
2017-12-07 16:37:14
同步学习报告记录到Redis开始
2017-12-07 16:37:14
同步学习报告记录到Redis结束
2017-12-07 16:37:24
同步学习报告记录到Redis开始
2017-12-07 16:37:24
同步学习报告记录到Redis结束
2017-12-07 16:37:34
同步学习报告记录到Redis开始
2017-12-07 16:37:34
同步学习报告记录到Redis结束
2017-12-07 16:37:44
同步学习报告记录到Redis开始
2017-12-07 16:37:44
同步学习报告记录到Redis结束
2017-12-07 16:37:53
刷新课本剧排行榜redis数据开始
2017-12-07 16:37:53
刷新课本剧排行榜redis数据结束
2017-12-07 16:37:54
同步学习报告记录到Redis开始
2017-12-07 16:37:54
同步学习报告记录到Redis结束
2017-12-07 16:38:04
同步学习报告记录到Redis开始
2017-12-07 16:38:04
同步学习报告记录到Redis结束
2017-12-07 16:38:14
同步学习报告记录到Redis开始
2017-12-07 16:38:14
同步学习报告记录到Redis结束
2017-12-07 16:38:24
同步学习报告记录到Redis开始
2017-12-07 16:38:24
同步学习报告记录到Redis结束
2017-12-07 16:38:34
同步学习报告记录到Redis开始
2017-12-07 16:38:34
同步学习报告记录到Redis结束
2017-12-07 16:38:44
同步学习报告记录到Redis开始
2017-12-07 16:38:44
同步学习报告记录到Redis结束
2017-12-07 16:38:53
趣配音报名补全用户信息SyncUserInfoRedisFromUMS开始
2017-12-07 16:38:53
刷新课本剧排行榜redis数据开始
2017-12-07 16:38:53
刷新课本剧排行榜redis数据结束
2017-12-07 16:38:54
同步学习报告记录到Redis开始
2017-12-07 16:38:54
同步学习报告记录到Redis结束
2017-12-07 16:38:55
趣配音报名补全用户信息SyncUserInfoRedisFromUMS结束
2017-12-07 16:38:55
刷新学生所在学校排行榜redis数据开始
2017-12-07 16:38:55
刷新学生所在学校排行榜redis数据结束
2017-12-07 16:38:55
SyncDubbingData趣配音报名同步开始
2017-12-07 16:38:55
SyncDubbingData趣配音同步数据成功2017/12/7 16:38:55
2017-12-07 16:38:55
SyncDubbingData趣配音报名同步结束
2017-12-07 16:39:04
同步学习报告记录到Redis开始
2017-12-07 16:39:04
同步学习报告记录到Redis结束
2017-12-07 16:39:14
同步学习报告记录到Redis开始
2017-12-07 16:39:14
同步学习报告记录到Redis结束
2017-12-07 16:39:24
同步学习报告记录到Redis开始
2017-12-07 16:39:24
同步学习报告记录到Redis结束
2017-12-07 16:39:34
同步学习报告记录到Redis开始
2017-12-07 16:39:34
同步学习报告记录到Redis结束
2017-12-07 16:39:44
同步学习报告记录到Redis开始
2017-12-07 16:39:44
同步学习报告记录到Redis结束
2017-12-07 16:39:53
刷新课本剧排行榜redis数据开始
2017-12-07 16:39:53
刷新课本剧排行榜redis数据结束
2017-12-07 16:39:54
同步学习报告记录到Redis开始
2017-12-07 16:39:54
同步学习报告记录到Redis结束
2017-12-07 16:40:04
同步学习报告记录到Redis开始
2017-12-07 16:40:04
同步学习报告记录到Redis结束
2017-12-07 16:40:14
同步学习报告记录到Redis开始
2017-12-07 16:40:14
同步学习报告记录到Redis结束
2017-12-07 16:40:24
同步学习报告记录到Redis开始
2017-12-07 16:40:24
同步学习报告记录到Redis结束
2017-12-07 16:40:34
同步学习报告记录到Redis开始
2017-12-07 16:40:34
同步学习报告记录到Redis结束
2017-12-07 16:40:44
同步学习报告记录到Redis开始
2017-12-07 16:40:44
同步学习报告记录到Redis结束
2017-12-07 16:40:53
刷新课本剧排行榜redis数据开始
2017-12-07 16:40:53
刷新课本剧排行榜redis数据结束
2017-12-07 16:40:54
同步学习报告记录到Redis开始
2017-12-07 16:40:54
同步学习报告记录到Redis结束
2017-12-07 16:41:04
同步学习报告记录到Redis开始
2017-12-07 16:41:04
同步学习报告记录到Redis结束
2017-12-07 16:41:14
同步学习报告记录到Redis开始
2017-12-07 16:41:14
同步学习报告记录到Redis结束
2017-12-07 16:41:24
同步学习报告记录到Redis开始
2017-12-07 16:41:24
同步学习报告记录到Redis结束
2017-12-07 16:41:34
同步学习报告记录到Redis开始
2017-12-07 16:41:34
同步学习报告记录到Redis结束
2017-12-07 16:41:44
同步学习报告记录到Redis开始
2017-12-07 16:41:44
同步学习报告记录到Redis结束
2017-12-07 16:41:53
刷新课本剧排行榜redis数据开始
2017-12-07 16:41:53
刷新课本剧排行榜redis数据结束
2017-12-07 16:41:54
同步学习报告记录到Redis开始
2017-12-07 16:41:54
同步学习报告记录到Redis结束
2017-12-07 16:42:04
同步学习报告记录到Redis开始
2017-12-07 16:42:04
同步学习报告记录到Redis结束
2017-12-07 16:42:14
同步学习报告记录到Redis开始
2017-12-07 16:42:14
同步学习报告记录到Redis结束
2017-12-07 16:42:24
同步学习报告记录到Redis开始
2017-12-07 16:42:24
同步学习报告记录到Redis结束
2017-12-07 16:42:34
同步学习报告记录到Redis开始
2017-12-07 16:42:34
同步学习报告记录到Redis结束
2017-12-07 16:42:44
同步学习报告记录到Redis开始
2017-12-07 16:42:44
同步学习报告记录到Redis结束
2017-12-07 16:42:53
刷新课本剧排行榜redis数据开始
2017-12-07 16:42:53
刷新课本剧排行榜redis数据结束
2017-12-07 16:42:54
同步学习报告记录到Redis开始
2017-12-07 16:42:54
同步学习报告记录到Redis结束
2017-12-07 16:43:04
同步学习报告记录到Redis开始
2017-12-07 16:43:04
同步学习报告记录到Redis结束
2017-12-07 16:43:14
同步学习报告记录到Redis开始
2017-12-07 16:43:14
同步学习报告记录到Redis结束
2017-12-07 16:43:24
同步学习报告记录到Redis开始
2017-12-07 16:43:24
同步学习报告记录到Redis结束
2017-12-07 16:43:34
同步学习报告记录到Redis开始
2017-12-07 16:43:34
同步学习报告记录到Redis结束
2017-12-07 16:43:44
同步学习报告记录到Redis开始
2017-12-07 16:43:44
同步学习报告记录到Redis结束
2017-12-07 16:43:53
刷新课本剧排行榜redis数据开始
2017-12-07 16:43:53
刷新课本剧排行榜redis数据结束
2017-12-07 16:43:54
同步学习报告记录到Redis开始
2017-12-07 16:43:54
同步学习报告记录到Redis结束
2017-12-07 16:44:04
同步学习报告记录到Redis开始
2017-12-07 16:44:04
同步学习报告记录到Redis结束
2017-12-07 16:44:14
同步学习报告记录到Redis开始
2017-12-07 16:44:14
同步学习报告记录到Redis结束
2017-12-07 16:44:24
同步学习报告记录到Redis开始
2017-12-07 16:44:24
同步学习报告记录到Redis结束
2017-12-07 16:44:34
同步学习报告记录到Redis开始
2017-12-07 16:44:34
同步学习报告记录到Redis结束
2017-12-07 16:44:44
同步学习报告记录到Redis开始
2017-12-07 16:44:44
同步学习报告记录到Redis结束
2017-12-07 16:44:53
刷新课本剧排行榜redis数据开始
2017-12-07 16:44:53
刷新课本剧排行榜redis数据结束
2017-12-07 16:44:54
同步学习报告记录到Redis开始
2017-12-07 16:44:54
同步学习报告记录到Redis结束
2017-12-07 16:45:04
同步学习报告记录到Redis开始
2017-12-07 16:45:04
同步学习报告记录到Redis结束
2017-12-07 16:45:14
同步学习报告记录到Redis开始
2017-12-07 16:45:14
同步学习报告记录到Redis结束
2017-12-07 16:45:24
同步学习报告记录到Redis开始
2017-12-07 16:45:24
同步学习报告记录到Redis结束
2017-12-07 16:45:34
同步学习报告记录到Redis开始
2017-12-07 16:45:34
同步学习报告记录到Redis结束
2017-12-07 16:45:44
同步学习报告记录到Redis开始
2017-12-07 16:45:44
同步学习报告记录到Redis结束
2017-12-07 16:45:53
刷新课本剧排行榜redis数据开始
2017-12-07 16:45:53
刷新课本剧排行榜redis数据结束
2017-12-07 16:45:54
同步学习报告记录到Redis开始
2017-12-07 16:45:54
同步学习报告记录到Redis结束
2017-12-07 16:46:04
同步学习报告记录到Redis开始
2017-12-07 16:46:04
同步学习报告记录到Redis结束
2017-12-07 16:46:14
同步学习报告记录到Redis开始
2017-12-07 16:46:15
同步学习报告记录到Redis结束
2017-12-07 16:46:25
同步学习报告记录到Redis开始
2017-12-07 16:46:25
同步学习报告记录到Redis结束
2017-12-07 16:46:35
同步学习报告记录到Redis开始
2017-12-07 16:46:35
同步学习报告记录到Redis结束
2017-12-07 16:46:45
同步学习报告记录到Redis开始
2017-12-07 16:46:45
同步学习报告记录到Redis结束
2017-12-07 16:46:53
刷新课本剧排行榜redis数据开始
2017-12-07 16:46:53
刷新课本剧排行榜redis数据结束
2017-12-07 16:46:55
同步学习报告记录到Redis开始
2017-12-07 16:46:55
同步学习报告记录到Redis结束
2017-12-07 16:47:05
同步学习报告记录到Redis开始
2017-12-07 16:47:05
同步学习报告记录到Redis结束
2017-12-07 16:47:15
同步学习报告记录到Redis开始
2017-12-07 16:47:15
同步学习报告记录到Redis结束
2017-12-07 16:47:25
同步学习报告记录到Redis开始
2017-12-07 16:47:25
同步学习报告记录到Redis结束
2017-12-07 16:47:35
同步学习报告记录到Redis开始
2017-12-07 16:47:35
同步学习报告记录到Redis结束
2017-12-07 16:47:45
同步学习报告记录到Redis开始
2017-12-07 16:47:45
同步学习报告记录到Redis结束
2017-12-07 16:47:53
刷新课本剧排行榜redis数据开始
2017-12-07 16:47:53
刷新课本剧排行榜redis数据结束
2017-12-07 16:47:55
同步学习报告记录到Redis开始
2017-12-07 16:47:55
同步学习报告记录到Redis结束
2017-12-07 16:48:05
同步学习报告记录到Redis开始
2017-12-07 16:48:05
同步学习报告记录到Redis结束
2017-12-07 16:48:15
同步学习报告记录到Redis开始
2017-12-07 16:48:15
同步学习报告记录到Redis结束
2017-12-07 16:48:25
同步学习报告记录到Redis开始
2017-12-07 16:48:25
同步学习报告记录到Redis结束
2017-12-07 16:48:35
同步学习报告记录到Redis开始
2017-12-07 16:48:35
同步学习报告记录到Redis结束
2017-12-07 16:48:45
同步学习报告记录到Redis开始
2017-12-07 16:48:45
同步学习报告记录到Redis结束
2017-12-07 16:48:53
刷新学生所在学校排行榜redis数据开始
2017-12-07 16:48:53
刷新课本剧排行榜redis数据开始
2017-12-07 16:48:53
刷新课本剧排行榜redis数据结束
2017-12-07 16:48:53
刷新学生所在学校排行榜redis数据结束
2017-12-07 16:48:53
趣配音报名补全用户信息SyncUserInfoRedisFromUMS开始
2017-12-07 16:48:55
同步学习报告记录到Redis开始
2017-12-07 16:48:55
同步学习报告记录到Redis结束
2017-12-07 16:48:55
趣配音报名补全用户信息SyncUserInfoRedisFromUMS结束
2017-12-07 16:48:55
SyncDubbingData趣配音报名同步开始
2017-12-07 16:48:55
SyncDubbingData趣配音同步数据成功2017/12/7 16:48:55
2017-12-07 16:48:55
SyncDubbingData趣配音报名同步结束
2017-12-07 16:49:05
同步学习报告记录到Redis开始
2017-12-07 16:49:05
同步学习报告记录到Redis结束
2017-12-07 16:49:15
同步学习报告记录到Redis开始
2017-12-07 16:49:15
同步学习报告记录到Redis结束
2017-12-07 16:49:25
同步学习报告记录到Redis开始
2017-12-07 16:49:25
同步学习报告记录到Redis结束
2017-12-07 16:49:35
同步学习报告记录到Redis开始
2017-12-07 16:49:35
同步学习报告记录到Redis结束
2017-12-07 16:49:45
同步学习报告记录到Redis开始
2017-12-07 16:49:45
同步学习报告记录到Redis结束
2017-12-07 16:49:53
刷新课本剧排行榜redis数据开始
2017-12-07 16:49:53
刷新课本剧排行榜redis数据结束
2017-12-07 16:49:55
同步学习报告记录到Redis开始
2017-12-07 16:49:55
同步学习报告记录到Redis结束
2017-12-07 16:50:05
同步学习报告记录到Redis开始
2017-12-07 16:50:05
同步学习报告记录到Redis结束
2017-12-07 16:50:15
同步学习报告记录到Redis开始
2017-12-07 16:50:15
同步学习报告记录到Redis结束
2017-12-07 16:50:25
同步学习报告记录到Redis开始
2017-12-07 16:50:25
同步学习报告记录到Redis结束
2017-12-07 16:50:35
同步学习报告记录到Redis开始
2017-12-07 16:50:35
同步学习报告记录到Redis结束
2017-12-07 16:50:45
同步学习报告记录到Redis开始
2017-12-07 16:50:45
同步学习报告记录到Redis结束
2017-12-07 16:50:53
刷新课本剧排行榜redis数据开始
2017-12-07 16:50:53
刷新课本剧排行榜redis数据结束
2017-12-07 16:50:55
同步学习报告记录到Redis开始
2017-12-07 16:50:55
同步学习报告记录到Redis结束
2017-12-07 16:51:05
同步学习报告记录到Redis开始
2017-12-07 16:51:05
同步学习报告记录到Redis结束
2017-12-07 16:51:15
同步学习报告记录到Redis开始
2017-12-07 16:51:15
同步学习报告记录到Redis结束
2017-12-07 16:51:25
同步学习报告记录到Redis开始
2017-12-07 16:51:25
同步学习报告记录到Redis结束
2017-12-07 16:51:35
同步学习报告记录到Redis开始
2017-12-07 16:51:35
同步学习报告记录到Redis结束
2017-12-07 16:51:45
同步学习报告记录到Redis开始
2017-12-07 16:51:45
同步学习报告记录到Redis结束
2017-12-07 16:51:53
刷新课本剧排行榜redis数据开始
2017-12-07 16:51:53
刷新课本剧排行榜redis数据结束
2017-12-07 16:51:55
同步学习报告记录到Redis开始
2017-12-07 16:51:55
同步学习报告记录到Redis结束
2017-12-07 16:52:05
同步学习报告记录到Redis开始
2017-12-07 16:52:05
同步学习报告记录到Redis结束
2017-12-07 16:52:15
同步学习报告记录到Redis开始
2017-12-07 16:52:15
同步学习报告记录到Redis结束
2017-12-07 16:52:25
同步学习报告记录到Redis开始
2017-12-07 16:52:25
同步学习报告记录到Redis结束
2017-12-07 16:52:35
同步学习报告记录到Redis开始
2017-12-07 16:52:35
同步学习报告记录到Redis结束
2017-12-07 16:52:45
同步学习报告记录到Redis开始
2017-12-07 16:52:45
同步学习报告记录到Redis结束
2017-12-07 16:52:53
刷新课本剧排行榜redis数据开始
2017-12-07 16:52:53
刷新课本剧排行榜redis数据结束
2017-12-07 16:52:55
同步学习报告记录到Redis开始
2017-12-07 16:52:55
同步学习报告记录到Redis结束
2017-12-07 16:53:05
同步学习报告记录到Redis开始
2017-12-07 16:53:05
同步学习报告记录到Redis结束
2017-12-07 16:53:15
同步学习报告记录到Redis开始
2017-12-07 16:53:15
同步学习报告记录到Redis结束
2017-12-07 16:53:25
同步学习报告记录到Redis开始
2017-12-07 16:53:25
同步学习报告记录到Redis结束
2017-12-07 16:53:35
同步学习报告记录到Redis开始
2017-12-07 16:53:35
同步学习报告记录到Redis结束
2017-12-07 16:53:45
同步学习报告记录到Redis开始
2017-12-07 16:53:45
同步学习报告记录到Redis结束
2017-12-07 16:53:53
刷新课本剧排行榜redis数据开始
2017-12-07 16:53:53
刷新课本剧排行榜redis数据结束
2017-12-07 16:53:55
同步学习报告记录到Redis开始
2017-12-07 16:53:55
同步学习报告记录到Redis结束
2017-12-07 16:54:05
同步学习报告记录到Redis开始
2017-12-07 16:54:05
同步学习报告记录到Redis结束
2017-12-07 16:54:15
同步学习报告记录到Redis开始
2017-12-07 16:54:15
同步学习报告记录到Redis结束
2017-12-07 16:54:25
同步学习报告记录到Redis开始
2017-12-07 16:54:25
同步学习报告记录到Redis结束
2017-12-07 16:54:35
同步学习报告记录到Redis开始
2017-12-07 16:54:35
同步学习报告记录到Redis结束
2017-12-07 16:54:45
同步学习报告记录到Redis开始
2017-12-07 16:54:45
同步学习报告记录到Redis结束
2017-12-07 16:54:53
刷新课本剧排行榜redis数据开始
2017-12-07 16:54:53
刷新课本剧排行榜redis数据结束
2017-12-07 16:54:55
同步学习报告记录到Redis开始
2017-12-07 16:54:55
同步学习报告记录到Redis结束
2017-12-07 16:55:05
同步学习报告记录到Redis开始
2017-12-07 16:55:05
同步学习报告记录到Redis结束
2017-12-07 16:55:15
同步学习报告记录到Redis开始
2017-12-07 16:55:15
同步学习报告记录到Redis结束
2017-12-07 16:55:25
同步学习报告记录到Redis开始
2017-12-07 16:55:25
同步学习报告记录到Redis结束
2017-12-07 16:55:35
同步学习报告记录到Redis开始
2017-12-07 16:55:35
同步学习报告记录到Redis结束
2017-12-07 16:55:45
同步学习报告记录到Redis开始
2017-12-07 16:55:45
同步学习报告记录到Redis结束
2017-12-07 16:55:53
刷新课本剧排行榜redis数据开始
2017-12-07 16:55:53
刷新课本剧排行榜redis数据结束
2017-12-07 16:55:55
同步学习报告记录到Redis开始
2017-12-07 16:55:55
同步学习报告记录到Redis结束
2017-12-07 16:56:05
同步学习报告记录到Redis开始
2017-12-07 16:56:05
同步学习报告记录到Redis结束
2017-12-07 16:56:15
同步学习报告记录到Redis开始
2017-12-07 16:56:15
同步学习报告记录到Redis结束
2017-12-07 16:56:25
同步学习报告记录到Redis开始
2017-12-07 16:56:25
同步学习报告记录到Redis结束
2017-12-07 16:56:35
同步学习报告记录到Redis开始
2017-12-07 16:56:35
同步学习报告记录到Redis结束
2017-12-07 16:56:45
同步学习报告记录到Redis开始
2017-12-07 16:56:45
同步学习报告记录到Redis结束
2017-12-07 16:56:53
刷新课本剧排行榜redis数据开始
2017-12-07 16:56:53
刷新课本剧排行榜redis数据结束
2017-12-07 16:56:55
同步学习报告记录到Redis开始
2017-12-07 16:56:55
同步学习报告记录到Redis结束
2017-12-07 16:57:05
同步学习报告记录到Redis开始
2017-12-07 16:57:05
同步学习报告记录到Redis结束
2017-12-07 16:57:15
同步学习报告记录到Redis开始
2017-12-07 16:57:15
同步学习报告记录到Redis结束
2017-12-07 16:57:25
同步学习报告记录到Redis开始
2017-12-07 16:57:25
同步学习报告记录到Redis结束
2017-12-07 16:57:35
同步学习报告记录到Redis开始
2017-12-07 16:57:35
同步学习报告记录到Redis结束
2017-12-07 16:57:45
同步学习报告记录到Redis开始
2017-12-07 16:57:45
同步学习报告记录到Redis结束
2017-12-07 16:57:53
刷新课本剧排行榜redis数据开始
2017-12-07 16:57:53
刷新课本剧排行榜redis数据结束
2017-12-07 16:57:56
同步学习报告记录到Redis开始
2017-12-07 16:57:56
同步学习报告记录到Redis结束
2017-12-07 16:58:06
同步学习报告记录到Redis开始
2017-12-07 16:58:06
同步学习报告记录到Redis结束
2017-12-07 16:58:16
同步学习报告记录到Redis开始
2017-12-07 16:58:16
同步学习报告记录到Redis结束
2017-12-07 16:58:26
同步学习报告记录到Redis开始
2017-12-07 16:58:26
同步学习报告记录到Redis结束
2017-12-07 16:58:36
同步学习报告记录到Redis开始
2017-12-07 16:58:36
同步学习报告记录到Redis结束
2017-12-07 16:58:46
同步学习报告记录到Redis开始
2017-12-07 16:58:46
同步学习报告记录到Redis结束
2017-12-07 16:58:53
趣配音报名补全用户信息SyncUserInfoRedisFromUMS开始
2017-12-07 16:58:53
刷新课本剧排行榜redis数据开始
2017-12-07 16:58:53
刷新课本剧排行榜redis数据结束
2017-12-07 16:58:55
趣配音报名补全用户信息SyncUserInfoRedisFromUMS结束
2017-12-07 16:58:55
刷新学生所在学校排行榜redis数据开始
2017-12-07 16:58:55
刷新学生所在学校排行榜redis数据结束
2017-12-07 16:58:55
SyncDubbingData趣配音报名同步开始
2017-12-07 16:58:55
SyncDubbingData趣配音同步数据成功2017/12/7 16:58:55
2017-12-07 16:58:55
SyncDubbingData趣配音报名同步结束
2017-12-07 16:58:56
同步学习报告记录到Redis开始
2017-12-07 16:58:56
同步学习报告记录到Redis结束
2017-12-07 16:59:06
同步学习报告记录到Redis开始
2017-12-07 16:59:06
同步学习报告记录到Redis结束
2017-12-07 16:59:16
同步学习报告记录到Redis开始
2017-12-07 16:59:16
同步学习报告记录到Redis结束
2017-12-07 16:59:26
同步学习报告记录到Redis开始
2017-12-07 16:59:26
同步学习报告记录到Redis结束
2017-12-07 16:59:36
同步学习报告记录到Redis开始
2017-12-07 16:59:36
同步学习报告记录到Redis结束
2017-12-07 16:59:46
同步学习报告记录到Redis开始
2017-12-07 16:59:46
同步学习报告记录到Redis结束
2017-12-07 16:59:53
刷新课本剧排行榜redis数据开始
2017-12-07 16:59:53
刷新课本剧排行榜redis数据结束
2017-12-07 16:59:56
同步学习报告记录到Redis开始
2017-12-07 16:59:56
同步学习报告记录到Redis结束
2017-12-07 17:00:06
同步学习报告记录到Redis开始
2017-12-07 17:00:06
同步学习报告记录到Redis结束
2017-12-07 17:00:16
同步学习报告记录到Redis开始
2017-12-07 17:00:16
同步学习报告记录到Redis结束
2017-12-07 17:00:26
同步学习报告记录到Redis开始
2017-12-07 17:00:26
同步学习报告记录到Redis结束
2017-12-07 17:00:36
同步学习报告记录到Redis开始
2017-12-07 17:00:36
同步学习报告记录到Redis结束
2017-12-07 17:00:46
同步学习报告记录到Redis开始
2017-12-07 17:00:46
同步学习报告记录到Redis结束
2017-12-07 17:00:53
刷新课本剧排行榜redis数据开始
2017-12-07 17:00:53
刷新课本剧排行榜redis数据结束
2017-12-07 17:00:56
同步学习报告记录到Redis开始
2017-12-07 17:00:56
同步学习报告记录到Redis结束
2017-12-07 17:01:06
同步学习报告记录到Redis开始
2017-12-07 17:01:06
同步学习报告记录到Redis结束
2017-12-07 17:01:16
同步学习报告记录到Redis开始
2017-12-07 17:01:16
同步学习报告记录到Redis结束
2017-12-07 17:01:26
同步学习报告记录到Redis开始
2017-12-07 17:01:26
同步学习报告记录到Redis结束
2017-12-07 17:01:36
同步学习报告记录到Redis开始
2017-12-07 17:01:36
同步学习报告记录到Redis结束
2017-12-07 17:01:46
同步学习报告记录到Redis开始
2017-12-07 17:01:46
同步学习报告记录到Redis结束
2017-12-07 17:01:53
刷新课本剧排行榜redis数据开始
2017-12-07 17:01:53
刷新课本剧排行榜redis数据结束
2017-12-07 17:01:56
同步学习报告记录到Redis开始
2017-12-07 17:01:56
同步学习报告记录到Redis结束
2017-12-07 17:02:06
同步学习报告记录到Redis开始
2017-12-07 17:02:06
同步学习报告记录到Redis结束
2017-12-07 17:02:16
同步学习报告记录到Redis开始
2017-12-07 17:02:16
同步学习报告记录到Redis结束
2017-12-07 17:02:26
同步学习报告记录到Redis开始
2017-12-07 17:02:26
同步学习报告记录到Redis结束
2017-12-07 17:02:36
同步学习报告记录到Redis开始
2017-12-07 17:02:36
同步学习报告记录到Redis结束
2017-12-07 17:02:46
同步学习报告记录到Redis开始
2017-12-07 17:02:46
同步学习报告记录到Redis结束
2017-12-07 17:02:53
刷新课本剧排行榜redis数据开始
2017-12-07 17:02:53
刷新课本剧排行榜redis数据结束
2017-12-07 17:02:56
同步学习报告记录到Redis开始
2017-12-07 17:02:56
同步学习报告记录到Redis结束
2017-12-07 17:03:06
同步学习报告记录到Redis开始
2017-12-07 17:03:06
同步学习报告记录到Redis结束
2017-12-07 17:03:16
同步学习报告记录到Redis开始
2017-12-07 17:03:16
同步学习报告记录到Redis结束
2017-12-07 17:03:26
同步学习报告记录到Redis开始
2017-12-07 17:03:26
同步学习报告记录到Redis结束
2017-12-07 17:03:36
同步学习报告记录到Redis开始
2017-12-07 17:03:36
同步学习报告记录到Redis结束
2017-12-07 17:03:46
同步学习报告记录到Redis开始
2017-12-07 17:03:46
同步学习报告记录到Redis结束
2017-12-07 17:03:53
刷新课本剧排行榜redis数据开始
2017-12-07 17:03:53
刷新课本剧排行榜redis数据结束
2017-12-07 17:03:56
同步学习报告记录到Redis开始
2017-12-07 17:03:56
同步学习报告记录到Redis结束
2017-12-07 17:04:06
同步学习报告记录到Redis开始
2017-12-07 17:04:06
同步学习报告记录到Redis结束
2017-12-07 17:04:16
同步学习报告记录到Redis开始
2017-12-07 17:04:16
同步学习报告记录到Redis结束
2017-12-07 17:04:26
同步学习报告记录到Redis开始
2017-12-07 17:04:26
同步学习报告记录到Redis结束
2017-12-07 17:04:36
同步学习报告记录到Redis开始
2017-12-07 17:04:36
同步学习报告记录到Redis结束
2017-12-07 17:04:46
同步学习报告记录到Redis开始
2017-12-07 17:04:46
同步学习报告记录到Redis结束
2017-12-07 17:04:53
刷新课本剧排行榜redis数据开始
2017-12-07 17:04:53
刷新课本剧排行榜redis数据结束
2017-12-07 17:04:56
同步学习报告记录到Redis开始
2017-12-07 17:04:56
同步学习报告记录到Redis结束
2017-12-07 17:05:06
同步学习报告记录到Redis开始
2017-12-07 17:05:06
同步学习报告记录到Redis结束
2017-12-07 17:05:16
同步学习报告记录到Redis开始
2017-12-07 17:05:16
同步学习报告记录到Redis结束
2017-12-07 17:05:26
同步学习报告记录到Redis开始
2017-12-07 17:05:26
同步学习报告记录到Redis结束
2017-12-07 17:05:36
同步学习报告记录到Redis开始
2017-12-07 17:05:36
同步学习报告记录到Redis结束
2017-12-07 17:05:46
同步学习报告记录到Redis开始
2017-12-07 17:05:46
同步学习报告记录到Redis结束
2017-12-07 17:05:53
刷新课本剧排行榜redis数据开始
2017-12-07 17:05:53
刷新课本剧排行榜redis数据结束
2017-12-07 17:05:56
同步学习报告记录到Redis开始
2017-12-07 17:05:56
同步学习报告记录到Redis结束
2017-12-07 17:06:06
同步学习报告记录到Redis开始
2017-12-07 17:06:06
同步学习报告记录到Redis结束
2017-12-07 17:06:16
同步学习报告记录到Redis开始
2017-12-07 17:06:16
同步学习报告记录到Redis结束
2017-12-07 17:06:26
同步学习报告记录到Redis开始
2017-12-07 17:06:26
同步学习报告记录到Redis结束
2017-12-07 17:06:36
同步学习报告记录到Redis开始
2017-12-07 17:06:36
同步学习报告记录到Redis结束
2017-12-07 17:06:46
同步学习报告记录到Redis开始
2017-12-07 17:06:46
同步学习报告记录到Redis结束
2017-12-07 17:06:53
刷新课本剧排行榜redis数据开始
2017-12-07 17:06:53
刷新课本剧排行榜redis数据结束
2017-12-07 17:06:56
同步学习报告记录到Redis开始
2017-12-07 17:06:56
同步学习报告记录到Redis结束
2017-12-07 17:07:06
同步学习报告记录到Redis开始
2017-12-07 17:07:06
同步学习报告记录到Redis结束
2017-12-07 17:07:16
同步学习报告记录到Redis开始
2017-12-07 17:07:16
同步学习报告记录到Redis结束
2017-12-07 17:07:26
同步学习报告记录到Redis开始
2017-12-07 17:07:26
同步学习报告记录到Redis结束
2017-12-07 17:07:36
同步学习报告记录到Redis开始
2017-12-07 17:07:36
同步学习报告记录到Redis结束
2017-12-07 17:07:46
同步学习报告记录到Redis开始
2017-12-07 17:07:46
同步学习报告记录到Redis结束
2017-12-07 17:07:53
刷新课本剧排行榜redis数据开始
2017-12-07 17:07:53
刷新课本剧排行榜redis数据结束
2017-12-07 17:07:56
同步学习报告记录到Redis开始
2017-12-07 17:07:56
同步学习报告记录到Redis结束
2017-12-07 17:08:06
同步学习报告记录到Redis开始
2017-12-07 17:08:06
同步学习报告记录到Redis结束
2017-12-07 17:08:16
同步学习报告记录到Redis开始
2017-12-07 17:08:16
同步学习报告记录到Redis结束
2017-12-07 17:08:26
同步学习报告记录到Redis开始
2017-12-07 17:08:26
同步学习报告记录到Redis结束
2017-12-07 17:08:36
同步学习报告记录到Redis开始
2017-12-07 17:08:36
同步学习报告记录到Redis结束
2017-12-07 17:08:46
同步学习报告记录到Redis开始
2017-12-07 17:08:46
同步学习报告记录到Redis结束
2017-12-07 17:08:53
刷新学生所在学校排行榜redis数据开始
2017-12-07 17:08:53
刷新学生所在学校排行榜redis数据结束
2017-12-07 17:08:53
SyncDubbingData趣配音报名同步开始
2017-12-07 17:08:53
SyncDubbingData趣配音同步数据成功2017/12/7 17:08:53
2017-12-07 17:08:53
SyncDubbingData趣配音报名同步结束
2017-12-07 17:08:53
趣配音报名补全用户信息SyncUserInfoRedisFromUMS开始
2017-12-07 17:08:53
刷新课本剧排行榜redis数据开始
2017-12-07 17:08:54
刷新课本剧排行榜redis数据结束
2017-12-07 17:08:55
趣配音报名补全用户信息SyncUserInfoRedisFromUMS结束
2017-12-07 17:08:56
同步学习报告记录到Redis开始
2017-12-07 17:08:56
同步学习报告记录到Redis结束
2017-12-07 17:09:06
同步学习报告记录到Redis开始
2017-12-07 17:09:06
同步学习报告记录到Redis结束
2017-12-07 17:09:16
同步学习报告记录到Redis开始
2017-12-07 17:09:16
同步学习报告记录到Redis结束
2017-12-07 17:09:26
同步学习报告记录到Redis开始
2017-12-07 17:09:26
同步学习报告记录到Redis结束
2017-12-07 17:09:36
同步学习报告记录到Redis开始
2017-12-07 17:09:36
同步学习报告记录到Redis结束
2017-12-07 17:09:46
同步学习报告记录到Redis开始
2017-12-07 17:09:46
同步学习报告记录到Redis结束
2017-12-07 17:09:53
刷新课本剧排行榜redis数据开始
2017-12-07 17:09:54
刷新课本剧排行榜redis数据结束
2017-12-07 17:09:56
同步学习报告记录到Redis开始
2017-12-07 17:09:56
同步学习报告记录到Redis结束
2017-12-07 17:10:06
同步学习报告记录到Redis开始
2017-12-07 17:10:07
同步学习报告记录到Redis结束
2017-12-07 17:10:17
同步学习报告记录到Redis开始
2017-12-07 17:10:17
同步学习报告记录到Redis结束
2017-12-07 17:10:27
同步学习报告记录到Redis开始
2017-12-07 17:10:27
同步学习报告记录到Redis结束
2017-12-07 17:10:37
同步学习报告记录到Redis开始
2017-12-07 17:10:37
同步学习报告记录到Redis结束
2017-12-07 17:10:47
同步学习报告记录到Redis开始
2017-12-07 17:10:47
同步学习报告记录到Redis结束
2017-12-07 17:10:54
刷新课本剧排行榜redis数据开始
2017-12-07 17:10:54
刷新课本剧排行榜redis数据结束
2017-12-07 17:10:57
同步学习报告记录到Redis开始
2017-12-07 17:10:57
同步学习报告记录到Redis结束
2017-12-07 17:11:07
同步学习报告记录到Redis开始
2017-12-07 17:11:07
同步学习报告记录到Redis结束
2017-12-07 17:11:17
同步学习报告记录到Redis开始
2017-12-07 17:11:17
同步学习报告记录到Redis结束
