2017-12-26 20:09:07
定时任务
2017-12-26 20:09:09
单元测试数据入库SZ开始
2017-12-26 20:09:09
班级变更同步学习报告记录到Redis结束
2017-12-26 20:09:10
初始化单元测试数据OT开始
2017-12-26 20:09:16
单元测试数据入库SZ结束
2017-12-26 20:09:16
单元测试数据入库RJ结束
2017-12-26 20:09:16
单元测试数据入库OT开始
2017-12-26 20:09:28
单元测试数据入库OT结束
2017-12-26 20:09:28
单元测试数据入库BJ开始
2017-12-26 20:09:28
同步学习报告记录到Redis开始
2017-12-26 20:09:28
同步学习报告记录到Redis结束
2017-12-26 20:09:28
班级变更同步学习报告记录到Redis开始
2017-12-26 20:09:28
单元测试数据入库RJ结束
2017-12-26 20:09:28
单元测试数据入库OT开始
2017-12-26 20:09:30
单元测试数据入库OT结束
2017-12-26 20:09:30
单元测试数据入库OT开始
2017-12-26 20:09:37
初始化单元测试数据OT结束
2017-12-26 20:09:41
单元测试数据入库OT结束
2017-12-26 20:09:41
班级变更同步学习报告记录到Redis开始
2017-12-26 20:09:41
单元测试数据入库BJ开始
2017-12-26 20:09:41
单元测试数据入库BJ结束
2017-12-26 20:09:41
单元测试数据入库SZ开始
2017-12-26 20:09:41
单元测试数据入库SZ结束
2017-12-26 20:09:41
单元测试数据入库SZ开始
2017-12-26 20:09:41
单元测试数据入库SZ结束
2017-12-26 20:09:41
单元测试数据入库SZ开始
2017-12-26 20:09:41
单元测试数据入库SZ结束
2017-12-26 20:09:41
单元测试数据入库BJ开始
2017-12-26 20:09:41
单元测试数据入库BJ结束
2017-12-26 20:09:41
单元测试数据入库RJ开始
2017-12-26 20:09:42
单元测试数据入库RJ结束
2017-12-26 20:09:42
单元测试数据入库RJ开始
2017-12-26 20:09:42
单元测试数据入库RJ结束
2017-12-26 20:09:42
单元测试数据入库OT开始
2017-12-26 20:09:52
定时任务
2017-12-26 20:09:54
班级变更同步学习报告记录到Redis开始
2017-12-26 20:09:54
班级变更同步学习报告记录到Redis结束
2017-12-26 20:09:54
同步学习报告记录到Redis结束
2017-12-26 20:09:54
单元测试数据入库SZ结束
2017-12-26 20:09:54
单元测试数据入库OT开始
2017-12-26 20:10:20
定时任务
2017-12-26 20:10:26
班级变更同步学习报告记录到Redis开始
2017-12-26 20:10:26
同步学习报告记录到Redis开始
2017-12-26 20:10:26
同步学习报告记录到Redis结束
2017-12-26 20:10:37
班级变更同步学习报告记录到Redis开始
2017-12-26 20:10:37
同步学习报告记录到Redis开始
2017-12-26 20:10:37
同步学习报告记录到Redis结束
2017-12-26 20:11:39
定时任务
2017-12-26 20:11:41
班级变更同步学习报告记录到Redis开始
2017-12-26 20:12:02
同步学习报告记录到Redis结束
2017-12-26 20:12:02
班级变更同步学习报告记录到Redis结束
2017-12-26 20:12:02
同步学习报告记录到Redis开始
2017-12-26 20:12:02
同步学习报告记录到Redis结束
2017-12-26 20:12:02
班级变更同步学习报告记录到Redis开始
2017-12-26 20:12:02
班级变更同步学习报告记录到Redis结束
2017-12-26 20:12:45
班级变更同步学习报告记录到Redis开始
2017-12-26 20:12:45
刷新课本剧排行榜redis数据开始
2017-12-26 20:12:45
刷新课本剧排行榜redis数据结束
2017-12-26 20:12:54
班级变更同步学习报告记录到Redis结束
2017-12-26 20:13:04
班级变更同步学习报告记录到Redis开始
2017-12-26 20:13:04
同步学习报告记录到Redis开始
2017-12-26 20:13:04
班级变更同步学习报告记录到Redis结束
2017-12-26 20:13:04
同步学习报告记录到Redis结束
2017-12-26 20:13:14
同步学习报告记录到Redis开始
2017-12-26 20:13:14
班级变更同步学习报告记录到Redis开始
2017-12-26 20:13:14
同步学习报告记录到Redis结束
2017-12-26 20:13:14
班级变更同步学习报告记录到Redis结束
2017-12-26 20:13:24
班级变更同步学习报告记录到Redis结束
2017-12-26 20:13:24
同步学习报告记录到Redis结束
2017-12-26 20:14:54
定时任务
2017-12-26 20:14:56
同步学习报告记录到Redis开始
2017-12-26 20:14:58
班级变更同步学习报告记录到Redis结束
2017-12-26 20:14:59
同步学习报告记录到Redis结束
2017-12-26 20:18:33
定时任务
2017-12-26 20:19:04
班级变更同步学习报告记录到Redis开始
2017-12-26 20:19:04
同步学习报告记录到Redis结束
2017-12-26 20:19:04
同步学习报告记录到Redis开始
2017-12-26 20:19:04
班级变更同步学习报告记录到Redis结束
2017-12-26 20:19:04
班级变更同步学习报告记录到Redis开始
2017-12-26 20:19:04
班级变更同步学习报告记录到Redis结束
2017-12-26 20:24:42
定时任务
2017-12-26 20:24:44
班级变更同步学习报告记录到Redis开始
2017-12-26 20:24:44
初始化单元测试数据OT开始
2017-12-26 20:24:47
同步学习报告记录到Redis结束
2017-12-26 20:24:47
班级变更同步学习报告记录到Redis结束
2017-12-26 20:26:47
班级变更同步学习报告记录到Redis开始
2017-12-26 20:26:47
班级变更同步学习报告记录到Redis结束
2017-12-26 20:27:11
定时任务
2017-12-26 20:27:12
初始化单元测试数据OT开始
2017-12-26 20:27:34
同步学习报告记录到Redis结束
2017-12-26 20:27:34
班级变更同步学习报告记录到Redis结束
2017-12-26 20:40:12
定时任务
2017-12-26 20:40:14
班级变更同步学习报告记录到Redis开始
2017-12-26 20:40:41
班级变更同步学习报告记录到Redis结束
2017-12-26 20:40:41
同步学习报告记录到Redis结束
2017-12-26 20:40:41
班级变更同步学习报告记录到Redis开始
2017-12-26 20:40:41
班级变更同步学习报告记录到Redis结束
2017-12-26 20:40:41
同步学习报告记录到Redis结束
2017-12-26 20:40:51
班级变更同步学习报告记录到Redis开始
2017-12-26 20:40:51
同步学习报告记录到Redis开始
2017-12-26 20:40:51
同步学习报告记录到Redis结束
2017-12-26 20:41:01
同步学习报告记录到Redis开始
2017-12-26 20:41:01
班级变更同步学习报告记录到Redis开始
2017-12-26 20:41:01
同步学习报告记录到Redis结束
2017-12-26 20:41:01
班级变更同步学习报告记录到Redis结束
2017-12-26 20:41:11
班级变更同步学习报告记录到Redis结束
2017-12-26 20:41:11
同步学习报告记录到Redis结束
2017-12-26 20:41:14
刷新课本剧排行榜redis数据开始
2017-12-26 20:41:14
刷新课本剧排行榜redis数据结束
2017-12-26 20:41:31
同步学习报告记录到Redis开始
2017-12-26 20:41:31
班级变更同步学习报告记录到Redis结束
2017-12-26 20:41:31
同步学习报告记录到Redis结束
2017-12-26 20:41:41
班级变更同步学习报告记录到Redis结束
2017-12-26 20:42:20
同步学习报告记录到Redis开始
2017-12-26 20:42:20
同步学习报告记录到Redis结束
2017-12-26 20:42:20
班级变更同步学习报告记录到Redis结束
2017-12-26 20:42:20
刷新课本剧排行榜redis数据结束
2017-12-26 20:42:55
定时任务
2017-12-26 20:42:56
初始化单元测试数据OT开始
2017-12-26 20:43:22
同步学习报告记录到Redis结束
2017-12-26 20:43:22
班级变更同步学习报告记录到Redis结束
2017-12-26 20:43:23
同步学习报告记录到Redis开始
2017-12-26 20:43:23
班级变更同步学习报告记录到Redis开始
2017-12-26 20:43:23
同步学习报告记录到Redis结束
2017-12-26 20:43:23
班级变更同步学习报告记录到Redis结束
2017-12-26 20:44:03
定时任务
2017-12-26 20:44:05
初始化单元测试数据OT开始
2017-12-26 20:44:07
班级变更同步学习报告记录到Redis结束
2017-12-26 20:44:07
同步学习报告记录到Redis结束
2017-12-26 20:46:41
定时任务
2017-12-26 20:46:43
同步学习报告记录到Redis开始
2017-12-26 20:46:43
班级变更同步学习报告记录到Redis开始
2017-12-26 20:46:45
同步学习报告记录到Redis结束
2017-12-26 20:46:46
班级变更同步学习报告记录到Redis结束
2017-12-26 20:51:21
定时任务
2017-12-26 20:51:22
初始化单元测试数据OT开始
2017-12-26 20:51:25
同步学习报告记录到Redis结束
2017-12-26 20:51:25
班级变更同步学习报告记录到Redis结束
2017-12-26 20:51:26
初始化单元测试数据OT结束
2017-12-26 20:51:32
同步学习报告记录到Redis开始
2017-12-26 20:51:32
班级变更同步学习报告记录到Redis开始
2017-12-26 20:51:32
班级变更同步学习报告记录到Redis结束
2017-12-26 20:52:05
定时任务
2017-12-26 20:52:08
同步学习报告记录到Redis开始
2017-12-26 20:52:08
初始化单元测试数据OT开始
2017-12-26 20:52:11
班级变更同步学习报告记录到Redis结束
2017-12-26 20:52:11
同步学习报告记录到Redis结束
2017-12-26 20:52:21
班级变更同步学习报告记录到Redis开始
2017-12-26 20:52:22
班级变更同步学习报告记录到Redis结束
2017-12-26 20:53:19
班级变更同步学习报告记录到Redis开始
2017-12-26 20:53:20
刷新课本剧排行榜redis数据开始
2017-12-26 20:53:22
班级变更同步学习报告记录到Redis结束
2017-12-26 20:53:24
刷新课本剧排行榜redis数据结束
2017-12-26 20:53:25
同步学习报告记录到Redis开始
2017-12-26 20:53:27
同步学习报告记录到Redis结束
2017-12-26 20:53:29
同步学习报告记录到Redis开始
2017-12-26 20:53:35
同步学习报告记录到Redis结束
2017-12-26 20:53:36
班级变更同步学习报告记录到Redis结束
2017-12-26 20:53:49
班级变更同步学习报告记录到Redis开始
2017-12-26 20:53:49
同步学习报告记录到Redis开始
2017-12-26 20:53:54
同步学习报告记录到Redis开始
2017-12-26 20:53:55
班级变更同步学习报告记录到Redis开始
2017-12-26 20:53:57
同步学习报告记录到Redis结束
2017-12-26 20:53:57
班级变更同步学习报告记录到Redis结束
2017-12-26 20:54:05
同步学习报告记录到Redis开始
2017-12-26 21:10:56
定时任务
2017-12-26 21:10:59
初始化单元测试数据OT开始
2017-12-26 21:11:04
班级变更同步学习报告记录到Redis开始
2017-12-26 21:11:09
班级变更同步学习报告记录到Redis结束
2017-12-26 21:11:09
同步学习报告记录到Redis结束
2017-12-26 21:11:09
同步学习报告记录到Redis开始
2017-12-26 21:11:09
班级变更同步学习报告记录到Redis开始
2017-12-26 21:11:09
同步学习报告记录到Redis结束
2017-12-26 21:11:09
班级变更同步学习报告记录到Redis结束
2017-12-26 21:11:21
班级变更同步学习报告记录到Redis开始
2017-12-26 21:11:25
同步学习报告记录到Redis结束
2017-12-26 21:11:30
班级变更同步学习报告记录到Redis开始
2017-12-26 21:11:44
同步学习报告记录到Redis结束
2017-12-26 21:18:38
定时任务
2017-12-26 21:18:40
班级变更同步学习报告记录到Redis开始
2017-12-26 21:18:40
初始化单元测试数据OT开始
2017-12-26 21:18:42
同步学习报告记录到Redis结束
2017-12-26 21:18:47
班级变更同步学习报告记录到Redis结束
2017-12-26 21:18:51
同步学习报告记录到Redis开始
2017-12-26 21:18:54
同步学习报告记录到Redis结束
2017-12-26 21:18:55
班级变更同步学习报告记录到Redis结束
2017-12-26 21:19:03
班级变更同步学习报告记录到Redis开始
2017-12-26 21:20:35
定时任务
2017-12-26 21:20:40
同步学习报告记录到Redis开始
2017-12-26 21:20:40
同步学习报告记录到Redis结束
2017-12-26 21:20:40
班级变更同步学习报告记录到Redis结束
2017-12-26 21:20:47
同步学习报告记录到Redis开始
2017-12-26 21:20:49
同步学习报告记录到Redis结束
2017-12-26 21:20:50
班级变更同步学习报告记录到Redis结束
2017-12-26 21:20:58
班级变更同步学习报告记录到Redis开始
2017-12-26 21:20:59
班级变更同步学习报告记录到Redis结束
2017-12-26 21:21:00
同步学习报告记录到Redis开始
2017-12-26 21:22:04
定时任务
2017-12-26 21:22:08
同步学习报告记录到Redis开始
2017-12-26 21:22:08
班级变更同步学习报告记录到Redis开始
2017-12-26 21:22:08
同步学习报告记录到Redis结束
2017-12-26 21:22:08
班级变更同步学习报告记录到Redis结束
2017-12-26 21:22:17
同步学习报告记录到Redis结束
2017-12-26 21:22:17
班级变更同步学习报告记录到Redis结束
2017-12-26 21:22:41
同步学习报告记录到Redis开始
2017-12-26 21:22:42
班级变更同步学习报告记录到Redis结束
2017-12-26 21:22:42
同步学习报告记录到Redis结束
2017-12-26 21:22:46
班级变更同步学习报告记录到Redis开始
2017-12-26 21:22:47
同步学习报告记录到Redis开始
2017-12-26 21:22:49
同步学习报告记录到Redis结束
2017-12-26 21:22:58
同步学习报告记录到Redis开始
2017-12-26 21:22:58
初始化单元测试数据OT结束
2017-12-26 21:23:05
刷新课本剧排行榜redis数据开始
2017-12-26 21:23:05
刷新课本剧排行榜redis数据结束
2017-12-26 21:23:08
同步学习报告记录到Redis开始
2017-12-26 21:23:08
班级变更同步学习报告记录到Redis开始
2017-12-26 21:23:08
班级变更同步学习报告记录到Redis结束
2017-12-26 21:23:18
同步学习报告记录到Redis结束
2017-12-26 21:23:28
同步学习报告记录到Redis开始
2017-12-26 21:23:28
同步学习报告记录到Redis结束
2017-12-26 21:23:38
同步学习报告记录到Redis开始
2017-12-26 21:23:38
班级变更同步学习报告记录到Redis结束
2017-12-26 21:23:48
同步学习报告记录到Redis结束
2017-12-26 21:24:06
定时任务
2017-12-26 21:24:08
班级变更同步学习报告记录到Redis开始
2017-12-26 21:24:12
同步学习报告记录到Redis开始
2017-12-26 21:24:13
班级变更同步学习报告记录到Redis结束
2017-12-26 21:24:18
同步学习报告记录到Redis开始
2017-12-26 21:24:19
同步学习报告记录到Redis结束
2017-12-26 21:24:19
班级变更同步学习报告记录到Redis结束
2017-12-26 21:24:38
班级变更同步学习报告记录到Redis结束
2017-12-26 21:24:44
班级变更同步学习报告记录到Redis开始
2017-12-26 21:24:47
班级变更同步学习报告记录到Redis结束
2017-12-26 21:24:50
同步学习报告记录到Redis结束
2017-12-26 21:24:53
班级变更同步学习报告记录到Redis开始
2017-12-26 21:24:57
班级变更同步学习报告记录到Redis结束
2017-12-26 21:25:02
同步学习报告记录到Redis开始
2017-12-26 21:25:33
同步学习报告记录到Redis结束
2017-12-26 21:25:34
同步学习报告记录到Redis开始
2017-12-26 21:25:34
刷新课本剧排行榜redis数据开始
2017-12-26 21:25:34
班级变更同步学习报告记录到Redis结束
2017-12-26 21:25:39
班级变更同步学习报告记录到Redis开始
2017-12-26 21:27:07
刷新课本剧排行榜redis数据结束
2017-12-26 21:27:09
班级变更同步学习报告记录到Redis开始
2017-12-26 21:27:10
刷新课本剧排行榜redis数据开始
2017-12-26 21:27:12
刷新课本剧排行榜redis数据结束
2017-12-26 21:27:13
班级变更同步学习报告记录到Redis结束
2017-12-26 21:27:41
同步学习报告记录到Redis结束
2017-12-26 21:27:41
班级变更同步学习报告记录到Redis结束
2017-12-26 21:27:44
同步学习报告记录到Redis开始
2017-12-26 21:27:47
班级变更同步学习报告记录到Redis开始
2017-12-26 21:27:49
同步学习报告记录到Redis结束
2017-12-26 21:27:52
同步学习报告记录到Redis开始
2017-12-26 21:27:53
班级变更同步学习报告记录到Redis开始
2017-12-26 21:27:53
同步学习报告记录到Redis结束
2017-12-26 21:27:53
班级变更同步学习报告记录到Redis结束
2017-12-26 21:28:14
同步学习报告记录到Redis结束
2017-12-26 21:28:15
刷新课本剧排行榜redis数据开始
2017-12-26 21:28:15
刷新课本剧排行榜redis数据结束
2017-12-26 21:28:22
同步学习报告记录到Redis开始
2017-12-26 21:28:32
班级变更同步学习报告记录到Redis结束
2017-12-26 21:28:36
班级变更同步学习报告记录到Redis结束
2017-12-26 21:28:36
同步学习报告记录到Redis结束
2017-12-26 21:28:56
同步学习报告记录到Redis结束
2017-12-26 21:28:57
班级变更同步学习报告记录到Redis结束
2017-12-26 21:30:16
同步学习报告记录到Redis开始
2017-12-26 21:30:17
班级变更同步学习报告记录到Redis结束
2017-12-26 21:30:17
同步学习报告记录到Redis结束
2017-12-26 21:30:26
同步学习报告记录到Redis开始
2017-12-26 21:30:26
同步学习报告记录到Redis结束
2017-12-26 21:30:26
班级变更同步学习报告记录到Redis开始
2017-12-26 21:30:26
班级变更同步学习报告记录到Redis结束
2017-12-26 21:30:36
同步学习报告记录到Redis结束
2017-12-26 21:30:45
班级变更同步学习报告记录到Redis结束
2017-12-26 21:30:55
班级变更同步学习报告记录到Redis结束
2017-12-26 21:31:05
同步学习报告记录到Redis结束
2017-12-26 21:31:15
刷新课本剧排行榜redis数据开始
2017-12-26 21:31:15
刷新课本剧排行榜redis数据结束
2017-12-26 21:31:15
同步学习报告记录到Redis开始
2017-12-26 21:31:15
班级变更同步学习报告记录到Redis结束
2017-12-26 21:31:25
班级变更同步学习报告记录到Redis结束
2017-12-26 21:31:25
同步学习报告记录到Redis结束
2017-12-26 21:31:39
同步学习报告记录到Redis开始
2017-12-26 21:31:40
班级变更同步学习报告记录到Redis开始
2017-12-26 21:31:41
班级变更同步学习报告记录到Redis结束
2017-12-26 21:31:42
同步学习报告记录到Redis结束
2017-12-26 21:31:51
同步学习报告记录到Redis开始
2017-12-26 21:32:12
班级变更同步学习报告记录到Redis开始
2017-12-26 21:33:00
定时任务
2017-12-26 21:33:01
初始化单元测试数据OT开始
2017-12-26 21:33:04
同步学习报告记录到Redis结束
2017-12-26 21:33:04
班级变更同步学习报告记录到Redis结束
2017-12-26 21:33:11
同步学习报告记录到Redis开始
2017-12-26 21:33:12
班级变更同步学习报告记录到Redis结束
2017-12-26 21:33:22
同步学习报告记录到Redis结束
2017-12-26 21:33:22
班级变更同步学习报告记录到Redis结束
2017-12-26 21:33:32
同步学习报告记录到Redis结束
2017-12-26 21:33:42
同步学习报告记录到Redis开始
2017-12-26 21:33:42
同步学习报告记录到Redis结束
2017-12-26 21:33:42
班级变更同步学习报告记录到Redis结束
2017-12-26 21:33:52
班级变更同步学习报告记录到Redis结束
2017-12-26 21:34:01
刷新课本剧排行榜redis数据开始
2017-12-26 21:34:02
刷新课本剧排行榜redis数据结束
2017-12-26 21:34:02
同步学习报告记录到Redis结束
2017-12-26 21:34:12
同步学习报告记录到Redis开始
2017-12-26 21:34:12
班级变更同步学习报告记录到Redis结束
2017-12-26 21:34:22
同步学习报告记录到Redis结束
2017-12-26 21:34:32
班级变更同步学习报告记录到Redis结束
2017-12-26 21:34:42
同步学习报告记录到Redis结束
2017-12-26 21:34:52
同步学习报告记录到Redis结束
2017-12-26 21:35:01
刷新课本剧排行榜redis数据开始
2017-12-26 21:35:02
刷新课本剧排行榜redis数据结束
2017-12-26 21:35:02
同步学习报告记录到Redis结束
2017-12-26 21:35:12
班级变更同步学习报告记录到Redis结束
2017-12-26 21:35:12
同步学习报告记录到Redis结束
2017-12-26 21:35:22
班级变更同步学习报告记录到Redis结束
2017-12-26 21:35:32
班级变更同步学习报告记录到Redis结束
2017-12-26 21:35:42
班级变更同步学习报告记录到Redis结束
2017-12-26 21:35:52
班级变更同步学习报告记录到Redis结束
2017-12-26 21:36:02
刷新课本剧排行榜redis数据开始
2017-12-26 21:36:02
刷新课本剧排行榜redis数据结束
2017-12-26 21:36:02
班级变更同步学习报告记录到Redis结束
2017-12-26 21:36:12
班级变更同步学习报告记录到Redis结束
2017-12-26 21:36:22
同步学习报告记录到Redis结束
2017-12-26 21:36:32
班级变更同步学习报告记录到Redis开始
2017-12-26 21:36:32
同步学习报告记录到Redis结束
2017-12-26 21:36:42
班级变更同步学习报告记录到Redis结束
2017-12-26 21:36:42
同步学习报告记录到Redis结束
2017-12-26 21:36:52
班级变更同步学习报告记录到Redis结束
2017-12-26 21:37:02
刷新课本剧排行榜redis数据开始
2017-12-26 21:37:02
刷新课本剧排行榜redis数据结束
2017-12-26 21:37:02
班级变更同步学习报告记录到Redis开始
2017-12-26 21:37:02
班级变更同步学习报告记录到Redis结束
2017-12-26 21:37:02
同步学习报告记录到Redis结束
2017-12-26 21:37:12
班级变更同步学习报告记录到Redis结束
2017-12-26 21:37:22
班级变更同步学习报告记录到Redis结束
2017-12-26 21:37:32
同步学习报告记录到Redis结束
2017-12-26 21:37:32
班级变更同步学习报告记录到Redis结束
2017-12-26 21:37:42
同步学习报告记录到Redis结束
2017-12-26 21:37:52
班级变更同步学习报告记录到Redis结束
2017-12-26 21:38:02
刷新课本剧排行榜redis数据开始
2017-12-26 21:38:02
刷新课本剧排行榜redis数据结束
2017-12-26 21:38:02
同步学习报告记录到Redis结束
2017-12-26 21:38:02
班级变更同步学习报告记录到Redis结束
2017-12-26 21:38:12
同步学习报告记录到Redis结束
2017-12-26 21:38:22
班级变更同步学习报告记录到Redis结束
2017-12-26 21:38:32
同步学习报告记录到Redis开始
2017-12-26 21:38:32
同步学习报告记录到Redis结束
2017-12-26 21:38:42
班级变更同步学习报告记录到Redis结束
2017-12-26 21:38:52
同步学习报告记录到Redis开始
2017-12-26 21:38:52
同步学习报告记录到Redis结束
2017-12-26 21:38:52
班级变更同步学习报告记录到Redis结束
2017-12-26 21:39:02
刷新课本剧排行榜redis数据开始
2017-12-26 21:39:02
刷新课本剧排行榜redis数据结束
2017-12-26 21:39:02
同步学习报告记录到Redis开始
2017-12-26 21:39:02
同步学习报告记录到Redis结束
2017-12-26 21:39:12
同步学习报告记录到Redis结束
2017-12-26 21:39:22
同步学习报告记录到Redis开始
2017-12-26 21:39:22
同步学习报告记录到Redis结束
2017-12-26 21:39:32
同步学习报告记录到Redis结束
2017-12-26 21:39:32
班级变更同步学习报告记录到Redis结束
2017-12-26 21:39:42
同步学习报告记录到Redis结束
2017-12-26 21:39:52
班级变更同步学习报告记录到Redis结束
2017-12-26 21:40:02
刷新课本剧排行榜redis数据开始
2017-12-26 21:40:02
刷新课本剧排行榜redis数据结束
2017-12-26 21:40:02
班级变更同步学习报告记录到Redis开始
2017-12-26 21:40:02
同步学习报告记录到Redis结束
2017-12-26 21:40:12
班级变更同步学习报告记录到Redis结束
2017-12-26 21:40:22
同步学习报告记录到Redis开始
2017-12-26 21:40:22
同步学习报告记录到Redis结束
2017-12-26 21:40:32
班级变更同步学习报告记录到Redis结束
2017-12-26 21:40:42
同步学习报告记录到Redis开始
2017-12-26 21:40:42
同步学习报告记录到Redis结束
2017-12-26 21:40:52
同步学习报告记录到Redis结束
2017-12-26 21:41:02
刷新课本剧排行榜redis数据开始
2017-12-26 21:41:02
刷新课本剧排行榜redis数据结束
2017-12-26 21:41:02
同步学习报告记录到Redis结束
2017-12-26 21:41:02
班级变更同步学习报告记录到Redis结束
2017-12-26 21:41:12
同步学习报告记录到Redis结束
2017-12-26 21:41:22
同步学习报告记录到Redis结束
2017-12-26 21:41:32
班级变更同步学习报告记录到Redis结束
2017-12-26 21:41:32
同步学习报告记录到Redis结束
2017-12-26 21:41:42
同步学习报告记录到Redis结束
2017-12-26 21:41:52
同步学习报告记录到Redis结束
2017-12-26 21:42:02
刷新课本剧排行榜redis数据开始
2017-12-26 21:42:02
刷新课本剧排行榜redis数据结束
2017-12-26 21:42:02
班级变更同步学习报告记录到Redis结束
2017-12-26 21:42:12
班级变更同步学习报告记录到Redis结束
2017-12-26 21:42:22
同步学习报告记录到Redis结束
2017-12-26 21:42:32
班级变更同步学习报告记录到Redis开始
2017-12-26 21:42:32
班级变更同步学习报告记录到Redis结束
2017-12-26 21:42:42
班级变更同步学习报告记录到Redis结束
2017-12-26 21:42:52
班级变更同步学习报告记录到Redis结束
2017-12-26 21:43:01
趣配音报名补全用户信息SyncUserInfoRedisFromUMS开始
2017-12-26 21:43:02
趣配音报名补全用户信息SyncUserInfoRedisFromUMS结束
2017-12-26 21:43:02
刷新学生所在学校排行榜redis数据开始
2017-12-26 21:43:02
刷新学生所在学校排行榜redis数据结束
2017-12-26 21:43:02
SyncDubbingData趣配音报名同步开始
2017-12-26 21:43:02
SyncDubbingData趣配音同步数据成功2017/12/26 21:43:02
2017-12-26 21:43:02
SyncDubbingData趣配音报名同步结束
2017-12-26 21:43:02
刷新课本剧排行榜redis数据开始
2017-12-26 21:43:02
刷新课本剧排行榜redis数据结束
2017-12-26 21:43:02
班级变更同步学习报告记录到Redis开始
2017-12-26 21:43:02
同步学习报告记录到Redis开始
2017-12-26 21:43:02
同步学习报告记录到Redis结束
2017-12-26 21:43:12
同步学习报告记录到Redis结束
2017-12-26 21:43:12
班级变更同步学习报告记录到Redis结束
2017-12-26 21:43:22
班级变更同步学习报告记录到Redis开始
2017-12-26 21:43:22
班级变更同步学习报告记录到Redis结束
2017-12-26 21:43:32
班级变更同步学习报告记录到Redis开始
2017-12-26 21:43:32
班级变更同步学习报告记录到Redis结束
2017-12-26 21:43:42
班级变更同步学习报告记录到Redis开始
2017-12-26 21:43:42
同步学习报告记录到Redis结束
2017-12-26 21:43:52
同步学习报告记录到Redis结束
2017-12-26 21:44:02
刷新课本剧排行榜redis数据开始
2017-12-26 21:44:02
刷新课本剧排行榜redis数据结束
2017-12-26 21:44:02
班级变更同步学习报告记录到Redis结束
2017-12-26 21:44:12
班级变更同步学习报告记录到Redis结束
2017-12-26 21:44:22
班级变更同步学习报告记录到Redis开始
2017-12-26 21:44:22
同步学习报告记录到Redis开始
2017-12-26 21:44:22
班级变更同步学习报告记录到Redis结束
2017-12-26 21:44:23
同步学习报告记录到Redis结束
2017-12-26 21:44:33
班级变更同步学习报告记录到Redis结束
2017-12-26 21:44:33
同步学习报告记录到Redis结束
2017-12-26 21:44:43
同步学习报告记录到Redis结束
2017-12-26 21:44:53
班级变更同步学习报告记录到Redis结束
2017-12-26 21:45:02
刷新课本剧排行榜redis数据开始
2017-12-26 21:45:02
刷新课本剧排行榜redis数据结束
2017-12-26 21:45:03
班级变更同步学习报告记录到Redis结束
2017-12-26 21:45:13
同步学习报告记录到Redis结束
2017-12-26 21:45:23
班级变更同步学习报告记录到Redis结束
2017-12-26 21:45:33
同步学习报告记录到Redis结束
2017-12-26 21:45:43
同步学习报告记录到Redis结束
2017-12-26 21:45:43
班级变更同步学习报告记录到Redis结束
2017-12-26 21:45:53
同步学习报告记录到Redis结束
2017-12-26 21:46:02
刷新课本剧排行榜redis数据开始
2017-12-26 21:46:02
刷新课本剧排行榜redis数据结束
2017-12-26 21:46:03
班级变更同步学习报告记录到Redis结束
2017-12-26 21:46:13
同步学习报告记录到Redis结束
2017-12-26 21:46:23
班级变更同步学习报告记录到Redis结束
2017-12-26 21:46:33
班级变更同步学习报告记录到Redis结束
2017-12-26 21:46:43
班级变更同步学习报告记录到Redis开始
2017-12-26 21:46:43
班级变更同步学习报告记录到Redis结束
2017-12-26 21:46:43
同步学习报告记录到Redis结束
2017-12-26 21:46:53
班级变更同步学习报告记录到Redis结束
2017-12-26 21:47:02
刷新课本剧排行榜redis数据开始
2017-12-26 21:47:02
刷新课本剧排行榜redis数据结束
2017-12-26 21:47:03
班级变更同步学习报告记录到Redis结束
2017-12-26 21:47:13
班级变更同步学习报告记录到Redis结束
2017-12-26 21:47:23
班级变更同步学习报告记录到Redis结束
2017-12-26 21:47:33
同步学习报告记录到Redis开始
2017-12-26 21:47:33
同步学习报告记录到Redis结束
2017-12-26 21:47:43
班级变更同步学习报告记录到Redis开始
2017-12-26 21:47:43
班级变更同步学习报告记录到Redis结束
2017-12-26 21:47:53
班级变更同步学习报告记录到Redis结束
2017-12-26 21:48:02
刷新课本剧排行榜redis数据开始
2017-12-26 21:48:02
刷新课本剧排行榜redis数据结束
2017-12-26 21:48:03
班级变更同步学习报告记录到Redis开始
2017-12-26 21:48:03
同步学习报告记录到Redis结束
2017-12-26 21:48:03
班级变更同步学习报告记录到Redis结束
2017-12-26 21:48:13
班级变更同步学习报告记录到Redis开始
2017-12-26 21:48:13
班级变更同步学习报告记录到Redis结束
2017-12-26 21:48:23
班级变更同步学习报告记录到Redis开始
2017-12-26 21:48:23
班级变更同步学习报告记录到Redis结束
2017-12-26 21:48:33
班级变更同步学习报告记录到Redis结束
2017-12-26 21:48:43
同步学习报告记录到Redis开始
2017-12-26 21:48:43
班级变更同步学习报告记录到Redis结束
2017-12-26 21:48:53
同步学习报告记录到Redis开始
2017-12-26 21:48:53
班级变更同步学习报告记录到Redis结束
2017-12-26 21:49:02
刷新课本剧排行榜redis数据开始
2017-12-26 21:49:02
刷新课本剧排行榜redis数据结束
2017-12-26 21:49:03
同步学习报告记录到Redis结束
2017-12-26 21:49:03
班级变更同步学习报告记录到Redis结束
2017-12-26 21:49:13
班级变更同步学习报告记录到Redis结束
2017-12-26 21:49:23
班级变更同步学习报告记录到Redis结束
2017-12-26 21:49:33
同步学习报告记录到Redis结束
2017-12-26 21:49:43
班级变更同步学习报告记录到Redis结束
2017-12-26 21:49:53
同步学习报告记录到Redis开始
2017-12-26 21:49:53
同步学习报告记录到Redis结束
2017-12-26 21:49:53
班级变更同步学习报告记录到Redis结束
2017-12-26 21:50:02
刷新课本剧排行榜redis数据开始
2017-12-26 21:50:02
刷新课本剧排行榜redis数据结束
2017-12-26 21:50:03
班级变更同步学习报告记录到Redis开始
2017-12-26 21:50:03
班级变更同步学习报告记录到Redis结束
2017-12-26 21:50:13
班级变更同步学习报告记录到Redis结束
2017-12-26 21:50:23
同步学习报告记录到Redis开始
2017-12-26 21:50:23
班级变更同步学习报告记录到Redis结束
2017-12-26 21:50:33
同步学习报告记录到Redis结束
2017-12-26 21:50:43
班级变更同步学习报告记录到Redis开始
2017-12-26 21:50:43
同步学习报告记录到Redis结束
2017-12-26 21:50:53
班级变更同步学习报告记录到Redis结束
2017-12-26 21:51:02
刷新课本剧排行榜redis数据开始
2017-12-26 21:51:02
刷新课本剧排行榜redis数据结束
2017-12-26 21:51:03
班级变更同步学习报告记录到Redis结束
2017-12-26 21:51:13
同步学习报告记录到Redis开始
2017-12-26 21:51:13
同步学习报告记录到Redis结束
2017-12-26 21:51:23
班级变更同步学习报告记录到Redis结束
2017-12-26 21:51:33
班级变更同步学习报告记录到Redis结束
2017-12-26 21:51:43
同步学习报告记录到Redis结束
2017-12-26 21:51:43
班级变更同步学习报告记录到Redis结束
2017-12-26 21:51:53
同步学习报告记录到Redis开始
2017-12-26 21:51:53
班级变更同步学习报告记录到Redis结束
2017-12-26 21:52:02
刷新课本剧排行榜redis数据开始
2017-12-26 21:52:02
刷新课本剧排行榜redis数据结束
2017-12-26 21:52:03
班级变更同步学习报告记录到Redis结束
2017-12-26 21:52:13
同步学习报告记录到Redis结束
2017-12-26 21:52:23
班级变更同步学习报告记录到Redis结束
2017-12-26 21:52:33
班级变更同步学习报告记录到Redis结束
2017-12-26 21:52:43
班级变更同步学习报告记录到Redis结束
2017-12-26 21:52:53
同步学习报告记录到Redis开始
2017-12-26 21:52:53
同步学习报告记录到Redis结束
2017-12-26 21:53:01
刷新学生所在学校排行榜redis数据开始
2017-12-26 21:53:02
刷新学生所在学校排行榜redis数据结束
2017-12-26 21:53:02
趣配音报名补全用户信息SyncUserInfoRedisFromUMS开始
2017-12-26 21:53:02
趣配音报名补全用户信息SyncUserInfoRedisFromUMS结束
2017-12-26 21:53:02
SyncDubbingData趣配音报名同步开始
2017-12-26 21:53:02
SyncDubbingData趣配音同步数据成功2017/12/26 21:53:02
2017-12-26 21:53:02
SyncDubbingData趣配音报名同步结束
2017-12-26 21:53:02
刷新课本剧排行榜redis数据开始
2017-12-26 21:53:02
刷新课本剧排行榜redis数据结束
2017-12-26 21:53:03
班级变更同步学习报告记录到Redis开始
2017-12-26 21:53:03
同步学习报告记录到Redis结束
2017-12-26 21:53:03
班级变更同步学习报告记录到Redis结束
2017-12-26 21:53:13
班级变更同步学习报告记录到Redis开始
2017-12-26 21:53:13
班级变更同步学习报告记录到Redis结束
2017-12-26 21:53:23
班级变更同步学习报告记录到Redis结束
2017-12-26 21:53:33
班级变更同步学习报告记录到Redis结束
2017-12-26 21:53:43
同步学习报告记录到Redis开始
2017-12-26 21:53:43
班级变更同步学习报告记录到Redis结束
2017-12-26 21:53:43
同步学习报告记录到Redis结束
2017-12-26 21:53:53
班级变更同步学习报告记录到Redis结束
2017-12-26 21:54:00
初始化单元测试数据OT结束
2017-12-26 21:54:02
刷新课本剧排行榜redis数据开始
2017-12-26 21:54:02
刷新课本剧排行榜redis数据结束
2017-12-26 21:54:03
班级变更同步学习报告记录到Redis开始
2017-12-26 21:54:03
同步学习报告记录到Redis结束
2017-12-26 21:54:13
同步学习报告记录到Redis开始
2017-12-26 21:54:13
班级变更同步学习报告记录到Redis结束
2017-12-26 21:54:13
同步学习报告记录到Redis结束
2017-12-26 21:54:23
同步学习报告记录到Redis结束
2017-12-26 21:54:33
班级变更同步学习报告记录到Redis开始
2017-12-26 21:54:33
班级变更同步学习报告记录到Redis结束
2017-12-26 21:54:43
同步学习报告记录到Redis开始
2017-12-26 21:54:43
班级变更同步学习报告记录到Redis结束
2017-12-26 21:54:53
班级变更同步学习报告记录到Redis结束
2017-12-26 21:55:02
刷新课本剧排行榜redis数据开始
2017-12-26 21:55:02
刷新课本剧排行榜redis数据结束
2017-12-26 21:55:03
同步学习报告记录到Redis开始
2017-12-26 21:55:03
班级变更同步学习报告记录到Redis结束
2017-12-26 21:55:13
班级变更同步学习报告记录到Redis开始
2017-12-26 21:55:13
班级变更同步学习报告记录到Redis结束
2017-12-26 21:55:13
同步学习报告记录到Redis结束
2017-12-26 21:55:23
班级变更同步学习报告记录到Redis结束
2017-12-26 21:55:23
同步学习报告记录到Redis结束
2017-12-26 21:55:33
班级变更同步学习报告记录到Redis开始
2017-12-26 21:55:33
班级变更同步学习报告记录到Redis结束
2017-12-26 21:55:43
班级变更同步学习报告记录到Redis开始
2017-12-26 21:55:43
同步学习报告记录到Redis结束
2017-12-26 21:55:53
班级变更同步学习报告记录到Redis结束
2017-12-26 21:55:53
同步学习报告记录到Redis结束
2017-12-26 21:56:02
刷新课本剧排行榜redis数据开始
2017-12-26 21:56:02
刷新课本剧排行榜redis数据结束
2017-12-26 21:56:03
班级变更同步学习报告记录到Redis结束
2017-12-26 21:56:13
班级变更同步学习报告记录到Redis开始
2017-12-26 21:56:13
班级变更同步学习报告记录到Redis结束
2017-12-26 21:56:23
同步学习报告记录到Redis结束
2017-12-26 21:56:34
同步学习报告记录到Redis结束
2017-12-26 21:56:44
班级变更同步学习报告记录到Redis结束
2017-12-26 21:56:54
班级变更同步学习报告记录到Redis结束
2017-12-26 21:57:02
刷新课本剧排行榜redis数据开始
2017-12-26 21:57:02
刷新课本剧排行榜redis数据结束
2017-12-26 21:57:04
班级变更同步学习报告记录到Redis结束
2017-12-26 21:57:14
同步学习报告记录到Redis开始
2017-12-26 21:57:14
同步学习报告记录到Redis结束
2017-12-26 21:57:24
同步学习报告记录到Redis结束
2017-12-26 21:57:34
同步学习报告记录到Redis开始
2017-12-26 21:57:34
班级变更同步学习报告记录到Redis结束
2017-12-26 21:57:44
同步学习报告记录到Redis结束
2017-12-26 21:57:54
同步学习报告记录到Redis结束
2017-12-26 21:57:54
班级变更同步学习报告记录到Redis结束
2017-12-26 21:58:02
刷新课本剧排行榜redis数据开始
2017-12-26 21:58:02
刷新课本剧排行榜redis数据结束
2017-12-26 21:58:04
同步学习报告记录到Redis结束
2017-12-26 21:58:04
班级变更同步学习报告记录到Redis结束
2017-12-26 21:58:14
同步学习报告记录到Redis结束
2017-12-26 21:58:14
班级变更同步学习报告记录到Redis结束
2017-12-26 21:58:24
班级变更同步学习报告记录到Redis开始
2017-12-26 21:58:24
班级变更同步学习报告记录到Redis结束
2017-12-26 21:58:34
同步学习报告记录到Redis开始
2017-12-26 21:58:34
班级变更同步学习报告记录到Redis开始
2017-12-26 21:58:34
同步学习报告记录到Redis结束
2017-12-26 21:58:34
班级变更同步学习报告记录到Redis结束
2017-12-26 21:58:44
同步学习报告记录到Redis开始
2017-12-26 21:58:44
同步学习报告记录到Redis结束
2017-12-26 21:58:54
同步学习报告记录到Redis结束
2017-12-26 21:59:02
刷新课本剧排行榜redis数据开始
2017-12-26 21:59:02
刷新课本剧排行榜redis数据结束
2017-12-26 21:59:04
班级变更同步学习报告记录到Redis结束
2017-12-26 21:59:14
班级变更同步学习报告记录到Redis开始
2017-12-26 21:59:14
班级变更同步学习报告记录到Redis结束
2017-12-26 21:59:24
班级变更同步学习报告记录到Redis结束
2017-12-26 21:59:34
班级变更同步学习报告记录到Redis开始
2017-12-26 21:59:34
同步学习报告记录到Redis结束
2017-12-26 21:59:44
班级变更同步学习报告记录到Redis结束
2017-12-26 21:59:54
班级变更同步学习报告记录到Redis结束
2017-12-26 21:59:54
同步学习报告记录到Redis结束
2017-12-26 22:00:02
刷新课本剧排行榜redis数据开始
2017-12-26 22:00:02
刷新课本剧排行榜redis数据结束
2017-12-26 22:00:04
同步学习报告记录到Redis结束
2017-12-26 22:00:14
班级变更同步学习报告记录到Redis结束
2017-12-26 22:00:24
班级变更同步学习报告记录到Redis开始
2017-12-26 22:00:24
班级变更同步学习报告记录到Redis结束
2017-12-26 22:00:34
同步学习报告记录到Redis结束
2017-12-26 22:00:34
班级变更同步学习报告记录到Redis结束
2017-12-26 22:00:44
班级变更同步学习报告记录到Redis结束
2017-12-26 22:00:54
班级变更同步学习报告记录到Redis结束
2017-12-26 22:01:02
刷新课本剧排行榜redis数据开始
2017-12-26 22:01:02
刷新课本剧排行榜redis数据结束
2017-12-26 22:01:04
同步学习报告记录到Redis结束
2017-12-26 22:01:14
班级变更同步学习报告记录到Redis结束
2017-12-26 22:01:14
同步学习报告记录到Redis结束
2017-12-26 22:01:24
班级变更同步学习报告记录到Redis结束
2017-12-26 22:01:34
班级变更同步学习报告记录到Redis结束
2017-12-26 22:01:44
班级变更同步学习报告记录到Redis结束
2017-12-26 22:01:54
同步学习报告记录到Redis结束
2017-12-26 22:01:54
班级变更同步学习报告记录到Redis结束
2017-12-26 22:02:02
刷新课本剧排行榜redis数据开始
2017-12-26 22:02:02
刷新课本剧排行榜redis数据结束
2017-12-26 22:02:04
同步学习报告记录到Redis结束
2017-12-26 22:02:14
班级变更同步学习报告记录到Redis开始
2017-12-26 22:02:14
班级变更同步学习报告记录到Redis结束
2017-12-26 22:02:24
班级变更同步学习报告记录到Redis开始
2017-12-26 22:02:24
同步学习报告记录到Redis结束
2017-12-26 22:02:34
同步学习报告记录到Redis结束
2017-12-26 22:02:44
班级变更同步学习报告记录到Redis结束
2017-12-26 22:02:54
同步学习报告记录到Redis结束
2017-12-26 22:03:02
SyncDubbingData趣配音报名同步开始
2017-12-26 22:03:02
SyncDubbingData趣配音同步数据成功2017/12/26 22:03:02
2017-12-26 22:03:02
SyncDubbingData趣配音报名同步结束
2017-12-26 22:03:02
刷新学生所在学校排行榜redis数据开始
2017-12-26 22:03:02
刷新学生所在学校排行榜redis数据结束
2017-12-26 22:03:02
趣配音报名补全用户信息SyncUserInfoRedisFromUMS开始
2017-12-26 22:03:02
趣配音报名补全用户信息SyncUserInfoRedisFromUMS结束
2017-12-26 22:03:02
刷新课本剧排行榜redis数据开始
2017-12-26 22:03:02
刷新课本剧排行榜redis数据结束
2017-12-26 22:03:04
班级变更同步学习报告记录到Redis结束
2017-12-26 22:03:14
同步学习报告记录到Redis结束
2017-12-26 22:03:24
同步学习报告记录到Redis开始
2017-12-26 22:03:24
同步学习报告记录到Redis结束
2017-12-26 22:03:24
班级变更同步学习报告记录到Redis结束
2017-12-26 22:03:34
同步学习报告记录到Redis开始
2017-12-26 22:03:34
同步学习报告记录到Redis结束
2017-12-26 22:03:44
班级变更同步学习报告记录到Redis开始
2017-12-26 22:03:44
班级变更同步学习报告记录到Redis结束
2017-12-26 22:03:44
同步学习报告记录到Redis结束
2017-12-26 22:03:54
班级变更同步学习报告记录到Redis结束
2017-12-26 22:03:54
同步学习报告记录到Redis结束
2017-12-26 22:04:02
刷新课本剧排行榜redis数据开始
2017-12-26 22:04:02
刷新课本剧排行榜redis数据结束
2017-12-26 22:04:04
班级变更同步学习报告记录到Redis开始
2017-12-26 22:04:04
同步学习报告记录到Redis结束
2017-12-26 22:04:04
班级变更同步学习报告记录到Redis结束
2017-12-26 22:04:14
班级变更同步学习报告记录到Redis结束
2017-12-26 22:04:24
同步学习报告记录到Redis结束
2017-12-26 22:04:34
同步学习报告记录到Redis开始
2017-12-26 22:04:34
班级变更同步学习报告记录到Redis开始
2017-12-26 22:04:34
同步学习报告记录到Redis结束
2017-12-26 22:04:34
班级变更同步学习报告记录到Redis结束
2017-12-26 22:04:44
同步学习报告记录到Redis结束
2017-12-26 22:04:54
同步学习报告记录到Redis结束
2017-12-26 22:05:02
刷新课本剧排行榜redis数据开始
2017-12-26 22:05:02
刷新课本剧排行榜redis数据结束
2017-12-26 22:05:04
同步学习报告记录到Redis结束
2017-12-26 22:05:14
同步学习报告记录到Redis结束
2017-12-26 22:05:24
班级变更同步学习报告记录到Redis结束
2017-12-26 22:05:34
同步学习报告记录到Redis开始
2017-12-26 22:05:34
同步学习报告记录到Redis结束
2017-12-26 22:05:44
同步学习报告记录到Redis结束
2017-12-26 22:05:54
同步学习报告记录到Redis结束
2017-12-26 22:06:02
刷新课本剧排行榜redis数据开始
2017-12-26 22:06:02
刷新课本剧排行榜redis数据结束
2017-12-26 22:06:04
班级变更同步学习报告记录到Redis开始
2017-12-26 22:06:04
班级变更同步学习报告记录到Redis结束
2017-12-26 22:06:14
同步学习报告记录到Redis开始
2017-12-26 22:06:14
班级变更同步学习报告记录到Redis结束
2017-12-26 22:06:24
班级变更同步学习报告记录到Redis结束
2017-12-26 22:06:24
同步学习报告记录到Redis结束
2017-12-26 22:06:34
同步学习报告记录到Redis开始
2017-12-26 22:06:34
同步学习报告记录到Redis结束
2017-12-26 22:06:44
班级变更同步学习报告记录到Redis结束
2017-12-26 22:06:54
同步学习报告记录到Redis开始
2017-12-26 22:06:54
同步学习报告记录到Redis结束
2017-12-26 22:07:02
刷新课本剧排行榜redis数据开始
2017-12-26 22:07:02
刷新课本剧排行榜redis数据结束
2017-12-26 22:07:04
班级变更同步学习报告记录到Redis结束
2017-12-26 22:07:04
同步学习报告记录到Redis结束
2017-12-26 22:07:14
班级变更同步学习报告记录到Redis结束
2017-12-26 22:07:24
班级变更同步学习报告记录到Redis开始
2017-12-26 22:07:24
同步学习报告记录到Redis结束
2017-12-26 22:07:24
班级变更同步学习报告记录到Redis结束
2017-12-26 22:07:34
班级变更同步学习报告记录到Redis开始
2017-12-26 22:07:34
班级变更同步学习报告记录到Redis结束
2017-12-26 22:07:44
同步学习报告记录到Redis结束
2017-12-26 22:07:54
班级变更同步学习报告记录到Redis结束
2017-12-26 22:08:02
刷新课本剧排行榜redis数据开始
2017-12-26 22:08:02
刷新课本剧排行榜redis数据结束
2017-12-26 22:08:04
同步学习报告记录到Redis结束
2017-12-26 22:08:14
同步学习报告记录到Redis结束
2017-12-26 22:08:24
班级变更同步学习报告记录到Redis结束
2017-12-26 22:08:25
同步学习报告记录到Redis结束
2017-12-26 22:08:35
班级变更同步学习报告记录到Redis结束
2017-12-26 22:08:35
同步学习报告记录到Redis结束
2017-12-26 22:08:45
同步学习报告记录到Redis开始
2017-12-26 22:08:45
班级变更同步学习报告记录到Redis结束
2017-12-26 22:08:55
同步学习报告记录到Redis结束
2017-12-26 22:09:02
刷新课本剧排行榜redis数据开始
2017-12-26 22:09:02
刷新课本剧排行榜redis数据结束
2017-12-26 22:09:05
班级变更同步学习报告记录到Redis结束
2017-12-26 22:09:15
班级变更同步学习报告记录到Redis开始
2017-12-26 22:09:15
班级变更同步学习报告记录到Redis结束
2017-12-26 22:09:25
班级变更同步学习报告记录到Redis结束
2017-12-26 22:09:25
同步学习报告记录到Redis结束
2017-12-26 22:09:35
同步学习报告记录到Redis开始
2017-12-26 22:09:35
同步学习报告记录到Redis结束
2017-12-26 22:09:45
同步学习报告记录到Redis结束
2017-12-26 22:09:55
班级变更同步学习报告记录到Redis开始
2017-12-26 22:09:55
班级变更同步学习报告记录到Redis结束
2017-12-26 22:10:02
刷新课本剧排行榜redis数据开始
2017-12-26 22:10:02
刷新课本剧排行榜redis数据结束
2017-12-26 22:10:05
同步学习报告记录到Redis结束
2017-12-26 22:10:15
同步学习报告记录到Redis结束
2017-12-26 22:10:15
班级变更同步学习报告记录到Redis结束
2017-12-26 22:10:25
同步学习报告记录到Redis结束
2017-12-26 22:10:35
班级变更同步学习报告记录到Redis开始
2017-12-26 22:10:35
同步学习报告记录到Redis开始
2017-12-26 22:10:35
班级变更同步学习报告记录到Redis结束
2017-12-26 22:10:35
同步学习报告记录到Redis结束
2017-12-26 22:10:45
同步学习报告记录到Redis结束
2017-12-26 22:10:55
班级变更同步学习报告记录到Redis结束
2017-12-26 22:11:02
刷新课本剧排行榜redis数据开始
2017-12-26 22:11:02
刷新课本剧排行榜redis数据结束
2017-12-26 22:11:05
同步学习报告记录到Redis开始
2017-12-26 22:11:05
同步学习报告记录到Redis结束
2017-12-26 22:11:15
班级变更同步学习报告记录到Redis开始
2017-12-26 22:11:15
班级变更同步学习报告记录到Redis结束
2017-12-26 22:11:25
同步学习报告记录到Redis结束
2017-12-26 22:11:25
班级变更同步学习报告记录到Redis结束
2017-12-26 22:11:35
同步学习报告记录到Redis结束
2017-12-26 22:11:35
班级变更同步学习报告记录到Redis结束
2017-12-26 22:11:45
班级变更同步学习报告记录到Redis开始
2017-12-26 22:11:45
同步学习报告记录到Redis结束
2017-12-26 22:11:45
班级变更同步学习报告记录到Redis结束
2017-12-26 22:11:55
班级变更同步学习报告记录到Redis结束
2017-12-26 22:11:55
同步学习报告记录到Redis结束
2017-12-26 22:12:02
刷新课本剧排行榜redis数据开始
2017-12-26 22:12:02
刷新课本剧排行榜redis数据结束
2017-12-26 22:12:05
同步学习报告记录到Redis结束
2017-12-26 22:12:15
班级变更同步学习报告记录到Redis开始
2017-12-26 22:12:15
同步学习报告记录到Redis开始
2017-12-26 22:12:15
同步学习报告记录到Redis结束
2017-12-26 22:12:25
同步学习报告记录到Redis开始
2017-12-26 22:12:25
同步学习报告记录到Redis结束
2017-12-26 22:12:35
同步学习报告记录到Redis开始
2017-12-26 22:12:35
班级变更同步学习报告记录到Redis开始
2017-12-26 22:12:35
同步学习报告记录到Redis结束
2017-12-26 22:12:35
班级变更同步学习报告记录到Redis结束
2017-12-26 22:12:45
同步学习报告记录到Redis结束
2017-12-26 22:12:45
班级变更同步学习报告记录到Redis结束
2017-12-26 22:12:55
班级变更同步学习报告记录到Redis开始
2017-12-26 22:12:55
班级变更同步学习报告记录到Redis结束
2017-12-26 22:13:02
刷新学生所在学校排行榜redis数据开始
2017-12-26 22:13:02
刷新学生所在学校排行榜redis数据结束
2017-12-26 22:13:02
SyncDubbingData趣配音报名同步开始
2017-12-26 22:13:02
SyncDubbingData趣配音同步数据成功2017/12/26 22:13:02
2017-12-26 22:13:02
SyncDubbingData趣配音报名同步结束
2017-12-26 22:13:02
趣配音报名补全用户信息SyncUserInfoRedisFromUMS开始
2017-12-26 22:13:02
趣配音报名补全用户信息SyncUserInfoRedisFromUMS结束
2017-12-26 22:13:02
刷新课本剧排行榜redis数据开始
2017-12-26 22:13:02
刷新课本剧排行榜redis数据结束
2017-12-26 22:13:05
班级变更同步学习报告记录到Redis结束
2017-12-26 22:13:15
同步学习报告记录到Redis开始
2017-12-26 22:13:15
同步学习报告记录到Redis结束
2017-12-26 22:13:25
同步学习报告记录到Redis开始
2017-12-26 22:13:25
同步学习报告记录到Redis结束
2017-12-26 22:13:35
班级变更同步学习报告记录到Redis开始
2017-12-26 22:13:35
班级变更同步学习报告记录到Redis结束
2017-12-26 22:13:45
同步学习报告记录到Redis开始
2017-12-26 22:13:45
班级变更同步学习报告记录到Redis结束
2017-12-26 22:13:55
同步学习报告记录到Redis开始
2017-12-26 22:13:55
班级变更同步学习报告记录到Redis结束
2017-12-26 22:13:55
同步学习报告记录到Redis结束
2017-12-26 22:14:02
刷新课本剧排行榜redis数据开始
2017-12-26 22:14:02
刷新课本剧排行榜redis数据结束
2017-12-26 22:14:05
班级变更同步学习报告记录到Redis结束
2017-12-26 22:14:15
同步学习报告记录到Redis结束
2017-12-26 22:14:15
班级变更同步学习报告记录到Redis结束
2017-12-26 22:14:25
同步学习报告记录到Redis结束
2017-12-26 22:14:25
班级变更同步学习报告记录到Redis结束
2017-12-26 22:14:35
同步学习报告记录到Redis结束
2017-12-26 22:14:45
班级变更同步学习报告记录到Redis结束
2017-12-26 22:14:55
同步学习报告记录到Redis结束
2017-12-26 22:14:55
班级变更同步学习报告记录到Redis结束
2017-12-26 22:15:02
刷新课本剧排行榜redis数据开始
2017-12-26 22:15:02
刷新课本剧排行榜redis数据结束
2017-12-26 22:15:05
班级变更同步学习报告记录到Redis开始
2017-12-26 22:15:05
班级变更同步学习报告记录到Redis结束
2017-12-26 22:15:15
同步学习报告记录到Redis开始
2017-12-26 22:15:15
班级变更同步学习报告记录到Redis结束
2017-12-26 22:15:25
班级变更同步学习报告记录到Redis开始
2017-12-26 22:15:25
班级变更同步学习报告记录到Redis结束
2017-12-26 22:15:25
同步学习报告记录到Redis结束
2017-12-26 22:15:35
班级变更同步学习报告记录到Redis开始
2017-12-26 22:15:35
同步学习报告记录到Redis结束
2017-12-26 22:15:45
班级变更同步学习报告记录到Redis结束
2017-12-26 22:15:45
同步学习报告记录到Redis结束
2017-12-26 22:15:55
班级变更同步学习报告记录到Redis结束
2017-12-26 22:15:55
同步学习报告记录到Redis结束
2017-12-26 22:16:02
刷新课本剧排行榜redis数据开始
2017-12-26 22:16:02
刷新课本剧排行榜redis数据结束
2017-12-26 22:16:05
班级变更同步学习报告记录到Redis开始
2017-12-26 22:16:05
同步学习报告记录到Redis结束
2017-12-26 22:16:05
班级变更同步学习报告记录到Redis结束
2017-12-26 22:16:15
班级变更同步学习报告记录到Redis开始
2017-12-26 22:16:15
同步学习报告记录到Redis开始
2017-12-26 22:16:15
班级变更同步学习报告记录到Redis结束
2017-12-26 22:16:15
同步学习报告记录到Redis结束
2017-12-26 22:16:25
班级变更同步学习报告记录到Redis开始
2017-12-26 22:16:25
班级变更同步学习报告记录到Redis结束
2017-12-26 22:16:35
班级变更同步学习报告记录到Redis结束
2017-12-26 22:16:35
同步学习报告记录到Redis结束
2017-12-26 22:16:45
班级变更同步学习报告记录到Redis开始
2017-12-26 22:16:45
班级变更同步学习报告记录到Redis结束
2017-12-26 22:16:55
班级变更同步学习报告记录到Redis开始
2017-12-26 22:16:55
同步学习报告记录到Redis开始
2017-12-26 22:16:55
同步学习报告记录到Redis结束
2017-12-26 22:17:02
刷新课本剧排行榜redis数据开始
2017-12-26 22:17:02
刷新课本剧排行榜redis数据结束
2017-12-26 22:17:05
班级变更同步学习报告记录到Redis开始
2017-12-26 22:17:05
班级变更同步学习报告记录到Redis结束
2017-12-26 22:17:15
同步学习报告记录到Redis结束
2017-12-26 22:17:25
班级变更同步学习报告记录到Redis结束
2017-12-26 22:17:35
班级变更同步学习报告记录到Redis结束
2017-12-26 22:17:45
同步学习报告记录到Redis结束
2017-12-26 22:17:55
班级变更同步学习报告记录到Redis结束
2017-12-26 22:18:02
刷新课本剧排行榜redis数据开始
2017-12-26 22:18:02
刷新课本剧排行榜redis数据结束
2017-12-26 22:18:05
班级变更同步学习报告记录到Redis开始
2017-12-26 22:18:05
班级变更同步学习报告记录到Redis结束
2017-12-26 22:18:15
班级变更同步学习报告记录到Redis开始
2017-12-26 22:18:15
班级变更同步学习报告记录到Redis结束
2017-12-26 22:18:15
同步学习报告记录到Redis结束
2017-12-26 22:18:25
同步学习报告记录到Redis结束
2017-12-26 22:18:25
班级变更同步学习报告记录到Redis结束
2017-12-26 22:18:35
班级变更同步学习报告记录到Redis开始
2017-12-26 22:18:35
同步学习报告记录到Redis结束
2017-12-26 22:18:45
同步学习报告记录到Redis结束
2017-12-26 22:18:45
班级变更同步学习报告记录到Redis结束
2017-12-26 22:18:55
班级变更同步学习报告记录到Redis开始
2017-12-26 22:18:55
同步学习报告记录到Redis开始
2017-12-26 22:18:55
同步学习报告记录到Redis结束
2017-12-26 22:19:02
刷新课本剧排行榜redis数据开始
2017-12-26 22:19:02
刷新课本剧排行榜redis数据结束
2017-12-26 22:19:05
班级变更同步学习报告记录到Redis结束
2017-12-26 22:19:15
同步学习报告记录到Redis开始
2017-12-26 22:19:15
班级变更同步学习报告记录到Redis结束
2017-12-26 22:19:25
班级变更同步学习报告记录到Redis结束
2017-12-26 22:19:35
班级变更同步学习报告记录到Redis开始
2017-12-26 22:19:35
同步学习报告记录到Redis开始
2017-12-26 22:19:35
班级变更同步学习报告记录到Redis结束
2017-12-26 22:19:35
同步学习报告记录到Redis结束
2017-12-26 22:19:45
同步学习报告记录到Redis结束
2017-12-26 22:19:45
班级变更同步学习报告记录到Redis结束
2017-12-26 22:19:55
同步学习报告记录到Redis开始
2017-12-26 22:19:55
班级变更同步学习报告记录到Redis结束
2017-12-26 22:20:02
刷新课本剧排行榜redis数据开始
2017-12-26 22:20:02
刷新课本剧排行榜redis数据结束
2017-12-26 22:20:05
班级变更同步学习报告记录到Redis结束
2017-12-26 22:20:15
班级变更同步学习报告记录到Redis结束
2017-12-26 22:20:15
同步学习报告记录到Redis结束
2017-12-26 22:20:26
班级变更同步学习报告记录到Redis结束
2017-12-26 22:20:36
班级变更同步学习报告记录到Redis结束
2017-12-26 22:20:46
班级变更同步学习报告记录到Redis结束
2017-12-26 22:20:56
班级变更同步学习报告记录到Redis结束
2017-12-26 22:21:02
刷新课本剧排行榜redis数据开始
2017-12-26 22:21:02
刷新课本剧排行榜redis数据结束
2017-12-26 22:21:06
同步学习报告记录到Redis结束
2017-12-26 22:21:06
班级变更同步学习报告记录到Redis结束
2017-12-26 22:21:16
班级变更同步学习报告记录到Redis结束
2017-12-26 22:21:26
班级变更同步学习报告记录到Redis开始
2017-12-26 22:21:26
班级变更同步学习报告记录到Redis结束
2017-12-26 22:21:36
班级变更同步学习报告记录到Redis结束
2017-12-26 22:21:36
同步学习报告记录到Redis结束
2017-12-26 22:21:46
班级变更同步学习报告记录到Redis结束
2017-12-26 22:21:56
班级变更同步学习报告记录到Redis开始
2017-12-26 22:21:56
班级变更同步学习报告记录到Redis结束
2017-12-26 22:22:02
刷新课本剧排行榜redis数据开始
2017-12-26 22:22:02
刷新课本剧排行榜redis数据结束
2017-12-26 22:22:06
班级变更同步学习报告记录到Redis结束
2017-12-26 22:22:16
同步学习报告记录到Redis结束
2017-12-26 22:22:16
班级变更同步学习报告记录到Redis结束
2017-12-26 22:22:26
同步学习报告记录到Redis开始
2017-12-26 22:22:26
同步学习报告记录到Redis结束
2017-12-26 22:22:26
班级变更同步学习报告记录到Redis结束
2017-12-26 22:22:36
同步学习报告记录到Redis结束
2017-12-26 22:22:46
同步学习报告记录到Redis结束
2017-12-26 22:22:46
班级变更同步学习报告记录到Redis结束
2017-12-26 22:22:56
同步学习报告记录到Redis结束
2017-12-26 22:23:02
SyncDubbingData趣配音报名同步开始
2017-12-26 22:23:02
SyncDubbingData趣配音同步数据成功2017/12/26 22:23:02
2017-12-26 22:23:02
SyncDubbingData趣配音报名同步结束
2017-12-26 22:23:02
刷新学生所在学校排行榜redis数据开始
2017-12-26 22:23:02
刷新学生所在学校排行榜redis数据结束
2017-12-26 22:23:02
趣配音报名补全用户信息SyncUserInfoRedisFromUMS开始
2017-12-26 22:23:02
趣配音报名补全用户信息SyncUserInfoRedisFromUMS结束
2017-12-26 22:23:02
刷新课本剧排行榜redis数据开始
2017-12-26 22:23:02
刷新课本剧排行榜redis数据结束
2017-12-26 22:23:06
班级变更同步学习报告记录到Redis结束
2017-12-26 22:23:16
班级变更同步学习报告记录到Redis开始
2017-12-26 22:23:16
班级变更同步学习报告记录到Redis结束
2017-12-26 22:23:26
班级变更同步学习报告记录到Redis开始
2017-12-26 22:23:26
班级变更同步学习报告记录到Redis结束
2017-12-26 22:23:36
班级变更同步学习报告记录到Redis结束
2017-12-26 22:23:36
同步学习报告记录到Redis结束
2017-12-26 22:23:46
班级变更同步学习报告记录到Redis开始
2017-12-26 22:23:46
班级变更同步学习报告记录到Redis结束
2017-12-26 22:23:56
班级变更同步学习报告记录到Redis结束
2017-12-26 22:23:56
同步学习报告记录到Redis结束
2017-12-26 22:24:02
刷新课本剧排行榜redis数据开始
2017-12-26 22:24:02
刷新课本剧排行榜redis数据结束
2017-12-26 22:24:06
班级变更同步学习报告记录到Redis结束
2017-12-26 22:24:06
同步学习报告记录到Redis结束
2017-12-26 22:24:16
同步学习报告记录到Redis结束
2017-12-26 22:24:26
班级变更同步学习报告记录到Redis结束
2017-12-26 22:24:36
同步学习报告记录到Redis开始
2017-12-26 22:24:36
同步学习报告记录到Redis结束
2017-12-26 22:24:46
班级变更同步学习报告记录到Redis结束
2017-12-26 22:24:46
同步学习报告记录到Redis结束
2017-12-26 22:24:56
同步学习报告记录到Redis开始
2017-12-26 22:24:56
同步学习报告记录到Redis结束
2017-12-26 22:25:02
刷新课本剧排行榜redis数据开始
2017-12-26 22:25:02
刷新课本剧排行榜redis数据结束
2017-12-26 22:25:06
同步学习报告记录到Redis结束
2017-12-26 22:25:16
班级变更同步学习报告记录到Redis开始
2017-12-26 22:25:16
班级变更同步学习报告记录到Redis结束
2017-12-26 22:25:16
同步学习报告记录到Redis结束
2017-12-26 22:25:26
班级变更同步学习报告记录到Redis结束
2017-12-26 22:25:26
同步学习报告记录到Redis结束
2017-12-26 22:25:36
同步学习报告记录到Redis结束
2017-12-26 22:25:46
班级变更同步学习报告记录到Redis结束
2017-12-26 22:25:56
同步学习报告记录到Redis开始
2017-12-26 22:25:56
同步学习报告记录到Redis结束
2017-12-26 22:26:02
刷新课本剧排行榜redis数据开始
2017-12-26 22:26:02
刷新课本剧排行榜redis数据结束
2017-12-26 22:26:06
班级变更同步学习报告记录到Redis结束
2017-12-26 22:26:16
同步学习报告记录到Redis结束
2017-12-26 22:26:26
班级变更同步学习报告记录到Redis结束
2017-12-26 22:26:26
同步学习报告记录到Redis结束
2017-12-26 22:26:36
班级变更同步学习报告记录到Redis开始
2017-12-26 22:26:36
同步学习报告记录到Redis结束
2017-12-26 22:26:36
班级变更同步学习报告记录到Redis结束
2017-12-26 22:26:46
同步学习报告记录到Redis结束
2017-12-26 22:26:46
班级变更同步学习报告记录到Redis结束
2017-12-26 22:26:56
同步学习报告记录到Redis结束
2017-12-26 22:27:02
刷新课本剧排行榜redis数据开始
2017-12-26 22:27:02
刷新课本剧排行榜redis数据结束
2017-12-26 22:27:06
班级变更同步学习报告记录到Redis开始
2017-12-26 22:27:06
同步学习报告记录到Redis结束
2017-12-26 22:27:16
同步学习报告记录到Redis结束
2017-12-26 22:27:26
班级变更同步学习报告记录到Redis开始
2017-12-26 22:27:26
同步学习报告记录到Redis结束
2017-12-26 22:27:26
班级变更同步学习报告记录到Redis结束
2017-12-26 22:27:36
同步学习报告记录到Redis结束
2017-12-26 22:27:46
同步学习报告记录到Redis结束
2017-12-26 22:27:56
班级变更同步学习报告记录到Redis结束
2017-12-26 22:28:02
刷新课本剧排行榜redis数据开始
2017-12-26 22:28:02
刷新课本剧排行榜redis数据结束
2017-12-26 22:28:06
班级变更同步学习报告记录到Redis开始
2017-12-26 22:28:06
班级变更同步学习报告记录到Redis结束
2017-12-26 22:28:06
同步学习报告记录到Redis结束
2017-12-26 22:28:16
同步学习报告记录到Redis开始
2017-12-26 22:28:16
同步学习报告记录到Redis结束
2017-12-26 22:28:26
班级变更同步学习报告记录到Redis结束
2017-12-26 22:28:36
同步学习报告记录到Redis结束
2017-12-26 22:28:46
同步学习报告记录到Redis结束
2017-12-26 22:28:56
同步学习报告记录到Redis结束
2017-12-26 22:29:02
刷新课本剧排行榜redis数据开始
2017-12-26 22:29:02
刷新课本剧排行榜redis数据结束
2017-12-26 22:29:06
同步学习报告记录到Redis结束
2017-12-26 22:29:06
班级变更同步学习报告记录到Redis结束
2017-12-26 22:29:16
同步学习报告记录到Redis结束
2017-12-26 22:29:26
班级变更同步学习报告记录到Redis开始
2017-12-26 22:29:26
班级变更同步学习报告记录到Redis结束
2017-12-26 22:29:36
同步学习报告记录到Redis开始
2017-12-26 22:29:36
班级变更同步学习报告记录到Redis结束
2017-12-26 22:29:36
同步学习报告记录到Redis结束
2017-12-26 22:29:46
同步学习报告记录到Redis开始
2017-12-26 22:29:46
同步学习报告记录到Redis结束
2017-12-26 22:29:56
班级变更同步学习报告记录到Redis开始
2017-12-26 22:29:56
同步学习报告记录到Redis结束
2017-12-26 22:30:02
刷新课本剧排行榜redis数据开始
2017-12-26 22:30:02
刷新课本剧排行榜redis数据结束
2017-12-26 22:30:06
班级变更同步学习报告记录到Redis结束
2017-12-26 22:30:16
班级变更同步学习报告记录到Redis结束
2017-12-26 22:30:26
班级变更同步学习报告记录到Redis开始
2017-12-26 22:30:26
班级变更同步学习报告记录到Redis结束
2017-12-26 22:30:36
班级变更同步学习报告记录到Redis结束
2017-12-26 22:30:46
班级变更同步学习报告记录到Redis结束
2017-12-26 22:30:56
同步学习报告记录到Redis开始
2017-12-26 22:30:56
同步学习报告记录到Redis结束
2017-12-26 22:31:02
刷新课本剧排行榜redis数据开始
2017-12-26 22:31:02
刷新课本剧排行榜redis数据结束
2017-12-26 22:31:06
班级变更同步学习报告记录到Redis结束
2017-12-26 22:31:16
班级变更同步学习报告记录到Redis结束
2017-12-26 22:31:16
同步学习报告记录到Redis结束
2017-12-26 22:31:26
班级变更同步学习报告记录到Redis结束
2017-12-26 22:31:36
班级变更同步学习报告记录到Redis开始
2017-12-26 22:31:36
同步学习报告记录到Redis结束
2017-12-26 22:31:46
同步学习报告记录到Redis结束
2017-12-26 22:31:56
同步学习报告记录到Redis开始
2017-12-26 22:31:56
班级变更同步学习报告记录到Redis结束
2017-12-26 22:31:56
同步学习报告记录到Redis结束
2017-12-26 22:32:02
刷新课本剧排行榜redis数据开始
2017-12-26 22:32:02
刷新课本剧排行榜redis数据结束
2017-12-26 22:32:06
同步学习报告记录到Redis结束
2017-12-26 22:32:06
班级变更同步学习报告记录到Redis结束
2017-12-26 22:32:16
班级变更同步学习报告记录到Redis结束
2017-12-26 22:32:16
同步学习报告记录到Redis结束
2017-12-26 22:32:26
班级变更同步学习报告记录到Redis开始
2017-12-26 22:32:26
班级变更同步学习报告记录到Redis结束
2017-12-26 22:32:36
班级变更同步学习报告记录到Redis开始
2017-12-26 22:32:37
班级变更同步学习报告记录到Redis结束
2017-12-26 22:32:47
班级变更同步学习报告记录到Redis结束
2017-12-26 22:32:57
同步学习报告记录到Redis结束
2017-12-26 22:33:01
同步学订单同步开始
2017-12-26 22:33:02
同步学订单同步结束
2017-12-26 22:33:02
刷新学生所在学校排行榜redis数据开始
2017-12-26 22:33:02
刷新学生所在学校排行榜redis数据结束
2017-12-26 22:33:02
SyncDubbingData趣配音报名同步开始
2017-12-26 22:33:02
SyncDubbingData趣配音同步数据成功2017/12/26 22:33:02
2017-12-26 22:33:02
SyncDubbingData趣配音报名同步结束
2017-12-26 22:33:02
同步学用户同步开始
2017-12-26 22:33:02
同步学用户同步结束
2017-12-26 22:33:02
趣配音报名补全用户信息SyncUserInfoRedisFromUMS开始
2017-12-26 22:33:02
趣配音报名补全用户信息SyncUserInfoRedisFromUMS结束
2017-12-26 22:33:02
刷新课本剧排行榜redis数据开始
2017-12-26 22:33:02
刷新课本剧排行榜redis数据结束
2017-12-26 22:33:07
同步学习报告记录到Redis开始
2017-12-26 22:33:07
同步学习报告记录到Redis结束
2017-12-26 22:33:07
班级变更同步学习报告记录到Redis结束
2017-12-26 22:33:17
班级变更同步学习报告记录到Redis开始
2017-12-26 22:33:17
同步学习报告记录到Redis开始
2017-12-26 22:33:17
班级变更同步学习报告记录到Redis结束
2017-12-26 22:33:17
同步学习报告记录到Redis结束
2017-12-26 22:33:27
班级变更同步学习报告记录到Redis结束
2017-12-26 22:33:37
同步学习报告记录到Redis开始
2017-12-26 22:33:37
同步学习报告记录到Redis结束
2017-12-26 22:33:37
班级变更同步学习报告记录到Redis开始
2017-12-26 22:33:37
班级变更同步学习报告记录到Redis结束
2017-12-26 22:33:47
班级变更同步学习报告记录到Redis结束
2017-12-26 22:33:57
同步学习报告记录到Redis开始
2017-12-26 22:33:57
班级变更同步学习报告记录到Redis结束
2017-12-26 22:34:02
刷新课本剧排行榜redis数据开始
2017-12-26 22:34:02
刷新课本剧排行榜redis数据结束
2017-12-26 22:34:07
班级变更同步学习报告记录到Redis结束
2017-12-26 22:34:17
同步学习报告记录到Redis结束
2017-12-26 22:34:17
班级变更同步学习报告记录到Redis结束
2017-12-26 22:34:27
班级变更同步学习报告记录到Redis开始
2017-12-26 22:34:27
同步学习报告记录到Redis开始
2017-12-26 22:34:27
同步学习报告记录到Redis结束
2017-12-26 22:34:37
同步学习报告记录到Redis结束
2017-12-26 22:34:47
班级变更同步学习报告记录到Redis开始
2017-12-26 22:34:47
同步学习报告记录到Redis开始
2017-12-26 22:34:47
班级变更同步学习报告记录到Redis结束
2017-12-26 22:34:47
同步学习报告记录到Redis结束
2017-12-26 22:34:57
同步学习报告记录到Redis结束
2017-12-26 22:35:02
刷新课本剧排行榜redis数据开始
2017-12-26 22:35:02
刷新课本剧排行榜redis数据结束
2017-12-26 22:35:07
班级变更同步学习报告记录到Redis开始
2017-12-26 22:35:07
班级变更同步学习报告记录到Redis结束
2017-12-26 22:35:17
班级变更同步学习报告记录到Redis结束
2017-12-26 22:35:17
同步学习报告记录到Redis结束
2017-12-26 22:35:27
班级变更同步学习报告记录到Redis结束
2017-12-26 22:35:37
班级变更同步学习报告记录到Redis开始
2017-12-26 22:35:37
同步学习报告记录到Redis结束
2017-12-26 22:35:47
班级变更同步学习报告记录到Redis结束
2017-12-26 22:35:57
同步学习报告记录到Redis开始
2017-12-26 22:35:57
同步学习报告记录到Redis结束
2017-12-26 22:35:57
班级变更同步学习报告记录到Redis结束
2017-12-26 22:36:02
刷新课本剧排行榜redis数据开始
2017-12-26 22:36:02
刷新课本剧排行榜redis数据结束
2017-12-26 22:36:07
同步学习报告记录到Redis结束
2017-12-26 22:36:17
同步学习报告记录到Redis结束
2017-12-26 22:36:17
班级变更同步学习报告记录到Redis结束
2017-12-26 22:36:27
班级变更同步学习报告记录到Redis结束
2017-12-26 22:36:37
班级变更同步学习报告记录到Redis结束
2017-12-26 22:36:47
班级变更同步学习报告记录到Redis结束
2017-12-26 22:36:57
同步学习报告记录到Redis开始
2017-12-26 22:36:57
同步学习报告记录到Redis结束
2017-12-26 22:37:02
刷新课本剧排行榜redis数据开始
2017-12-26 22:37:02
刷新课本剧排行榜redis数据结束
2017-12-26 22:37:07
班级变更同步学习报告记录到Redis开始
2017-12-26 22:37:07
班级变更同步学习报告记录到Redis结束
2017-12-26 22:37:17
班级变更同步学习报告记录到Redis开始
2017-12-26 22:37:17
同步学习报告记录到Redis结束
2017-12-26 22:37:17
班级变更同步学习报告记录到Redis结束
2017-12-26 22:37:27
班级变更同步学习报告记录到Redis开始
2017-12-26 22:37:27
班级变更同步学习报告记录到Redis结束
2017-12-26 22:37:37
同步学习报告记录到Redis开始
2017-12-26 22:37:37
同步学习报告记录到Redis结束
2017-12-26 22:37:47
同步学习报告记录到Redis开始
2017-12-26 22:37:47
同步学习报告记录到Redis结束
2017-12-26 22:37:57
同步学习报告记录到Redis开始
2017-12-26 22:37:57
同步学习报告记录到Redis结束
2017-12-26 22:38:02
刷新课本剧排行榜redis数据开始
2017-12-26 22:38:02
刷新课本剧排行榜redis数据结束
2017-12-26 22:38:07
班级变更同步学习报告记录到Redis开始
2017-12-26 22:38:07
同步学习报告记录到Redis结束
2017-12-26 22:38:17
同步学习报告记录到Redis结束
2017-12-26 22:38:17
班级变更同步学习报告记录到Redis结束
2017-12-26 22:38:27
班级变更同步学习报告记录到Redis结束
2017-12-26 22:38:37
班级变更同步学习报告记录到Redis结束
2017-12-26 22:38:47
同步学习报告记录到Redis开始
2017-12-26 22:38:47
同步学习报告记录到Redis结束
2017-12-26 22:38:57
班级变更同步学习报告记录到Redis结束
2017-12-26 22:39:02
刷新课本剧排行榜redis数据开始
2017-12-26 22:39:02
刷新课本剧排行榜redis数据结束
2017-12-26 22:39:07
同步学习报告记录到Redis结束
2017-12-26 22:39:17
班级变更同步学习报告记录到Redis结束
2017-12-26 22:39:27
同步学习报告记录到Redis开始
2017-12-26 22:39:27
班级变更同步学习报告记录到Redis开始
2017-12-26 22:39:27
班级变更同步学习报告记录到Redis结束
2017-12-26 22:39:37
同步学习报告记录到Redis结束
2017-12-26 22:39:37
班级变更同步学习报告记录到Redis结束
2017-12-26 22:39:47
同步学习报告记录到Redis结束
2017-12-26 22:39:47
班级变更同步学习报告记录到Redis结束
2017-12-26 22:39:57
同步学习报告记录到Redis结束
2017-12-26 22:39:57
班级变更同步学习报告记录到Redis结束
2017-12-26 22:40:02
刷新课本剧排行榜redis数据开始
2017-12-26 22:40:02
刷新课本剧排行榜redis数据结束
2017-12-26 22:40:07
同步学习报告记录到Redis开始
2017-12-26 22:40:07
同步学习报告记录到Redis结束
2017-12-26 22:40:17
同步学习报告记录到Redis结束
2017-12-26 22:40:27
同步学习报告记录到Redis开始
2017-12-26 22:40:27
同步学习报告记录到Redis结束
2017-12-26 22:40:37
同步学习报告记录到Redis结束
2017-12-26 22:40:37
班级变更同步学习报告记录到Redis结束
2017-12-26 22:40:47
同步学习报告记录到Redis结束
2017-12-26 22:40:57
同步学习报告记录到Redis结束
2017-12-26 22:41:02
刷新课本剧排行榜redis数据开始
2017-12-26 22:41:02
刷新课本剧排行榜redis数据结束
2017-12-26 22:41:07
班级变更同步学习报告记录到Redis结束
2017-12-26 22:41:17
同步学习报告记录到Redis结束
2017-12-26 22:41:27
同步学习报告记录到Redis结束
2017-12-26 22:41:37
班级变更同步学习报告记录到Redis结束
2017-12-26 22:41:47
同步学习报告记录到Redis结束
2017-12-26 22:41:47
班级变更同步学习报告记录到Redis结束
2017-12-26 22:41:57
班级变更同步学习报告记录到Redis结束
2017-12-26 22:42:02
刷新课本剧排行榜redis数据开始
2017-12-26 22:42:02
刷新课本剧排行榜redis数据结束
2017-12-26 22:42:07
同步学习报告记录到Redis结束
2017-12-26 22:42:17
班级变更同步学习报告记录到Redis开始
2017-12-26 22:42:17
同步学习报告记录到Redis结束
2017-12-26 22:42:17
班级变更同步学习报告记录到Redis结束
2017-12-26 22:42:27
同步学习报告记录到Redis结束
2017-12-26 22:42:37
同步学习报告记录到Redis结束
2017-12-26 22:42:47
班级变更同步学习报告记录到Redis结束
2017-12-26 22:42:47
同步学习报告记录到Redis结束
2017-12-26 22:42:57
同步学习报告记录到Redis结束
2017-12-26 22:43:02
SyncDubbingData趣配音报名同步开始
2017-12-26 22:43:02
SyncDubbingData趣配音同步数据成功2017/12/26 22:43:02
2017-12-26 22:43:02
SyncDubbingData趣配音报名同步结束
2017-12-26 22:43:02
刷新学生所在学校排行榜redis数据开始
2017-12-26 22:43:02
刷新学生所在学校排行榜redis数据结束
2017-12-26 22:43:02
趣配音报名补全用户信息SyncUserInfoRedisFromUMS开始
2017-12-26 22:43:02
趣配音报名补全用户信息SyncUserInfoRedisFromUMS结束
2017-12-26 22:43:02
刷新课本剧排行榜redis数据开始
2017-12-26 22:43:02
刷新课本剧排行榜redis数据结束
2017-12-26 22:43:07
同步学习报告记录到Redis开始
2017-12-26 22:43:07
同步学习报告记录到Redis结束
2017-12-26 22:43:17
同步学习报告记录到Redis结束
2017-12-26 22:43:17
班级变更同步学习报告记录到Redis结束
2017-12-26 22:43:27
同步学习报告记录到Redis开始
2017-12-26 22:43:27
同步学习报告记录到Redis结束
2017-12-26 22:43:37
班级变更同步学习报告记录到Redis结束
2017-12-26 22:43:47
班级变更同步学习报告记录到Redis结束
2017-12-26 22:43:57
同步学习报告记录到Redis开始
2017-12-26 22:43:58
班级变更同步学习报告记录到Redis开始
2017-12-26 22:43:58
同步学习报告记录到Redis结束
2017-12-26 22:44:02
刷新课本剧排行榜redis数据开始
2017-12-26 22:44:02
刷新课本剧排行榜redis数据结束
2017-12-26 22:44:08
班级变更同步学习报告记录到Redis结束
2017-12-26 22:44:18
班级变更同步学习报告记录到Redis结束
2017-12-26 22:44:18
同步学习报告记录到Redis结束
2017-12-26 22:44:28
班级变更同步学习报告记录到Redis结束
2017-12-26 22:44:38
班级变更同步学习报告记录到Redis结束
2017-12-26 22:44:38
同步学习报告记录到Redis结束
2017-12-26 22:44:48
同步学习报告记录到Redis开始
2017-12-26 22:44:48
班级变更同步学习报告记录到Redis结束
2017-12-26 22:44:48
同步学习报告记录到Redis结束
2017-12-26 22:44:58
班级变更同步学习报告记录到Redis开始
2017-12-26 22:44:58
同步学习报告记录到Redis结束
2017-12-26 22:44:58
班级变更同步学习报告记录到Redis结束
2017-12-26 22:45:02
刷新课本剧排行榜redis数据开始
2017-12-26 22:45:02
刷新课本剧排行榜redis数据结束
2017-12-26 22:45:08
班级变更同步学习报告记录到Redis结束
2017-12-26 22:45:18
班级变更同步学习报告记录到Redis开始
2017-12-26 22:45:18
同步学习报告记录到Redis开始
2017-12-26 22:45:18
班级变更同步学习报告记录到Redis结束
2017-12-26 22:45:18
同步学习报告记录到Redis结束
2017-12-26 22:45:28
同步学习报告记录到Redis开始
2017-12-26 22:45:28
同步学习报告记录到Redis结束
2017-12-26 22:45:38
同步学习报告记录到Redis开始
2017-12-26 22:45:38
班级变更同步学习报告记录到Redis开始
2017-12-26 22:45:38
同步学习报告记录到Redis结束
2017-12-26 22:45:38
班级变更同步学习报告记录到Redis结束
2017-12-26 22:45:48
班级变更同步学习报告记录到Redis结束
2017-12-26 22:45:58
班级变更同步学习报告记录到Redis结束
2017-12-26 22:45:58
同步学习报告记录到Redis结束
2017-12-26 22:46:02
刷新课本剧排行榜redis数据开始
2017-12-26 22:46:02
刷新课本剧排行榜redis数据结束
2017-12-26 22:46:08
同步学习报告记录到Redis开始
2017-12-26 22:46:08
班级变更同步学习报告记录到Redis结束
2017-12-26 22:46:18
班级变更同步学习报告记录到Redis开始
2017-12-26 22:46:18
同步学习报告记录到Redis结束
2017-12-26 22:46:18
班级变更同步学习报告记录到Redis结束
2017-12-26 22:46:28
同步学习报告记录到Redis开始
2017-12-26 22:46:28
同步学习报告记录到Redis结束
2017-12-26 22:46:28
班级变更同步学习报告记录到Redis结束
2017-12-26 22:46:38
同步学习报告记录到Redis开始
2017-12-26 22:46:38
班级变更同步学习报告记录到Redis开始
2017-12-26 22:46:38
班级变更同步学习报告记录到Redis结束
2017-12-26 22:46:48
同步学习报告记录到Redis结束
2017-12-26 22:46:58
班级变更同步学习报告记录到Redis结束
2017-12-26 22:47:02
刷新课本剧排行榜redis数据开始
2017-12-26 22:47:02
刷新课本剧排行榜redis数据结束
2017-12-26 22:47:08
同步学习报告记录到Redis开始
2017-12-26 22:47:08
同步学习报告记录到Redis结束
2017-12-26 22:47:08
班级变更同步学习报告记录到Redis结束
2017-12-26 22:47:18
同步学习报告记录到Redis开始
2017-12-26 22:47:18
班级变更同步学习报告记录到Redis结束
2017-12-26 22:47:28
同步学习报告记录到Redis结束
2017-12-26 22:47:28
班级变更同步学习报告记录到Redis结束
2017-12-26 22:47:38
班级变更同步学习报告记录到Redis结束
2017-12-26 22:47:48
班级变更同步学习报告记录到Redis结束
2017-12-26 22:47:48
同步学习报告记录到Redis结束
2017-12-26 22:47:58
班级变更同步学习报告记录到Redis开始
2017-12-26 22:47:58
同步学习报告记录到Redis结束
2017-12-26 22:48:02
刷新课本剧排行榜redis数据开始
2017-12-26 22:48:02
刷新课本剧排行榜redis数据结束
2017-12-26 22:48:08
班级变更同步学习报告记录到Redis开始
2017-12-26 22:48:08
班级变更同步学习报告记录到Redis结束
2017-12-26 22:48:18
同步学习报告记录到Redis开始
2017-12-26 22:48:18
班级变更同步学习报告记录到Redis开始
2017-12-26 22:48:18
同步学习报告记录到Redis结束
2017-12-26 22:48:18
班级变更同步学习报告记录到Redis结束
2017-12-26 22:48:28
班级变更同步学习报告记录到Redis结束
2017-12-26 22:48:38
同步学习报告记录到Redis开始
2017-12-26 22:48:38
班级变更同步学习报告记录到Redis开始
2017-12-26 22:48:38
同步学习报告记录到Redis结束
2017-12-26 22:48:38
班级变更同步学习报告记录到Redis结束
2017-12-26 22:48:48
同步学习报告记录到Redis结束
2017-12-26 22:48:48
班级变更同步学习报告记录到Redis结束
2017-12-26 22:48:58
同步学习报告记录到Redis结束
2017-12-26 22:48:58
班级变更同步学习报告记录到Redis结束
2017-12-26 22:49:02
刷新课本剧排行榜redis数据开始
2017-12-26 22:49:03
刷新课本剧排行榜redis数据结束
2017-12-26 22:49:08
班级变更同步学习报告记录到Redis结束
2017-12-26 22:49:18
班级变更同步学习报告记录到Redis结束
2017-12-26 22:49:18
同步学习报告记录到Redis结束
2017-12-26 22:49:28
同步学习报告记录到Redis结束
2017-12-26 22:49:38
班级变更同步学习报告记录到Redis开始
2017-12-26 22:49:38
班级变更同步学习报告记录到Redis结束
2017-12-26 22:49:48
班级变更同步学习报告记录到Redis结束
2017-12-26 22:49:58
班级变更同步学习报告记录到Redis开始
2017-12-26 22:49:58
同步学习报告记录到Redis开始
2017-12-26 22:49:58
同步学习报告记录到Redis结束
2017-12-26 22:50:03
刷新课本剧排行榜redis数据开始
2017-12-26 22:50:03
刷新课本剧排行榜redis数据结束
2017-12-26 22:50:08
班级变更同步学习报告记录到Redis结束
2017-12-26 22:50:18
同步学习报告记录到Redis结束
2017-12-26 22:50:18
班级变更同步学习报告记录到Redis结束
2017-12-26 22:50:28
班级变更同步学习报告记录到Redis结束
2017-12-26 22:50:38
同步学习报告记录到Redis开始
2017-12-26 22:50:38
同步学习报告记录到Redis结束
2017-12-26 22:50:48
同步学习报告记录到Redis结束
2017-12-26 22:50:58
班级变更同步学习报告记录到Redis结束
2017-12-26 22:51:03
刷新课本剧排行榜redis数据开始
2017-12-26 22:51:03
刷新课本剧排行榜redis数据结束
2017-12-26 22:51:08
同步学习报告记录到Redis结束
2017-12-26 22:51:18
同步学习报告记录到Redis开始
2017-12-26 22:51:18
班级变更同步学习报告记录到Redis开始
2017-12-26 22:51:18
班级变更同步学习报告记录到Redis结束
2017-12-26 22:51:28
班级变更同步学习报告记录到Redis结束
2017-12-26 22:51:38
班级变更同步学习报告记录到Redis开始
2017-12-26 22:51:38
同步学习报告记录到Redis开始
2017-12-26 22:51:38
班级变更同步学习报告记录到Redis结束
2017-12-26 22:51:38
同步学习报告记录到Redis结束
2017-12-26 22:51:48
同步学习报告记录到Redis开始
2017-12-26 22:51:48
同步学习报告记录到Redis结束
2017-12-26 22:51:58
同步学习报告记录到Redis开始
2017-12-26 22:51:58
同步学习报告记录到Redis结束
2017-12-26 22:52:03
刷新课本剧排行榜redis数据开始
2017-12-26 22:52:03
刷新课本剧排行榜redis数据结束
2017-12-26 22:52:08
同步学习报告记录到Redis开始
2017-12-26 22:52:08
班级变更同步学习报告记录到Redis结束
2017-12-26 22:52:18
班级变更同步学习报告记录到Redis结束
2017-12-26 22:52:18
同步学习报告记录到Redis结束
2017-12-26 22:52:28
同步学习报告记录到Redis结束
2017-12-26 22:52:38
同步学习报告记录到Redis开始
2017-12-26 22:52:38
班级变更同步学习报告记录到Redis结束
2017-12-26 22:52:38
同步学习报告记录到Redis结束
2017-12-26 22:52:48
同步学习报告记录到Redis结束
2017-12-26 22:52:58
同步学习报告记录到Redis结束
2017-12-26 22:52:58
班级变更同步学习报告记录到Redis结束
2017-12-26 22:53:02
刷新学生所在学校排行榜redis数据开始
2017-12-26 22:53:02
刷新学生所在学校排行榜redis数据结束
2017-12-26 22:53:02
SyncDubbingData趣配音报名同步开始
2017-12-26 22:53:02
SyncDubbingData趣配音同步数据成功2017/12/26 22:53:02
2017-12-26 22:53:02
SyncDubbingData趣配音报名同步结束
2017-12-26 22:53:02
趣配音报名补全用户信息SyncUserInfoRedisFromUMS开始
2017-12-26 22:53:02
趣配音报名补全用户信息SyncUserInfoRedisFromUMS结束
2017-12-26 22:53:03
刷新课本剧排行榜redis数据开始
2017-12-26 22:53:03
刷新课本剧排行榜redis数据结束
2017-12-26 22:53:08
同步学习报告记录到Redis结束
2017-12-26 22:53:18
班级变更同步学习报告记录到Redis开始
2017-12-26 22:53:18
班级变更同步学习报告记录到Redis结束
2017-12-26 22:53:18
同步学习报告记录到Redis结束
2017-12-26 22:53:28
班级变更同步学习报告记录到Redis结束
2017-12-26 22:53:38
同步学习报告记录到Redis结束
2017-12-26 22:53:38
班级变更同步学习报告记录到Redis结束
2017-12-26 22:53:48
同步学习报告记录到Redis结束
2017-12-26 22:53:58
班级变更同步学习报告记录到Redis开始
2017-12-26 22:53:58
同步学习报告记录到Redis结束
2017-12-26 22:54:03
刷新课本剧排行榜redis数据开始
2017-12-26 22:54:03
刷新课本剧排行榜redis数据结束
2017-12-26 22:54:08
同步学习报告记录到Redis开始
2017-12-26 22:54:08
同步学习报告记录到Redis结束
2017-12-26 22:54:18
班级变更同步学习报告记录到Redis开始
2017-12-26 22:54:18
同步学习报告记录到Redis结束
2017-12-26 22:54:18
班级变更同步学习报告记录到Redis结束
2017-12-26 22:54:28
班级变更同步学习报告记录到Redis结束
2017-12-26 22:54:38
同步学习报告记录到Redis开始
2017-12-26 22:54:38
班级变更同步学习报告记录到Redis开始
2017-12-26 22:54:38
班级变更同步学习报告记录到Redis结束
2017-12-26 22:54:48
班级变更同步学习报告记录到Redis开始
2017-12-26 22:54:48
同步学习报告记录到Redis结束
2017-12-26 22:54:48
班级变更同步学习报告记录到Redis结束
2017-12-26 22:54:58
班级变更同步学习报告记录到Redis结束
2017-12-26 22:55:03
刷新课本剧排行榜redis数据开始
2017-12-26 22:55:03
刷新课本剧排行榜redis数据结束
2017-12-26 22:55:08
班级变更同步学习报告记录到Redis结束
2017-12-26 22:55:18
班级变更同步学习报告记录到Redis开始
2017-12-26 22:55:18
同步学习报告记录到Redis结束
2017-12-26 22:55:28
班级变更同步学习报告记录到Redis结束
2017-12-26 22:55:38
同步学习报告记录到Redis开始
2017-12-26 22:55:38
同步学习报告记录到Redis结束
2017-12-26 22:55:49
同步学习报告记录到Redis结束
2017-12-26 22:55:59
同步学习报告记录到Redis结束
2017-12-26 22:56:03
刷新课本剧排行榜redis数据开始
2017-12-26 22:56:03
刷新课本剧排行榜redis数据结束
2017-12-26 22:56:09
班级变更同步学习报告记录到Redis开始
2017-12-26 22:56:09
班级变更同步学习报告记录到Redis结束
2017-12-26 22:56:19
同步学习报告记录到Redis结束
2017-12-26 22:56:29
同步学习报告记录到Redis开始
2017-12-26 22:56:29
同步学习报告记录到Redis结束
2017-12-26 22:56:39
班级变更同步学习报告记录到Redis结束
2017-12-26 22:56:49
班级变更同步学习报告记录到Redis结束
2017-12-26 22:56:49
同步学习报告记录到Redis结束
2017-12-26 22:56:59
同步学习报告记录到Redis结束
2017-12-26 22:57:03
刷新课本剧排行榜redis数据开始
2017-12-26 22:57:03
刷新课本剧排行榜redis数据结束
2017-12-26 22:57:09
班级变更同步学习报告记录到Redis结束
2017-12-26 22:57:09
同步学习报告记录到Redis结束
2017-12-26 22:57:19
班级变更同步学习报告记录到Redis开始
2017-12-26 22:57:19
班级变更同步学习报告记录到Redis结束
2017-12-26 22:57:29
同步学习报告记录到Redis结束
2017-12-26 22:57:39
同步学习报告记录到Redis开始
2017-12-26 22:57:39
班级变更同步学习报告记录到Redis结束
2017-12-26 22:57:49
班级变更同步学习报告记录到Redis结束
2017-12-26 22:57:59
同步学习报告记录到Redis结束
2017-12-26 22:57:59
班级变更同步学习报告记录到Redis结束
2017-12-26 22:58:03
刷新课本剧排行榜redis数据开始
2017-12-26 22:58:03
刷新课本剧排行榜redis数据结束
2017-12-26 22:58:09
班级变更同步学习报告记录到Redis结束
2017-12-26 22:58:19
班级变更同步学习报告记录到Redis结束
2017-12-26 22:58:29
同步学习报告记录到Redis结束
2017-12-26 22:58:29
班级变更同步学习报告记录到Redis结束
2017-12-26 22:58:39
班级变更同步学习报告记录到Redis开始
2017-12-26 22:58:39
同步学习报告记录到Redis结束
2017-12-26 22:58:49
班级变更同步学习报告记录到Redis结束
2017-12-26 22:58:49
同步学习报告记录到Redis结束
2017-12-26 22:58:59
同步学习报告记录到Redis开始
2017-12-26 22:58:59
班级变更同步学习报告记录到Redis开始
2017-12-26 22:58:59
班级变更同步学习报告记录到Redis结束
2017-12-26 22:59:03
刷新课本剧排行榜redis数据开始
2017-12-26 22:59:03
刷新课本剧排行榜redis数据结束
2017-12-26 22:59:09
同步学习报告记录到Redis开始
2017-12-26 22:59:09
班级变更同步学习报告记录到Redis结束
2017-12-26 22:59:19
同步学习报告记录到Redis结束
2017-12-26 22:59:19
班级变更同步学习报告记录到Redis结束
2017-12-26 22:59:29
同步学习报告记录到Redis开始
2017-12-26 22:59:29
同步学习报告记录到Redis结束
2017-12-26 22:59:39
班级变更同步学习报告记录到Redis结束
2017-12-26 22:59:49
班级变更同步学习报告记录到Redis开始
2017-12-26 22:59:49
同步学习报告记录到Redis开始
2017-12-26 22:59:49
同步学习报告记录到Redis结束
2017-12-26 22:59:49
班级变更同步学习报告记录到Redis结束
2017-12-26 22:59:59
同步学习报告记录到Redis开始
2017-12-26 22:59:59
同步学习报告记录到Redis结束
2017-12-26 22:59:59
班级变更同步学习报告记录到Redis结束
2017-12-26 23:00:03
刷新课本剧排行榜redis数据开始
2017-12-26 23:00:03
刷新课本剧排行榜redis数据结束
2017-12-26 23:00:09
班级变更同步学习报告记录到Redis结束
2017-12-26 23:00:19
同步学习报告记录到Redis结束
2017-12-26 23:00:19
班级变更同步学习报告记录到Redis结束
2017-12-26 23:00:29
同步学习报告记录到Redis开始
2017-12-26 23:00:29
班级变更同步学习报告记录到Redis开始
2017-12-26 23:00:29
同步学习报告记录到Redis结束
2017-12-26 23:00:29
班级变更同步学习报告记录到Redis结束
2017-12-26 23:00:39
同步学习报告记录到Redis开始
2017-12-26 23:00:39
班级变更同步学习报告记录到Redis开始
2017-12-26 23:00:39
同步学习报告记录到Redis结束
2017-12-26 23:00:39
班级变更同步学习报告记录到Redis结束
2017-12-26 23:00:49
班级变更同步学习报告记录到Redis结束
2017-12-26 23:00:59
同步学习报告记录到Redis开始
2017-12-26 23:00:59
班级变更同步学习报告记录到Redis开始
2017-12-26 23:00:59
同步学习报告记录到Redis结束
2017-12-26 23:00:59
班级变更同步学习报告记录到Redis结束
2017-12-26 23:01:03
刷新课本剧排行榜redis数据开始
2017-12-26 23:01:03
刷新课本剧排行榜redis数据结束
2017-12-26 23:01:09
班级变更同步学习报告记录到Redis开始
2017-12-26 23:01:09
班级变更同步学习报告记录到Redis结束
2017-12-26 23:01:19
同步学习报告记录到Redis结束
2017-12-26 23:01:19
班级变更同步学习报告记录到Redis结束
2017-12-26 23:01:29
班级变更同步学习报告记录到Redis结束
2017-12-26 23:01:29
同步学习报告记录到Redis结束
2017-12-26 23:01:39
同步学习报告记录到Redis结束
2017-12-26 23:01:49
班级变更同步学习报告记录到Redis开始
2017-12-26 23:01:49
同步学习报告记录到Redis开始
2017-12-26 23:01:49
同步学习报告记录到Redis结束
2017-12-26 23:01:59
同步学习报告记录到Redis开始
2017-12-26 23:01:59
班级变更同步学习报告记录到Redis开始
2017-12-26 23:01:59
班级变更同步学习报告记录到Redis结束
2017-12-26 23:02:03
刷新课本剧排行榜redis数据开始
2017-12-26 23:02:03
刷新课本剧排行榜redis数据结束
2017-12-26 23:02:09
同步学习报告记录到Redis结束
2017-12-26 23:02:19
班级变更同步学习报告记录到Redis开始
2017-12-26 23:02:19
班级变更同步学习报告记录到Redis结束
2017-12-26 23:02:19
同步学习报告记录到Redis结束
2017-12-26 23:02:29
班级变更同步学习报告记录到Redis结束
2017-12-26 23:02:39
班级变更同步学习报告记录到Redis结束
2017-12-26 23:02:49
同步学习报告记录到Redis开始
2017-12-26 23:02:49
班级变更同步学习报告记录到Redis开始
2017-12-26 23:02:49
同步学习报告记录到Redis结束
2017-12-26 23:02:49
班级变更同步学习报告记录到Redis结束
2017-12-26 23:02:59
同步学习报告记录到Redis开始
2017-12-26 23:02:59
班级变更同步学习报告记录到Redis开始
2017-12-26 23:02:59
班级变更同步学习报告记录到Redis结束
2017-12-26 23:03:02
SyncDubbingData趣配音报名同步开始
2017-12-26 23:03:02
SyncDubbingData趣配音同步数据成功2017/12/26 23:03:02
2017-12-26 23:03:02
SyncDubbingData趣配音报名同步结束
2017-12-26 23:03:02
刷新学生所在学校排行榜redis数据开始
2017-12-26 23:03:02
刷新学生所在学校排行榜redis数据结束
2017-12-26 23:03:02
趣配音报名补全用户信息SyncUserInfoRedisFromUMS开始
2017-12-26 23:03:02
趣配音报名补全用户信息SyncUserInfoRedisFromUMS结束
2017-12-26 23:03:03
刷新课本剧排行榜redis数据开始
2017-12-26 23:03:03
刷新课本剧排行榜redis数据结束
2017-12-26 23:03:09
同步学习报告记录到Redis结束
2017-12-26 23:03:19
同步学习报告记录到Redis开始
2017-12-26 23:03:19
同步学习报告记录到Redis结束
2017-12-26 23:03:29
同步学习报告记录到Redis开始
2017-12-26 23:03:29
同步学习报告记录到Redis结束
2017-12-26 23:03:39
同步学习报告记录到Redis开始
2017-12-26 23:03:39
同步学习报告记录到Redis结束
2017-12-26 23:03:39
班级变更同步学习报告记录到Redis结束
2017-12-26 23:03:49
同步学习报告记录到Redis结束
2017-12-26 23:03:59
同步学习报告记录到Redis结束
2017-12-26 23:03:59
班级变更同步学习报告记录到Redis结束
2017-12-26 23:04:03
刷新课本剧排行榜redis数据开始
2017-12-26 23:04:03
刷新课本剧排行榜redis数据结束
2017-12-26 23:04:09
班级变更同步学习报告记录到Redis结束
2017-12-26 23:04:19
班级变更同步学习报告记录到Redis结束
2017-12-26 23:04:29
同步学习报告记录到Redis结束
2017-12-26 23:04:29
班级变更同步学习报告记录到Redis结束
2017-12-26 23:04:39
班级变更同步学习报告记录到Redis开始
2017-12-26 23:04:39
同步学习报告记录到Redis结束
2017-12-26 23:04:49
同步学习报告记录到Redis开始
2017-12-26 23:04:49
同步学习报告记录到Redis结束
2017-12-26 23:04:59
班级变更同步学习报告记录到Redis结束
2017-12-26 23:05:03
刷新课本剧排行榜redis数据开始
2017-12-26 23:05:03
刷新课本剧排行榜redis数据结束
2017-12-26 23:05:09
班级变更同步学习报告记录到Redis结束
2017-12-26 23:05:09
同步学习报告记录到Redis结束
2017-12-26 23:05:19
同步学习报告记录到Redis结束
2017-12-26 23:05:19
班级变更同步学习报告记录到Redis结束
2017-12-26 23:05:29
班级变更同步学习报告记录到Redis结束
2017-12-26 23:05:39
同步学习报告记录到Redis结束
2017-12-26 23:05:39
班级变更同步学习报告记录到Redis结束
2017-12-26 23:05:49
班级变更同步学习报告记录到Redis结束
2017-12-26 23:05:59
班级变更同步学习报告记录到Redis结束
2017-12-26 23:06:03
刷新课本剧排行榜redis数据开始
2017-12-26 23:06:03
刷新课本剧排行榜redis数据结束
2017-12-26 23:06:09
班级变更同步学习报告记录到Redis结束
2017-12-26 23:06:19
班级变更同步学习报告记录到Redis开始
2017-12-26 23:06:19
同步学习报告记录到Redis结束
2017-12-26 23:06:29
同步学习报告记录到Redis结束
2017-12-26 23:06:29
班级变更同步学习报告记录到Redis结束
2017-12-26 23:06:39
班级变更同步学习报告记录到Redis结束
2017-12-26 23:06:49
班级变更同步学习报告记录到Redis结束
2017-12-26 23:06:59
班级变更同步学习报告记录到Redis结束
2017-12-26 23:07:03
刷新课本剧排行榜redis数据开始
2017-12-26 23:07:03
刷新课本剧排行榜redis数据结束
2017-12-26 23:07:09
班级变更同步学习报告记录到Redis结束
2017-12-26 23:07:09
同步学习报告记录到Redis结束
2017-12-26 23:07:19
班级变更同步学习报告记录到Redis结束
2017-12-26 23:07:29
班级变更同步学习报告记录到Redis开始
2017-12-26 23:07:29
班级变更同步学习报告记录到Redis结束
2017-12-26 23:07:39
班级变更同步学习报告记录到Redis结束
2017-12-26 23:07:50
同步学习报告记录到Redis结束
2017-12-26 23:08:00
班级变更同步学习报告记录到Redis开始
2017-12-26 23:08:00
同步学习报告记录到Redis结束
2017-12-26 23:08:00
班级变更同步学习报告记录到Redis结束
2017-12-26 23:08:03
刷新课本剧排行榜redis数据开始
2017-12-26 23:08:03
刷新课本剧排行榜redis数据结束
2017-12-26 23:08:10
班级变更同步学习报告记录到Redis结束
2017-12-26 23:08:10
同步学习报告记录到Redis结束
2017-12-26 23:08:20
班级变更同步学习报告记录到Redis开始
2017-12-26 23:08:20
班级变更同步学习报告记录到Redis结束
2017-12-26 23:08:30
同步学习报告记录到Redis结束
2017-12-26 23:08:40
同步学习报告记录到Redis开始
2017-12-26 23:08:40
同步学习报告记录到Redis结束
2017-12-26 23:08:40
班级变更同步学习报告记录到Redis结束
2017-12-26 23:08:50
班级变更同步学习报告记录到Redis结束
2017-12-26 23:09:00
同步学习报告记录到Redis结束
2017-12-26 23:09:00
班级变更同步学习报告记录到Redis结束
2017-12-26 23:09:03
刷新课本剧排行榜redis数据开始
2017-12-26 23:09:03
刷新课本剧排行榜redis数据结束
2017-12-26 23:09:10
同步学习报告记录到Redis开始
2017-12-26 23:09:10
同步学习报告记录到Redis结束
2017-12-26 23:09:20
同步学习报告记录到Redis开始
2017-12-26 23:09:20
班级变更同步学习报告记录到Redis开始
2017-12-26 23:09:20
班级变更同步学习报告记录到Redis结束
2017-12-26 23:09:30
同步学习报告记录到Redis开始
2017-12-26 23:09:30
同步学习报告记录到Redis结束
2017-12-26 23:09:40
同步学习报告记录到Redis开始
2017-12-26 23:09:40
班级变更同步学习报告记录到Redis结束
2017-12-26 23:09:50
同步学习报告记录到Redis开始
2017-12-26 23:09:50
班级变更同步学习报告记录到Redis结束
2017-12-26 23:09:50
同步学习报告记录到Redis结束
2017-12-26 23:10:00
班级变更同步学习报告记录到Redis结束
2017-12-26 23:10:03
刷新课本剧排行榜redis数据开始
2017-12-26 23:10:03
刷新课本剧排行榜redis数据结束
2017-12-26 23:10:10
班级变更同步学习报告记录到Redis结束
2017-12-26 23:10:20
班级变更同步学习报告记录到Redis开始
2017-12-26 23:10:20
同步学习报告记录到Redis开始
2017-12-26 23:10:20
同步学习报告记录到Redis结束
2017-12-26 23:10:30
同步学习报告记录到Redis结束
2017-12-26 23:10:40
同步学习报告记录到Redis开始
2017-12-26 23:10:40
班级变更同步学习报告记录到Redis开始
2017-12-26 23:10:40
班级变更同步学习报告记录到Redis结束
2017-12-26 23:10:50
班级变更同步学习报告记录到Redis结束
2017-12-26 23:11:00
班级变更同步学习报告记录到Redis开始
2017-12-26 23:11:00
班级变更同步学习报告记录到Redis结束
2017-12-26 23:11:03
刷新课本剧排行榜redis数据开始
2017-12-26 23:11:03
刷新课本剧排行榜redis数据结束
2017-12-26 23:11:10
班级变更同步学习报告记录到Redis结束
2017-12-26 23:11:10
同步学习报告记录到Redis结束
2017-12-26 23:11:20
同步学习报告记录到Redis结束
2017-12-26 23:11:30
班级变更同步学习报告记录到Redis结束
2017-12-26 23:11:30
同步学习报告记录到Redis结束
2017-12-26 23:11:40
班级变更同步学习报告记录到Redis结束
2017-12-26 23:11:50
班级变更同步学习报告记录到Redis开始
2017-12-26 23:11:50
班级变更同步学习报告记录到Redis结束
2017-12-26 23:12:00
班级变更同步学习报告记录到Redis开始
2017-12-26 23:12:00
同步学习报告记录到Redis结束
2017-12-26 23:12:00
班级变更同步学习报告记录到Redis结束
2017-12-26 23:12:03
刷新课本剧排行榜redis数据开始
2017-12-26 23:12:03
刷新课本剧排行榜redis数据结束
2017-12-26 23:12:10
班级变更同步学习报告记录到Redis开始
2017-12-26 23:12:10
班级变更同步学习报告记录到Redis结束
2017-12-26 23:12:20
同步学习报告记录到Redis开始
2017-12-26 23:12:20
班级变更同步学习报告记录到Redis结束
2017-12-26 23:12:20
同步学习报告记录到Redis结束
2017-12-26 23:12:30
同步学习报告记录到Redis开始
2017-12-26 23:12:30
同步学习报告记录到Redis结束
2017-12-26 23:12:40
班级变更同步学习报告记录到Redis开始
2017-12-26 23:12:40
同步学习报告记录到Redis结束
2017-12-26 23:12:50
同步学习报告记录到Redis结束
2017-12-26 23:13:00
班级变更同步学习报告记录到Redis结束
2017-12-26 23:13:02
刷新学生所在学校排行榜redis数据开始
2017-12-26 23:13:02
刷新学生所在学校排行榜redis数据结束
2017-12-26 23:13:02
趣配音报名补全用户信息SyncUserInfoRedisFromUMS开始
2017-12-26 23:13:02
趣配音报名补全用户信息SyncUserInfoRedisFromUMS结束
2017-12-26 23:13:02
SyncDubbingData趣配音报名同步开始
2017-12-26 23:13:02
SyncDubbingData趣配音同步数据成功2017/12/26 23:13:02
2017-12-26 23:13:02
SyncDubbingData趣配音报名同步结束
2017-12-26 23:13:03
刷新课本剧排行榜redis数据开始
2017-12-26 23:13:03
刷新课本剧排行榜redis数据结束
2017-12-26 23:13:10
班级变更同步学习报告记录到Redis开始
2017-12-26 23:13:10
班级变更同步学习报告记录到Redis结束
2017-12-26 23:13:20
同步学习报告记录到Redis开始
2017-12-26 23:13:20
班级变更同步学习报告记录到Redis开始
2017-12-26 23:13:20
班级变更同步学习报告记录到Redis结束
2017-12-26 23:13:30
同步学习报告记录到Redis结束
2017-12-26 23:13:30
班级变更同步学习报告记录到Redis结束
2017-12-26 23:13:40
班级变更同步学习报告记录到Redis结束
2017-12-26 23:13:50
班级变更同步学习报告记录到Redis结束
2017-12-26 23:13:50
同步学习报告记录到Redis结束
2017-12-26 23:14:00
同步学习报告记录到Redis开始
2017-12-26 23:14:00
同步学习报告记录到Redis结束
2017-12-26 23:14:00
班级变更同步学习报告记录到Redis结束
2017-12-26 23:14:03
刷新课本剧排行榜redis数据开始
2017-12-26 23:14:03
刷新课本剧排行榜redis数据结束
2017-12-26 23:14:10
同步学习报告记录到Redis开始
2017-12-26 23:14:10
同步学习报告记录到Redis结束
2017-12-26 23:14:20
班级变更同步学习报告记录到Redis开始
2017-12-26 23:14:20
同步学习报告记录到Redis结束
2017-12-26 23:14:30
同步学习报告记录到Redis结束
2017-12-26 23:14:40
班级变更同步学习报告记录到Redis结束
2017-12-26 23:14:50
班级变更同步学习报告记录到Redis开始
2017-12-26 23:14:50
同步学习报告记录到Redis开始
2017-12-26 23:14:50
同步学习报告记录到Redis结束
2017-12-26 23:15:00
班级变更同步学习报告记录到Redis开始
2017-12-26 23:15:00
班级变更同步学习报告记录到Redis结束
2017-12-26 23:15:03
刷新课本剧排行榜redis数据开始
2017-12-26 23:15:03
刷新课本剧排行榜redis数据结束
2017-12-26 23:15:10
班级变更同步学习报告记录到Redis开始
2017-12-26 23:15:10
班级变更同步学习报告记录到Redis结束
2017-12-26 23:15:20
同步学习报告记录到Redis结束
2017-12-26 23:15:30
班级变更同步学习报告记录到Redis结束
2017-12-26 23:15:40
班级变更同步学习报告记录到Redis开始
2017-12-26 23:15:40
班级变更同步学习报告记录到Redis结束
2017-12-26 23:15:50
同步学习报告记录到Redis结束
2017-12-26 23:15:50
班级变更同步学习报告记录到Redis结束
2017-12-26 23:16:00
同步学习报告记录到Redis开始
2017-12-26 23:16:00
同步学习报告记录到Redis结束
2017-12-26 23:16:03
刷新课本剧排行榜redis数据开始
2017-12-26 23:16:03
刷新课本剧排行榜redis数据结束
2017-12-26 23:16:10
班级变更同步学习报告记录到Redis开始
2017-12-26 23:16:10
同步学习报告记录到Redis结束
2017-12-26 23:16:20
班级变更同步学习报告记录到Redis开始
2017-12-26 23:16:20
班级变更同步学习报告记录到Redis结束
2017-12-26 23:16:30
班级变更同步学习报告记录到Redis结束
2017-12-26 23:16:40
班级变更同步学习报告记录到Redis开始
2017-12-26 23:16:40
班级变更同步学习报告记录到Redis结束
2017-12-26 23:16:50
同步学习报告记录到Redis开始
2017-12-26 23:16:50
同步学习报告记录到Redis结束
2017-12-26 23:17:00
同步学习报告记录到Redis结束
2017-12-26 23:17:03
刷新课本剧排行榜redis数据开始
2017-12-26 23:17:03
刷新课本剧排行榜redis数据结束
2017-12-26 23:17:10
同步学习报告记录到Redis开始
2017-12-26 23:17:10
同步学习报告记录到Redis结束
2017-12-26 23:17:20
班级变更同步学习报告记录到Redis结束
2017-12-26 23:17:30
班级变更同步学习报告记录到Redis结束
2017-12-26 23:17:40
班级变更同步学习报告记录到Redis结束
2017-12-26 23:17:50
同步学习报告记录到Redis开始
2017-12-26 23:17:50
班级变更同步学习报告记录到Redis结束
2017-12-26 23:18:00
同步学习报告记录到Redis开始
2017-12-26 23:18:00
同步学习报告记录到Redis结束
2017-12-26 23:18:03
刷新课本剧排行榜redis数据开始
2017-12-26 23:18:03
刷新课本剧排行榜redis数据结束
2017-12-26 23:18:10
同步学习报告记录到Redis开始
2017-12-26 23:18:10
同步学习报告记录到Redis结束
2017-12-26 23:18:10
班级变更同步学习报告记录到Redis结束
2017-12-26 23:18:20
班级变更同步学习报告记录到Redis结束
2017-12-26 23:18:20
同步学习报告记录到Redis结束
2017-12-26 23:18:30
班级变更同步学习报告记录到Redis结束
2017-12-26 23:18:40
同步学习报告记录到Redis结束
2017-12-26 23:18:50
班级变更同步学习报告记录到Redis结束
2017-12-26 23:18:50
同步学习报告记录到Redis结束
2017-12-26 23:19:00
同步学习报告记录到Redis结束
2017-12-26 23:19:00
班级变更同步学习报告记录到Redis结束
2017-12-26 23:19:03
刷新课本剧排行榜redis数据开始
2017-12-26 23:19:03
刷新课本剧排行榜redis数据结束
2017-12-26 23:19:10
班级变更同步学习报告记录到Redis开始
2017-12-26 23:19:10
班级变更同步学习报告记录到Redis结束
2017-12-26 23:19:20
同步学习报告记录到Redis开始
2017-12-26 23:19:20
同步学习报告记录到Redis结束
2017-12-26 23:19:20
班级变更同步学习报告记录到Redis结束
2017-12-26 23:19:30
同步学习报告记录到Redis结束
2017-12-26 23:19:40
同步学习报告记录到Redis开始
2017-12-26 23:19:41
同步学习报告记录到Redis结束
2017-12-26 23:19:51
同步学习报告记录到Redis结束
2017-12-26 23:20:01
班级变更同步学习报告记录到Redis开始
2017-12-26 23:20:01
班级变更同步学习报告记录到Redis结束
2017-12-26 23:20:03
刷新课本剧排行榜redis数据开始
2017-12-26 23:20:03
刷新课本剧排行榜redis数据结束
2017-12-26 23:20:11
同步学习报告记录到Redis结束
2017-12-26 23:20:21
同步学习报告记录到Redis开始
2017-12-26 23:20:21
班级变更同步学习报告记录到Redis结束
2017-12-26 23:20:31
班级变更同步学习报告记录到Redis结束
2017-12-26 23:20:41
同步学习报告记录到Redis结束
2017-12-26 23:20:41
班级变更同步学习报告记录到Redis结束
2017-12-26 23:20:51
班级变更同步学习报告记录到Redis开始
2017-12-26 23:20:51
班级变更同步学习报告记录到Redis结束
2017-12-26 23:21:01
班级变更同步学习报告记录到Redis结束
2017-12-26 23:21:03
刷新课本剧排行榜redis数据开始
2017-12-26 23:21:03
刷新课本剧排行榜redis数据结束
2017-12-26 23:21:11
班级变更同步学习报告记录到Redis结束
2017-12-26 23:21:21
同步学习报告记录到Redis开始
2017-12-26 23:21:21
班级变更同步学习报告记录到Redis结束
2017-12-26 23:21:21
同步学习报告记录到Redis结束
2017-12-26 23:21:31
同步学习报告记录到Redis结束
2017-12-26 23:21:41
同步学习报告记录到Redis开始
2017-12-26 23:21:41
同步学习报告记录到Redis结束
2017-12-26 23:21:51
班级变更同步学习报告记录到Redis结束
2017-12-26 23:22:01
同步学习报告记录到Redis结束
2017-12-26 23:22:03
刷新课本剧排行榜redis数据开始
2017-12-26 23:22:03
刷新课本剧排行榜redis数据结束
2017-12-26 23:22:11
班级变更同步学习报告记录到Redis结束
2017-12-26 23:22:21
同步学习报告记录到Redis开始
2017-12-26 23:22:21
同步学习报告记录到Redis结束
2017-12-26 23:22:31
班级变更同步学习报告记录到Redis结束
2017-12-26 23:22:41
同步学习报告记录到Redis开始
2017-12-26 23:22:41
同步学习报告记录到Redis结束
2017-12-26 23:22:51
同步学习报告记录到Redis结束
2017-12-26 23:22:51
班级变更同步学习报告记录到Redis结束
2017-12-26 23:23:01
班级变更同步学习报告记录到Redis结束
2017-12-26 23:23:02
SyncDubbingData趣配音报名同步开始
2017-12-26 23:23:02
SyncDubbingData趣配音同步数据成功2017/12/26 23:23:02
2017-12-26 23:23:02
SyncDubbingData趣配音报名同步结束
2017-12-26 23:23:02
刷新学生所在学校排行榜redis数据开始
2017-12-26 23:23:02
刷新学生所在学校排行榜redis数据结束
2017-12-26 23:23:02
趣配音报名补全用户信息SyncUserInfoRedisFromUMS开始
2017-12-26 23:23:02
趣配音报名补全用户信息SyncUserInfoRedisFromUMS结束
2017-12-26 23:23:03
刷新课本剧排行榜redis数据开始
2017-12-26 23:23:03
刷新课本剧排行榜redis数据结束
2017-12-26 23:23:11
同步学习报告记录到Redis结束
2017-12-26 23:23:21
班级变更同步学习报告记录到Redis结束
2017-12-26 23:23:21
同步学习报告记录到Redis结束
2017-12-26 23:23:31
班级变更同步学习报告记录到Redis开始
2017-12-26 23:23:31
同步学习报告记录到Redis开始
2017-12-26 23:23:31
班级变更同步学习报告记录到Redis结束
2017-12-26 23:23:31
同步学习报告记录到Redis结束
2017-12-26 23:23:41
班级变更同步学习报告记录到Redis结束
2017-12-26 23:23:51
班级变更同步学习报告记录到Redis开始
2017-12-26 23:23:51
同步学习报告记录到Redis结束
2017-12-26 23:24:01
同步学习报告记录到Redis结束
2017-12-26 23:24:03
刷新课本剧排行榜redis数据开始
2017-12-26 23:24:03
刷新课本剧排行榜redis数据结束
2017-12-26 23:24:11
同步学习报告记录到Redis开始
2017-12-26 23:24:11
班级变更同步学习报告记录到Redis结束
2017-12-26 23:24:11
同步学习报告记录到Redis结束
2017-12-26 23:24:21
同步学习报告记录到Redis结束
2017-12-26 23:24:31
同步学习报告记录到Redis结束
2017-12-26 23:24:31
班级变更同步学习报告记录到Redis结束
2017-12-26 23:24:41
班级变更同步学习报告记录到Redis结束
2017-12-26 23:24:51
同步学习报告记录到Redis结束
2017-12-26 23:25:01
同步学习报告记录到Redis结束
2017-12-26 23:25:01
班级变更同步学习报告记录到Redis结束
2017-12-26 23:25:03
刷新课本剧排行榜redis数据开始
2017-12-26 23:25:03
刷新课本剧排行榜redis数据结束
2017-12-26 23:25:11
同步学习报告记录到Redis开始
2017-12-26 23:25:11
班级变更同步学习报告记录到Redis结束
2017-12-26 23:25:11
同步学习报告记录到Redis结束
2017-12-26 23:25:21
同步学习报告记录到Redis结束
2017-12-26 23:25:31
同步学习报告记录到Redis开始
2017-12-26 23:25:31
同步学习报告记录到Redis结束
2017-12-26 23:25:41
同步学习报告记录到Redis结束
2017-12-26 23:25:51
班级变更同步学习报告记录到Redis结束
2017-12-26 23:25:51
同步学习报告记录到Redis结束
2017-12-26 23:26:01
同步学习报告记录到Redis开始
2017-12-26 23:26:01
班级变更同步学习报告记录到Redis开始
2017-12-26 23:26:01
班级变更同步学习报告记录到Redis结束
2017-12-26 23:26:03
刷新课本剧排行榜redis数据开始
2017-12-26 23:26:03
刷新课本剧排行榜redis数据结束
2017-12-26 23:26:11
班级变更同步学习报告记录到Redis开始
2017-12-26 23:26:11
同步学习报告记录到Redis开始
2017-12-26 23:26:11
同步学习报告记录到Redis结束
2017-12-26 23:26:21
同步学习报告记录到Redis结束
2017-12-26 23:26:31
班级变更同步学习报告记录到Redis开始
2017-12-26 23:26:31
同步学习报告记录到Redis结束
2017-12-26 23:26:41
同步学习报告记录到Redis结束
2017-12-26 23:26:41
班级变更同步学习报告记录到Redis结束
2017-12-26 23:26:51
班级变更同步学习报告记录到Redis结束
2017-12-26 23:27:01
班级变更同步学习报告记录到Redis结束
2017-12-26 23:27:03
刷新课本剧排行榜redis数据开始
2017-12-26 23:27:03
刷新课本剧排行榜redis数据结束
2017-12-26 23:27:11
同步学习报告记录到Redis结束
2017-12-26 23:27:21
班级变更同步学习报告记录到Redis开始
2017-12-26 23:27:21
班级变更同步学习报告记录到Redis结束
2017-12-26 23:27:31
班级变更同步学习报告记录到Redis开始
2017-12-26 23:27:31
班级变更同步学习报告记录到Redis结束
2017-12-26 23:27:41
班级变更同步学习报告记录到Redis结束
2017-12-26 23:27:51
同步学习报告记录到Redis开始
2017-12-26 23:27:51
同步学习报告记录到Redis结束
2017-12-26 23:28:01
班级变更同步学习报告记录到Redis开始
2017-12-26 23:28:01
班级变更同步学习报告记录到Redis结束
2017-12-26 23:28:03
刷新课本剧排行榜redis数据开始
2017-12-26 23:28:03
刷新课本剧排行榜redis数据结束
2017-12-26 23:28:11
班级变更同步学习报告记录到Redis开始
2017-12-26 23:28:11
班级变更同步学习报告记录到Redis结束
2017-12-26 23:28:11
同步学习报告记录到Redis结束
2017-12-26 23:28:21
同步学习报告记录到Redis结束
2017-12-26 23:28:31
同步学习报告记录到Redis开始
2017-12-26 23:28:31
班级变更同步学习报告记录到Redis结束
2017-12-26 23:28:31
同步学习报告记录到Redis结束
2017-12-26 23:28:41
同步学习报告记录到Redis开始
2017-12-26 23:28:41
同步学习报告记录到Redis结束
2017-12-26 23:28:51
同步学习报告记录到Redis结束
2017-12-26 23:29:01
班级变更同步学习报告记录到Redis开始
2017-12-26 23:29:01
班级变更同步学习报告记录到Redis结束
2017-12-26 23:29:03
刷新课本剧排行榜redis数据开始
2017-12-26 23:29:03
刷新课本剧排行榜redis数据结束
2017-12-26 23:29:11
班级变更同步学习报告记录到Redis开始
2017-12-26 23:29:11
班级变更同步学习报告记录到Redis结束
2017-12-26 23:29:21
班级变更同步学习报告记录到Redis结束
2017-12-26 23:29:31
班级变更同步学习报告记录到Redis开始
2017-12-26 23:29:31
班级变更同步学习报告记录到Redis结束
2017-12-26 23:29:41
班级变更同步学习报告记录到Redis结束
2017-12-26 23:29:51
班级变更同步学习报告记录到Redis结束
2017-12-26 23:30:01
同步学习报告记录到Redis结束
2017-12-26 23:30:01
班级变更同步学习报告记录到Redis结束
2017-12-26 23:30:03
刷新课本剧排行榜redis数据开始
2017-12-26 23:30:03
刷新课本剧排行榜redis数据结束
2017-12-26 23:30:11
同步学习报告记录到Redis结束
2017-12-26 23:30:21
同步学习报告记录到Redis开始
2017-12-26 23:30:21
同步学习报告记录到Redis结束
2017-12-26 23:30:21
班级变更同步学习报告记录到Redis结束
2017-12-26 23:30:31
班级变更同步学习报告记录到Redis开始
2017-12-26 23:30:31
班级变更同步学习报告记录到Redis结束
2017-12-26 23:30:41
同步学习报告记录到Redis结束
2017-12-26 23:30:41
班级变更同步学习报告记录到Redis结束
2017-12-26 23:30:51
同步学习报告记录到Redis结束
2017-12-26 23:30:51
班级变更同步学习报告记录到Redis结束
2017-12-26 23:31:01
同步学习报告记录到Redis结束
2017-12-26 23:31:01
班级变更同步学习报告记录到Redis结束
2017-12-26 23:31:03
刷新课本剧排行榜redis数据开始
2017-12-26 23:31:03
刷新课本剧排行榜redis数据结束
2017-12-26 23:31:11
同步学习报告记录到Redis开始
2017-12-26 23:31:11
同步学习报告记录到Redis结束
2017-12-26 23:31:21
同步学习报告记录到Redis结束
2017-12-26 23:31:31
同步学习报告记录到Redis结束
2017-12-26 23:31:32
班级变更同步学习报告记录到Redis结束
2017-12-26 23:31:42
同步学习报告记录到Redis结束
2017-12-26 23:31:42
班级变更同步学习报告记录到Redis结束
2017-12-26 23:31:52
班级变更同步学习报告记录到Redis开始
2017-12-26 23:31:52
班级变更同步学习报告记录到Redis结束
2017-12-26 23:32:02
同步学习报告记录到Redis开始
2017-12-26 23:32:02
同步学习报告记录到Redis结束
2017-12-26 23:32:03
刷新课本剧排行榜redis数据开始
2017-12-26 23:32:03
刷新课本剧排行榜redis数据结束
2017-12-26 23:32:12
班级变更同步学习报告记录到Redis结束
2017-12-26 23:32:12
同步学习报告记录到Redis结束
2017-12-26 23:32:22
班级变更同步学习报告记录到Redis结束
2017-12-26 23:32:32
同步学习报告记录到Redis结束
2017-12-26 23:32:42
班级变更同步学习报告记录到Redis开始
2017-12-26 23:32:42
班级变更同步学习报告记录到Redis结束
2017-12-26 23:32:52
班级变更同步学习报告记录到Redis开始
2017-12-26 23:32:52
同步学习报告记录到Redis结束
2017-12-26 23:33:02
同步学订单同步开始
2017-12-26 23:33:02
同步学习报告记录到Redis开始
2017-12-26 23:33:02
班级变更同步学习报告记录到Redis结束
2017-12-26 23:33:02
同步学订单同步结束
2017-12-26 23:33:02
趣配音报名补全用户信息SyncUserInfoRedisFromUMS开始
2017-12-26 23:33:02
趣配音报名补全用户信息SyncUserInfoRedisFromUMS结束
2017-12-26 23:33:02
刷新学生所在学校排行榜redis数据开始
2017-12-26 23:33:02
刷新学生所在学校排行榜redis数据结束
2017-12-26 23:33:02
同步学用户同步开始
2017-12-26 23:33:02
同步学用户同步结束
2017-12-26 23:33:02
SyncDubbingData趣配音报名同步开始
2017-12-26 23:33:02
SyncDubbingData趣配音同步数据成功2017/12/26 23:33:02
2017-12-26 23:33:02
SyncDubbingData趣配音报名同步结束
2017-12-26 23:33:03
刷新课本剧排行榜redis数据开始
2017-12-26 23:33:03
刷新课本剧排行榜redis数据结束
2017-12-26 23:33:12
同步学习报告记录到Redis结束
2017-12-26 23:33:22
班级变更同步学习报告记录到Redis结束
2017-12-26 23:33:32
班级变更同步学习报告记录到Redis开始
2017-12-26 23:33:32
同步学习报告记录到Redis结束
2017-12-26 23:33:32
班级变更同步学习报告记录到Redis结束
2017-12-26 23:33:42
班级变更同步学习报告记录到Redis开始
2017-12-26 23:33:42
同步学习报告记录到Redis结束
2017-12-26 23:33:42
班级变更同步学习报告记录到Redis结束
2017-12-26 23:33:52
同步学习报告记录到Redis结束
2017-12-26 23:34:02
班级变更同步学习报告记录到Redis结束
2017-12-26 23:34:03
刷新课本剧排行榜redis数据开始
2017-12-26 23:34:03
刷新课本剧排行榜redis数据结束
2017-12-26 23:34:12
同步学习报告记录到Redis结束
2017-12-26 23:34:12
班级变更同步学习报告记录到Redis结束
2017-12-26 23:34:22
班级变更同步学习报告记录到Redis结束
2017-12-26 23:34:22
同步学习报告记录到Redis结束
2017-12-26 23:34:32
同步学习报告记录到Redis结束
2017-12-26 23:34:32
班级变更同步学习报告记录到Redis结束
2017-12-26 23:34:42
同步学习报告记录到Redis结束
2017-12-26 23:34:52
班级变更同步学习报告记录到Redis结束
2017-12-26 23:34:52
同步学习报告记录到Redis结束
2017-12-26 23:35:02
班级变更同步学习报告记录到Redis开始
2017-12-26 23:35:02
同步学习报告记录到Redis开始
2017-12-26 23:35:02
同步学习报告记录到Redis结束
2017-12-26 23:35:03
刷新课本剧排行榜redis数据开始
2017-12-26 23:35:03
刷新课本剧排行榜redis数据结束
2017-12-26 23:35:12
班级变更同步学习报告记录到Redis开始
2017-12-26 23:35:12
班级变更同步学习报告记录到Redis结束
2017-12-26 23:35:12
同步学习报告记录到Redis结束
2017-12-26 23:35:22
班级变更同步学习报告记录到Redis结束
2017-12-26 23:35:32
班级变更同步学习报告记录到Redis结束
2017-12-26 23:35:32
同步学习报告记录到Redis结束
2017-12-26 23:35:42
班级变更同步学习报告记录到Redis开始
2017-12-26 23:35:42
班级变更同步学习报告记录到Redis结束
2017-12-26 23:35:52
同步学习报告记录到Redis结束
2017-12-26 23:36:02
班级变更同步学习报告记录到Redis开始
2017-12-26 23:36:02
班级变更同步学习报告记录到Redis结束
2017-12-26 23:36:03
刷新课本剧排行榜redis数据开始
2017-12-26 23:36:03
刷新课本剧排行榜redis数据结束
2017-12-26 23:36:12
班级变更同步学习报告记录到Redis开始
2017-12-26 23:36:12
班级变更同步学习报告记录到Redis结束
2017-12-26 23:36:22
同步学习报告记录到Redis开始
2017-12-26 23:36:22
同步学习报告记录到Redis结束
2017-12-26 23:36:32
班级变更同步学习报告记录到Redis结束
2017-12-26 23:36:32
同步学习报告记录到Redis结束
2017-12-26 23:36:42
班级变更同步学习报告记录到Redis结束
2017-12-26 23:36:42
同步学习报告记录到Redis结束
2017-12-26 23:36:52
班级变更同步学习报告记录到Redis开始
2017-12-26 23:36:52
班级变更同步学习报告记录到Redis结束
2017-12-26 23:37:02
同步学习报告记录到Redis开始
2017-12-26 23:37:02
同步学习报告记录到Redis结束
2017-12-26 23:37:03
刷新课本剧排行榜redis数据开始
2017-12-26 23:37:03
刷新课本剧排行榜redis数据结束
2017-12-26 23:37:12
同步学习报告记录到Redis开始
2017-12-26 23:37:12
同步学习报告记录到Redis结束
2017-12-26 23:37:22
班级变更同步学习报告记录到Redis结束
2017-12-26 23:37:22
同步学习报告记录到Redis结束
2017-12-26 23:37:32
班级变更同步学习报告记录到Redis开始
2017-12-26 23:37:32
同步学习报告记录到Redis开始
2017-12-26 23:37:32
同步学习报告记录到Redis结束
2017-12-26 23:37:42
班级变更同步学习报告记录到Redis开始
2017-12-26 23:37:42
班级变更同步学习报告记录到Redis结束
2017-12-26 23:37:52
同步学习报告记录到Redis开始
2017-12-26 23:37:52
同步学习报告记录到Redis结束
2017-12-26 23:38:02
班级变更同步学习报告记录到Redis结束
2017-12-26 23:38:02
同步学习报告记录到Redis结束
2017-12-26 23:38:03
刷新课本剧排行榜redis数据开始
2017-12-26 23:38:03
刷新课本剧排行榜redis数据结束
2017-12-26 23:38:12
同步学习报告记录到Redis开始
2017-12-26 23:38:12
同步学习报告记录到Redis结束
2017-12-26 23:38:22
班级变更同步学习报告记录到Redis结束
2017-12-26 23:38:22
同步学习报告记录到Redis结束
2017-12-26 23:38:32
班级变更同步学习报告记录到Redis结束
2017-12-26 23:38:32
同步学习报告记录到Redis结束
2017-12-26 23:38:42
班级变更同步学习报告记录到Redis开始
2017-12-26 23:38:42
班级变更同步学习报告记录到Redis结束
2017-12-26 23:38:52
同步学习报告记录到Redis结束
2017-12-26 23:38:52
班级变更同步学习报告记录到Redis结束
2017-12-26 23:39:02
同步学习报告记录到Redis开始
2017-12-26 23:39:02
同步学习报告记录到Redis结束
2017-12-26 23:39:03
刷新课本剧排行榜redis数据开始
2017-12-26 23:39:03
刷新课本剧排行榜redis数据结束
2017-12-26 23:39:12
同步学习报告记录到Redis开始
2017-12-26 23:39:12
班级变更同步学习报告记录到Redis开始
2017-12-26 23:39:12
班级变更同步学习报告记录到Redis结束
2017-12-26 23:39:22
同步学习报告记录到Redis开始
2017-12-26 23:39:22
同步学习报告记录到Redis结束
2017-12-26 23:39:32
同步学习报告记录到Redis结束
2017-12-26 23:39:42
班级变更同步学习报告记录到Redis结束
2017-12-26 23:39:42
同步学习报告记录到Redis结束
2017-12-26 23:39:52
班级变更同步学习报告记录到Redis结束
2017-12-26 23:39:52
同步学习报告记录到Redis结束
2017-12-26 23:40:02
同步学习报告记录到Redis开始
2017-12-26 23:40:02
同步学习报告记录到Redis结束
2017-12-26 23:40:03
刷新课本剧排行榜redis数据开始
2017-12-26 23:40:03
刷新课本剧排行榜redis数据结束
2017-12-26 23:40:12
班级变更同步学习报告记录到Redis结束
2017-12-26 23:40:22
班级变更同步学习报告记录到Redis结束
2017-12-26 23:40:22
同步学习报告记录到Redis结束
2017-12-26 23:40:32
同步学习报告记录到Redis结束
2017-12-26 23:40:32
班级变更同步学习报告记录到Redis结束
2017-12-26 23:40:42
同步学习报告记录到Redis开始
2017-12-26 23:40:42
同步学习报告记录到Redis结束
2017-12-26 23:40:52
班级变更同步学习报告记录到Redis结束
2017-12-26 23:40:52
同步学习报告记录到Redis结束
2017-12-26 23:41:02
班级变更同步学习报告记录到Redis开始
2017-12-26 23:41:02
班级变更同步学习报告记录到Redis结束
2017-12-26 23:41:03
刷新课本剧排行榜redis数据开始
2017-12-26 23:41:03
刷新课本剧排行榜redis数据结束
2017-12-26 23:41:12
同步学习报告记录到Redis结束
2017-12-26 23:41:22
班级变更同步学习报告记录到Redis结束
2017-12-26 23:41:32
同步学习报告记录到Redis开始
2017-12-26 23:41:32
同步学习报告记录到Redis结束
2017-12-26 23:41:42
同步学习报告记录到Redis结束
2017-12-26 23:41:42
班级变更同步学习报告记录到Redis结束
2017-12-26 23:41:52
班级变更同步学习报告记录到Redis开始
2017-12-26 23:41:52
同步学习报告记录到Redis开始
2017-12-26 23:41:52
班级变更同步学习报告记录到Redis结束
2017-12-26 23:41:52
同步学习报告记录到Redis结束
2017-12-26 23:42:02
同步学习报告记录到Redis结束
2017-12-26 23:42:03
刷新课本剧排行榜redis数据开始
2017-12-26 23:42:03
刷新课本剧排行榜redis数据结束
2017-12-26 23:42:12
同步学习报告记录到Redis开始
2017-12-26 23:42:12
同步学习报告记录到Redis结束
2017-12-26 23:42:22
同步学习报告记录到Redis开始
2017-12-26 23:42:22
班级变更同步学习报告记录到Redis开始
2017-12-26 23:42:22
班级变更同步学习报告记录到Redis结束
2017-12-26 23:42:32
班级变更同步学习报告记录到Redis开始
2017-12-26 23:42:32
班级变更同步学习报告记录到Redis结束
2017-12-26 23:42:42
班级变更同步学习报告记录到Redis结束
2017-12-26 23:42:52
同步学习报告记录到Redis结束
2017-12-26 23:43:02
SyncDubbingData趣配音报名同步开始
2017-12-26 23:43:02
SyncDubbingData趣配音同步数据成功2017/12/26 23:43:02
2017-12-26 23:43:02
SyncDubbingData趣配音报名同步结束
2017-12-26 23:43:02
刷新学生所在学校排行榜redis数据开始
2017-12-26 23:43:02
刷新学生所在学校排行榜redis数据结束
2017-12-26 23:43:02
趣配音报名补全用户信息SyncUserInfoRedisFromUMS开始
2017-12-26 23:43:02
趣配音报名补全用户信息SyncUserInfoRedisFromUMS结束
2017-12-26 23:43:02
同步学习报告记录到Redis开始
2017-12-26 23:43:02
班级变更同步学习报告记录到Redis结束
2017-12-26 23:43:03
刷新课本剧排行榜redis数据开始
2017-12-26 23:43:03
刷新课本剧排行榜redis数据结束
2017-12-26 23:43:12
班级变更同步学习报告记录到Redis开始
2017-12-26 23:43:12
同步学习报告记录到Redis结束
2017-12-26 23:43:22
同步学习报告记录到Redis结束
2017-12-26 23:43:32
同步学习报告记录到Redis结束
2017-12-26 23:43:42
同步学习报告记录到Redis开始
2017-12-26 23:43:42
同步学习报告记录到Redis结束
2017-12-26 23:43:52
同步学习报告记录到Redis结束
2017-12-26 23:43:53
班级变更同步学习报告记录到Redis结束
2017-12-26 23:44:02
班级变更同步学习报告记录到Redis开始
2017-12-26 23:44:02
同步学习报告记录到Redis结束
2017-12-26 23:44:03
刷新课本剧排行榜redis数据开始
2017-12-26 23:44:03
刷新课本剧排行榜redis数据结束
2017-12-26 23:44:13
班级变更同步学习报告记录到Redis开始
2017-12-26 23:44:13
班级变更同步学习报告记录到Redis结束
2017-12-26 23:44:23
同步学习报告记录到Redis开始
2017-12-26 23:44:23
班级变更同步学习报告记录到Redis结束
2017-12-26 23:44:33
班级变更同步学习报告记录到Redis开始
2017-12-26 23:44:33
同步学习报告记录到Redis开始
2017-12-26 23:44:33
班级变更同步学习报告记录到Redis结束
2017-12-26 23:44:33
同步学习报告记录到Redis结束
2017-12-26 23:44:43
班级变更同步学习报告记录到Redis开始
2017-12-26 23:44:43
班级变更同步学习报告记录到Redis结束
2017-12-26 23:44:43
同步学习报告记录到Redis结束
2017-12-26 23:44:53
同步学习报告记录到Redis结束
2017-12-26 23:45:03
同步学习报告记录到Redis结束
2017-12-26 23:45:03
刷新课本剧排行榜redis数据开始
2017-12-26 23:45:03
刷新课本剧排行榜redis数据结束
2017-12-26 23:45:13
班级变更同步学习报告记录到Redis开始
2017-12-26 23:45:13
同步学习报告记录到Redis结束
2017-12-26 23:45:13
班级变更同步学习报告记录到Redis结束
2017-12-26 23:45:23
班级变更同步学习报告记录到Redis开始
2017-12-26 23:45:23
班级变更同步学习报告记录到Redis结束
2017-12-26 23:45:33
同步学习报告记录到Redis开始
2017-12-26 23:45:33
同步学习报告记录到Redis结束
2017-12-26 23:45:43
班级变更同步学习报告记录到Redis开始
2017-12-26 23:45:43
班级变更同步学习报告记录到Redis结束
2017-12-26 23:45:53
班级变更同步学习报告记录到Redis结束
2017-12-26 23:45:53
同步学习报告记录到Redis结束
2017-12-26 23:46:03
班级变更同步学习报告记录到Redis开始
2017-12-26 23:46:03
同步学习报告记录到Redis结束
2017-12-26 23:46:03
班级变更同步学习报告记录到Redis结束
2017-12-26 23:46:03
刷新课本剧排行榜redis数据开始
2017-12-26 23:46:03
刷新课本剧排行榜redis数据结束
2017-12-26 23:46:13
同步学习报告记录到Redis结束
2017-12-26 23:46:13
班级变更同步学习报告记录到Redis结束
2017-12-26 23:46:23
同步学习报告记录到Redis开始
2017-12-26 23:46:23
同步学习报告记录到Redis结束
2017-12-26 23:46:33
班级变更同步学习报告记录到Redis开始
2017-12-26 23:46:33
班级变更同步学习报告记录到Redis结束
2017-12-26 23:46:43
班级变更同步学习报告记录到Redis开始
2017-12-26 23:46:43
同步学习报告记录到Redis结束
2017-12-26 23:46:43
班级变更同步学习报告记录到Redis结束
2017-12-26 23:46:53
同步学习报告记录到Redis结束
2017-12-26 23:47:03
班级变更同步学习报告记录到Redis开始
2017-12-26 23:47:03
班级变更同步学习报告记录到Redis结束
2017-12-26 23:47:03
刷新课本剧排行榜redis数据开始
2017-12-26 23:47:03
刷新课本剧排行榜redis数据结束
2017-12-26 23:47:13
同步学习报告记录到Redis开始
2017-12-26 23:47:13
同步学习报告记录到Redis结束
2017-12-26 23:47:23
班级变更同步学习报告记录到Redis开始
2017-12-26 23:47:23
班级变更同步学习报告记录到Redis结束
2017-12-26 23:47:33
同步学习报告记录到Redis开始
2017-12-26 23:47:33
同步学习报告记录到Redis结束
2017-12-26 23:47:43
班级变更同步学习报告记录到Redis开始
2017-12-26 23:47:43
班级变更同步学习报告记录到Redis结束
2017-12-26 23:47:53
班级变更同步学习报告记录到Redis结束
2017-12-26 23:47:53
同步学习报告记录到Redis结束
2017-12-26 23:48:03
班级变更同步学习报告记录到Redis结束
2017-12-26 23:48:03
同步学习报告记录到Redis结束
2017-12-26 23:48:03
刷新课本剧排行榜redis数据开始
2017-12-26 23:48:03
刷新课本剧排行榜redis数据结束
2017-12-26 23:48:13
班级变更同步学习报告记录到Redis结束
2017-12-26 23:48:13
同步学习报告记录到Redis结束
2017-12-26 23:48:23
班级变更同步学习报告记录到Redis结束
2017-12-26 23:48:23
同步学习报告记录到Redis结束
2017-12-26 23:48:33
同步学习报告记录到Redis开始
2017-12-26 23:48:33
同步学习报告记录到Redis结束
2017-12-26 23:48:43
同步学习报告记录到Redis结束
2017-12-26 23:48:53
班级变更同步学习报告记录到Redis开始
2017-12-26 23:48:53
班级变更同步学习报告记录到Redis结束
2017-12-26 23:49:03
同步学习报告记录到Redis结束
2017-12-26 23:49:03
刷新课本剧排行榜redis数据开始
2017-12-26 23:49:03
刷新课本剧排行榜redis数据结束
2017-12-26 23:49:13
班级变更同步学习报告记录到Redis结束
2017-12-26 23:49:13
同步学习报告记录到Redis结束
2017-12-26 23:49:23
同步学习报告记录到Redis开始
2017-12-26 23:49:23
班级变更同步学习报告记录到Redis结束
2017-12-26 23:49:23
同步学习报告记录到Redis结束
2017-12-26 23:49:33
班级变更同步学习报告记录到Redis结束
2017-12-26 23:49:43
同步学习报告记录到Redis结束
2017-12-26 23:49:53
班级变更同步学习报告记录到Redis结束
2017-12-26 23:50:03
班级变更同步学习报告记录到Redis结束
2017-12-26 23:50:03
同步学习报告记录到Redis结束
2017-12-26 23:50:03
刷新课本剧排行榜redis数据开始
2017-12-26 23:50:03
刷新课本剧排行榜redis数据结束
2017-12-26 23:50:13
同步学习报告记录到Redis结束
2017-12-26 23:50:13
班级变更同步学习报告记录到Redis结束
2017-12-26 23:50:23
班级变更同步学习报告记录到Redis开始
2017-12-26 23:50:23
班级变更同步学习报告记录到Redis结束
2017-12-26 23:50:33
同步学习报告记录到Redis结束
2017-12-26 23:50:43
班级变更同步学习报告记录到Redis结束
2017-12-26 23:50:53
同步学习报告记录到Redis结束
2017-12-26 23:51:03
同步学习报告记录到Redis结束
2017-12-26 23:51:03
刷新课本剧排行榜redis数据开始
2017-12-26 23:51:03
刷新课本剧排行榜redis数据结束
2017-12-26 23:51:13
班级变更同步学习报告记录到Redis结束
2017-12-26 23:51:13
同步学习报告记录到Redis结束
2017-12-26 23:51:23
班级变更同步学习报告记录到Redis结束
2017-12-26 23:51:33
同步学习报告记录到Redis结束
2017-12-26 23:51:43
班级变更同步学习报告记录到Redis结束
2017-12-26 23:51:53
同步学习报告记录到Redis结束
2017-12-26 23:52:03
班级变更同步学习报告记录到Redis结束
2017-12-26 23:52:03
同步学习报告记录到Redis结束
2017-12-26 23:52:03
刷新课本剧排行榜redis数据开始
2017-12-26 23:52:03
刷新课本剧排行榜redis数据结束
2017-12-26 23:52:13
班级变更同步学习报告记录到Redis开始
2017-12-26 23:52:13
班级变更同步学习报告记录到Redis结束
2017-12-26 23:52:23
班级变更同步学习报告记录到Redis开始
2017-12-26 23:52:23
班级变更同步学习报告记录到Redis结束
2017-12-26 23:52:33
班级变更同步学习报告记录到Redis结束
2017-12-26 23:52:43
同步学习报告记录到Redis开始
2017-12-26 23:52:43
同步学习报告记录到Redis结束
2017-12-26 23:52:53
班级变更同步学习报告记录到Redis结束
2017-12-26 23:52:53
同步学习报告记录到Redis结束
2017-12-26 23:53:02
趣配音报名补全用户信息SyncUserInfoRedisFromUMS开始
2017-12-26 23:53:02
趣配音报名补全用户信息SyncUserInfoRedisFromUMS结束
2017-12-26 23:53:02
SyncDubbingData趣配音报名同步开始
2017-12-26 23:53:02
SyncDubbingData趣配音同步数据成功2017/12/26 23:53:02
2017-12-26 23:53:02
SyncDubbingData趣配音报名同步结束
2017-12-26 23:53:02
刷新学生所在学校排行榜redis数据开始
2017-12-26 23:53:02
刷新学生所在学校排行榜redis数据结束
2017-12-26 23:53:03
刷新课本剧排行榜redis数据开始
2017-12-26 23:53:03
刷新课本剧排行榜redis数据结束
2017-12-26 23:53:13
班级变更同步学习报告记录到Redis结束
2017-12-26 23:53:13
同步学习报告记录到Redis结束
2017-12-26 23:53:23
同步学习报告记录到Redis结束
2017-12-26 23:53:23
班级变更同步学习报告记录到Redis结束
2017-12-26 23:53:33
同步学习报告记录到Redis结束
2017-12-26 23:53:43
同步学习报告记录到Redis结束
2017-12-26 23:53:53
班级变更同步学习报告记录到Redis结束
2017-12-26 23:54:03
刷新课本剧排行榜redis数据开始
2017-12-26 23:54:03
刷新课本剧排行榜redis数据结束
2017-12-26 23:54:03
同步学习报告记录到Redis结束
2017-12-26 23:54:03
班级变更同步学习报告记录到Redis结束
2017-12-26 23:54:13
同步学习报告记录到Redis结束
2017-12-26 23:54:23
班级变更同步学习报告记录到Redis结束
2017-12-26 23:54:33
同步学习报告记录到Redis结束
2017-12-26 23:54:43
同步学习报告记录到Redis开始
2017-12-26 23:54:43
同步学习报告记录到Redis结束
2017-12-26 23:54:53
班级变更同步学习报告记录到Redis结束
2017-12-26 23:54:53
同步学习报告记录到Redis结束
2017-12-26 23:55:03
刷新课本剧排行榜redis数据开始
2017-12-26 23:55:03
刷新课本剧排行榜redis数据结束
2017-12-26 23:55:03
同步学习报告记录到Redis开始
2017-12-26 23:55:03
同步学习报告记录到Redis结束
2017-12-26 23:55:13
同步学习报告记录到Redis结束
2017-12-26 23:55:23
同步学习报告记录到Redis结束
2017-12-26 23:55:33
班级变更同步学习报告记录到Redis结束
2017-12-26 23:55:33
同步学习报告记录到Redis结束
2017-12-26 23:55:43
同步学习报告记录到Redis开始
2017-12-26 23:55:43
同步学习报告记录到Redis结束
2017-12-26 23:55:43
班级变更同步学习报告记录到Redis结束
2017-12-26 23:55:53
同步学习报告记录到Redis结束
2017-12-26 23:56:03
刷新课本剧排行榜redis数据开始
2017-12-26 23:56:03
刷新课本剧排行榜redis数据结束
2017-12-26 23:56:03
班级变更同步学习报告记录到Redis开始
2017-12-26 23:56:03
班级变更同步学习报告记录到Redis结束
2017-12-26 23:56:13
同步学习报告记录到Redis开始
2017-12-26 23:56:13
同步学习报告记录到Redis结束
2017-12-26 23:56:23
同步学习报告记录到Redis结束
2017-12-26 23:56:24
班级变更同步学习报告记录到Redis结束
2017-12-26 23:56:33
班级变更同步学习报告记录到Redis开始
2017-12-26 23:56:34
班级变更同步学习报告记录到Redis结束
2017-12-26 23:56:34
同步学习报告记录到Redis开始
2017-12-26 23:56:34
同步学习报告记录到Redis结束
2017-12-26 23:56:44
同步学习报告记录到Redis结束
2017-12-26 23:56:54
班级变更同步学习报告记录到Redis结束
2017-12-26 23:56:54
同步学习报告记录到Redis结束
2017-12-26 23:57:03
刷新课本剧排行榜redis数据开始
2017-12-26 23:57:03
刷新课本剧排行榜redis数据结束
2017-12-26 23:57:04
同步学习报告记录到Redis结束
2017-12-26 23:57:14
班级变更同步学习报告记录到Redis结束
2017-12-26 23:57:24
同步学习报告记录到Redis开始
2017-12-26 23:57:24
同步学习报告记录到Redis结束
2017-12-26 23:57:34
班级变更同步学习报告记录到Redis结束
2017-12-26 23:57:44
班级变更同步学习报告记录到Redis结束
2017-12-26 23:57:44
同步学习报告记录到Redis结束
2017-12-26 23:57:54
同步学习报告记录到Redis结束
2017-12-26 23:57:54
班级变更同步学习报告记录到Redis结束
2017-12-26 23:58:03
刷新课本剧排行榜redis数据开始
2017-12-26 23:58:03
刷新课本剧排行榜redis数据结束
2017-12-26 23:58:04
同步学习报告记录到Redis结束
2017-12-26 23:58:04
班级变更同步学习报告记录到Redis结束
2017-12-26 23:58:14
同步学习报告记录到Redis开始
2017-12-26 23:58:14
班级变更同步学习报告记录到Redis开始
2017-12-26 23:58:14
班级变更同步学习报告记录到Redis结束
2017-12-26 23:58:24
同步学习报告记录到Redis结束
2017-12-26 23:58:34
同步学习报告记录到Redis开始
2017-12-26 23:58:34
班级变更同步学习报告记录到Redis结束
2017-12-26 23:58:34
同步学习报告记录到Redis结束
2017-12-26 23:58:44
班级变更同步学习报告记录到Redis开始
2017-12-26 23:58:44
同步学习报告记录到Redis开始
2017-12-26 23:58:44
班级变更同步学习报告记录到Redis结束
2017-12-26 23:58:44
同步学习报告记录到Redis结束
2017-12-26 23:58:54
班级变更同步学习报告记录到Redis结束
2017-12-26 23:59:03
刷新课本剧排行榜redis数据开始
2017-12-26 23:59:03
刷新课本剧排行榜redis数据结束
2017-12-26 23:59:04
班级变更同步学习报告记录到Redis开始
2017-12-26 23:59:04
班级变更同步学习报告记录到Redis结束
2017-12-26 23:59:14
同步学习报告记录到Redis开始
2017-12-26 23:59:14
同步学习报告记录到Redis结束
2017-12-26 23:59:14
班级变更同步学习报告记录到Redis结束
2017-12-26 23:59:24
同步学习报告记录到Redis开始
2017-12-26 23:59:24
班级变更同步学习报告记录到Redis结束
2017-12-26 23:59:34
同步学习报告记录到Redis开始
2017-12-26 23:59:34
同步学习报告记录到Redis结束
2017-12-26 23:59:34
班级变更同步学习报告记录到Redis结束
2017-12-26 23:59:44
班级变更同步学习报告记录到Redis结束
2017-12-26 23:59:44
同步学习报告记录到Redis结束
2017-12-26 23:59:54
同步学习报告记录到Redis结束
2017-12-26 23:59:54
班级变更同步学习报告记录到Redis结束
