2017-12-06 10:16:19
定时任务
2017-12-06 10:16:21
MOD2IBS同步开始
2017-12-06 10:16:21
MOD2IBS同步结束
2017-12-06 10:17:52
定时任务
2017-12-06 10:17:53
MOD2IBS同步开始
2017-12-06 10:17:53
MOD2IBS同步结束
2017-12-06 10:18:58
定时任务
2017-12-06 10:19:36
定时任务
2017-12-06 10:19:53
同步学习报告记录到Redis开始
2017-12-06 10:20:27
同步学习报告记录到Redis结束
2017-12-06 10:20:58
刷新课本剧排行榜redis数据开始
2017-12-06 10:20:58
刷新课本剧排行榜redis数据结束
2017-12-06 11:46:54
定时任务
2017-12-06 11:47:24
同步学习报告记录到Redis开始
2017-12-06 11:48:29
刷新课本剧排行榜redis数据开始
2017-12-06 11:48:29
刷新课本剧排行榜redis数据结束
2017-12-06 11:54:09
同步学习报告记录到Redis结束
2017-12-06 13:45:08
定时任务
2017-12-06 13:46:48
同步学习报告记录到Redis开始
2017-12-06 13:48:59
定时任务
2017-12-06 13:49:04
同步学习报告记录到Redis开始
2017-12-06 14:06:44
定时任务
2017-12-06 14:06:48
同步学习报告记录到Redis开始
2017-12-06 14:07:04
同步学习报告记录到Redis结束
2017-12-06 14:07:48
同步学习报告记录到Redis开始
2017-12-06 14:07:58
刷新课本剧排行榜redis数据开始
2017-12-06 14:07:58
同步学习报告记录到Redis结束
2017-12-06 14:07:58
刷新课本剧排行榜redis数据结束
2017-12-06 14:09:29
定时任务
2017-12-06 14:12:38
同步学习报告记录到Redis开始
2017-12-06 14:12:40
同步学习报告记录到Redis结束
2017-12-06 14:13:38
同步学习报告记录到Redis开始
2017-12-06 14:38:19
同步学习报告记录到Redis结束
2017-12-06 15:26:47
定时任务
2017-12-06 15:26:51
同步学习报告记录到Redis开始
2017-12-06 15:26:52
同步学习报告记录到Redis结束
2017-12-06 15:27:51
同步学习报告记录到Redis开始
2017-12-06 15:48:12
同步学习报告记录到Redis结束
2017-12-06 15:48:12
同步学习报告记录到Redis开始
2017-12-06 16:14:14
定时任务
2017-12-06 16:14:20
同步学习报告记录到Redis开始
2017-12-06 16:14:22
同步学习报告记录到Redis结束
2017-12-06 16:15:20
刷新课本剧排行榜redis数据开始
2017-12-06 16:16:27
刷新课本剧排行榜redis数据结束
2017-12-06 16:16:28
刷新课本剧排行榜redis数据结束
2017-12-06 16:16:28
同步学习报告记录到Redis结束
2017-12-06 16:51:24
定时任务
2017-12-06 16:51:28
同步学习报告记录到Redis开始
2017-12-06 16:51:33
同步学习报告记录到Redis结束
2017-12-06 16:52:28
同步学习报告记录到Redis开始
2017-12-06 16:52:30
同步学习报告记录到Redis结束
2017-12-06 16:52:30
插入用户配音数据9709;是否成功：True
2017-12-06 16:52:30
插入校级榜数据:UserID:454582054;是否成功：False
2017-12-06 16:52:30
插入班级榜数据：UserID:454582054;是否成功：False
2017-12-06 16:52:30
插入最新榜数据UserID454582054;是否成功：False
2017-12-06 16:52:30
插入用户配音数据9710;是否成功：True
2017-12-06 16:52:30
插入校级榜数据:UserID:100008915;是否成功：False
2017-12-06 16:52:30
插入班级榜数据：UserID:100008915;是否成功：False
2017-12-06 16:52:30
插入最新榜数据UserID100008915;是否成功：False
2017-12-06 16:52:30
插入用户配音数据9711;是否成功：True
2017-12-06 16:52:30
插入校级榜数据:UserID:747824697;是否成功：False
2017-12-06 16:52:30
插入班级榜数据UserID:747824697;是否成功：True
2017-12-06 16:52:30
插入最新榜数据UserID747824697;是否成功：False
2017-12-06 16:52:30
刷新课本剧排行榜redis数据结束
2017-12-06 20:38:14
定时任务
2017-12-06 20:38:15
同步学习报告记录到Redis开始
2017-12-06 20:38:15
同步学习报告记录到Redis结束
2017-12-06 20:38:30
进程即将被IIS回收
2017-12-06 20:38:30
重新访问一个页面，以唤醒服务
2017-12-06 20:38:30
重新访问一个页面,地址：http://localhost:50868/
2017-12-06 20:38:30
重新访问一个页面,httpWebRequest
2017-12-06 20:38:34
定时任务
2017-12-06 20:38:35
同步学习报告记录到Redis开始
2017-12-06 20:38:35
同步学习报告记录到Redis结束
2017-12-06 20:38:36
重新访问一个页面,httpWebResponse
2017-12-06 20:38:36
重新访问一个页面,得到回写的字节流stream
2017-12-06 20:38:36
重新访问一个页面，唤醒服务成功,地址：http://localhost:50868/
2017-12-06 20:39:35
同步学习报告记录到Redis开始
2017-12-06 20:39:35
同步学习报告记录到Redis结束
2017-12-06 20:39:35
插入用户配音数据9714;是否成功：True
2017-12-06 20:39:35
插入校级榜数据:UserID:454582054;是否成功：False
2017-12-06 20:39:35
插入班级榜数据：UserID:454582054;是否成功：False
2017-12-06 20:39:35
插入最新榜数据UserID454582054;是否成功：False
2017-12-06 20:39:35
刷新课本剧排行榜redis数据结束
2017-12-06 20:40:35
刷新课本剧排行榜redis数据开始
2017-12-06 20:40:35
刷新课本剧排行榜redis数据结束
2017-12-06 20:41:35
刷新课本剧排行榜redis数据开始
2017-12-06 20:41:35
同步学习报告记录到Redis开始
2017-12-06 20:41:35
刷新课本剧排行榜redis数据结束
2017-12-06 20:41:35
同步学习报告记录到Redis结束
2017-12-06 20:42:35
同步学习报告记录到Redis开始
2017-12-06 20:42:35
同步学习报告记录到Redis结束
2017-12-06 20:42:35
刷新课本剧排行榜redis数据结束
2017-12-06 20:43:35
同步学习报告记录到Redis开始
2017-12-06 20:43:35
刷新课本剧排行榜redis数据开始
2017-12-06 20:43:35
同步学习报告记录到Redis结束
2017-12-06 20:43:35
刷新课本剧排行榜redis数据结束
2017-12-06 20:44:35
刷新课本剧排行榜redis数据开始
2017-12-06 20:44:35
同步学习报告记录到Redis结束
2017-12-06 20:44:35
刷新课本剧排行榜redis数据结束
2017-12-06 20:45:35
刷新课本剧排行榜redis数据开始
2017-12-06 20:45:35
刷新课本剧排行榜redis数据结束
2017-12-06 20:45:35
同步学习报告记录到Redis结束
2017-12-06 20:46:35
同步学习报告记录到Redis开始
2017-12-06 20:46:35
刷新课本剧排行榜redis数据开始
2017-12-06 20:46:35
同步学习报告记录到Redis结束
2017-12-06 20:46:35
刷新课本剧排行榜redis数据结束
2017-12-06 20:47:35
同步学习报告记录到Redis开始
2017-12-06 20:47:35
刷新课本剧排行榜redis数据结束
2017-12-06 20:47:35
同步学习报告记录到Redis结束
2017-12-06 20:48:35
SyncDubbingData趣配音报名同步开始
2017-12-06 20:48:35
同步学习报告记录到Redis开始
2017-12-06 20:48:35
刷新课本剧排行榜redis数据开始
2017-12-06 20:48:35
同步学习报告记录到Redis结束
2017-12-06 20:48:35
刷新课本剧排行榜redis数据结束
2017-12-06 20:48:35
SyncDubbingData趣配音同步数据成功2017/12/6 20:48:35
2017-12-06 20:48:35
SyncDubbingData趣配音报名同步结束
2017-12-06 20:48:35
趣配音报名补全用户信息SyncUserInfoRedisFromUMS开始
2017-12-06 20:48:36
趣配音报名补全用户信息SyncUserInfoRedisFromUMS结束
2017-12-06 20:48:36
刷新学生所在学校排行榜redis数据开始
2017-12-06 20:48:36
刷新学生所在学校排行榜redis数据结束
2017-12-06 20:49:35
同步学习报告记录到Redis开始
2017-12-06 20:49:35
同步学习报告记录到Redis结束
2017-12-06 20:50:35
同步学习报告记录到Redis开始
2017-12-06 20:50:35
刷新课本剧排行榜redis数据开始
2017-12-06 20:50:35
同步学习报告记录到Redis结束
2017-12-06 20:50:35
刷新课本剧排行榜redis数据结束
2017-12-06 20:51:35
同步学习报告记录到Redis开始
2017-12-06 20:51:35
同步学习报告记录到Redis结束
2017-12-06 20:52:35
刷新课本剧排行榜redis数据开始
2017-12-06 20:52:35
同步学习报告记录到Redis结束
2017-12-06 20:52:35
刷新课本剧排行榜redis数据结束
2017-12-06 20:53:35
刷新课本剧排行榜redis数据开始
2017-12-06 20:53:35
同步学习报告记录到Redis结束
2017-12-06 20:53:35
刷新课本剧排行榜redis数据结束
2017-12-06 20:54:35
同步学习报告记录到Redis开始
2017-12-06 20:54:35
刷新课本剧排行榜redis数据结束
2017-12-06 20:54:35
同步学习报告记录到Redis结束
2017-12-06 20:55:35
刷新课本剧排行榜redis数据开始
2017-12-06 20:55:35
同步学习报告记录到Redis开始
2017-12-06 20:55:35
同步学习报告记录到Redis结束
2017-12-06 20:56:35
同步学习报告记录到Redis开始
2017-12-06 20:56:35
刷新课本剧排行榜redis数据结束
2017-12-06 20:56:35
同步学习报告记录到Redis结束
2017-12-06 20:57:35
刷新课本剧排行榜redis数据开始
2017-12-06 20:57:35
同步学习报告记录到Redis开始
2017-12-06 20:57:35
刷新课本剧排行榜redis数据结束
2017-12-06 20:57:35
同步学习报告记录到Redis结束
2017-12-06 20:58:35
刷新学生所在学校排行榜redis数据开始
2017-12-06 20:58:35
刷新学生所在学校排行榜redis数据结束
2017-12-06 20:58:35
同步学习报告记录到Redis开始
2017-12-06 20:58:35
刷新课本剧排行榜redis数据开始
2017-12-06 20:58:35
同步学习报告记录到Redis结束
2017-12-06 20:58:35
刷新课本剧排行榜redis数据结束
2017-12-06 20:58:35
趣配音报名补全用户信息SyncUserInfoRedisFromUMS结束
2017-12-06 20:58:35
SyncDubbingData趣配音报名同步开始
2017-12-06 20:58:35
SyncDubbingData趣配音同步数据成功2017/12/6 20:58:35
2017-12-06 20:58:35
SyncDubbingData趣配音报名同步结束
2017-12-06 20:59:35
刷新课本剧排行榜redis数据开始
2017-12-06 20:59:35
同步学习报告记录到Redis开始
2017-12-06 20:59:35
同步学习报告记录到Redis结束
2017-12-06 20:59:35
刷新课本剧排行榜redis数据结束
2017-12-06 21:00:35
刷新课本剧排行榜redis数据开始
2017-12-06 21:00:35
刷新课本剧排行榜redis数据结束
2017-12-06 21:01:35
同步学习报告记录到Redis开始
2017-12-06 21:01:35
同步学习报告记录到Redis结束
2017-12-06 21:01:35
刷新课本剧排行榜redis数据结束
2017-12-06 21:02:35
刷新课本剧排行榜redis数据开始
2017-12-06 21:02:35
同步学习报告记录到Redis结束
2017-12-06 21:02:35
刷新课本剧排行榜redis数据结束
2017-12-06 21:03:35
同步学习报告记录到Redis结束
2017-12-06 21:03:35
刷新课本剧排行榜redis数据结束
2017-12-06 21:04:35
同步学习报告记录到Redis开始
2017-12-06 21:04:35
刷新课本剧排行榜redis数据开始
2017-12-06 21:04:35
同步学习报告记录到Redis结束
2017-12-06 21:04:35
刷新课本剧排行榜redis数据结束
2017-12-06 21:05:35
刷新课本剧排行榜redis数据结束
2017-12-06 21:05:35
同步学习报告记录到Redis结束
2017-12-06 21:06:35
同步学习报告记录到Redis结束
2017-12-06 21:07:35
同步学习报告记录到Redis结束
2017-12-06 21:07:35
刷新课本剧排行榜redis数据结束
2017-12-06 21:08:35
趣配音报名补全用户信息SyncUserInfoRedisFromUMS开始
2017-12-06 21:08:35
趣配音报名补全用户信息SyncUserInfoRedisFromUMS结束
2017-12-06 21:08:35
SyncDubbingData趣配音报名同步开始
2017-12-06 21:08:35
SyncDubbingData趣配音同步数据成功2017/12/6 21:08:35
2017-12-06 21:08:35
SyncDubbingData趣配音报名同步结束
2017-12-06 21:08:35
刷新学生所在学校排行榜redis数据开始
2017-12-06 21:08:35
刷新课本剧排行榜redis数据开始
2017-12-06 21:08:35
同步学习报告记录到Redis开始
2017-12-06 21:08:35
同步学习报告记录到Redis结束
2017-12-06 21:08:36
刷新学生所在学校排行榜redis数据结束
2017-12-06 21:09:35
同步学习报告记录到Redis结束
2017-12-06 21:09:35
刷新课本剧排行榜redis数据结束
2017-12-06 21:10:35
同步学习报告记录到Redis开始
2017-12-06 21:10:35
同步学习报告记录到Redis结束
2017-12-06 21:10:35
刷新课本剧排行榜redis数据结束
2017-12-06 21:11:35
刷新课本剧排行榜redis数据开始
2017-12-06 21:11:35
同步学习报告记录到Redis开始
2017-12-06 21:11:35
同步学习报告记录到Redis结束
2017-12-06 21:11:35
刷新课本剧排行榜redis数据结束
2017-12-06 21:12:35
同步学习报告记录到Redis结束
2017-12-06 21:13:35
同步学习报告记录到Redis结束
2017-12-06 21:13:35
刷新课本剧排行榜redis数据结束
2017-12-06 21:14:35
同步学习报告记录到Redis结束
2017-12-06 21:15:35
同步学习报告记录到Redis结束
2017-12-06 21:16:35
同步学习报告记录到Redis开始
2017-12-06 21:16:35
刷新课本剧排行榜redis数据开始
2017-12-06 21:16:35
刷新课本剧排行榜redis数据结束
2017-12-06 21:17:35
同步学习报告记录到Redis结束
2017-12-06 21:18:35
刷新学生所在学校排行榜redis数据开始
2017-12-06 21:18:35
刷新学生所在学校排行榜redis数据结束
2017-12-06 21:18:35
趣配音报名补全用户信息SyncUserInfoRedisFromUMS开始
2017-12-06 21:18:35
刷新课本剧排行榜redis数据开始
2017-12-06 21:18:35
刷新课本剧排行榜redis数据结束
2017-12-06 21:18:36
同步学习报告记录到Redis开始
2017-12-06 21:18:36
同步学习报告记录到Redis结束
2017-12-06 21:18:36
趣配音报名补全用户信息SyncUserInfoRedisFromUMS结束
2017-12-06 21:18:36
SyncDubbingData趣配音报名同步开始
2017-12-06 21:18:36
SyncDubbingData趣配音同步数据成功2017/12/6 21:18:36
2017-12-06 21:18:36
SyncDubbingData趣配音报名同步结束
2017-12-06 21:19:35
同步学习报告记录到Redis开始
2017-12-06 21:19:35
刷新课本剧排行榜redis数据开始
2017-12-06 21:19:35
同步学习报告记录到Redis结束
2017-12-06 21:19:35
刷新课本剧排行榜redis数据结束
2017-12-06 21:20:35
同步学习报告记录到Redis开始
2017-12-06 21:20:35
刷新课本剧排行榜redis数据结束
2017-12-06 21:20:35
同步学习报告记录到Redis结束
2017-12-06 21:21:35
同步学习报告记录到Redis开始
2017-12-06 21:21:36
刷新课本剧排行榜redis数据开始
2017-12-06 21:21:36
刷新课本剧排行榜redis数据结束
2017-12-06 21:22:16
进程即将被IIS回收
2017-12-06 21:22:16
重新访问一个页面，以唤醒服务
2017-12-06 21:22:16
重新访问一个页面,地址：http://localhost:50868/
2017-12-06 21:22:16
重新访问一个页面,httpWebRequest
