2018-02-08 14:22:50
定时任务
2018-02-08 14:22:51
同步学订单到总库同步开始
2018-02-08 14:22:51
同步学订单到总库同步结束
2018-02-08 14:22:51
MOD2IBS同步开始
2018-02-08 14:22:51
班级变更同步学习报告记录到Redis开始
2018-02-08 14:22:51
MOD2IBS同步结束
2018-02-08 14:22:51
班级变更同步学习报告记录到Redis结束
2018-02-08 14:22:51
IBS名称为空修复脚本
2018-02-08 14:22:56
同步学订单到总库同步开始
2018-02-08 14:22:56
同步学订单到总库同步结束
2018-02-08 14:22:56
MOD2IBS同步开始
2018-02-08 14:22:56
MOD2IBS同步结束
2018-02-08 14:23:01
MOD2IBS同步开始
2018-02-08 14:23:01
MOD2IBS同步开始
2018-02-08 14:23:01
MOD2IBS同步结束
2018-02-08 14:23:01
班级变更同步学习报告记录到Redis开始
2018-02-08 14:23:01
同步学订单到总库同步开始
2018-02-08 14:23:01
班级变更同步学习报告记录到Redis结束
2018-02-08 14:23:01
MOD2IBS同步结束
2018-02-08 14:23:01
同步学订单到总库同步结束
2018-02-08 14:23:06
同步学订单到总库同步开始
2018-02-08 14:23:06
MOD2IBS同步开始
2018-02-08 14:23:06
同步学订单到总库同步结束
2018-02-08 14:23:06
MOD2IBS同步结束
2018-02-08 14:23:11
MOD2IBS同步开始
2018-02-08 14:23:11
班级变更同步学习报告记录到Redis开始
2018-02-08 14:23:11
MOD2IBS同步开始
2018-02-08 14:23:11
MOD2IBS同步结束
2018-02-08 14:23:11
同步学订单到总库同步开始
2018-02-08 14:23:11
同步学订单到总库同步结束
2018-02-08 14:23:11
MOD2IBS同步结束
2018-02-08 14:23:11
班级变更同步学习报告记录到Redis结束
2018-02-08 14:23:16
MOD2IBS同步开始
2018-02-08 14:23:16
同步学订单到总库同步开始
2018-02-08 14:23:16
MOD2IBS同步结束
2018-02-08 14:23:16
同步学订单到总库同步结束
2018-02-08 14:23:25
定时任务
2018-02-08 14:23:26
同步学订单到总库同步开始
2018-02-08 14:23:26
同步学订单到总库同步结束
2018-02-08 14:23:26
班级变更同步学习报告记录到Redis开始
2018-02-08 14:23:26
MOD2IBS同步开始
2018-02-08 14:23:26
IBS名称为空修复脚本
2018-02-08 14:23:30
班级变更同步学习报告记录到Redis结束
2018-02-08 14:23:36
MOD2IBS同步结束
2018-02-08 14:23:37
同步学校信息到IBS
2018-02-08 14:23:37
同步学订单到总库同步结束
2018-02-08 14:23:37
MOD2IBS同步开始
2018-02-08 14:23:37
MOD2IBS同步结束
2018-02-08 14:23:37
班级变更同步学习报告记录到Redis开始
2018-02-08 14:23:37
班级变更同步学习报告记录到Redis结束
2018-02-08 14:23:38
MOD2IBS同步开始
2018-02-08 14:23:38
MOD2IBS同步结束
2018-02-08 14:23:40
同步学订单到总库同步开始
2018-02-08 14:23:40
MOD2IBS同步开始
2018-02-08 14:23:40
同步学订单到总库同步结束
2018-02-08 14:23:40
MOD2IBS同步结束
2018-02-08 14:23:41
同步班级信息条数：995
2018-02-08 14:23:45
同步学订单到总库同步开始
2018-02-08 14:23:45
MOD2IBS同步开始
2018-02-08 14:23:45
MOD2IBS同步结束
2018-02-08 14:23:45
同步学订单到总库同步结束
2018-02-08 14:23:45
同步学校信息条数：621143
2018-02-08 14:23:47
班级变更同步学习报告记录到Redis开始
2018-02-08 14:23:47
MOD2IBS同步开始
2018-02-08 14:23:48
班级变更同步学习报告记录到Redis结束
2018-02-08 14:23:48
MOD2IBS同步结束
2018-02-08 14:23:49
同步区域信息条数：621091
2018-02-08 14:23:49
IBS_ClassUserRelation写入成功!
2018-02-08 14:23:49
MOD初始化班级数据结束
2018-02-08 14:23:50
同步学订单到总库同步开始
2018-02-08 14:23:50
MOD2IBS同步开始
2018-02-08 14:23:50
同步学订单到总库同步结束
2018-02-08 14:23:50
MOD2IBS同步结束
2018-02-08 15:27:32
定时任务
2018-02-08 15:27:33
同步学订单到总库同步开始
2018-02-08 15:27:33
同步学订单到总库同步结束
2018-02-08 15:27:33
班级变更同步学习报告记录到Redis开始
2018-02-08 15:27:33
MOD初始化学校数据开始
2018-02-08 15:27:33
MOD初始化用户数据开始
2018-02-08 15:27:51
定时任务
2018-02-08 15:27:51
同步学订单到总库同步开始
2018-02-08 15:27:51
同步学订单到总库同步结束
2018-02-08 15:27:51
MOD2IBS同步开始
2018-02-08 15:27:51
MOD初始化学校数据开始
2018-02-08 15:27:51
MOD2IBS同步结束
2018-02-08 15:27:51
MOD初始化用户数据开始
2018-02-08 15:27:51
班级变更同步学习报告记录到Redis开始
2018-02-08 15:27:51
同步用户数据到IBS
2018-02-08 15:27:51
IBS名称为空修复脚本
2018-02-08 15:27:51
同步学校信息到IBS
2018-02-08 15:27:51
班级变更同步学习报告记录到Redis结束
2018-02-08 15:27:51
MOD初始化区域数据开始
2018-02-08 15:27:51
同步区域信息到IBS
2018-02-08 15:27:51
MOD初始化班级数据开始
2018-02-08 15:27:51
同步班级信息到IBS
2018-02-08 15:27:55
同步班级信息条数：995
2018-02-08 15:27:56
同步学订单到总库同步开始
2018-02-08 15:27:56
同步学订单到总库同步结束
2018-02-08 15:27:56
MOD2IBS同步开始
2018-02-08 15:27:56
MOD2IBS同步结束
2018-02-08 15:28:00
IBS_ClassUserRelation写入成功!
2018-02-08 15:28:00
MOD初始化班级数据结束
2018-02-08 15:28:00
同步学校信息条数：621143
2018-02-08 15:28:00
同步区域信息条数：621091
2018-02-08 15:28:01
MOD2IBS同步开始
2018-02-08 15:28:01
同步学订单到总库同步开始
2018-02-08 15:28:01
MOD2IBS同步开始
2018-02-08 15:28:01
MOD2IBS同步结束
2018-02-08 15:28:01
MOD2IBS同步结束
2018-02-08 15:28:01
同步学订单到总库同步结束
2018-02-08 15:28:01
班级变更同步学习报告记录到Redis开始
2018-02-08 15:28:01
班级变更同步学习报告记录到Redis结束
2018-02-08 15:28:06
MOD2IBS同步开始
2018-02-08 15:28:06
MOD2IBS同步结束
2018-02-08 15:28:06
同步学订单到总库同步开始
2018-02-08 15:28:06
同步学订单到总库同步结束
2018-02-08 15:28:11
班级变更同步学习报告记录到Redis开始
2018-02-08 15:28:11
班级变更同步学习报告记录到Redis结束
2018-02-08 15:28:11
MOD2IBS同步开始
2018-02-08 15:28:11
MOD2IBS同步结束
2018-02-08 15:28:11
同步学订单到总库同步开始
2018-02-08 15:28:11
MOD2IBS同步开始
2018-02-08 15:28:11
同步学订单到总库同步结束
2018-02-08 15:28:11
MOD2IBS同步结束
2018-02-08 15:28:16
同步学订单到总库同步开始
2018-02-08 15:28:16
同步学订单到总库同步结束
2018-02-08 15:28:16
MOD2IBS同步开始
2018-02-08 15:28:16
MOD2IBS同步结束
2018-02-08 15:28:21
班级变更同步学习报告记录到Redis开始
2018-02-08 15:28:21
班级变更同步学习报告记录到Redis结束
2018-02-08 15:28:21
MOD2IBS同步开始
2018-02-08 15:28:21
MOD2IBS同步结束
2018-02-08 15:28:21
MOD2IBS同步开始
2018-02-08 15:28:21
MOD2IBS同步结束
2018-02-08 15:28:21
同步学订单到总库同步开始
2018-02-08 15:28:21
同步学订单到总库同步结束
2018-02-08 15:28:26
MOD2IBS同步开始
2018-02-08 15:28:26
MOD2IBS同步结束
2018-02-08 15:28:26
同步学订单到总库同步开始
2018-02-08 15:28:26
同步学订单到总库同步结束
2018-02-08 15:28:27
同步用户信息条数：1187573
2018-02-08 15:28:31
MOD2IBS同步开始
2018-02-08 15:28:31
MOD2IBS同步结束
2018-02-08 15:28:31
班级变更同步学习报告记录到Redis开始
2018-02-08 15:28:31
班级变更同步学习报告记录到Redis结束
2018-02-08 15:28:31
MOD2IBS同步开始
2018-02-08 15:28:31
同步学订单到总库同步开始
2018-02-08 15:28:31
MOD2IBS同步结束
2018-02-08 15:28:31
同步学订单到总库同步结束
2018-02-08 15:28:36
同步学订单到总库同步开始
2018-02-08 15:28:36
同步学订单到总库同步结束
2018-02-08 15:28:36
MOD2IBS同步开始
2018-02-08 15:28:36
MOD2IBS同步结束
2018-02-08 15:28:41
班级变更同步学习报告记录到Redis开始
2018-02-08 15:28:41
班级变更同步学习报告记录到Redis结束
2018-02-08 15:28:41
MOD2IBS同步开始
2018-02-08 15:28:41
MOD2IBS同步结束
2018-02-08 15:28:41
同步学订单到总库同步开始
2018-02-08 15:28:41
同步学订单到总库同步结束
2018-02-08 15:28:41
MOD2IBS同步开始
2018-02-08 15:28:41
MOD2IBS同步结束
2018-02-08 15:28:46
MOD2IBS同步开始
2018-02-08 15:28:46
MOD2IBS同步结束
2018-02-08 15:28:46
同步学订单到总库同步开始
2018-02-08 15:28:46
同步学订单到总库同步结束
2018-02-08 15:28:51
刷新课本剧排行榜redis数据开始
2018-02-08 15:28:51
刷新课本剧排行榜redis数据结束
2018-02-08 15:28:51
班级变更同步学习报告记录到Redis开始
2018-02-08 15:28:51
MOD2IBS同步开始
2018-02-08 15:28:51
班级变更同步学习报告记录到Redis结束
2018-02-08 15:28:51
MOD2IBS同步结束
2018-02-08 15:28:51
MOD2IBS同步开始
2018-02-08 15:28:51
同步学订单到总库同步开始
2018-02-08 15:28:51
MOD2IBS同步结束
2018-02-08 15:28:51
同步学订单到总库同步结束
2018-02-08 15:28:56
同步学订单到总库同步开始
2018-02-08 15:28:56
同步学订单到总库同步结束
2018-02-08 15:28:56
MOD2IBS同步开始
2018-02-08 15:28:56
MOD2IBS同步结束
2018-02-08 15:29:01
MOD2IBS同步开始
2018-02-08 15:29:01
MOD2IBS同步结束
2018-02-08 15:29:01
班级变更同步学习报告记录到Redis开始
2018-02-08 15:29:01
班级变更同步学习报告记录到Redis结束
2018-02-08 15:29:01
同步学订单到总库同步开始
2018-02-08 15:29:01
同步学订单到总库同步结束
2018-02-08 15:29:01
MOD2IBS同步开始
2018-02-08 15:29:01
MOD2IBS同步结束
2018-02-08 15:29:06
同步学订单到总库同步开始
2018-02-08 15:29:06
同步学订单到总库同步结束
2018-02-08 15:29:06
MOD2IBS同步开始
2018-02-08 15:29:06
MOD2IBS同步结束
2018-02-08 15:29:11
班级变更同步学习报告记录到Redis开始
2018-02-08 15:29:11
班级变更同步学习报告记录到Redis结束
2018-02-08 15:29:11
MOD2IBS同步开始
2018-02-08 15:29:11
MOD2IBS同步结束
2018-02-08 15:29:11
同步学订单到总库同步开始
2018-02-08 15:29:11
MOD2IBS同步开始
2018-02-08 15:29:11
MOD2IBS同步结束
2018-02-08 15:29:11
同步学订单到总库同步结束
2018-02-08 15:29:16
同步学订单到总库同步开始
2018-02-08 15:29:16
同步学订单到总库同步结束
2018-02-08 15:29:16
MOD2IBS同步开始
2018-02-08 15:29:16
MOD2IBS同步结束
2018-02-08 15:29:21
MOD2IBS同步开始
2018-02-08 15:29:21
班级变更同步学习报告记录到Redis开始
2018-02-08 15:29:21
MOD2IBS同步结束
2018-02-08 15:29:21
班级变更同步学习报告记录到Redis结束
2018-02-08 15:29:21
同步学订单到总库同步开始
2018-02-08 15:29:21
同步学订单到总库同步结束
2018-02-08 15:29:21
MOD2IBS同步开始
2018-02-08 15:29:21
MOD2IBS同步结束
2018-02-08 15:29:26
MOD2IBS同步开始
2018-02-08 15:29:26
同步学订单到总库同步开始
2018-02-08 15:29:26
MOD2IBS同步结束
2018-02-08 15:29:26
同步学订单到总库同步结束
2018-02-08 15:29:30
第1次用户信息同步完成！一共写入50000条
2018-02-08 15:29:31
MOD2IBS同步开始
2018-02-08 15:29:31
MOD2IBS同步结束
2018-02-08 15:29:31
班级变更同步学习报告记录到Redis开始
2018-02-08 15:29:31
班级变更同步学习报告记录到Redis结束
2018-02-08 15:29:31
MOD2IBS同步开始
2018-02-08 15:29:31
MOD2IBS同步结束
2018-02-08 15:29:31
同步学订单到总库同步开始
2018-02-08 15:29:31
同步学订单到总库同步结束
2018-02-08 15:29:36
同步学订单到总库同步开始
2018-02-08 15:29:36
MOD2IBS同步开始
2018-02-08 15:29:36
同步学订单到总库同步结束
2018-02-08 15:29:36
MOD2IBS同步结束
2018-02-08 15:29:41
班级变更同步学习报告记录到Redis开始
2018-02-08 15:29:41
班级变更同步学习报告记录到Redis结束
2018-02-08 15:29:41
MOD2IBS同步开始
2018-02-08 15:29:41
MOD2IBS同步结束
2018-02-08 15:29:41
MOD2IBS同步开始
2018-02-08 15:29:41
同步学订单到总库同步开始
2018-02-08 15:29:41
MOD2IBS同步结束
2018-02-08 15:29:41
同步学订单到总库同步结束
2018-02-08 15:29:46
同步学订单到总库同步开始
2018-02-08 15:29:46
MOD2IBS同步开始
2018-02-08 15:29:46
同步学订单到总库同步结束
2018-02-08 15:29:46
MOD2IBS同步结束
2018-02-08 15:29:51
刷新课本剧排行榜redis数据开始
2018-02-08 15:29:51
刷新课本剧排行榜redis数据结束
2018-02-08 15:29:51
班级变更同步学习报告记录到Redis开始
2018-02-08 15:29:51
班级变更同步学习报告记录到Redis结束
2018-02-08 15:29:51
MOD2IBS同步开始
2018-02-08 15:29:51
MOD2IBS同步结束
2018-02-08 15:29:51
MOD2IBS同步开始
2018-02-08 15:29:51
同步学订单到总库同步开始
2018-02-08 15:29:51
MOD2IBS同步结束
2018-02-08 15:29:51
同步学订单到总库同步结束
2018-02-08 15:29:56
同步学订单到总库同步开始
2018-02-08 15:29:56
MOD2IBS同步开始
2018-02-08 15:29:56
MOD2IBS同步结束
2018-02-08 15:29:56
同步学订单到总库同步结束
2018-02-08 15:30:01
MOD2IBS同步开始
2018-02-08 15:30:01
MOD2IBS同步结束
2018-02-08 15:30:01
班级变更同步学习报告记录到Redis开始
2018-02-08 15:30:01
班级变更同步学习报告记录到Redis结束
2018-02-08 15:30:01
同步学订单到总库同步开始
2018-02-08 15:30:01
MOD2IBS同步开始
2018-02-08 15:30:01
MOD2IBS同步结束
2018-02-08 15:30:01
同步学订单到总库同步结束
2018-02-08 15:30:06
同步学订单到总库同步开始
2018-02-08 15:30:06
MOD2IBS同步开始
2018-02-08 15:30:06
MOD2IBS同步结束
2018-02-08 15:30:11
MOD2IBS同步开始
2018-02-08 15:30:11
MOD2IBS同步结束
2018-02-08 15:30:11
班级变更同步学习报告记录到Redis开始
2018-02-08 15:30:11
班级变更同步学习报告记录到Redis结束
2018-02-08 15:30:11
MOD2IBS同步开始
2018-02-08 15:30:11
MOD2IBS同步结束
2018-02-08 15:30:11
同步学订单到总库同步开始
2018-02-08 15:30:11
同步学订单到总库同步结束
2018-02-08 15:30:16
同步学订单到总库同步开始
2018-02-08 15:30:16
MOD2IBS同步开始
2018-02-08 15:30:16
MOD2IBS同步结束
2018-02-08 15:30:16
同步学订单到总库同步结束
2018-02-08 15:30:21
MOD2IBS同步开始
2018-02-08 15:30:21
MOD2IBS同步结束
2018-02-08 15:30:21
班级变更同步学习报告记录到Redis开始
2018-02-08 15:30:21
班级变更同步学习报告记录到Redis结束
2018-02-08 15:30:21
MOD2IBS同步开始
2018-02-08 15:30:21
MOD2IBS同步结束
2018-02-08 15:30:21
同步学订单到总库同步开始
2018-02-08 15:30:21
同步学订单到总库同步结束
2018-02-08 15:30:26
MOD2IBS同步开始
2018-02-08 15:30:26
同步学订单到总库同步开始
2018-02-08 15:30:26
MOD2IBS同步结束
2018-02-08 15:30:26
同步学订单到总库同步结束
2018-02-08 15:30:31
班级变更同步学习报告记录到Redis开始
2018-02-08 15:30:31
班级变更同步学习报告记录到Redis结束
2018-02-08 15:30:31
MOD2IBS同步开始
2018-02-08 15:30:31
MOD2IBS同步结束
2018-02-08 15:30:31
MOD2IBS同步开始
2018-02-08 15:30:31
同步学订单到总库同步开始
2018-02-08 15:30:31
MOD2IBS同步结束
2018-02-08 15:30:31
同步学订单到总库同步结束
2018-02-08 15:30:33
第2次用户信息同步完成！一共写入50000条
2018-02-08 15:30:36
同步学订单到总库同步开始
2018-02-08 15:30:36
同步学订单到总库同步结束
2018-02-08 15:30:36
MOD2IBS同步开始
2018-02-08 15:30:36
MOD2IBS同步结束
2018-02-08 15:30:41
班级变更同步学习报告记录到Redis开始
2018-02-08 15:30:41
班级变更同步学习报告记录到Redis结束
2018-02-08 15:30:41
MOD2IBS同步开始
2018-02-08 15:30:41
MOD2IBS同步结束
2018-02-08 15:30:41
同步学订单到总库同步开始
2018-02-08 15:30:41
同步学订单到总库同步结束
2018-02-08 15:30:41
MOD2IBS同步开始
2018-02-08 15:30:41
MOD2IBS同步结束
2018-02-08 15:30:46
同步学订单到总库同步开始
2018-02-08 15:30:46
同步学订单到总库同步结束
2018-02-08 15:30:46
MOD2IBS同步开始
2018-02-08 15:30:46
MOD2IBS同步结束
2018-02-08 15:30:51
刷新课本剧排行榜redis数据开始
2018-02-08 15:30:51
刷新课本剧排行榜redis数据结束
2018-02-08 15:30:51
MOD2IBS同步开始
2018-02-08 15:30:51
班级变更同步学习报告记录到Redis开始
2018-02-08 15:30:51
班级变更同步学习报告记录到Redis结束
2018-02-08 15:30:51
MOD2IBS同步结束
2018-02-08 15:30:51
同步学订单到总库同步开始
2018-02-08 15:30:51
MOD2IBS同步开始
2018-02-08 15:30:51
同步学订单到总库同步结束
2018-02-08 15:30:51
MOD2IBS同步结束
2018-02-08 15:30:56
同步学订单到总库同步开始
2018-02-08 15:30:56
同步学订单到总库同步结束
2018-02-08 15:30:56
MOD2IBS同步开始
2018-02-08 15:30:56
MOD2IBS同步结束
2018-02-08 15:31:01
IBS名称为空修复脚本
2018-02-08 15:31:01
MOD2IBS同步开始
2018-02-08 15:31:01
班级变更同步学习报告记录到Redis开始
2018-02-08 15:31:01
MOD2IBS同步结束
2018-02-08 15:31:01
班级变更同步学习报告记录到Redis结束
2018-02-08 15:31:01
同步学订单到总库同步开始
2018-02-08 15:31:01
同步学订单到总库同步结束
2018-02-08 15:31:01
MOD2IBS同步开始
2018-02-08 15:31:01
MOD2IBS同步结束
2018-02-08 15:31:07
MOD2IBS同步开始
2018-02-08 15:31:07
同步学订单到总库同步开始
2018-02-08 15:31:07
MOD2IBS同步结束
2018-02-08 15:31:07
同步学订单到总库同步结束
2018-02-08 15:31:11
班级变更同步学习报告记录到Redis开始
2018-02-08 15:31:11
班级变更同步学习报告记录到Redis结束
2018-02-08 15:31:11
MOD2IBS同步开始
2018-02-08 15:31:11
MOD2IBS同步结束
2018-02-08 15:31:12
MOD2IBS同步开始
2018-02-08 15:31:12
同步学订单到总库同步开始
2018-02-08 15:31:12
MOD2IBS同步结束
2018-02-08 15:31:12
同步学订单到总库同步结束
2018-02-08 15:31:17
MOD2IBS同步开始
2018-02-08 15:31:17
MOD2IBS同步结束
2018-02-08 15:31:17
同步学订单到总库同步开始
2018-02-08 15:31:17
同步学订单到总库同步结束
2018-02-08 15:31:21
MOD2IBS同步开始
2018-02-08 15:31:21
MOD2IBS同步结束
2018-02-08 15:31:21
班级变更同步学习报告记录到Redis开始
2018-02-08 15:31:21
班级变更同步学习报告记录到Redis结束
2018-02-08 15:31:22
MOD2IBS同步开始
2018-02-08 15:31:22
MOD2IBS同步结束
2018-02-08 15:31:22
同步学订单到总库同步开始
2018-02-08 15:31:22
同步学订单到总库同步结束
2018-02-08 15:31:24
第3次用户信息同步完成！一共写入50000条
2018-02-08 15:31:27
同步学订单到总库同步开始
2018-02-08 15:31:27
MOD2IBS同步结束
2018-02-08 15:31:27
同步学订单到总库同步结束
2018-02-08 15:31:31
班级变更同步学习报告记录到Redis开始
2018-02-08 15:31:31
班级变更同步学习报告记录到Redis结束
2018-02-08 15:31:31
MOD2IBS同步开始
2018-02-08 15:31:31
MOD2IBS同步结束
2018-02-08 15:31:32
MOD2IBS同步开始
2018-02-08 15:31:32
MOD2IBS同步结束
2018-02-08 15:31:32
同步学订单到总库同步开始
2018-02-08 15:31:32
同步学订单到总库同步结束
2018-02-08 15:31:37
MOD2IBS同步开始
2018-02-08 15:31:37
同步学订单到总库同步开始
2018-02-08 15:31:37
MOD2IBS同步结束
2018-02-08 15:31:37
同步学订单到总库同步结束
2018-02-08 15:31:41
班级变更同步学习报告记录到Redis开始
2018-02-08 15:31:41
班级变更同步学习报告记录到Redis结束
2018-02-08 15:31:41
MOD2IBS同步开始
2018-02-08 15:31:41
MOD2IBS同步结束
2018-02-08 15:31:42
MOD2IBS同步开始
2018-02-08 15:31:42
MOD2IBS同步结束
2018-02-08 15:31:42
同步学订单到总库同步开始
2018-02-08 15:31:42
同步学订单到总库同步结束
2018-02-08 15:31:47
同步学订单到总库同步开始
2018-02-08 15:31:47
MOD2IBS同步开始
2018-02-08 15:31:47
MOD2IBS同步结束
2018-02-08 15:31:47
同步学订单到总库同步结束
2018-02-08 15:31:51
刷新课本剧排行榜redis数据开始
2018-02-08 15:31:51
刷新课本剧排行榜redis数据结束
2018-02-08 15:31:51
班级变更同步学习报告记录到Redis开始
2018-02-08 15:31:51
班级变更同步学习报告记录到Redis结束
2018-02-08 15:31:51
MOD2IBS同步结束
2018-02-08 15:31:52
MOD2IBS同步开始
2018-02-08 15:31:52
同步学订单到总库同步开始
2018-02-08 15:31:52
MOD2IBS同步结束
2018-02-08 15:31:52
同步学订单到总库同步结束
2018-02-08 15:31:57
同步学订单到总库同步开始
2018-02-08 15:31:57
同步学订单到总库同步结束
2018-02-08 15:31:57
MOD2IBS同步开始
2018-02-08 15:31:57
MOD2IBS同步结束
2018-02-08 15:32:01
MOD2IBS同步开始
2018-02-08 15:32:01
MOD2IBS同步结束
2018-02-08 15:32:01
班级变更同步学习报告记录到Redis开始
2018-02-08 15:32:01
班级变更同步学习报告记录到Redis结束
2018-02-08 15:32:02
MOD2IBS同步开始
2018-02-08 15:32:02
同步学订单到总库同步开始
2018-02-08 15:32:02
MOD2IBS同步结束
2018-02-08 15:32:02
同步学订单到总库同步结束
2018-02-08 15:32:07
MOD2IBS同步开始
2018-02-08 15:32:07
MOD2IBS同步结束
2018-02-08 15:32:07
同步学订单到总库同步开始
2018-02-08 15:32:07
同步学订单到总库同步结束
2018-02-08 15:32:11
MOD2IBS同步开始
2018-02-08 15:32:11
班级变更同步学习报告记录到Redis开始
2018-02-08 15:32:11
MOD2IBS同步结束
2018-02-08 15:32:11
班级变更同步学习报告记录到Redis结束
2018-02-08 15:32:12
同步学订单到总库同步开始
2018-02-08 15:32:12
同步学订单到总库同步结束
2018-02-08 15:32:12
MOD2IBS同步开始
2018-02-08 15:32:12
MOD2IBS同步结束
2018-02-08 15:32:16
第4次用户信息同步完成！一共写入50000条
2018-02-08 15:32:16
进程即将被IIS回收
2018-02-08 15:32:16
重新访问一个页面，以唤醒服务
2018-02-08 15:32:16
重新访问一个页面,地址：http://localhost:50868/
2018-02-08 15:32:16
重新访问一个页面,httpWebRequest
2018-02-08 15:32:19
重新访问一个页面,httpWebResponse
2018-02-08 15:32:19
重新访问一个页面,得到回写的字节流stream
2018-02-08 15:32:19
重新访问一个页面，唤醒服务成功,地址：http://localhost:50868/
