2018-01-30 16:49:44
定时任务
2018-01-30 16:49:44
同步学订单到总库同步开始
2018-01-30 16:49:44
MOD2IBS同步开始
2018-01-30 16:49:44
班级变更同步学习报告记录到Redis开始
2018-01-30 16:49:44
MOD2IBS同步结束
2018-01-30 16:49:44
班级变更同步学习报告记录到Redis结束
2018-01-30 16:49:44
IBS名称为空修复脚本
2018-01-30 16:50:22
MOD2IBS同步开始
2018-01-30 16:50:22
MOD2IBS同步结束
2018-01-30 16:50:22
班级变更同步学习报告记录到Redis开始
2018-01-30 16:50:22
班级变更同步学习报告记录到Redis结束
2018-01-30 16:50:22
同步学订单到总库同步结束
2018-01-30 16:50:23
同步学订单到总库同步开始
2018-01-30 16:50:23
同步学订单到总库同步结束
2018-01-30 16:50:23
MOD2IBS同步开始
2018-01-30 16:51:48
定时任务
2018-01-30 16:51:49
同步学订单到总库同步开始
2018-01-30 16:51:49
同步学订单到总库同步结束
2018-01-30 16:51:49
班级变更同步学习报告记录到Redis开始
2018-01-30 16:51:49
MOD2IBS同步开始
2018-01-30 16:51:49
MOD2IBS同步结束
2018-01-30 16:51:49
IBS名称为空修复脚本
2018-01-30 16:51:52
班级变更同步学习报告记录到Redis结束
2018-01-30 16:51:53
同步学订单到总库同步开始
2018-01-30 16:51:53
同步学订单到总库同步结束
2018-01-30 16:51:54
MOD2IBS同步开始
2018-01-30 16:51:57
IBS修复条数：667371
2018-01-30 16:52:00
MOD2IBS同步开始
2018-01-30 16:52:05
班级变更同步学习报告记录到Redis开始
2018-01-30 16:52:19
MOD2IBS同步结束
2018-01-30 16:52:20
同步学订单到总库同步开始
2018-01-30 16:52:20
同步学订单到总库同步结束
2018-01-30 16:52:20
同步学订单到总库同步开始
2018-01-30 16:52:20
班级变更同步学习报告记录到Redis开始
2018-01-30 16:52:20
班级变更同步学习报告记录到Redis结束
2018-01-30 16:52:20
MOD2IBS同步开始
2018-01-30 16:52:21
同步学订单到总库同步结束
2018-01-30 16:52:35
MOD2IBS同步结束
2018-01-30 16:52:36
同步学订单到总库同步开始
2018-01-30 16:52:38
MOD2IBS同步开始
2018-01-30 16:52:38
同步学订单到总库同步结束
2018-01-30 16:52:38
班级变更同步学习报告记录到Redis开始
2018-01-30 16:52:39
同步学订单到总库同步开始
2018-01-30 16:53:10
定时任务
2018-01-30 16:53:10
同步学订单到总库同步开始
2018-01-30 16:53:11
MOD2IBS同步开始
2018-01-30 16:53:11
MOD2IBS同步结束
2018-01-30 16:53:11
同步学订单到总库同步结束
2018-01-30 16:53:11
IBS名称为空修复脚本
2018-01-30 16:53:19
同步学订单到总库同步开始
2018-01-30 16:53:19
同步学订单到总库同步结束
2018-01-30 16:53:19
MOD2IBS同步开始
2018-01-30 16:53:21
班级变更同步学习报告记录到Redis开始
2018-01-30 16:53:21
MOD2IBS同步开始
2018-01-30 16:53:21
班级变更同步学习报告记录到Redis结束
2018-01-30 16:53:21
MOD2IBS同步结束
2018-01-30 16:53:22
IBS修复条数：667371
2018-01-30 16:53:25
同步学订单到总库同步开始
2018-01-30 16:53:25
同步学订单到总库同步结束
2018-01-30 16:53:44
同步学订单到总库同步开始
2018-01-30 16:54:04
定时任务
2018-01-30 16:54:05
同步学订单到总库同步开始
2018-01-30 16:54:05
同步学订单到总库同步结束
2018-01-30 16:54:05
班级变更同步学习报告记录到Redis开始
2018-01-30 16:54:05
MOD2IBS同步开始
2018-01-30 16:54:05
班级变更同步学习报告记录到Redis结束
2018-01-30 16:54:05
MOD2IBS同步结束
2018-01-30 16:54:05
IBS名称为空修复脚本
2018-01-30 16:54:10
同步学订单到总库同步开始
2018-01-30 16:54:10
同步学订单到总库同步结束
2018-01-30 16:54:10
MOD2IBS同步开始
2018-01-30 16:54:13
IBS修复条数：667371
2018-01-30 16:54:15
MOD2IBS同步开始
2018-01-30 16:54:15
班级变更同步学习报告记录到Redis开始
2018-01-30 16:54:15
MOD2IBS同步结束
2018-01-30 16:54:15
同步学订单到总库同步开始
2018-01-30 16:54:15
班级变更同步学习报告记录到Redis结束
2018-01-30 16:54:15
同步学订单到总库同步结束
2018-01-30 16:54:29
同步学订单到总库同步开始
2018-01-30 16:55:41
同步学订单到总库同步结束
2018-01-30 16:55:41
班级变更同步学习报告记录到Redis开始
2018-01-30 16:55:43
同步学订单到总库同步开始
2018-01-30 16:55:43
MOD2IBS同步开始
2018-01-30 16:55:43
班级变更同步学习报告记录到Redis结束
2018-01-30 16:55:43
班级变更同步学习报告记录到Redis开始
2018-01-30 16:55:43
班级变更同步学习报告记录到Redis结束
2018-01-30 16:55:43
同步学订单到总库同步结束
2018-01-30 16:55:43
MOD2IBS同步结束
2018-01-30 16:55:43
MOD2IBS同步开始
2018-01-30 16:55:43
刷新课本剧排行榜redis数据开始
2018-01-30 16:55:43
MOD2IBS同步结束
2018-01-30 16:55:43
刷新课本剧排行榜redis数据结束
2018-01-30 16:55:46
同步学订单到总库同步开始
2018-01-30 16:55:46
同步学订单到总库同步结束
2018-01-30 16:55:48
MOD2IBS同步结束
2018-01-30 16:55:48
MOD2IBS同步开始
2018-01-30 16:55:48
MOD2IBS同步结束
2018-01-30 16:55:48
MOD2IBS同步开始
2018-01-30 16:55:48
MOD2IBS同步结束
2018-01-30 16:55:48
MOD2IBS同步开始
2018-01-30 16:55:48
MOD2IBS同步结束
2018-01-30 16:55:48
MOD2IBS同步开始
2018-01-30 16:55:48
MOD2IBS同步结束
2018-01-30 16:55:51
MOD2IBS同步开始
2018-01-30 16:55:51
MOD2IBS同步结束
2018-01-30 16:55:51
同步学订单到总库同步开始
2018-01-30 16:55:51
同步学订单到总库同步结束
2018-01-30 16:55:51
班级变更同步学习报告记录到Redis开始
2018-01-30 16:55:51
班级变更同步学习报告记录到Redis结束
2018-01-30 16:55:51
MOD2IBS同步开始
2018-01-30 16:55:51
MOD2IBS同步结束
2018-01-30 16:55:55
定时任务
2018-01-30 16:55:56
同步学订单到总库同步开始
2018-01-30 16:55:56
MOD2IBS同步开始
2018-01-30 16:55:56
同步学订单到总库同步结束
2018-01-30 16:55:56
班级变更同步学习报告记录到Redis开始
2018-01-30 16:55:56
MOD2IBS同步结束
2018-01-30 16:55:56
班级变更同步学习报告记录到Redis结束
2018-01-30 16:55:56
IBS名称为空修复脚本
2018-01-30 16:56:01
同步学订单到总库同步开始
2018-01-30 16:56:02
同步学订单到总库同步结束
2018-01-30 16:56:02
MOD2IBS同步开始
2018-01-30 16:56:02
MOD2IBS同步结束
2018-01-30 16:56:03
IBS修复条数：667371
2018-01-30 16:56:08
MOD2IBS同步开始
2018-01-30 16:56:08
班级变更同步学习报告记录到Redis开始
2018-01-30 16:56:08
MOD2IBS同步结束
2018-01-30 16:56:08
MOD2IBS同步开始
2018-01-30 16:56:08
MOD2IBS同步结束
2018-01-30 16:56:08
同步学订单到总库同步开始
2018-01-30 16:56:08
班级变更同步学习报告记录到Redis结束
2018-01-30 16:56:08
同步学订单到总库同步结束
2018-01-30 16:56:20
MOD2IBS同步开始
2018-01-30 16:57:06
定时任务
2018-01-30 16:57:06
同步学订单到总库同步开始
2018-01-30 16:57:06
同步学订单到总库同步结束
2018-01-30 16:57:06
MOD2IBS同步开始
2018-01-30 16:57:06
班级变更同步学习报告记录到Redis开始
2018-01-30 16:57:06
MOD2IBS同步结束
2018-01-30 16:57:06
班级变更同步学习报告记录到Redis结束
2018-01-30 16:57:06
IBS名称为空修复脚本
2018-01-30 16:57:10
IBS修复条数：667371
2018-01-30 16:57:12
同步学订单到总库同步开始
2018-01-30 16:57:12
同步学订单到总库同步结束
2018-01-30 16:57:12
MOD2IBS同步开始
2018-01-30 16:57:12
MOD2IBS同步结束
2018-01-30 16:57:30
定时任务
2018-01-30 16:57:30
同步学订单到总库同步开始
2018-01-30 16:57:30
同步学订单到总库同步结束
2018-01-30 16:57:30
班级变更同步学习报告记录到Redis开始
2018-01-30 16:57:30
MOD2IBS同步开始
2018-01-30 16:57:30
班级变更同步学习报告记录到Redis结束
2018-01-30 16:57:30
MOD2IBS同步结束
2018-01-30 16:57:30
IBS名称为空修复脚本
2018-01-30 16:57:35
IBS修复条数：667371
2018-01-30 16:57:36
同步学订单到总库同步开始
2018-01-30 16:57:36
同步学订单到总库同步结束
2018-01-30 16:57:36
MOD2IBS同步开始
2018-01-30 16:57:36
MOD2IBS同步结束
2018-01-30 16:57:45
MOD2IBS同步开始
2018-01-30 16:57:45
MOD2IBS同步开始
2018-01-30 16:57:45
MOD2IBS同步结束
2018-01-30 16:57:45
同步学订单到总库同步开始
2018-01-30 16:57:46
班级变更同步学习报告记录到Redis开始
2018-01-30 16:57:46
MOD2IBS同步结束
2018-01-30 16:57:46
同步学订单到总库同步结束
2018-01-30 16:57:47
MOD2IBS同步开始
2018-01-30 16:57:47
MOD2IBS同步结束
2018-01-30 16:57:47
同步学订单到总库同步开始
2018-01-30 16:57:47
同步学订单到总库同步结束
2018-01-30 16:57:51
MOD2IBS同步开始
2018-01-30 16:57:51
MOD2IBS同步结束
2018-01-30 16:57:52
班级变更同步学习报告记录到Redis开始
2018-01-30 16:57:52
班级变更同步学习报告记录到Redis结束
2018-01-30 16:57:52
同步学订单到总库同步开始
2018-01-30 16:57:52
MOD2IBS同步开始
2018-01-30 16:59:31
定时任务
2018-01-30 16:59:31
同步学订单到总库同步开始
2018-01-30 16:59:31
同步学订单到总库同步结束
2018-01-30 16:59:31
MOD2IBS同步开始
2018-01-30 16:59:31
班级变更同步学习报告记录到Redis开始
2018-01-30 16:59:31
班级变更同步学习报告记录到Redis结束
2018-01-30 16:59:31
MOD2IBS同步结束
2018-01-30 16:59:31
IBS名称为空修复脚本
2018-01-30 16:59:35
IBS修复条数：667371
2018-01-30 16:59:36
同步学订单到总库同步开始
2018-01-30 16:59:36
同步学订单到总库同步结束
2018-01-30 16:59:36
MOD2IBS同步开始
2018-01-30 16:59:36
MOD2IBS同步结束
2018-01-30 16:59:41
MOD2IBS同步开始
2018-01-30 16:59:41
班级变更同步学习报告记录到Redis开始
2018-01-30 16:59:41
班级变更同步学习报告记录到Redis结束
2018-01-30 16:59:41
同步学订单到总库同步开始
2018-01-30 16:59:41
同步学订单到总库同步结束
2018-01-30 16:59:41
MOD2IBS同步结束
2018-01-30 16:59:41
MOD2IBS同步开始
2018-01-30 16:59:41
MOD2IBS同步结束
2018-01-30 16:59:46
同步学订单到总库同步开始
2018-01-30 16:59:46
MOD2IBS同步开始
2018-01-30 16:59:46
同步学订单到总库同步结束
2018-01-30 16:59:46
MOD2IBS同步结束
2018-01-30 16:59:51
MOD2IBS同步开始
2018-01-30 16:59:51
班级变更同步学习报告记录到Redis开始
2018-01-30 16:59:51
同步学订单到总库同步开始
2018-01-30 16:59:51
MOD2IBS同步结束
2018-01-30 16:59:51
同步学订单到总库同步结束
2018-01-30 16:59:51
班级变更同步学习报告记录到Redis结束
2018-01-30 16:59:51
MOD2IBS同步开始
2018-01-30 16:59:51
MOD2IBS同步结束
2018-01-30 16:59:56
MOD2IBS同步开始
2018-01-30 16:59:56
MOD2IBS同步结束
2018-01-30 16:59:56
同步学订单到总库同步开始
2018-01-30 16:59:56
同步学订单到总库同步结束
2018-01-30 17:00:01
班级变更同步学习报告记录到Redis开始
2018-01-30 17:00:01
MOD2IBS同步开始
2018-01-30 17:00:01
同步学订单到总库同步开始
2018-01-30 17:00:01
MOD2IBS同步开始
2018-01-30 17:00:01
MOD2IBS同步结束
2018-01-30 17:00:01
MOD2IBS同步结束
2018-01-30 17:00:06
同步学订单到总库同步开始
2018-01-30 17:00:06
MOD2IBS同步开始
2018-01-30 17:00:06
MOD2IBS同步结束
2018-01-30 17:00:06
同步学订单到总库同步结束
2018-01-30 17:00:11
MOD2IBS同步开始
2018-01-30 17:00:11
班级变更同步学习报告记录到Redis开始
2018-01-30 17:00:11
班级变更同步学习报告记录到Redis结束
2018-01-30 17:00:11
MOD2IBS同步结束
2018-01-30 17:00:11
MOD2IBS同步开始
2018-01-30 17:00:11
同步学订单到总库同步开始
2018-01-30 17:00:11
MOD2IBS同步结束
2018-01-30 17:00:11
同步学订单到总库同步结束
2018-01-30 17:00:16
同步学订单到总库同步开始
2018-01-30 17:00:16
MOD2IBS同步开始
2018-01-30 17:00:16
MOD2IBS同步结束
2018-01-30 17:00:16
同步学订单到总库同步结束
2018-01-30 17:00:21
MOD2IBS同步开始
2018-01-30 17:00:21
班级变更同步学习报告记录到Redis开始
2018-01-30 17:00:21
MOD2IBS同步结束
2018-01-30 17:00:21
班级变更同步学习报告记录到Redis结束
2018-01-30 17:00:21
同步学订单到总库同步开始
2018-01-30 17:00:21
MOD2IBS同步开始
2018-01-30 17:00:21
同步学订单到总库同步结束
2018-01-30 17:00:21
MOD2IBS同步结束
2018-01-30 17:00:27
MOD2IBS同步开始
2018-01-30 17:00:28
同步学订单到总库同步开始
2018-01-30 17:00:28
MOD2IBS同步结束
2018-01-30 17:00:28
同步学订单到总库同步结束
2018-01-30 17:00:39
班级变更同步学习报告记录到Redis开始
2018-01-30 17:00:41
刷新课本剧排行榜redis数据开始
2018-01-30 17:00:41
MOD2IBS同步结束
2018-01-30 17:00:41
刷新课本剧排行榜redis数据结束
2018-01-30 17:00:41
同步学订单到总库同步结束
2018-01-30 17:00:41
同步学订单到总库同步开始
2018-01-30 17:01:04
同步学订单到总库同步结束
2018-01-30 17:01:04
MOD2IBS同步结束
2018-01-30 17:01:04
MOD2IBS同步开始
2018-01-30 17:01:04
MOD2IBS同步结束
2018-01-30 17:01:04
同步学订单到总库同步开始
2018-01-30 17:01:04
班级变更同步学习报告记录到Redis开始
2018-01-30 17:01:04
MOD2IBS同步开始
2018-01-30 17:01:04
同步学订单到总库同步结束
2018-01-30 17:01:04
MOD2IBS同步开始
2018-01-30 17:01:04
同步学订单到总库同步开始
2018-01-30 17:01:04
MOD2IBS同步结束
2018-01-30 17:01:04
MOD2IBS同步开始
2018-01-30 17:01:04
MOD2IBS同步结束
2018-01-30 17:01:04
MOD2IBS同步结束
2018-01-30 17:01:04
同步学订单到总库同步结束
2018-01-30 17:01:04
班级变更同步学习报告记录到Redis开始
2018-01-30 17:01:04
班级变更同步学习报告记录到Redis结束
2018-01-30 17:01:09
同步学订单到总库同步开始
2018-01-30 17:01:09
MOD2IBS同步开始
2018-01-30 17:01:09
同步学订单到总库同步结束
2018-01-30 17:01:09
MOD2IBS同步结束
2018-01-30 17:01:14
班级变更同步学习报告记录到Redis开始
2018-01-30 17:01:14
MOD2IBS同步开始
2018-01-30 17:01:14
同步学订单到总库同步开始
2018-01-30 17:01:14
MOD2IBS同步开始
2018-01-30 17:01:14
MOD2IBS同步结束
2018-01-30 17:01:14
班级变更同步学习报告记录到Redis结束
2018-01-30 17:01:14
同步学订单到总库同步结束
2018-01-30 17:01:14
MOD2IBS同步结束
2018-01-30 17:01:19
同步学订单到总库同步开始
2018-01-30 17:01:19
MOD2IBS同步开始
2018-01-30 17:01:19
同步学订单到总库同步结束
2018-01-30 17:01:19
MOD2IBS同步结束
2018-01-30 17:01:24
MOD2IBS同步开始
2018-01-30 17:01:24
班级变更同步学习报告记录到Redis开始
2018-01-30 17:01:24
班级变更同步学习报告记录到Redis结束
2018-01-30 17:01:24
MOD2IBS同步开始
2018-01-30 17:01:24
MOD2IBS同步结束
2018-01-30 17:01:24
同步学订单到总库同步开始
2018-01-30 17:01:24
同步学订单到总库同步结束
2018-01-30 17:01:29
MOD2IBS同步开始
2018-01-30 17:01:29
同步学订单到总库同步开始
2018-01-30 17:01:29
MOD2IBS同步结束
2018-01-30 17:01:29
同步学订单到总库同步结束
2018-01-30 17:01:33
刷新课本剧排行榜redis数据开始
2018-01-30 17:01:33
刷新课本剧排行榜redis数据结束
2018-01-30 17:01:34
班级变更同步学习报告记录到Redis开始
2018-01-30 17:01:34
MOD2IBS同步开始
2018-01-30 17:01:34
班级变更同步学习报告记录到Redis结束
2018-01-30 17:01:34
MOD2IBS同步开始
2018-01-30 17:01:34
MOD2IBS同步结束
2018-01-30 17:01:34
同步学订单到总库同步开始
2018-01-30 17:01:34
MOD2IBS同步结束
2018-01-30 17:01:34
同步学订单到总库同步结束
2018-01-30 17:01:39
同步学订单到总库同步开始
2018-01-30 17:01:39
MOD2IBS同步开始
2018-01-30 17:01:39
同步学订单到总库同步结束
2018-01-30 17:01:39
MOD2IBS同步结束
2018-01-30 17:01:44
班级变更同步学习报告记录到Redis开始
2018-01-30 17:01:44
MOD2IBS同步开始
2018-01-30 17:01:44
班级变更同步学习报告记录到Redis结束
2018-01-30 17:01:44
MOD2IBS同步结束
2018-01-30 17:01:44
MOD2IBS同步开始
2018-01-30 17:01:44
同步学订单到总库同步开始
2018-01-30 17:01:44
MOD2IBS同步结束
2018-01-30 17:01:44
同步学订单到总库同步结束
2018-01-30 17:01:49
同步学订单到总库同步开始
2018-01-30 17:01:49
MOD2IBS同步开始
2018-01-30 17:01:49
同步学订单到总库同步结束
2018-01-30 17:01:49
MOD2IBS同步结束
2018-01-30 17:01:54
班级变更同步学习报告记录到Redis开始
2018-01-30 17:01:54
MOD2IBS同步开始
2018-01-30 17:01:54
班级变更同步学习报告记录到Redis结束
2018-01-30 17:01:54
MOD2IBS同步结束
2018-01-30 17:01:54
同步学订单到总库同步开始
2018-01-30 17:01:54
MOD2IBS同步开始
2018-01-30 17:01:54
MOD2IBS同步结束
2018-01-30 17:01:54
同步学订单到总库同步结束
2018-01-30 17:01:59
MOD2IBS同步开始
2018-01-30 17:01:59
MOD2IBS同步结束
2018-01-30 17:01:59
同步学订单到总库同步开始
2018-01-30 17:01:59
同步学订单到总库同步结束
2018-01-30 17:02:37
定时任务
2018-01-30 17:02:37
同步学订单到总库同步开始
2018-01-30 17:02:37
同步学订单到总库同步结束
2018-01-30 17:02:37
班级变更同步学习报告记录到Redis开始
2018-01-30 17:02:37
班级变更同步学习报告记录到Redis结束
2018-01-30 17:02:37
MOD2IBS同步开始
2018-01-30 17:02:37
MOD2IBS同步结束
2018-01-30 17:02:37
IBS名称为空修复脚本
2018-01-30 17:02:42
IBS修复条数：667371
2018-01-30 17:02:46
同步学订单到总库同步开始
2018-01-30 17:02:52
班级变更同步学习报告记录到Redis开始
2018-01-30 17:02:52
同步学订单到总库同步开始
2018-01-30 17:02:52
MOD2IBS同步开始
2018-01-30 17:02:52
班级变更同步学习报告记录到Redis结束
2018-01-30 17:02:52
MOD2IBS同步结束
2018-01-30 17:02:52
同步学订单到总库同步结束
2018-01-30 17:02:52
MOD2IBS同步开始
2018-01-30 17:02:52
MOD2IBS同步结束
2018-01-30 17:02:52
MOD2IBS同步开始
2018-01-30 17:02:52
MOD2IBS同步结束
2018-01-30 17:02:57
同步学订单到总库同步开始
2018-01-30 17:02:57
同步学订单到总库同步结束
2018-01-30 17:02:57
MOD2IBS同步开始
2018-01-30 17:02:57
MOD2IBS同步结束
2018-01-30 17:03:00
MOD2IBS同步开始
2018-01-30 17:03:00
MOD2IBS同步结束
2018-01-30 17:03:00
班级变更同步学习报告记录到Redis开始
2018-01-30 17:03:00
班级变更同步学习报告记录到Redis结束
2018-01-30 17:03:02
同步学订单到总库同步开始
2018-01-30 17:03:02
同步学订单到总库同步结束
2018-01-30 17:03:02
MOD2IBS同步开始
2018-01-30 17:03:02
MOD2IBS同步结束
2018-01-30 17:03:07
同步学订单到总库同步开始
2018-01-30 17:03:07
MOD2IBS同步开始
2018-01-30 17:03:07
同步学订单到总库同步结束
2018-01-30 17:03:07
MOD2IBS同步结束
2018-01-30 17:03:10
班级变更同步学习报告记录到Redis开始
2018-01-30 17:03:10
MOD2IBS同步开始
2018-01-30 17:03:10
班级变更同步学习报告记录到Redis结束
2018-01-30 17:03:10
MOD2IBS同步结束
2018-01-30 17:03:12
MOD2IBS同步开始
2018-01-30 17:03:12
同步学订单到总库同步开始
2018-01-30 17:03:12
MOD2IBS同步结束
2018-01-30 17:03:12
同步学订单到总库同步结束
2018-01-30 17:03:17
同步学订单到总库同步开始
2018-01-30 17:03:17
MOD2IBS同步结束
2018-01-30 17:03:17
同步学订单到总库同步结束
2018-01-30 17:03:20
MOD2IBS同步开始
2018-01-30 17:03:20
班级变更同步学习报告记录到Redis开始
2018-01-30 17:03:20
MOD2IBS同步结束
2018-01-30 17:03:20
班级变更同步学习报告记录到Redis结束
2018-01-30 17:03:22
同步学订单到总库同步开始
2018-01-30 17:03:22
MOD2IBS同步开始
2018-01-30 17:03:22
同步学订单到总库同步结束
2018-01-30 17:03:22
MOD2IBS同步结束
2018-01-30 17:03:27
MOD2IBS同步开始
2018-01-30 17:03:27
同步学订单到总库同步开始
2018-01-30 17:03:27
MOD2IBS同步结束
2018-01-30 17:03:27
同步学订单到总库同步结束
2018-01-30 17:03:30
班级变更同步学习报告记录到Redis开始
2018-01-30 17:03:30
MOD2IBS同步开始
2018-01-30 17:03:30
班级变更同步学习报告记录到Redis结束
2018-01-30 17:03:30
MOD2IBS同步结束
2018-01-30 17:03:32
同步学订单到总库同步开始
2018-01-30 17:03:32
MOD2IBS同步开始
2018-01-30 17:03:32
同步学订单到总库同步结束
2018-01-30 17:03:32
MOD2IBS同步结束
2018-01-30 17:03:37
MOD2IBS同步开始
2018-01-30 17:03:37
MOD2IBS同步结束
2018-01-30 17:03:37
同步学订单到总库同步结束
2018-01-30 17:03:37
刷新课本剧排行榜redis数据开始
2018-01-30 17:03:37
刷新课本剧排行榜redis数据结束
2018-01-30 17:03:40
班级变更同步学习报告记录到Redis开始
2018-01-30 17:03:40
MOD2IBS同步开始
2018-01-30 17:03:40
班级变更同步学习报告记录到Redis结束
2018-01-30 17:03:40
MOD2IBS同步结束
2018-01-30 17:03:42
MOD2IBS同步开始
2018-01-30 17:03:42
MOD2IBS同步结束
2018-01-30 17:03:42
同步学订单到总库同步开始
2018-01-30 17:03:42
同步学订单到总库同步结束
2018-01-30 17:03:47
MOD2IBS同步开始
2018-01-30 17:03:47
MOD2IBS同步结束
2018-01-30 17:03:47
同步学订单到总库同步开始
2018-01-30 17:03:47
同步学订单到总库同步结束
2018-01-30 17:03:50
MOD2IBS同步开始
2018-01-30 17:03:50
班级变更同步学习报告记录到Redis开始
2018-01-30 17:03:50
MOD2IBS同步结束
2018-01-30 17:03:50
班级变更同步学习报告记录到Redis结束
2018-01-30 17:03:52
MOD2IBS同步开始
2018-01-30 17:03:52
同步学订单到总库同步开始
2018-01-30 17:03:52
MOD2IBS同步结束
2018-01-30 17:03:52
同步学订单到总库同步结束
2018-01-30 17:03:57
MOD2IBS同步开始
2018-01-30 17:03:57
同步学订单到总库同步开始
2018-01-30 17:03:57
MOD2IBS同步结束
2018-01-30 17:03:57
同步学订单到总库同步结束
2018-01-30 17:04:00
MOD2IBS同步开始
2018-01-30 17:04:00
班级变更同步学习报告记录到Redis开始
2018-01-30 17:04:00
班级变更同步学习报告记录到Redis结束
2018-01-30 17:04:00
MOD2IBS同步结束
2018-01-30 17:04:02
MOD2IBS同步开始
2018-01-30 17:04:02
MOD2IBS同步结束
2018-01-30 17:04:02
同步学订单到总库同步开始
2018-01-30 17:04:02
同步学订单到总库同步结束
2018-01-30 17:04:07
同步学订单到总库同步开始
2018-01-30 17:04:07
同步学订单到总库同步结束
2018-01-30 17:04:07
MOD2IBS同步开始
2018-01-30 17:04:07
MOD2IBS同步结束
2018-01-30 17:04:10
班级变更同步学习报告记录到Redis开始
2018-01-30 17:04:10
MOD2IBS同步开始
2018-01-30 17:04:10
班级变更同步学习报告记录到Redis结束
2018-01-30 17:04:10
MOD2IBS同步结束
2018-01-30 17:04:12
MOD2IBS同步开始
2018-01-30 17:04:12
MOD2IBS同步结束
2018-01-30 17:04:12
同步学订单到总库同步开始
2018-01-30 17:04:12
同步学订单到总库同步结束
2018-01-30 17:04:17
同步学订单到总库同步开始
2018-01-30 17:04:17
MOD2IBS同步开始
2018-01-30 17:04:17
同步学订单到总库同步结束
2018-01-30 17:04:17
MOD2IBS同步结束
2018-01-30 17:04:20
班级变更同步学习报告记录到Redis开始
2018-01-30 17:04:20
班级变更同步学习报告记录到Redis结束
2018-01-30 17:04:20
MOD2IBS同步开始
2018-01-30 17:04:20
MOD2IBS同步结束
2018-01-30 17:04:22
同步学订单到总库同步开始
2018-01-30 17:04:22
MOD2IBS同步开始
2018-01-30 17:04:22
MOD2IBS同步结束
2018-01-30 17:04:22
同步学订单到总库同步结束
2018-01-30 17:04:27
同步学订单到总库同步开始
2018-01-30 17:04:27
MOD2IBS同步开始
2018-01-30 17:04:27
同步学订单到总库同步结束
2018-01-30 17:04:27
MOD2IBS同步结束
2018-01-30 17:04:30
班级变更同步学习报告记录到Redis开始
2018-01-30 17:04:30
MOD2IBS同步开始
2018-01-30 17:04:30
班级变更同步学习报告记录到Redis结束
2018-01-30 17:04:30
MOD2IBS同步结束
2018-01-30 17:04:32
MOD2IBS同步开始
2018-01-30 17:04:32
同步学订单到总库同步开始
2018-01-30 17:04:32
MOD2IBS同步结束
2018-01-30 17:04:32
同步学订单到总库同步结束
2018-01-30 17:04:37
MOD2IBS同步开始
2018-01-30 17:04:37
同步学订单到总库同步开始
2018-01-30 17:04:37
刷新课本剧排行榜redis数据开始
2018-01-30 17:04:37
MOD2IBS同步结束
2018-01-30 17:04:37
刷新课本剧排行榜redis数据结束
2018-01-30 17:04:37
同步学订单到总库同步结束
2018-01-30 17:04:40
MOD2IBS同步开始
2018-01-30 17:04:40
班级变更同步学习报告记录到Redis开始
2018-01-30 17:04:40
MOD2IBS同步结束
2018-01-30 17:04:40
班级变更同步学习报告记录到Redis结束
2018-01-30 17:04:42
同步学订单到总库同步开始
2018-01-30 17:04:42
MOD2IBS同步开始
2018-01-30 17:04:42
MOD2IBS同步结束
2018-01-30 17:04:42
同步学订单到总库同步结束
2018-01-30 17:04:47
MOD2IBS同步开始
2018-01-30 17:04:47
同步学订单到总库同步开始
2018-01-30 17:04:47
MOD2IBS同步结束
2018-01-30 17:04:47
同步学订单到总库同步结束
2018-01-30 17:04:50
MOD2IBS同步开始
2018-01-30 17:04:50
班级变更同步学习报告记录到Redis开始
2018-01-30 17:04:50
MOD2IBS同步结束
2018-01-30 17:04:50
班级变更同步学习报告记录到Redis结束
2018-01-30 17:04:52
同步学订单到总库同步开始
2018-01-30 17:04:52
同步学订单到总库同步结束
2018-01-30 17:04:52
MOD2IBS同步开始
2018-01-30 17:04:52
MOD2IBS同步结束
2018-01-30 17:04:57
MOD2IBS同步开始
2018-01-30 17:04:57
MOD2IBS同步结束
2018-01-30 17:04:57
同步学订单到总库同步结束
2018-01-30 17:05:00
MOD2IBS同步开始
2018-01-30 17:05:00
班级变更同步学习报告记录到Redis开始
2018-01-30 17:05:00
MOD2IBS同步结束
2018-01-30 17:05:00
班级变更同步学习报告记录到Redis结束
2018-01-30 17:05:02
同步学订单到总库同步开始
2018-01-30 17:05:02
MOD2IBS同步开始
2018-01-30 17:05:02
同步学订单到总库同步结束
2018-01-30 17:05:02
MOD2IBS同步结束
2018-01-30 17:05:07
MOD2IBS同步开始
2018-01-30 17:05:07
MOD2IBS同步结束
2018-01-30 17:05:07
同步学订单到总库同步开始
2018-01-30 17:05:07
同步学订单到总库同步结束
2018-01-30 17:05:10
MOD2IBS同步开始
2018-01-30 17:05:10
班级变更同步学习报告记录到Redis开始
2018-01-30 17:05:10
MOD2IBS同步结束
2018-01-30 17:05:10
班级变更同步学习报告记录到Redis结束
2018-01-30 17:05:12
同步学订单到总库同步开始
2018-01-30 17:05:12
MOD2IBS同步开始
2018-01-30 17:05:12
同步学订单到总库同步结束
2018-01-30 17:05:12
MOD2IBS同步结束
2018-01-30 17:05:17
MOD2IBS同步开始
2018-01-30 17:05:17
MOD2IBS同步结束
2018-01-30 17:05:17
同步学订单到总库同步开始
2018-01-30 17:05:17
同步学订单到总库同步结束
2018-01-30 17:05:20
MOD2IBS同步开始
2018-01-30 17:05:20
班级变更同步学习报告记录到Redis开始
2018-01-30 17:05:20
MOD2IBS同步结束
2018-01-30 17:05:20
班级变更同步学习报告记录到Redis结束
2018-01-30 17:05:22
MOD2IBS同步开始
2018-01-30 17:05:22
同步学订单到总库同步开始
2018-01-30 17:05:22
MOD2IBS同步结束
2018-01-30 17:05:22
同步学订单到总库同步结束
2018-01-30 17:05:27
MOD2IBS同步开始
2018-01-30 17:05:27
同步学订单到总库同步开始
2018-01-30 17:05:27
MOD2IBS同步结束
2018-01-30 17:05:27
同步学订单到总库同步结束
2018-01-30 17:05:30
班级变更同步学习报告记录到Redis开始
2018-01-30 17:05:30
MOD2IBS同步开始
2018-01-30 17:05:30
班级变更同步学习报告记录到Redis结束
2018-01-30 17:05:30
MOD2IBS同步结束
2018-01-30 17:05:32
MOD2IBS同步开始
2018-01-30 17:05:32
同步学订单到总库同步开始
2018-01-30 17:05:32
MOD2IBS同步结束
2018-01-30 17:05:32
同步学订单到总库同步结束
2018-01-30 17:05:37
刷新课本剧排行榜redis数据开始
2018-01-30 17:05:37
刷新课本剧排行榜redis数据结束
2018-01-30 17:05:37
同步学订单到总库同步开始
2018-01-30 17:05:37
MOD2IBS同步开始
2018-01-30 17:05:37
MOD2IBS同步结束
2018-01-30 17:05:37
同步学订单到总库同步结束
2018-01-30 17:05:40
班级变更同步学习报告记录到Redis开始
2018-01-30 17:05:40
MOD2IBS同步开始
2018-01-30 17:05:40
班级变更同步学习报告记录到Redis结束
2018-01-30 17:05:40
MOD2IBS同步结束
2018-01-30 17:05:42
同步学订单到总库同步开始
2018-01-30 17:05:42
MOD2IBS同步开始
2018-01-30 17:05:42
MOD2IBS同步结束
2018-01-30 17:05:42
同步学订单到总库同步结束
2018-01-30 17:05:47
MOD2IBS同步开始
2018-01-30 17:05:47
同步学订单到总库同步开始
2018-01-30 17:05:47
MOD2IBS同步结束
2018-01-30 17:05:47
同步学订单到总库同步结束
2018-01-30 17:05:50
班级变更同步学习报告记录到Redis开始
2018-01-30 17:05:50
班级变更同步学习报告记录到Redis结束
2018-01-30 17:05:50
MOD2IBS同步结束
2018-01-30 17:05:52
MOD2IBS同步开始
2018-01-30 17:05:52
同步学订单到总库同步开始
2018-01-30 17:05:52
MOD2IBS同步结束
2018-01-30 17:05:52
同步学订单到总库同步结束
2018-01-30 17:05:57
同步学订单到总库同步开始
2018-01-30 17:05:57
MOD2IBS同步开始
2018-01-30 17:05:57
MOD2IBS同步结束
2018-01-30 17:05:57
同步学订单到总库同步结束
2018-01-30 17:06:00
班级变更同步学习报告记录到Redis开始
2018-01-30 17:06:00
MOD2IBS同步开始
2018-01-30 17:06:00
班级变更同步学习报告记录到Redis结束
2018-01-30 17:06:00
MOD2IBS同步结束
2018-01-30 17:06:02
MOD2IBS同步开始
2018-01-30 17:06:02
同步学订单到总库同步开始
2018-01-30 17:06:02
MOD2IBS同步结束
2018-01-30 17:06:02
同步学订单到总库同步结束
2018-01-30 17:06:07
MOD2IBS同步开始
2018-01-30 17:06:07
同步学订单到总库同步开始
2018-01-30 17:06:08
MOD2IBS同步结束
2018-01-30 17:06:08
同步学订单到总库同步结束
2018-01-30 17:06:10
班级变更同步学习报告记录到Redis开始
2018-01-30 17:06:10
MOD2IBS同步开始
2018-01-30 17:06:10
班级变更同步学习报告记录到Redis结束
2018-01-30 17:06:10
MOD2IBS同步结束
2018-01-30 17:06:12
同步学订单到总库同步开始
2018-01-30 17:06:12
MOD2IBS同步开始
2018-01-30 17:06:13
同步学订单到总库同步结束
2018-01-30 17:06:13
MOD2IBS同步结束
2018-01-30 17:06:17
MOD2IBS同步开始
2018-01-30 17:06:18
同步学订单到总库同步开始
2018-01-30 17:06:18
MOD2IBS同步结束
2018-01-30 17:06:18
同步学订单到总库同步结束
2018-01-30 17:06:20
班级变更同步学习报告记录到Redis开始
2018-01-30 17:06:20
MOD2IBS同步开始
2018-01-30 17:06:20
班级变更同步学习报告记录到Redis结束
2018-01-30 17:06:20
MOD2IBS同步结束
2018-01-30 17:06:22
MOD2IBS同步开始
2018-01-30 17:06:23
同步学订单到总库同步开始
2018-01-30 17:06:23
MOD2IBS同步结束
2018-01-30 17:06:23
同步学订单到总库同步结束
2018-01-30 17:06:28
MOD2IBS同步开始
2018-01-30 17:06:28
MOD2IBS同步结束
2018-01-30 17:06:28
同步学订单到总库同步开始
2018-01-30 17:06:28
同步学订单到总库同步结束
2018-01-30 17:06:30
班级变更同步学习报告记录到Redis开始
2018-01-30 17:06:30
班级变更同步学习报告记录到Redis结束
2018-01-30 17:06:30
MOD2IBS同步结束
2018-01-30 17:06:33
MOD2IBS同步开始
2018-01-30 17:06:33
MOD2IBS同步结束
2018-01-30 17:06:33
同步学订单到总库同步开始
2018-01-30 17:06:33
同步学订单到总库同步结束
2018-01-30 17:08:12
刷新课本剧排行榜redis数据开始
2018-01-30 17:08:12
同步学订单到总库同步开始
2018-01-30 17:08:12
班级变更同步学习报告记录到Redis开始
2018-01-30 17:08:12
刷新课本剧排行榜redis数据结束
2018-01-30 17:08:12
MOD2IBS同步开始
2018-01-30 17:08:12
MOD2IBS同步结束
2018-01-30 17:08:12
同步学订单到总库同步结束
2018-01-30 17:08:12
班级变更同步学习报告记录到Redis结束
2018-01-30 17:08:12
MOD2IBS同步结束
2018-01-30 17:08:17
同步学订单到总库同步开始
2018-01-30 17:08:17
MOD2IBS同步结束
2018-01-30 17:08:17
同步学订单到总库同步结束
2018-01-30 17:08:22
MOD2IBS同步开始
2018-01-30 17:08:22
班级变更同步学习报告记录到Redis开始
2018-01-30 17:08:22
MOD2IBS同步结束
2018-01-30 17:08:22
MOD2IBS同步开始
2018-01-30 17:08:22
MOD2IBS同步结束
2018-01-30 17:08:22
同步学订单到总库同步开始
2018-01-30 17:08:22
班级变更同步学习报告记录到Redis结束
2018-01-30 17:08:27
同步学订单到总库同步开始
2018-01-30 17:08:27
MOD2IBS同步开始
2018-01-30 17:08:27
同步学订单到总库同步结束
2018-01-30 17:08:27
MOD2IBS同步结束
2018-01-30 17:08:32
MOD2IBS同步开始
2018-01-30 17:08:32
班级变更同步学习报告记录到Redis开始
2018-01-30 17:08:32
同步学订单到总库同步开始
2018-01-30 17:08:32
同步学订单到总库同步结束
2018-01-30 17:08:32
MOD2IBS同步结束
2018-01-30 17:08:32
MOD2IBS同步开始
2018-01-30 17:08:32
MOD2IBS同步结束
2018-01-30 17:08:32
班级变更同步学习报告记录到Redis结束
2018-01-30 17:08:37
同步学订单到总库同步开始
2018-01-30 17:08:37
MOD2IBS同步开始
2018-01-30 17:08:37
MOD2IBS同步结束
2018-01-30 17:08:37
同步学订单到总库同步结束
2018-01-30 17:08:42
MOD2IBS同步开始
2018-01-30 17:08:42
班级变更同步学习报告记录到Redis开始
2018-01-30 17:08:42
MOD2IBS同步开始
2018-01-30 17:08:42
班级变更同步学习报告记录到Redis结束
2018-01-30 17:08:42
MOD2IBS同步结束
2018-01-30 17:08:42
同步学订单到总库同步开始
2018-01-30 17:08:42
同步学订单到总库同步结束
2018-01-30 17:08:42
MOD2IBS同步结束
2018-01-30 17:08:47
MOD2IBS同步开始
2018-01-30 17:08:47
MOD2IBS同步结束
2018-01-30 17:08:47
同步学订单到总库同步开始
2018-01-30 17:08:47
同步学订单到总库同步结束
2018-01-30 17:08:52
班级变更同步学习报告记录到Redis开始
2018-01-30 17:08:52
MOD2IBS同步开始
2018-01-30 17:08:52
同步学订单到总库同步开始
2018-01-30 17:08:52
MOD2IBS同步开始
2018-01-30 17:08:52
班级变更同步学习报告记录到Redis结束
2018-01-30 17:08:52
MOD2IBS同步结束
2018-01-30 17:08:52
MOD2IBS同步结束
2018-01-30 17:08:52
同步学订单到总库同步结束
2018-01-30 17:08:57
同步学订单到总库同步开始
2018-01-30 17:08:57
MOD2IBS同步开始
2018-01-30 17:08:57
同步学订单到总库同步结束
2018-01-30 17:08:57
MOD2IBS同步结束
2018-01-30 17:09:02
MOD2IBS同步开始
2018-01-30 17:09:02
班级变更同步学习报告记录到Redis开始
2018-01-30 17:09:02
MOD2IBS同步结束
2018-01-30 17:09:02
同步学订单到总库同步开始
2018-01-30 17:09:02
同步学订单到总库同步结束
2018-01-30 17:09:02
班级变更同步学习报告记录到Redis结束
2018-01-30 17:09:02
MOD2IBS同步开始
2018-01-30 17:09:02
MOD2IBS同步结束
2018-01-30 17:09:07
MOD2IBS同步开始
2018-01-30 17:09:07
同步学订单到总库同步开始
2018-01-30 17:09:07
MOD2IBS同步结束
2018-01-30 17:09:07
同步学订单到总库同步结束
2018-01-30 17:09:12
刷新课本剧排行榜redis数据开始
2018-01-30 17:09:12
刷新课本剧排行榜redis数据结束
2018-01-30 17:09:12
MOD2IBS同步开始
2018-01-30 17:09:12
班级变更同步学习报告记录到Redis开始
2018-01-30 17:09:12
班级变更同步学习报告记录到Redis结束
2018-01-30 17:09:12
MOD2IBS同步结束
2018-01-30 17:09:12
MOD2IBS同步开始
2018-01-30 17:09:12
MOD2IBS同步结束
2018-01-30 17:09:12
同步学订单到总库同步结束
2018-01-30 17:09:17
同步学订单到总库同步开始
2018-01-30 17:09:17
MOD2IBS同步开始
2018-01-30 17:09:17
同步学订单到总库同步结束
2018-01-30 17:09:17
MOD2IBS同步结束
2018-01-30 17:09:22
班级变更同步学习报告记录到Redis开始
2018-01-30 17:09:22
MOD2IBS同步开始
2018-01-30 17:09:22
班级变更同步学习报告记录到Redis结束
2018-01-30 17:09:22
MOD2IBS同步结束
2018-01-30 17:09:22
MOD2IBS同步开始
2018-01-30 17:09:22
同步学订单到总库同步开始
2018-01-30 17:09:22
MOD2IBS同步结束
2018-01-30 17:09:22
同步学订单到总库同步结束
2018-01-30 17:09:27
同步学订单到总库同步开始
2018-01-30 17:09:27
MOD2IBS同步开始
2018-01-30 17:09:27
MOD2IBS同步结束
2018-01-30 17:09:27
同步学订单到总库同步结束
2018-01-30 17:09:32
MOD2IBS同步开始
2018-01-30 17:09:32
班级变更同步学习报告记录到Redis结束
2018-01-30 17:09:32
MOD2IBS同步结束
2018-01-30 17:09:32
MOD2IBS同步开始
2018-01-30 17:09:32
同步学订单到总库同步开始
2018-01-30 17:09:32
MOD2IBS同步结束
2018-01-30 17:09:32
同步学订单到总库同步结束
2018-01-30 17:09:37
同步学订单到总库同步开始
2018-01-30 17:09:37
MOD2IBS同步开始
2018-01-30 17:09:37
MOD2IBS同步结束
2018-01-30 17:09:37
同步学订单到总库同步结束
2018-01-30 17:09:42
班级变更同步学习报告记录到Redis开始
2018-01-30 17:09:42
MOD2IBS同步开始
2018-01-30 17:09:42
班级变更同步学习报告记录到Redis结束
2018-01-30 17:09:42
MOD2IBS同步结束
2018-01-30 17:09:42
同步学订单到总库同步开始
2018-01-30 17:09:42
MOD2IBS同步开始
2018-01-30 17:09:42
MOD2IBS同步结束
2018-01-30 17:09:42
同步学订单到总库同步结束
2018-01-30 17:09:47
同步学订单到总库同步开始
2018-01-30 17:09:47
MOD2IBS同步开始
2018-01-30 17:09:47
MOD2IBS同步结束
2018-01-30 17:09:47
同步学订单到总库同步结束
2018-01-30 17:09:52
班级变更同步学习报告记录到Redis开始
2018-01-30 17:09:52
MOD2IBS同步开始
2018-01-30 17:09:52
班级变更同步学习报告记录到Redis结束
2018-01-30 17:09:52
MOD2IBS同步结束
2018-01-30 17:09:52
同步学订单到总库同步开始
2018-01-30 17:09:52
MOD2IBS同步开始
2018-01-30 17:09:52
MOD2IBS同步结束
2018-01-30 17:09:52
同步学订单到总库同步结束
2018-01-30 17:09:57
MOD2IBS同步开始
2018-01-30 17:09:57
MOD2IBS同步结束
2018-01-30 17:09:57
同步学订单到总库同步开始
2018-01-30 17:09:57
同步学订单到总库同步结束
2018-01-30 17:10:02
班级变更同步学习报告记录到Redis开始
2018-01-30 17:10:02
MOD2IBS同步开始
2018-01-30 17:10:02
班级变更同步学习报告记录到Redis结束
2018-01-30 17:10:02
MOD2IBS同步结束
2018-01-30 17:10:02
同步学订单到总库同步开始
2018-01-30 17:10:02
MOD2IBS同步开始
2018-01-30 17:10:02
同步学订单到总库同步结束
2018-01-30 17:10:02
MOD2IBS同步结束
2018-01-30 17:10:07
MOD2IBS同步开始
2018-01-30 17:10:07
同步学订单到总库同步开始
2018-01-30 17:10:07
MOD2IBS同步结束
2018-01-30 17:10:07
同步学订单到总库同步结束
2018-01-30 17:10:12
刷新课本剧排行榜redis数据开始
2018-01-30 17:10:12
刷新课本剧排行榜redis数据结束
2018-01-30 17:10:12
MOD2IBS同步开始
2018-01-30 17:10:12
班级变更同步学习报告记录到Redis开始
2018-01-30 17:10:12
MOD2IBS同步结束
2018-01-30 17:10:12
班级变更同步学习报告记录到Redis结束
2018-01-30 17:10:12
MOD2IBS同步开始
2018-01-30 17:10:12
MOD2IBS同步结束
2018-01-30 17:10:12
同步学订单到总库同步开始
2018-01-30 17:10:12
同步学订单到总库同步结束
2018-01-30 17:10:17
同步学订单到总库同步开始
2018-01-30 17:10:17
同步学订单到总库同步结束
2018-01-30 17:10:17
MOD2IBS同步开始
2018-01-30 17:10:17
MOD2IBS同步结束
2018-01-30 17:10:22
MOD2IBS同步开始
2018-01-30 17:10:22
班级变更同步学习报告记录到Redis开始
2018-01-30 17:10:22
MOD2IBS同步结束
2018-01-30 17:10:22
班级变更同步学习报告记录到Redis结束
2018-01-30 17:10:22
同步学订单到总库同步开始
2018-01-30 17:10:22
MOD2IBS同步开始
2018-01-30 17:10:22
MOD2IBS同步结束
2018-01-30 17:10:22
同步学订单到总库同步结束
2018-01-30 17:10:27
MOD2IBS同步开始
2018-01-30 17:10:27
同步学订单到总库同步开始
2018-01-30 17:10:27
MOD2IBS同步结束
2018-01-30 17:10:27
同步学订单到总库同步结束
2018-01-30 17:10:32
MOD2IBS同步开始
2018-01-30 17:10:32
班级变更同步学习报告记录到Redis开始
2018-01-30 17:10:32
班级变更同步学习报告记录到Redis结束
2018-01-30 17:10:32
MOD2IBS同步开始
2018-01-30 17:10:32
同步学订单到总库同步开始
2018-01-30 17:10:32
MOD2IBS同步结束
2018-01-30 17:10:32
同步学订单到总库同步结束
2018-01-30 17:10:37
MOD2IBS同步开始
2018-01-30 17:10:37
同步学订单到总库同步开始
2018-01-30 17:10:37
同步学订单到总库同步结束
2018-01-30 17:10:42
班级变更同步学习报告记录到Redis开始
2018-01-30 17:10:42
MOD2IBS同步开始
2018-01-30 17:10:42
班级变更同步学习报告记录到Redis结束
2018-01-30 17:10:42
MOD2IBS同步结束
2018-01-30 17:10:42
MOD2IBS同步开始
2018-01-30 17:10:42
同步学订单到总库同步开始
2018-01-30 17:10:42
MOD2IBS同步结束
2018-01-30 17:10:42
同步学订单到总库同步结束
2018-01-30 17:10:47
同步学订单到总库同步开始
2018-01-30 17:10:47
MOD2IBS同步开始
2018-01-30 17:10:47
同步学订单到总库同步结束
2018-01-30 17:10:47
MOD2IBS同步结束
2018-01-30 17:10:52
班级变更同步学习报告记录到Redis开始
2018-01-30 17:10:52
MOD2IBS同步开始
2018-01-30 17:10:52
MOD2IBS同步结束
2018-01-30 17:10:52
MOD2IBS同步开始
2018-01-30 17:10:52
同步学订单到总库同步开始
2018-01-30 17:10:52
MOD2IBS同步结束
2018-01-30 17:10:52
同步学订单到总库同步结束
2018-01-30 17:10:57
MOD2IBS同步开始
2018-01-30 17:10:57
同步学订单到总库同步开始
2018-01-30 17:10:57
MOD2IBS同步结束
2018-01-30 17:10:57
同步学订单到总库同步结束
2018-01-30 17:11:02
MOD2IBS同步开始
2018-01-30 17:11:02
MOD2IBS同步结束
2018-01-30 17:11:02
班级变更同步学习报告记录到Redis结束
2018-01-30 17:11:02
同步学订单到总库同步开始
2018-01-30 17:11:02
MOD2IBS同步开始
2018-01-30 17:11:02
同步学订单到总库同步结束
2018-01-30 17:11:02
MOD2IBS同步结束
2018-01-30 17:11:07
MOD2IBS同步开始
2018-01-30 17:11:07
同步学订单到总库同步开始
2018-01-30 17:11:07
MOD2IBS同步结束
2018-01-30 17:11:07
同步学订单到总库同步结束
2018-01-30 17:11:12
刷新课本剧排行榜redis数据开始
2018-01-30 17:11:12
刷新课本剧排行榜redis数据结束
2018-01-30 17:11:12
班级变更同步学习报告记录到Redis开始
2018-01-30 17:11:12
MOD2IBS同步开始
2018-01-30 17:11:12
班级变更同步学习报告记录到Redis结束
2018-01-30 17:11:12
MOD2IBS同步结束
2018-01-30 17:11:12
MOD2IBS同步开始
2018-01-30 17:11:12
同步学订单到总库同步开始
2018-01-30 17:11:12
MOD2IBS同步结束
2018-01-30 17:11:12
同步学订单到总库同步结束
2018-01-30 17:11:17
同步学订单到总库同步开始
2018-01-30 17:11:17
MOD2IBS同步开始
2018-01-30 17:11:17
MOD2IBS同步结束
2018-01-30 17:11:17
同步学订单到总库同步结束
2018-01-30 17:11:22
MOD2IBS同步开始
2018-01-30 17:11:22
班级变更同步学习报告记录到Redis开始
2018-01-30 17:11:22
MOD2IBS同步结束
2018-01-30 17:11:22
班级变更同步学习报告记录到Redis结束
2018-01-30 17:11:22
MOD2IBS同步开始
2018-01-30 17:11:22
同步学订单到总库同步开始
2018-01-30 17:11:22
MOD2IBS同步结束
2018-01-30 17:11:22
同步学订单到总库同步结束
2018-01-30 17:11:27
同步学订单到总库同步开始
2018-01-30 17:11:27
MOD2IBS同步开始
2018-01-30 17:11:27
同步学订单到总库同步结束
2018-01-30 17:11:27
MOD2IBS同步结束
2018-01-30 17:11:32
班级变更同步学习报告记录到Redis开始
2018-01-30 17:11:32
MOD2IBS同步开始
2018-01-30 17:11:32
班级变更同步学习报告记录到Redis结束
2018-01-30 17:11:32
MOD2IBS同步结束
2018-01-30 17:11:32
MOD2IBS同步开始
2018-01-30 17:11:32
MOD2IBS同步结束
2018-01-30 17:11:32
同步学订单到总库同步开始
2018-01-30 17:11:32
同步学订单到总库同步结束
2018-01-30 17:11:37
同步学订单到总库同步开始
2018-01-30 17:11:37
MOD2IBS同步开始
2018-01-30 17:11:37
同步学订单到总库同步结束
2018-01-30 17:11:37
MOD2IBS同步结束
2018-01-30 17:11:42
班级变更同步学习报告记录到Redis开始
2018-01-30 17:11:42
MOD2IBS同步开始
2018-01-30 17:11:42
班级变更同步学习报告记录到Redis结束
2018-01-30 17:11:42
MOD2IBS同步结束
2018-01-30 17:11:42
同步学订单到总库同步开始
2018-01-30 17:11:42
MOD2IBS同步开始
2018-01-30 17:11:42
同步学订单到总库同步结束
2018-01-30 17:11:42
MOD2IBS同步结束
2018-01-30 17:11:47
同步学订单到总库同步开始
2018-01-30 17:11:47
MOD2IBS同步开始
2018-01-30 17:11:47
MOD2IBS同步结束
2018-01-30 17:11:47
同步学订单到总库同步结束
2018-01-30 17:11:52
班级变更同步学习报告记录到Redis开始
2018-01-30 17:11:52
MOD2IBS同步开始
2018-01-30 17:11:52
班级变更同步学习报告记录到Redis结束
2018-01-30 17:11:52
MOD2IBS同步结束
2018-01-30 17:11:52
MOD2IBS同步开始
2018-01-30 17:11:52
MOD2IBS同步结束
2018-01-30 17:11:52
同步学订单到总库同步开始
2018-01-30 17:11:52
同步学订单到总库同步结束
2018-01-30 17:11:57
同步学订单到总库同步开始
2018-01-30 17:11:57
MOD2IBS同步开始
2018-01-30 17:11:57
同步学订单到总库同步结束
2018-01-30 17:11:57
MOD2IBS同步结束
2018-01-30 17:12:02
MOD2IBS同步开始
2018-01-30 17:12:02
班级变更同步学习报告记录到Redis开始
2018-01-30 17:12:02
MOD2IBS同步结束
2018-01-30 17:12:02
班级变更同步学习报告记录到Redis结束
2018-01-30 17:12:02
MOD2IBS同步开始
2018-01-30 17:12:02
同步学订单到总库同步开始
2018-01-30 17:12:02
MOD2IBS同步结束
2018-01-30 17:12:02
同步学订单到总库同步结束
2018-01-30 17:12:07
同步学订单到总库同步开始
2018-01-30 17:12:07
MOD2IBS同步开始
2018-01-30 17:12:07
同步学订单到总库同步结束
2018-01-30 17:12:07
MOD2IBS同步结束
2018-01-30 17:12:12
刷新课本剧排行榜redis数据开始
2018-01-30 17:12:12
刷新课本剧排行榜redis数据结束
2018-01-30 17:12:12
班级变更同步学习报告记录到Redis开始
2018-01-30 17:12:12
MOD2IBS同步开始
2018-01-30 17:12:12
班级变更同步学习报告记录到Redis结束
2018-01-30 17:12:12
MOD2IBS同步结束
2018-01-30 17:12:12
同步学订单到总库同步开始
2018-01-30 17:12:12
同步学订单到总库同步结束
2018-01-30 17:12:12
MOD2IBS同步开始
2018-01-30 17:12:12
MOD2IBS同步结束
2018-01-30 17:12:17
同步学订单到总库同步开始
2018-01-30 17:12:17
MOD2IBS同步开始
2018-01-30 17:12:17
MOD2IBS同步结束
2018-01-30 17:12:17
同步学订单到总库同步结束
2018-01-30 17:12:22
MOD2IBS同步开始
2018-01-30 17:12:22
班级变更同步学习报告记录到Redis开始
2018-01-30 17:12:22
MOD2IBS同步结束
2018-01-30 17:12:22
班级变更同步学习报告记录到Redis结束
2018-01-30 17:12:22
MOD2IBS同步开始
2018-01-30 17:12:22
MOD2IBS同步结束
2018-01-30 17:12:22
同步学订单到总库同步开始
2018-01-30 17:12:22
同步学订单到总库同步结束
2018-01-30 17:12:27
MOD2IBS同步开始
2018-01-30 17:12:27
同步学订单到总库同步开始
2018-01-30 17:12:27
MOD2IBS同步结束
2018-01-30 17:12:27
同步学订单到总库同步结束
2018-01-30 17:12:32
班级变更同步学习报告记录到Redis开始
2018-01-30 17:12:32
MOD2IBS同步开始
2018-01-30 17:12:32
班级变更同步学习报告记录到Redis结束
2018-01-30 17:12:32
MOD2IBS同步结束
2018-01-30 17:12:32
MOD2IBS同步开始
2018-01-30 17:12:32
同步学订单到总库同步开始
2018-01-30 17:12:32
MOD2IBS同步结束
2018-01-30 17:12:32
同步学订单到总库同步结束
2018-01-30 17:12:37
MOD2IBS同步开始
2018-01-30 17:12:37
同步学订单到总库同步开始
2018-01-30 17:12:37
MOD2IBS同步结束
2018-01-30 17:12:37
刷新学生所在学校排行榜redis数据开始
2018-01-30 17:12:37
同步学订单到总库同步结束
2018-01-30 17:12:37
刷新学生所在学校排行榜redis数据结束
2018-01-30 17:12:37
SyncDubbingData趣配音报名同步开始
2018-01-30 17:12:37
SyncDubbingData趣配音同步数据成功2018/1/30 17:12:37
2018-01-30 17:12:37
SyncDubbingData趣配音报名同步结束
2018-01-30 17:12:37
趣配音报名补全用户信息SyncUserInfoRedisFromUMS开始
2018-01-30 17:12:38
SyncUserInfoRedisFromUMS趣配音同步数据到DB失败，UserID=643161712
2018-01-30 17:12:38
SyncUserInfoRedisFromUMS趣配音同步数据到DB失败，UserID=2020362
2018-01-30 17:12:38
SyncUserInfoRedisFromUMS趣配音同步数据到DB失败，UserID=1023785507
2018-01-30 17:12:38
SyncUserInfoRedisFromUMS趣配音同步数据到DB失败，UserID=1471785823
2018-01-30 17:12:38
SyncUserInfoRedisFromUMS趣配音同步数据到DB失败，UserID=583486039
2018-01-30 17:12:38
SyncUserInfoRedisFromUMS趣配音同步数据到DB失败，UserID=1761191045
2018-01-30 17:12:38
SyncUserInfoRedisFromUMS趣配音同步数据到DB失败，UserID=1161327879
2018-01-30 17:12:38
SyncUserInfoRedisFromUMS趣配音同步数据到DB失败，UserID=1508471166
2018-01-30 17:12:38
SyncUserInfoRedisFromUMS趣配音同步数据到DB失败，UserID=2127913890
2018-01-30 17:12:38
SyncUserInfoRedisFromUMS趣配音同步数据到DB失败，UserID=130193864
2018-01-30 17:12:38
SyncUserInfoRedisFromUMS趣配音同步数据到DB失败，UserID=394436975
2018-01-30 17:12:38
SyncUserInfoRedisFromUMS趣配音同步数据到DB失败，UserID=453235659
2018-01-30 17:12:38
SyncUserInfoRedisFromUMS趣配音同步数据到DB失败，UserID=1615013344
2018-01-30 17:12:38
SyncUserInfoRedisFromUMS趣配音同步数据到DB失败，UserID=1972577544
2018-01-30 17:12:38
SyncUserInfoRedisFromUMS趣配音同步数据到DB失败，UserID=464252526
2018-01-30 17:12:38
SyncUserInfoRedisFromUMS趣配音同步数据到DB失败，UserID=1449772155
2018-01-30 17:12:38
SyncUserInfoRedisFromUMS趣配音同步数据到DB失败，UserID=518105786
2018-01-30 17:12:38
SyncUserInfoRedisFromUMS趣配音同步数据到DB失败，UserID=1170245540
2018-01-30 17:12:38
SyncUserInfoRedisFromUMS趣配音同步数据到DB失败，UserID=261402443
2018-01-30 17:12:38
SyncUserInfoRedisFromUMS趣配音同步数据到DB失败，UserID=334775540
2018-01-30 17:12:38
SyncUserInfoRedisFromUMS趣配音同步数据到DB失败，UserID=1023861191
2018-01-30 17:12:38
SyncUserInfoRedisFromUMS趣配音同步数据到DB失败，UserID=1828071630
2018-01-30 17:12:38
SyncUserInfoRedisFromUMS趣配音同步数据到DB失败，UserID=1393382940
2018-01-30 17:12:38
SyncUserInfoRedisFromUMS趣配音同步数据到DB失败，UserID=2035287994
2018-01-30 17:12:38
SyncUserInfoRedisFromUMS趣配音同步数据到DB失败，UserID=2072025401
2018-01-30 17:12:39
SyncUserInfoRedisFromUMS趣配音同步数据到DB失败，UserID=702075519
2018-01-30 17:12:39
SyncUserInfoRedisFromUMS趣配音同步数据到DB失败，UserID=1191560577
2018-01-30 17:12:39
SyncUserInfoRedisFromUMS趣配音同步数据到DB失败，UserID=615331543
2018-01-30 17:12:39
SyncUserInfoRedisFromUMS趣配音同步数据到DB失败，UserID=1937999423
2018-01-30 17:12:39
SyncUserInfoRedisFromUMS趣配音同步数据到DB失败，UserID=1410212462
2018-01-30 17:12:39
SyncUserInfoRedisFromUMS趣配音同步数据到DB失败，UserID=1687997517
2018-01-30 17:12:39
SyncUserInfoRedisFromUMS趣配音同步数据到DB失败，UserID=719051427
2018-01-30 17:12:39
SyncUserInfoRedisFromUMS趣配音同步数据到DB失败，UserID=175344574
2018-01-30 17:12:39
SyncUserInfoRedisFromUMS趣配音同步数据到DB失败，UserID=870123060
2018-01-30 17:12:39
SyncUserInfoRedisFromUMS趣配音同步数据到DB失败，UserID=23030516
2018-01-30 17:12:39
SyncUserInfoRedisFromUMS趣配音同步数据到DB失败，UserID=1331486456
2018-01-30 17:12:39
SyncUserInfoRedisFromUMS趣配音同步数据到DB失败，UserID=1992893336
2018-01-30 17:12:39
SyncUserInfoRedisFromUMS趣配音同步数据到DB失败，UserID=1898699634
2018-01-30 17:12:39
SyncUserInfoRedisFromUMS趣配音同步数据到DB失败，UserID=2061350966
2018-01-30 17:12:39
SyncUserInfoRedisFromUMS趣配音同步数据到DB失败，UserID=12125114
2018-01-30 17:12:39
SyncUserInfoRedisFromUMS趣配音同步数据到DB失败，UserID=301459341
2018-01-30 17:12:39
SyncUserInfoRedisFromUMS趣配音同步数据到DB失败，UserID=2097411764
2018-01-30 17:12:39
SyncUserInfoRedisFromUMS趣配音同步数据到DB失败，UserID=1957207159
2018-01-30 17:12:39
SyncUserInfoRedisFromUMS趣配音同步数据到DB失败，UserID=255486032
2018-01-30 17:12:39
SyncUserInfoRedisFromUMS趣配音同步数据到DB失败，UserID=1518792416
2018-01-30 17:12:40
SyncUserInfoRedisFromUMS趣配音同步数据到DB失败，UserID=725647227
2018-01-30 17:12:40
SyncUserInfoRedisFromUMS趣配音同步数据到DB失败，UserID=2095388075
2018-01-30 17:12:40
SyncUserInfoRedisFromUMS趣配音同步数据到DB失败，UserID=673331394
2018-01-30 17:12:40
SyncUserInfoRedisFromUMS趣配音同步数据到DB失败，UserID=844513630
2018-01-30 17:12:40
SyncUserInfoRedisFromUMS趣配音同步数据到DB失败，UserID=72261103
2018-01-30 17:12:40
SyncUserInfoRedisFromUMS趣配音同步数据到DB失败，UserID=1658796510
2018-01-30 17:12:40
SyncUserInfoRedisFromUMS趣配音同步数据到DB失败，UserID=1844349912
2018-01-30 17:12:40
SyncUserInfoRedisFromUMS趣配音同步数据到DB失败，UserID=1755259500
2018-01-30 17:12:40
SyncUserInfoRedisFromUMS趣配音同步数据到DB失败，UserID=805636847
2018-01-30 17:12:40
SyncUserInfoRedisFromUMS趣配音同步数据到DB失败，UserID=1828166059
2018-01-30 17:12:40
SyncUserInfoRedisFromUMS趣配音同步数据到DB失败，UserID=1864589351
2018-01-30 17:12:40
SyncUserInfoRedisFromUMS趣配音同步数据到DB失败，UserID=1325682983
2018-01-30 17:12:40
SyncUserInfoRedisFromUMS趣配音同步数据到DB失败，UserID=53819708
2018-01-30 17:12:40
SyncUserInfoRedisFromUMS趣配音同步数据到DB失败，UserID=514002208
2018-01-30 17:12:40
SyncUserInfoRedisFromUMS趣配音同步数据到DB失败，UserID=463472852
2018-01-30 17:12:40
SyncUserInfoRedisFromUMS趣配音同步数据到DB失败，UserID=435757491
2018-01-30 17:12:40
SyncUserInfoRedisFromUMS趣配音同步数据到DB失败，UserID=7284269
2018-01-30 17:12:40
SyncUserInfoRedisFromUMS趣配音同步数据到DB失败，UserID=812493913
2018-01-30 17:12:40
SyncUserInfoRedisFromUMS趣配音同步数据到DB失败，UserID=616910559
2018-01-30 17:12:40
SyncUserInfoRedisFromUMS趣配音同步数据到DB失败，UserID=314591395
2018-01-30 17:12:40
SyncUserInfoRedisFromUMS趣配音同步数据到DB失败，UserID=1276438982
2018-01-30 17:12:40
SyncUserInfoRedisFromUMS趣配音同步数据到DB失败，UserID=623192331
2018-01-30 17:12:40
SyncUserInfoRedisFromUMS趣配音同步数据到DB失败，UserID=219820885
2018-01-30 17:12:41
SyncUserInfoRedisFromUMS趣配音同步数据到DB失败，UserID=2051394222
2018-01-30 17:12:41
SyncUserInfoRedisFromUMS趣配音同步数据到DB失败，UserID=1939223466
2018-01-30 17:12:41
SyncUserInfoRedisFromUMS趣配音同步数据到DB失败，UserID=603248937
2018-01-30 17:12:41
SyncUserInfoRedisFromUMS趣配音同步数据到DB失败，UserID=6098628
2018-01-30 17:12:41
SyncUserInfoRedisFromUMS趣配音同步数据到DB失败，UserID=213097076
2018-01-30 17:12:41
SyncUserInfoRedisFromUMS趣配音同步数据到DB失败，UserID=562399934
2018-01-30 17:12:41
SyncUserInfoRedisFromUMS趣配音同步数据到DB失败，UserID=583053625
2018-01-30 17:12:41
SyncUserInfoRedisFromUMS趣配音同步数据到DB失败，UserID=1229174050
2018-01-30 17:12:41
SyncUserInfoRedisFromUMS趣配音同步数据到DB失败，UserID=634075211
2018-01-30 17:12:41
SyncUserInfoRedisFromUMS趣配音同步数据到DB失败，UserID=1549155634
2018-01-30 17:12:41
SyncUserInfoRedisFromUMS趣配音同步数据到DB失败，UserID=1200895981
2018-01-30 17:12:41
SyncUserInfoRedisFromUMS趣配音同步数据到DB失败，UserID=282843049
2018-01-30 17:12:41
SyncUserInfoRedisFromUMS趣配音同步数据到DB失败，UserID=1620251944
2018-01-30 17:12:41
SyncUserInfoRedisFromUMS趣配音同步数据到DB失败，UserID=196172781
2018-01-30 17:12:41
SyncUserInfoRedisFromUMS趣配音同步数据到DB失败，UserID=1017870483
2018-01-30 17:12:41
SyncUserInfoRedisFromUMS趣配音同步数据到DB失败，UserID=577346850
2018-01-30 17:12:41
SyncUserInfoRedisFromUMS趣配音同步数据到DB失败，UserID=722108794
2018-01-30 17:12:41
SyncUserInfoRedisFromUMS趣配音同步数据到DB失败，UserID=1804308291
2018-01-30 17:12:41
SyncUserInfoRedisFromUMS趣配音同步数据到DB失败，UserID=660364916
2018-01-30 17:12:41
SyncUserInfoRedisFromUMS趣配音同步数据到DB失败，UserID=377945580
2018-01-30 17:12:41
SyncUserInfoRedisFromUMS趣配音同步数据到DB失败，UserID=873742320
2018-01-30 17:12:41
SyncUserInfoRedisFromUMS趣配音同步数据到DB失败，UserID=127768032
2018-01-30 17:12:41
SyncUserInfoRedisFromUMS趣配音同步数据到DB失败，UserID=1159396753
2018-01-30 17:12:41
SyncUserInfoRedisFromUMS趣配音同步数据到DB失败，UserID=1514573042
2018-01-30 17:12:41
SyncUserInfoRedisFromUMS趣配音同步数据到DB失败，UserID=262263764
2018-01-30 17:12:41
SyncUserInfoRedisFromUMS趣配音同步数据到DB失败，UserID=2024633320
2018-01-30 17:12:41
SyncUserInfoRedisFromUMS趣配音同步数据到DB失败，UserID=1109213128
2018-01-30 17:12:41
SyncUserInfoRedisFromUMS趣配音同步数据到DB失败，UserID=964644597
2018-01-30 17:12:42
SyncUserInfoRedisFromUMS趣配音同步数据到DB失败，UserID=2078424031
2018-01-30 17:12:42
SyncUserInfoRedisFromUMS趣配音同步数据到DB失败，UserID=257240439
2018-01-30 17:12:42
SyncUserInfoRedisFromUMS趣配音同步数据到DB失败，UserID=875669994
2018-01-30 17:12:42
SyncUserInfoRedisFromUMS趣配音同步数据到DB失败，UserID=793087644
2018-01-30 17:12:42
趣配音报名补全用户信息SyncUserInfoRedisFromUMS结束
2018-01-30 17:12:42
班级变更同步学习报告记录到Redis开始
2018-01-30 17:12:42
MOD2IBS同步开始
2018-01-30 17:12:42
班级变更同步学习报告记录到Redis结束
2018-01-30 17:12:42
MOD2IBS同步结束
2018-01-30 17:12:42
MOD2IBS同步开始
2018-01-30 17:12:42
同步学订单到总库同步开始
2018-01-30 17:12:42
MOD2IBS同步结束
2018-01-30 17:12:42
同步学订单到总库同步结束
2018-01-30 17:12:47
MOD2IBS同步开始
2018-01-30 17:12:47
MOD2IBS同步结束
2018-01-30 17:12:47
同步学订单到总库同步开始
2018-01-30 17:12:47
同步学订单到总库同步结束
2018-01-30 17:12:52
MOD2IBS同步开始
2018-01-30 17:12:52
班级变更同步学习报告记录到Redis开始
2018-01-30 17:12:52
MOD2IBS同步结束
2018-01-30 17:12:52
班级变更同步学习报告记录到Redis结束
2018-01-30 17:12:52
MOD2IBS同步开始
2018-01-30 17:12:52
同步学订单到总库同步开始
2018-01-30 17:12:52
MOD2IBS同步结束
2018-01-30 17:12:52
同步学订单到总库同步结束
2018-01-30 17:12:57
同步学订单到总库同步开始
2018-01-30 17:12:57
MOD2IBS同步开始
2018-01-30 17:12:57
同步学订单到总库同步结束
2018-01-30 17:12:57
MOD2IBS同步结束
2018-01-30 17:13:02
班级变更同步学习报告记录到Redis开始
2018-01-30 17:13:02
MOD2IBS同步开始
2018-01-30 17:13:02
班级变更同步学习报告记录到Redis结束
2018-01-30 17:13:02
MOD2IBS同步结束
2018-01-30 17:13:02
MOD2IBS同步开始
2018-01-30 17:13:02
同步学订单到总库同步开始
2018-01-30 17:13:02
MOD2IBS同步结束
2018-01-30 17:13:02
同步学订单到总库同步结束
2018-01-30 17:13:07
同步学订单到总库同步开始
2018-01-30 17:13:07
同步学订单到总库同步结束
2018-01-30 17:13:07
MOD2IBS同步开始
2018-01-30 17:13:07
MOD2IBS同步结束
2018-01-30 17:13:12
刷新课本剧排行榜redis数据开始
2018-01-30 17:13:12
刷新课本剧排行榜redis数据结束
2018-01-30 17:13:12
班级变更同步学习报告记录到Redis开始
2018-01-30 17:13:12
MOD2IBS同步开始
2018-01-30 17:13:12
班级变更同步学习报告记录到Redis结束
2018-01-30 17:13:12
MOD2IBS同步结束
2018-01-30 17:13:12
同步学订单到总库同步开始
2018-01-30 17:13:12
MOD2IBS同步开始
2018-01-30 17:13:12
同步学订单到总库同步结束
2018-01-30 17:13:12
MOD2IBS同步结束
2018-01-30 17:13:17
MOD2IBS同步开始
2018-01-30 17:13:17
同步学订单到总库同步开始
2018-01-30 17:13:17
MOD2IBS同步结束
2018-01-30 17:13:17
同步学订单到总库同步结束
2018-01-30 17:13:22
MOD2IBS同步开始
2018-01-30 17:13:22
班级变更同步学习报告记录到Redis开始
2018-01-30 17:13:22
MOD2IBS同步结束
2018-01-30 17:13:22
班级变更同步学习报告记录到Redis结束
2018-01-30 17:13:22
同步学订单到总库同步开始
2018-01-30 17:13:22
MOD2IBS同步开始
2018-01-30 17:13:22
同步学订单到总库同步结束
2018-01-30 17:13:22
MOD2IBS同步结束
2018-01-30 17:13:27
MOD2IBS同步开始
2018-01-30 17:13:27
同步学订单到总库同步开始
2018-01-30 17:13:27
MOD2IBS同步结束
2018-01-30 17:13:27
同步学订单到总库同步结束
2018-01-30 17:13:32
班级变更同步学习报告记录到Redis开始
2018-01-30 17:13:32
MOD2IBS同步开始
2018-01-30 17:13:32
班级变更同步学习报告记录到Redis结束
2018-01-30 17:13:32
MOD2IBS同步结束
2018-01-30 17:13:32
MOD2IBS同步开始
2018-01-30 17:13:32
同步学订单到总库同步开始
2018-01-30 17:13:32
同步学订单到总库同步结束
2018-01-30 17:13:32
MOD2IBS同步结束
2018-01-30 17:25:04
定时任务
2018-01-30 17:25:05
同步学订单到总库同步开始
2018-01-30 17:25:05
同步学订单到总库同步结束
2018-01-30 17:25:05
班级变更同步学习报告记录到Redis开始
2018-01-30 17:25:05
MOD2IBS同步开始
2018-01-30 17:25:05
班级变更同步学习报告记录到Redis结束
2018-01-30 17:25:05
MOD2IBS同步结束
2018-01-30 17:25:05
IBS名称为空修复脚本
2018-01-30 17:25:10
同步学订单到总库同步开始
2018-01-30 17:25:10
同步学订单到总库同步结束
2018-01-30 17:25:10
MOD2IBS同步开始
2018-01-30 17:25:10
MOD2IBS同步结束
2018-01-30 17:26:04
MOD2IBS同步结束
2018-01-30 17:26:04
MOD2IBS同步结束
2018-01-30 17:26:04
MOD2IBS同步开始
2018-01-30 17:26:04
同步学订单到总库同步结束
2018-01-30 17:26:06
班级变更同步学习报告记录到Redis开始
2018-01-30 17:26:06
MOD2IBS同步结束
2018-01-30 17:26:06
同步学订单到总库同步开始
2018-01-30 17:26:06
同步学订单到总库同步结束
2018-01-30 17:26:06
MOD2IBS同步结束
2018-01-30 17:26:09
刷新课本剧排行榜redis数据开始
2018-01-30 17:26:09
MOD2IBS同步开始
2018-01-30 17:26:09
刷新课本剧排行榜redis数据结束
2018-01-30 17:26:09
同步学订单到总库同步开始
2018-01-30 17:26:09
同步学订单到总库同步结束
2018-01-30 17:26:09
MOD2IBS同步结束
2018-01-30 17:26:09
班级变更同步学习报告记录到Redis结束
2018-01-30 17:26:36
班级变更同步学习报告记录到Redis开始
2018-01-30 17:26:36
班级变更同步学习报告记录到Redis结束
2018-01-30 17:26:36
同步学订单到总库同步开始
2018-01-30 17:26:36
MOD2IBS同步开始
2018-01-30 17:28:27
定时任务
2018-01-30 17:28:27
同步学订单到总库同步开始
2018-01-30 17:28:27
同步学订单到总库同步结束
2018-01-30 17:28:27
MOD2IBS同步开始
2018-01-30 17:28:27
MOD2IBS同步结束
2018-01-30 17:28:27
班级变更同步学习报告记录到Redis开始
2018-01-30 17:28:27
班级变更同步学习报告记录到Redis结束
2018-01-30 17:28:27
IBS名称为空修复脚本
2018-01-30 17:28:33
同步学订单到总库同步开始
2018-01-30 17:28:33
同步学订单到总库同步结束
2018-01-30 17:29:23
定时任务
2018-01-30 17:29:23
同步学订单到总库同步开始
2018-01-30 17:29:23
同步学订单到总库同步结束
2018-01-30 17:29:24
班级变更同步学习报告记录到Redis开始
2018-01-30 17:29:24
MOD2IBS同步开始
2018-01-30 17:29:24
班级变更同步学习报告记录到Redis结束
2018-01-30 17:29:24
MOD2IBS同步结束
2018-01-30 17:29:24
IBS名称为空修复脚本
2018-01-30 17:29:32
同步学订单到总库同步开始
2018-01-30 17:29:32
同步学订单到总库同步结束
2018-01-30 17:29:32
MOD2IBS同步开始
2018-01-30 17:29:32
MOD2IBS同步结束
2018-01-30 17:29:38
班级变更同步学习报告记录到Redis开始
2018-01-30 17:29:38
班级变更同步学习报告记录到Redis结束
2018-01-30 17:29:38
同步学订单到总库同步开始
2018-01-30 17:29:38
同步学订单到总库同步结束
2018-01-30 17:29:38
MOD2IBS同步开始
2018-01-30 17:29:38
MOD2IBS同步结束
2018-01-30 17:29:38
MOD2IBS同步开始
2018-01-30 17:29:38
MOD2IBS同步结束
2018-01-30 17:30:38
定时任务
2018-01-30 17:30:39
同步学订单到总库同步开始
2018-01-30 17:30:39
同步学订单到总库同步结束
2018-01-30 17:30:39
MOD2IBS同步开始
2018-01-30 17:30:39
MOD2IBS同步结束
2018-01-30 17:30:39
班级变更同步学习报告记录到Redis开始
2018-01-30 17:30:39
班级变更同步学习报告记录到Redis结束
2018-01-30 17:30:39
IBS名称为空修复脚本
2018-01-30 17:30:44
同步学订单到总库同步开始
2018-01-30 17:30:44
MOD2IBS同步开始
2018-01-30 17:30:44
同步学订单到总库同步结束
2018-01-30 17:30:44
MOD2IBS同步结束
2018-01-30 17:30:49
MOD2IBS同步开始
2018-01-30 17:30:49
班级变更同步学习报告记录到Redis开始
2018-01-30 17:30:49
MOD2IBS同步结束
2018-01-30 17:30:49
MOD2IBS同步开始
2018-01-30 17:30:49
班级变更同步学习报告记录到Redis结束
2018-01-30 17:30:49
MOD2IBS同步结束
2018-01-30 17:30:49
同步学订单到总库同步开始
2018-01-30 17:30:49
同步学订单到总库同步结束
2018-01-30 17:30:54
MOD2IBS同步开始
2018-01-30 17:30:54
同步学订单到总库同步开始
2018-01-30 17:30:54
MOD2IBS同步结束
2018-01-30 17:30:54
同步学订单到总库同步结束
2018-01-30 17:30:59
班级变更同步学习报告记录到Redis开始
2018-01-30 17:30:59
MOD2IBS同步开始
2018-01-30 17:30:59
MOD2IBS同步结束
2018-01-30 17:30:59
班级变更同步学习报告记录到Redis结束
2018-01-30 17:30:59
同步学订单到总库同步开始
2018-01-30 17:30:59
同步学订单到总库同步结束
2018-01-30 17:30:59
MOD2IBS同步开始
2018-01-30 17:30:59
MOD2IBS同步结束
2018-01-30 17:31:04
MOD2IBS同步开始
2018-01-30 17:31:04
同步学订单到总库同步开始
2018-01-30 17:31:04
MOD2IBS同步结束
2018-01-30 17:31:04
同步学订单到总库同步结束
2018-01-30 17:31:09
班级变更同步学习报告记录到Redis开始
2018-01-30 17:31:09
MOD2IBS同步开始
2018-01-30 17:31:09
班级变更同步学习报告记录到Redis结束
2018-01-30 17:31:09
同步学订单到总库同步开始
2018-01-30 17:31:09
同步学订单到总库同步结束
2018-01-30 17:31:09
MOD2IBS同步结束
2018-01-30 17:31:09
MOD2IBS同步开始
2018-01-30 17:31:09
MOD2IBS同步结束
2018-01-30 17:31:14
同步学订单到总库同步开始
2018-01-30 17:31:14
MOD2IBS同步开始
2018-01-30 17:31:14
MOD2IBS同步结束
2018-01-30 17:31:14
同步学订单到总库同步结束
2018-01-30 17:31:19
班级变更同步学习报告记录到Redis开始
2018-01-30 17:31:19
MOD2IBS同步开始
2018-01-30 17:31:19
班级变更同步学习报告记录到Redis结束
2018-01-30 17:31:19
同步学订单到总库同步开始
2018-01-30 17:31:19
同步学订单到总库同步结束
2018-01-30 17:31:19
MOD2IBS同步开始
2018-01-30 17:31:19
MOD2IBS同步结束
2018-01-30 17:31:19
MOD2IBS同步结束
2018-01-30 17:31:26
同步学订单到总库同步开始
2018-01-30 17:31:26
同步学订单到总库同步结束
2018-01-30 17:31:26
MOD2IBS同步开始
2018-01-30 17:31:26
MOD2IBS同步结束
2018-01-30 17:31:35
MOD2IBS同步开始
2018-01-30 17:31:35
MOD2IBS同步结束
2018-01-30 17:31:35
MOD2IBS同步结束
2018-01-30 17:31:35
班级变更同步学习报告记录到Redis结束
2018-01-30 17:31:35
同步学订单到总库同步结束
2018-01-30 17:31:38
MOD2IBS同步开始
2018-01-30 17:31:38
MOD2IBS同步结束
2018-01-30 17:31:38
同步学订单到总库同步开始
2018-01-30 17:31:38
同步学订单到总库同步结束
2018-01-30 17:31:39
刷新课本剧排行榜redis数据开始
2018-01-30 17:31:39
刷新课本剧排行榜redis数据结束
2018-01-30 17:31:43
MOD2IBS同步开始
2018-01-30 17:31:43
MOD2IBS同步结束
2018-01-30 17:31:43
同步学订单到总库同步开始
2018-01-30 17:31:43
同步学订单到总库同步结束
2018-01-30 17:31:43
班级变更同步学习报告记录到Redis开始
2018-01-30 17:31:43
班级变更同步学习报告记录到Redis结束
2018-01-30 17:31:43
MOD2IBS同步开始
2018-01-30 17:31:43
MOD2IBS同步结束
2018-01-30 17:31:48
MOD2IBS同步开始
2018-01-30 17:31:48
同步学订单到总库同步开始
2018-01-30 17:31:48
MOD2IBS同步结束
2018-01-30 17:31:48
同步学订单到总库同步结束
2018-01-30 17:32:47
MOD2IBS同步开始
2018-01-30 17:32:47
MOD2IBS同步开始
2018-01-30 17:32:47
MOD2IBS同步结束
2018-01-30 17:32:47
MOD2IBS同步结束
2018-01-30 17:32:47
刷新课本剧排行榜redis数据开始
2018-01-30 17:32:47
MOD2IBS同步开始
2018-01-30 17:32:47
同步学订单到总库同步开始
2018-01-30 17:32:47
MOD2IBS同步结束
2018-01-30 17:32:47
同步学订单到总库同步结束
2018-01-30 17:32:47
同步学订单到总库同步开始
2018-01-30 17:32:47
班级变更同步学习报告记录到Redis结束
2018-01-30 17:32:47
同步学订单到总库同步结束
2018-01-30 17:32:48
MOD2IBS同步开始
2018-01-30 17:32:48
班级变更同步学习报告记录到Redis开始
2018-01-30 17:32:48
MOD2IBS同步结束
2018-01-30 17:32:48
班级变更同步学习报告记录到Redis结束
2018-01-30 17:32:52
MOD2IBS同步开始
2018-01-30 17:32:52
MOD2IBS同步结束
2018-01-30 17:32:52
同步学订单到总库同步开始
2018-01-30 17:32:52
同步学订单到总库同步结束
2018-01-30 17:32:57
同步学订单到总库同步开始
2018-01-30 17:32:57
MOD2IBS同步开始
2018-01-30 17:32:57
MOD2IBS同步结束
2018-01-30 17:32:57
同步学订单到总库同步结束
2018-01-30 17:32:58
班级变更同步学习报告记录到Redis开始
2018-01-30 17:32:58
MOD2IBS同步开始
2018-01-30 17:32:58
班级变更同步学习报告记录到Redis结束
2018-01-30 17:32:58
MOD2IBS同步结束
2018-01-30 17:33:02
MOD2IBS同步开始
2018-01-30 17:33:02
MOD2IBS同步结束
2018-01-30 17:33:02
同步学订单到总库同步开始
2018-01-30 17:33:02
同步学订单到总库同步结束
2018-01-30 17:33:07
同步学订单到总库同步开始
2018-01-30 17:33:07
MOD2IBS同步开始
2018-01-30 17:33:07
MOD2IBS同步结束
2018-01-30 17:33:07
同步学订单到总库同步结束
2018-01-30 17:33:08
MOD2IBS同步开始
2018-01-30 17:33:08
班级变更同步学习报告记录到Redis开始
2018-01-30 17:33:08
MOD2IBS同步结束
2018-01-30 17:33:08
班级变更同步学习报告记录到Redis结束
2018-01-30 17:33:12
同步学订单到总库同步开始
2018-01-30 17:33:12
MOD2IBS同步开始
2018-01-30 17:33:12
MOD2IBS同步结束
2018-01-30 17:33:12
同步学订单到总库同步结束
2018-01-30 17:33:17
同步学订单到总库同步开始
2018-01-30 17:33:17
同步学订单到总库同步结束
2018-01-30 17:33:17
MOD2IBS同步开始
2018-01-30 17:33:17
MOD2IBS同步结束
2018-01-30 17:33:18
MOD2IBS同步开始
2018-01-30 17:33:18
班级变更同步学习报告记录到Redis开始
2018-01-30 17:33:18
MOD2IBS同步结束
2018-01-30 17:33:18
班级变更同步学习报告记录到Redis结束
2018-01-30 17:33:22
MOD2IBS同步开始
2018-01-30 17:33:22
同步学订单到总库同步开始
2018-01-30 17:33:22
MOD2IBS同步结束
2018-01-30 17:33:22
同步学订单到总库同步结束
2018-01-30 17:33:27
MOD2IBS同步开始
2018-01-30 17:33:27
MOD2IBS同步结束
2018-01-30 17:33:27
同步学订单到总库同步开始
2018-01-30 17:33:27
同步学订单到总库同步结束
2018-01-30 17:33:28
MOD2IBS同步开始
2018-01-30 17:33:28
班级变更同步学习报告记录到Redis开始
2018-01-30 17:33:28
MOD2IBS同步结束
2018-01-30 17:33:28
班级变更同步学习报告记录到Redis结束
2018-01-30 17:33:32
同步学订单到总库同步开始
2018-01-30 17:33:32
MOD2IBS同步开始
2018-01-30 17:33:32
同步学订单到总库同步结束
2018-01-30 17:33:32
MOD2IBS同步结束
2018-01-30 17:33:37
MOD2IBS同步开始
2018-01-30 17:33:37
同步学订单到总库同步开始
2018-01-30 17:33:37
MOD2IBS同步结束
2018-01-30 17:33:37
同步学订单到总库同步结束
2018-01-30 17:33:38
MOD2IBS同步开始
2018-01-30 17:33:38
班级变更同步学习报告记录到Redis开始
2018-01-30 17:33:38
MOD2IBS同步结束
2018-01-30 17:33:38
班级变更同步学习报告记录到Redis结束
2018-01-30 17:33:40
刷新课本剧排行榜redis数据开始
2018-01-30 17:33:40
刷新课本剧排行榜redis数据结束
2018-01-30 17:33:42
MOD2IBS同步开始
2018-01-30 17:33:42
MOD2IBS同步结束
2018-01-30 17:33:42
同步学订单到总库同步开始
2018-01-30 17:33:42
同步学订单到总库同步结束
2018-01-30 17:33:47
MOD2IBS同步开始
2018-01-30 17:33:47
同步学订单到总库同步开始
2018-01-30 17:33:47
MOD2IBS同步结束
2018-01-30 17:33:47
同步学订单到总库同步结束
2018-01-30 17:33:48
班级变更同步学习报告记录到Redis开始
2018-01-30 17:33:48
MOD2IBS同步开始
2018-01-30 17:33:48
班级变更同步学习报告记录到Redis结束
2018-01-30 17:33:48
MOD2IBS同步结束
2018-01-30 17:33:52
同步学订单到总库同步开始
2018-01-30 17:33:52
MOD2IBS同步开始
2018-01-30 17:33:52
MOD2IBS同步结束
2018-01-30 17:33:52
同步学订单到总库同步结束
2018-01-30 17:33:57
同步学订单到总库同步开始
2018-01-30 17:33:57
MOD2IBS同步开始
2018-01-30 17:33:57
MOD2IBS同步结束
2018-01-30 17:33:57
同步学订单到总库同步结束
2018-01-30 17:33:58
班级变更同步学习报告记录到Redis开始
2018-01-30 17:33:58
MOD2IBS同步开始
2018-01-30 17:33:58
班级变更同步学习报告记录到Redis结束
2018-01-30 17:33:58
MOD2IBS同步结束
2018-01-30 17:34:02
同步学订单到总库同步开始
2018-01-30 17:34:02
MOD2IBS同步开始
2018-01-30 17:34:02
MOD2IBS同步结束
2018-01-30 17:34:02
同步学订单到总库同步结束
2018-01-30 17:34:07
IBS名称为空修复脚本
2018-01-30 17:34:07
MOD2IBS同步开始
2018-01-30 17:34:07
同步学订单到总库同步开始
2018-01-30 17:34:07
MOD2IBS同步结束
2018-01-30 17:34:07
同步学订单到总库同步结束
2018-01-30 17:34:08
MOD2IBS同步开始
2018-01-30 17:34:08
MOD2IBS同步结束
2018-01-30 17:34:08
班级变更同步学习报告记录到Redis开始
2018-01-30 17:34:08
班级变更同步学习报告记录到Redis结束
2018-01-30 17:34:12
MOD2IBS同步开始
2018-01-30 17:34:12
MOD2IBS同步结束
2018-01-30 17:34:12
同步学订单到总库同步开始
2018-01-30 17:34:12
同步学订单到总库同步结束
2018-01-30 17:34:17
同步学订单到总库同步开始
2018-01-30 17:34:17
MOD2IBS同步开始
2018-01-30 17:34:17
MOD2IBS同步结束
2018-01-30 17:34:17
同步学订单到总库同步结束
2018-01-30 17:34:18
班级变更同步学习报告记录到Redis开始
2018-01-30 17:34:18
MOD2IBS同步开始
2018-01-30 17:34:18
班级变更同步学习报告记录到Redis结束
2018-01-30 17:34:18
MOD2IBS同步结束
2018-01-30 17:34:22
MOD2IBS同步开始
2018-01-30 17:34:22
MOD2IBS同步结束
2018-01-30 17:34:22
同步学订单到总库同步开始
2018-01-30 17:34:22
同步学订单到总库同步结束
2018-01-30 17:34:27
同步学订单到总库同步开始
2018-01-30 17:34:27
MOD2IBS同步开始
2018-01-30 17:34:27
同步学订单到总库同步结束
2018-01-30 17:34:27
MOD2IBS同步结束
2018-01-30 17:34:28
MOD2IBS同步开始
2018-01-30 17:34:28
班级变更同步学习报告记录到Redis开始
2018-01-30 17:34:28
MOD2IBS同步结束
2018-01-30 17:34:28
班级变更同步学习报告记录到Redis结束
2018-01-30 17:34:32
MOD2IBS同步开始
2018-01-30 17:34:32
MOD2IBS同步结束
2018-01-30 17:34:32
同步学订单到总库同步开始
2018-01-30 17:34:32
同步学订单到总库同步结束
2018-01-30 17:34:37
同步学订单到总库同步开始
2018-01-30 17:34:37
MOD2IBS同步开始
2018-01-30 17:34:37
MOD2IBS同步结束
2018-01-30 17:34:37
同步学订单到总库同步结束
2018-01-30 17:34:38
班级变更同步学习报告记录到Redis开始
2018-01-30 17:34:38
MOD2IBS同步开始
2018-01-30 17:34:38
班级变更同步学习报告记录到Redis结束
2018-01-30 17:34:38
MOD2IBS同步结束
2018-01-30 17:34:40
刷新课本剧排行榜redis数据开始
2018-01-30 17:34:40
刷新课本剧排行榜redis数据结束
2018-01-30 17:34:42
MOD2IBS同步开始
2018-01-30 17:34:42
MOD2IBS同步结束
2018-01-30 17:34:42
同步学订单到总库同步开始
2018-01-30 17:34:42
同步学订单到总库同步结束
2018-01-30 17:34:47
MOD2IBS同步开始
2018-01-30 17:34:47
MOD2IBS同步结束
2018-01-30 17:34:47
同步学订单到总库同步开始
2018-01-30 17:34:47
同步学订单到总库同步结束
2018-01-30 17:34:48
班级变更同步学习报告记录到Redis开始
2018-01-30 17:34:48
MOD2IBS同步开始
2018-01-30 17:34:49
班级变更同步学习报告记录到Redis结束
2018-01-30 17:34:49
MOD2IBS同步结束
2018-01-30 17:34:52
同步学订单到总库同步开始
2018-01-30 17:34:52
MOD2IBS同步开始
2018-01-30 17:34:52
MOD2IBS同步结束
2018-01-30 17:34:52
同步学订单到总库同步结束
2018-01-30 17:34:57
MOD2IBS同步开始
2018-01-30 17:34:57
MOD2IBS同步结束
2018-01-30 17:34:57
同步学订单到总库同步开始
2018-01-30 17:34:57
同步学订单到总库同步结束
2018-01-30 17:34:58
班级变更同步学习报告记录到Redis开始
2018-01-30 17:34:58
MOD2IBS同步开始
2018-01-30 17:34:59
班级变更同步学习报告记录到Redis结束
2018-01-30 17:34:59
MOD2IBS同步结束
2018-01-30 17:35:02
MOD2IBS同步开始
2018-01-30 17:35:02
MOD2IBS同步结束
2018-01-30 17:35:02
同步学订单到总库同步开始
2018-01-30 17:35:02
同步学订单到总库同步结束
2018-01-30 17:35:07
同步学订单到总库同步开始
2018-01-30 17:35:07
MOD2IBS同步开始
2018-01-30 17:35:07
同步学订单到总库同步结束
2018-01-30 17:35:07
MOD2IBS同步结束
2018-01-30 17:35:08
MOD2IBS同步开始
2018-01-30 17:35:09
班级变更同步学习报告记录到Redis开始
2018-01-30 17:35:09
MOD2IBS同步结束
2018-01-30 17:35:09
班级变更同步学习报告记录到Redis结束
2018-01-30 17:35:12
MOD2IBS同步开始
2018-01-30 17:35:12
MOD2IBS同步结束
2018-01-30 17:35:12
同步学订单到总库同步开始
2018-01-30 17:35:12
同步学订单到总库同步结束
2018-01-30 17:35:17
同步学订单到总库同步开始
2018-01-30 17:35:17
MOD2IBS同步开始
2018-01-30 17:35:17
MOD2IBS同步结束
2018-01-30 17:35:17
同步学订单到总库同步结束
2018-01-30 17:35:18
班级变更同步学习报告记录到Redis开始
2018-01-30 17:35:19
MOD2IBS同步开始
2018-01-30 17:35:19
班级变更同步学习报告记录到Redis结束
2018-01-30 17:35:19
MOD2IBS同步结束
2018-01-30 17:35:22
MOD2IBS同步开始
2018-01-30 17:35:22
MOD2IBS同步结束
2018-01-30 17:35:22
同步学订单到总库同步开始
2018-01-30 17:35:22
同步学订单到总库同步结束
2018-01-30 17:35:27
MOD2IBS同步开始
2018-01-30 17:35:27
MOD2IBS同步结束
2018-01-30 17:35:27
同步学订单到总库同步开始
2018-01-30 17:35:27
同步学订单到总库同步结束
2018-01-30 17:35:29
班级变更同步学习报告记录到Redis开始
2018-01-30 17:35:29
MOD2IBS同步开始
2018-01-30 17:35:29
班级变更同步学习报告记录到Redis结束
2018-01-30 17:35:29
MOD2IBS同步结束
2018-01-30 17:35:32
同步学订单到总库同步开始
2018-01-30 17:35:32
MOD2IBS同步开始
2018-01-30 17:35:32
同步学订单到总库同步结束
2018-01-30 17:35:32
MOD2IBS同步结束
2018-01-30 17:35:37
MOD2IBS同步开始
2018-01-30 17:35:37
MOD2IBS同步结束
2018-01-30 17:35:37
同步学订单到总库同步开始
2018-01-30 17:35:37
同步学订单到总库同步结束
2018-01-30 17:35:39
班级变更同步学习报告记录到Redis开始
2018-01-30 17:35:39
MOD2IBS同步开始
2018-01-30 17:35:39
班级变更同步学习报告记录到Redis结束
2018-01-30 17:35:39
MOD2IBS同步结束
2018-01-30 17:35:40
刷新课本剧排行榜redis数据开始
2018-01-30 17:35:40
刷新课本剧排行榜redis数据结束
2018-01-30 17:35:42
MOD2IBS同步开始
2018-01-30 17:35:42
MOD2IBS同步结束
2018-01-30 17:35:42
同步学订单到总库同步开始
2018-01-30 17:35:42
同步学订单到总库同步结束
2018-01-30 17:35:47
同步学订单到总库同步开始
2018-01-30 17:35:47
MOD2IBS同步开始
2018-01-30 17:35:47
MOD2IBS同步结束
2018-01-30 17:35:47
同步学订单到总库同步结束
2018-01-30 17:35:49
MOD2IBS同步开始
2018-01-30 17:35:49
班级变更同步学习报告记录到Redis开始
2018-01-30 17:35:49
MOD2IBS同步结束
2018-01-30 17:35:49
班级变更同步学习报告记录到Redis结束
2018-01-30 17:35:52
MOD2IBS同步开始
2018-01-30 17:35:52
同步学订单到总库同步开始
2018-01-30 17:35:52
MOD2IBS同步结束
2018-01-30 17:35:52
同步学订单到总库同步结束
2018-01-30 17:35:57
MOD2IBS同步开始
2018-01-30 17:35:57
MOD2IBS同步结束
2018-01-30 17:35:57
同步学订单到总库同步开始
2018-01-30 17:35:57
同步学订单到总库同步结束
2018-01-30 17:35:59
MOD2IBS同步开始
2018-01-30 17:35:59
班级变更同步学习报告记录到Redis开始
2018-01-30 17:35:59
MOD2IBS同步结束
2018-01-30 17:35:59
班级变更同步学习报告记录到Redis结束
