2018-01-24 10:17:34
定时任务
2018-01-24 10:17:37
MOD2IBS同步开始
2018-01-24 10:17:38
班级变更同步学习报告记录到Redis开始
2018-01-24 10:17:38
班级变更同步学习报告记录到Redis结束
2018-01-24 10:17:41
MOD2IBS同步结束
2018-01-24 10:17:42
同步学订单到总库同步开始
2018-01-24 10:17:42
同步学订单到总库同步结束
2018-01-24 10:17:42
MOD2IBS同步开始
2018-01-24 10:17:42
MOD2IBS同步结束
2018-01-24 10:17:47
MOD2IBS同步开始
2018-01-24 10:17:47
MOD2IBS同步开始
2018-01-24 10:17:47
同步学订单到总库同步结束
2018-01-24 10:17:47
班级变更同步学习报告记录到Redis结束
2018-01-24 10:17:52
同步学订单到总库同步开始
2018-01-24 10:17:52
MOD2IBS同步开始
2018-01-24 10:17:52
同步学订单到总库同步结束
2018-01-24 10:17:52
MOD2IBS同步结束
2018-01-24 10:17:57
MOD2IBS同步开始
2018-01-24 10:17:57
MOD2IBS同步结束
2018-01-24 10:17:57
班级变更同步学习报告记录到Redis结束
2018-01-24 10:18:02
同步学订单到总库同步结束
2018-01-24 10:18:07
班级变更同步学习报告记录到Redis结束
2018-01-24 10:18:07
同步学订单到总库同步结束
2018-01-24 10:18:12
同步学订单到总库同步开始
2018-01-24 10:18:12
MOD2IBS同步开始
2018-01-24 10:18:12
MOD2IBS同步结束
2018-01-24 10:18:17
MOD2IBS同步开始
2018-01-24 10:18:17
同步学订单到总库同步结束
2018-01-24 10:18:22
MOD2IBS同步开始
2018-01-24 10:18:22
同步学订单到总库同步开始
2018-01-24 10:18:22
同步学订单到总库同步结束
2018-01-24 10:18:27
MOD2IBS同步结束
2018-01-24 10:18:32
同步学订单到总库同步开始
2018-01-24 10:18:32
MOD2IBS同步结束
2018-01-24 10:18:37
刷新课本剧排行榜redis数据开始
2018-01-24 10:18:37
刷新课本剧排行榜redis数据结束
2018-01-24 10:18:37
班级变更同步学习报告记录到Redis开始
2018-01-24 10:18:37
同步学订单到总库同步开始
2018-01-24 10:18:37
同步学订单到总库同步结束
2018-01-24 10:18:42
同步学订单到总库同步开始
2018-01-24 10:18:42
MOD2IBS同步结束
2018-01-24 10:18:47
MOD2IBS同步开始
2018-01-24 10:18:47
同步学订单到总库同步结束
2018-01-24 10:18:52
同步学订单到总库同步结束
2018-01-24 10:18:57
MOD2IBS同步开始
2018-01-24 10:18:57
班级变更同步学习报告记录到Redis结束
2018-01-24 10:18:57
MOD2IBS同步结束
2018-01-24 10:18:57
同步学订单到总库同步结束
2018-01-24 10:19:02
同步学订单到总库同步结束
2018-01-24 10:19:07
班级变更同步学习报告记录到Redis结束
2018-01-24 10:19:07
MOD2IBS同步开始
2018-01-24 10:19:07
同步学订单到总库同步结束
2018-01-24 10:19:12
MOD2IBS同步结束
2018-01-24 10:19:12
同步学订单到总库同步结束
2018-01-24 10:19:17
MOD2IBS同步结束
2018-01-24 10:19:17
MOD2IBS同步开始
2018-01-24 10:19:17
同步学订单到总库同步开始
2018-01-24 10:19:17
MOD2IBS同步结束
2018-01-24 10:19:17
同步学订单到总库同步结束
2018-01-24 10:19:22
同步学订单到总库同步结束
2018-01-24 10:19:22
MOD2IBS同步结束
2018-01-24 10:19:27
班级变更同步学习报告记录到Redis开始
2018-01-24 10:19:27
班级变更同步学习报告记录到Redis结束
2018-01-24 10:19:27
MOD2IBS同步开始
2018-01-24 10:19:27
同步学订单到总库同步结束
2018-01-24 10:19:32
同步学订单到总库同步结束
2018-01-24 10:19:37
刷新课本剧排行榜redis数据开始
2018-01-24 10:19:37
刷新课本剧排行榜redis数据结束
2018-01-24 10:19:37
同步学订单到总库同步结束
2018-01-24 10:19:42
同步学订单到总库同步结束
2018-01-24 10:19:47
MOD2IBS同步结束
2018-01-24 10:19:47
MOD2IBS同步结束
2018-01-24 10:19:52
MOD2IBS同步开始
2018-01-24 10:19:52
同步学订单到总库同步开始
2018-01-24 10:19:52
MOD2IBS同步结束
2018-01-24 10:19:52
同步学订单到总库同步结束
2018-01-24 10:19:57
MOD2IBS同步开始
2018-01-24 10:19:57
班级变更同步学习报告记录到Redis结束
2018-01-24 10:19:57
MOD2IBS同步结束
2018-01-24 10:19:57
同步学订单到总库同步开始
2018-01-24 10:19:57
MOD2IBS同步结束
2018-01-24 10:20:02
同步学订单到总库同步结束
2018-01-24 10:20:07
MOD2IBS同步开始
2018-01-24 10:20:07
班级变更同步学习报告记录到Redis开始
2018-01-24 10:20:07
MOD2IBS同步结束
2018-01-24 10:20:07
班级变更同步学习报告记录到Redis结束
2018-01-24 10:20:07
同步学订单到总库同步开始
2018-01-24 10:20:07
MOD2IBS同步结束
2018-01-24 10:20:12
同步学订单到总库同步开始
2018-01-24 10:20:12
MOD2IBS同步结束
2018-01-24 10:20:17
班级变更同步学习报告记录到Redis结束
2018-01-24 10:20:17
MOD2IBS同步开始
2018-01-24 10:20:17
同步学订单到总库同步结束
2018-01-24 10:20:22
同步学订单到总库同步开始
2018-01-24 10:20:22
同步学订单到总库同步结束
2018-01-24 10:20:27
班级变更同步学习报告记录到Redis结束
2018-01-24 10:20:27
MOD2IBS同步结束
2018-01-24 10:20:32
同步学订单到总库同步结束
2018-01-24 10:20:37
刷新课本剧排行榜redis数据开始
2018-01-24 10:20:37
刷新课本剧排行榜redis数据结束
2018-01-24 10:20:37
MOD2IBS同步结束
2018-01-24 10:20:37
同步学订单到总库同步结束
2018-01-24 10:20:42
MOD2IBS同步结束
2018-01-24 10:20:42
同步学订单到总库同步结束
2018-01-24 10:20:47
MOD2IBS同步结束
2018-01-24 10:20:47
同步学订单到总库同步结束
2018-01-24 10:20:52
同步学订单到总库同步结束
2018-01-24 10:20:57
MOD2IBS同步结束
2018-01-24 10:20:57
MOD2IBS同步开始
2018-01-24 10:20:57
同步学订单到总库同步开始
2018-01-24 10:20:57
同步学订单到总库同步结束
2018-01-24 10:21:02
MOD2IBS同步开始
2018-01-24 10:21:02
MOD2IBS同步结束
2018-01-24 10:21:07
班级变更同步学习报告记录到Redis结束
2018-01-24 10:21:07
MOD2IBS同步结束
2018-01-24 10:21:12
同步学订单到总库同步开始
2018-01-24 10:21:12
MOD2IBS同步结束
2018-01-24 10:21:17
班级变更同步学习报告记录到Redis开始
2018-01-24 10:21:17
MOD2IBS同步结束
2018-01-24 10:21:17
MOD2IBS同步开始
2018-01-24 10:21:17
MOD2IBS同步结束
2018-01-24 10:21:17
同步学订单到总库同步结束
2018-01-24 10:21:22
MOD2IBS同步开始
2018-01-24 10:21:22
MOD2IBS同步结束
2018-01-24 10:21:27
班级变更同步学习报告记录到Redis开始
2018-01-24 10:21:27
MOD2IBS同步结束
2018-01-24 10:21:27
班级变更同步学习报告记录到Redis结束
2018-01-24 10:21:27
同步学订单到总库同步结束
2018-01-24 10:21:32
MOD2IBS同步开始
2018-01-24 10:21:32
同步学订单到总库同步开始
2018-01-24 10:21:32
同步学订单到总库同步结束
2018-01-24 10:21:37
刷新课本剧排行榜redis数据开始
2018-01-24 10:21:37
刷新课本剧排行榜redis数据结束
2018-01-24 10:21:37
MOD2IBS同步开始
2018-01-24 10:21:37
班级变更同步学习报告记录到Redis结束
2018-01-24 10:21:37
同步学订单到总库同步开始
2018-01-24 10:21:37
同步学订单到总库同步结束
2018-01-24 10:21:42
MOD2IBS同步结束
2018-01-24 10:21:47
班级变更同步学习报告记录到Redis结束
2018-01-24 10:21:47
MOD2IBS同步结束
2018-01-24 10:21:47
MOD2IBS同步开始
2018-01-24 10:21:47
同步学订单到总库同步结束
2018-01-24 10:21:47
MOD2IBS同步结束
2018-01-24 10:21:52
MOD2IBS同步结束
2018-01-24 10:21:57
班级变更同步学习报告记录到Redis结束
2018-01-24 10:21:57
MOD2IBS同步开始
2018-01-24 10:21:57
MOD2IBS同步结束
2018-01-24 10:21:57
同步学订单到总库同步结束
2018-01-24 10:22:02
同步学订单到总库同步结束
2018-01-24 10:22:07
班级变更同步学习报告记录到Redis开始
2018-01-24 10:22:07
班级变更同步学习报告记录到Redis结束
2018-01-24 10:22:07
同步学订单到总库同步结束
2018-01-24 10:22:07
MOD2IBS同步结束
2018-01-24 10:22:12
MOD2IBS同步开始
2018-01-24 10:22:12
同步学订单到总库同步结束
2018-01-24 10:22:17
MOD2IBS同步开始
2018-01-24 10:22:17
班级变更同步学习报告记录到Redis结束
2018-01-24 10:22:17
MOD2IBS同步结束
2018-01-24 10:22:17
MOD2IBS同步开始
2018-01-24 10:22:17
同步学订单到总库同步开始
2018-01-24 10:22:17
同步学订单到总库同步结束
2018-01-24 10:22:19
MOD2IBS同步结束
2018-01-24 10:22:22
MOD2IBS同步开始
2018-01-24 10:22:22
MOD2IBS同步结束
2018-01-24 10:22:27
MOD2IBS同步结束
2018-01-24 10:22:27
班级变更同步学习报告记录到Redis结束
2018-01-24 10:22:28
MOD2IBS同步结束
2018-01-24 10:22:28
同步学订单到总库同步结束
2018-01-24 10:23:33
定时任务
2018-01-24 10:23:34
班级变更同步学习报告记录到Redis开始
2018-01-24 10:23:34
MOD2IBS同步开始
2018-01-24 10:23:35
同步学订单到总库同步开始
2018-01-24 10:23:35
班级变更同步学习报告记录到Redis结束
2018-01-24 10:23:38
同步学订单到总库同步结束
2018-01-24 10:23:38
MOD2IBS同步结束
2018-01-24 10:23:39
同步学订单到总库同步开始
2018-01-24 10:23:39
同步学订单到总库同步结束
2018-01-24 10:23:39
MOD2IBS同步开始
2018-01-24 10:23:39
MOD2IBS同步结束
2018-01-24 10:23:44
MOD2IBS同步开始
2018-01-24 10:23:44
班级变更同步学习报告记录到Redis开始
2018-01-24 10:23:44
同步学订单到总库同步开始
2018-01-24 10:23:44
MOD2IBS同步结束
2018-01-24 10:23:49
MOD2IBS同步开始
2018-01-24 10:23:49
同步学订单到总库同步开始
2018-01-24 10:23:49
MOD2IBS同步结束
2018-01-24 10:23:49
同步学订单到总库同步结束
2018-01-24 10:23:54
班级变更同步学习报告记录到Redis开始
2018-01-24 10:23:54
班级变更同步学习报告记录到Redis结束
2018-01-24 10:23:54
MOD2IBS同步结束
2018-01-24 10:23:54
同步学订单到总库同步结束
2018-01-24 10:23:59
MOD2IBS同步开始
2018-01-24 10:23:59
同步学订单到总库同步开始
2018-01-24 10:23:59
同步学订单到总库同步结束
2018-01-24 10:24:04
MOD2IBS同步结束
2018-01-24 10:24:04
班级变更同步学习报告记录到Redis结束
2018-01-24 10:24:04
MOD2IBS同步结束
2018-01-24 10:24:09
MOD2IBS同步结束
2018-01-24 10:24:14
MOD2IBS同步开始
2018-01-24 10:24:14
MOD2IBS同步结束
2018-01-24 10:24:19
同步学订单到总库同步开始
2018-01-24 10:24:19
同步学订单到总库同步结束
2018-01-24 10:24:24
MOD2IBS同步开始
2018-01-24 10:24:24
MOD2IBS同步结束
2018-01-24 10:24:29
MOD2IBS同步开始
2018-01-24 10:24:29
MOD2IBS同步结束
2018-01-24 10:24:34
刷新课本剧排行榜redis数据开始
2018-01-24 10:24:34
MOD2IBS同步结束
2018-01-24 10:24:34
同步学订单到总库同步结束
2018-01-24 10:24:39
MOD2IBS同步结束
2018-01-24 10:24:44
MOD2IBS同步开始
2018-01-24 10:24:44
MOD2IBS同步结束
2018-01-24 10:24:44
同步学订单到总库同步结束
2018-01-24 10:24:49
MOD2IBS同步结束
2018-01-24 10:24:54
班级变更同步学习报告记录到Redis结束
2018-01-24 10:24:54
同步学订单到总库同步开始
2018-01-24 10:24:54
MOD2IBS同步结束
2018-01-24 10:24:59
MOD2IBS同步结束
2018-01-24 10:25:04
MOD2IBS同步开始
2018-01-24 10:25:04
班级变更同步学习报告记录到Redis结束
2018-01-24 10:25:04
MOD2IBS同步结束
2018-01-24 10:25:04
同步学订单到总库同步结束
2018-01-24 10:25:09
MOD2IBS同步结束
2018-01-24 10:25:14
班级变更同步学习报告记录到Redis开始
2018-01-24 10:25:14
同步学订单到总库同步开始
2018-01-24 10:25:14
MOD2IBS同步结束
2018-01-24 10:25:19
同步学订单到总库同步开始
2018-01-24 10:25:19
MOD2IBS同步结束
2018-01-24 10:25:19
同步学订单到总库同步结束
2018-01-24 10:25:24
MOD2IBS同步结束
2018-01-24 10:25:24
同步学订单到总库同步结束
2018-01-24 10:25:57
定时任务
2018-01-24 10:25:58
同步学订单到总库同步开始
2018-01-24 10:25:58
班级变更同步学习报告记录到Redis开始
2018-01-24 10:25:59
班级变更同步学习报告记录到Redis结束
2018-01-24 10:25:59
MOD2IBS同步结束
2018-01-24 10:25:59
同步学订单到总库同步结束
2018-01-24 10:26:03
同步学订单到总库同步开始
2018-01-24 10:26:03
同步学订单到总库同步结束
2018-01-24 10:26:03
MOD2IBS同步开始
2018-01-24 10:26:03
MOD2IBS同步结束
2018-01-24 10:26:08
班级变更同步学习报告记录到Redis开始
2018-01-24 10:26:08
同步学订单到总库同步开始
2018-01-24 10:26:08
MOD2IBS同步结束
2018-01-24 10:26:13
MOD2IBS同步开始
2018-01-24 10:26:13
同步学订单到总库同步开始
2018-01-24 10:26:13
同步学订单到总库同步结束
2018-01-24 10:26:18
班级变更同步学习报告记录到Redis开始
2018-01-24 10:26:18
MOD2IBS同步开始
2018-01-24 10:26:18
MOD2IBS同步结束
2018-01-24 10:26:18
同步学订单到总库同步开始
2018-01-24 10:26:18
同步学订单到总库同步结束
2018-01-24 10:26:23
MOD2IBS同步开始
2018-01-24 10:26:23
MOD2IBS同步结束
2018-01-24 10:26:23
同步学订单到总库同步开始
2018-01-24 10:26:23
同步学订单到总库同步结束
2018-01-24 10:26:28
MOD2IBS同步开始
2018-01-24 10:26:28
班级变更同步学习报告记录到Redis开始
2018-01-24 10:26:28
MOD2IBS同步结束
2018-01-24 10:26:28
同步学订单到总库同步开始
2018-01-24 10:26:28
同步学订单到总库同步结束
2018-01-24 10:26:33
同步学订单到总库同步结束
2018-01-24 10:26:38
MOD2IBS同步开始
2018-01-24 10:26:38
MOD2IBS同步结束
2018-01-24 10:26:38
同步学订单到总库同步开始
2018-01-24 10:26:38
同步学订单到总库同步结束
2018-01-24 10:26:43
MOD2IBS同步开始
2018-01-24 10:26:43
MOD2IBS同步结束
2018-01-24 10:26:43
同步学订单到总库同步开始
2018-01-24 10:26:43
同步学订单到总库同步结束
2018-01-24 10:26:48
MOD2IBS同步结束
2018-01-24 10:26:48
同步学订单到总库同步结束
2018-01-24 10:26:53
MOD2IBS同步开始
2018-01-24 10:26:53
MOD2IBS同步结束
2018-01-24 10:26:53
同步学订单到总库同步开始
2018-01-24 10:26:53
同步学订单到总库同步结束
2018-01-24 10:26:58
刷新课本剧排行榜redis数据开始
2018-01-24 10:26:58
班级变更同步学习报告记录到Redis开始
2018-01-24 10:26:58
同步学订单到总库同步结束
2018-01-24 10:28:11
定时任务
2018-01-24 10:28:12
同步学订单到总库同步开始
2018-01-24 10:28:12
MOD2IBS同步开始
2018-01-24 10:28:12
班级变更同步学习报告记录到Redis开始
2018-01-24 10:28:12
班级变更同步学习报告记录到Redis结束
2018-01-24 10:28:17
同步学订单到总库同步开始
2018-01-24 10:28:17
同步学订单到总库同步结束
2018-01-24 10:28:17
MOD2IBS同步开始
2018-01-24 10:28:17
MOD2IBS同步结束
2018-01-24 10:28:22
班级变更同步学习报告记录到Redis开始
2018-01-24 10:28:22
MOD2IBS同步开始
2018-01-24 10:28:22
同步学订单到总库同步结束
2018-01-24 10:28:22
MOD2IBS同步开始
2018-01-24 10:28:22
MOD2IBS同步结束
2018-01-24 10:28:27
MOD2IBS同步开始
2018-01-24 10:28:27
MOD2IBS同步结束
2018-01-24 10:28:55
定时任务
2018-01-24 10:28:57
同步学订单到总库同步开始
2018-01-24 10:28:57
MOD2IBS同步开始
2018-01-24 10:28:58
同步学订单到总库同步结束
2018-01-24 10:28:58
MOD2IBS同步结束
2018-01-24 10:28:58
班级变更同步学习报告记录到Redis结束
2018-01-24 10:29:02
同步学订单到总库同步开始
2018-01-24 10:29:02
同步学订单到总库同步结束
2018-01-24 10:29:02
MOD2IBS同步开始
2018-01-24 10:29:02
MOD2IBS同步结束
2018-01-24 10:29:07
MOD2IBS同步开始
2018-01-24 10:29:07
MOD2IBS同步开始
2018-01-24 10:29:07
班级变更同步学习报告记录到Redis结束
2018-01-24 10:29:07
MOD2IBS同步结束
2018-01-24 10:29:07
MOD2IBS同步结束
2018-01-24 10:29:07
同步学订单到总库同步结束
2018-01-24 10:29:12
同步学订单到总库同步开始
2018-01-24 10:29:12
MOD2IBS同步结束
2018-01-24 10:29:17
MOD2IBS同步结束
2018-01-24 10:29:17
同步学订单到总库同步开始
2018-01-24 10:29:17
同步学订单到总库同步结束
2018-01-24 10:29:22
同步学订单到总库同步结束
2018-01-24 10:29:22
MOD2IBS同步结束
2018-01-24 10:29:27
MOD2IBS同步开始
2018-01-24 10:29:27
MOD2IBS同步结束
2018-01-24 10:29:32
同步学订单到总库同步开始
2018-01-24 10:29:32
MOD2IBS同步开始
2018-01-24 10:29:32
同步学订单到总库同步结束
2018-01-24 10:29:32
MOD2IBS同步结束
2018-01-24 10:29:37
MOD2IBS同步开始
2018-01-24 10:29:37
班级变更同步学习报告记录到Redis开始
2018-01-24 10:29:37
MOD2IBS同步结束
2018-01-24 10:29:37
班级变更同步学习报告记录到Redis结束
2018-01-24 10:29:37
同步学订单到总库同步开始
2018-01-24 10:29:37
MOD2IBS同步结束
2018-01-24 10:29:42
同步学订单到总库同步结束
2018-01-24 10:29:42
MOD2IBS同步结束
2018-01-24 10:29:47
MOD2IBS同步结束
2018-01-24 10:29:47
MOD2IBS同步开始
2018-01-24 10:29:47
同步学订单到总库同步结束
2018-01-24 10:29:52
同步学订单到总库同步开始
2018-01-24 10:29:52
MOD2IBS同步结束
2018-01-24 10:29:52
同步学订单到总库同步结束
2018-01-24 10:29:57
刷新课本剧排行榜redis数据开始
2018-01-24 10:29:57
MOD2IBS同步开始
2018-01-24 10:29:57
同步学订单到总库同步结束
2018-01-24 10:30:02
MOD2IBS同步开始
2018-01-24 10:30:02
同步学订单到总库同步开始
2018-01-24 10:30:02
MOD2IBS同步结束
2018-01-24 10:30:02
同步学订单到总库同步结束
2018-01-24 10:30:07
班级变更同步学习报告记录到Redis开始
2018-01-24 10:30:07
MOD2IBS同步结束
2018-01-24 10:30:07
MOD2IBS同步结束
2018-01-24 10:30:12
MOD2IBS同步结束
2018-01-24 10:30:17
班级变更同步学习报告记录到Redis结束
2018-01-24 10:30:17
MOD2IBS同步结束
2018-01-24 10:30:17
MOD2IBS同步结束
2018-01-24 10:30:22
同步学订单到总库同步结束
2018-01-24 10:30:27
同步学订单到总库同步结束
2018-01-24 10:30:27
MOD2IBS同步结束
2018-01-24 10:30:32
同步学订单到总库同步结束
2018-01-24 10:30:37
MOD2IBS同步开始
2018-01-24 10:30:37
班级变更同步学习报告记录到Redis结束
2018-01-24 10:30:37
MOD2IBS同步开始
2018-01-24 16:19:17
定时任务
2018-01-24 16:19:18
班级变更同步学习报告记录到Redis开始
2018-01-24 16:19:18
班级变更同步学习报告记录到Redis结束
2018-01-24 16:19:18
MOD2IBS同步开始
2018-01-24 16:19:18
MOD2IBS同步结束
2018-01-24 16:19:21
同步学订单到总库同步结束
2018-01-24 16:19:23
同步学订单到总库同步开始
2018-01-24 16:19:23
同步学订单到总库同步结束
2018-01-24 16:19:23
MOD2IBS同步开始
2018-01-24 16:19:23
MOD2IBS同步结束
2018-01-24 16:19:28
MOD2IBS同步开始
2018-01-24 16:19:28
MOD2IBS同步结束
2018-01-24 16:19:28
班级变更同步学习报告记录到Redis结束
2018-01-24 16:19:33
MOD2IBS同步结束
2018-01-24 16:19:33
同步学订单到总库同步结束
2018-01-24 16:19:38
班级变更同步学习报告记录到Redis结束
2018-01-24 16:19:43
MOD2IBS同步开始
2018-01-24 16:19:43
同步学订单到总库同步开始
2018-01-24 16:19:43
MOD2IBS同步结束
2018-01-24 16:19:43
同步学订单到总库同步结束
2018-01-24 16:19:48
同步学订单到总库同步开始
2018-01-24 16:19:48
MOD2IBS同步开始
2018-01-24 16:19:48
MOD2IBS同步结束
2018-01-24 16:19:53
同步学订单到总库同步结束
2018-01-24 16:19:58
MOD2IBS同步开始
2018-01-24 16:19:58
同步学订单到总库同步开始
2018-01-24 16:19:58
同步学订单到总库同步结束
2018-01-24 16:20:03
同步学订单到总库同步结束
2018-01-24 16:20:08
MOD2IBS同步结束
2018-01-24 16:20:08
班级变更同步学习报告记录到Redis结束
2018-01-24 16:20:08
MOD2IBS同步结束
2018-01-24 16:20:13
MOD2IBS同步结束
2018-01-24 16:20:18
刷新课本剧排行榜redis数据开始
2018-01-24 16:20:18
刷新课本剧排行榜redis数据结束
2018-01-24 16:20:18
班级变更同步学习报告记录到Redis结束
2018-01-24 16:20:18
MOD2IBS同步开始
2018-01-24 16:20:18
MOD2IBS同步结束
2018-01-24 16:20:23
同步学订单到总库同步开始
2018-01-24 16:20:23
MOD2IBS同步开始
2018-01-24 16:20:23
MOD2IBS同步结束
2018-01-24 16:20:28
班级变更同步学习报告记录到Redis结束
2018-01-24 16:20:28
同步学订单到总库同步结束
2018-01-24 16:20:33
同步学订单到总库同步开始
2018-01-24 16:20:33
MOD2IBS同步结束
2018-01-24 16:20:33
同步学订单到总库同步结束
2018-01-24 16:20:38
MOD2IBS同步开始
2018-01-24 16:20:38
MOD2IBS同步结束
2018-01-24 16:20:38
MOD2IBS同步结束
2018-01-24 16:20:43
MOD2IBS同步开始
2018-01-24 16:20:43
MOD2IBS同步结束
2018-01-24 16:20:43
同步学订单到总库同步结束
2018-01-24 16:20:48
班级变更同步学习报告记录到Redis开始
2018-01-24 16:20:48
MOD2IBS同步开始
2018-01-24 16:20:48
班级变更同步学习报告记录到Redis结束
2018-01-24 16:20:48
同步学订单到总库同步开始
2018-01-24 16:20:48
MOD2IBS同步结束
2018-01-24 16:20:53
MOD2IBS同步结束
2018-01-24 16:20:58
MOD2IBS同步开始
2018-01-24 16:20:58
班级变更同步学习报告记录到Redis结束
2018-01-24 16:20:58
MOD2IBS同步结束
2018-01-24 16:20:58
同步学订单到总库同步结束
2018-01-24 16:21:03
同步学订单到总库同步开始
2018-01-24 16:21:03
MOD2IBS同步开始
2018-01-24 16:21:03
同步学订单到总库同步结束
2018-01-24 16:21:03
MOD2IBS同步结束
2018-01-24 16:21:08
班级变更同步学习报告记录到Redis结束
2018-01-24 16:21:08
同步学订单到总库同步结束
2018-01-24 16:21:13
MOD2IBS同步开始
2018-01-24 16:21:13
同步学订单到总库同步结束
2018-01-24 16:21:18
刷新课本剧排行榜redis数据开始
2018-01-24 16:21:18
刷新课本剧排行榜redis数据结束
2018-01-24 16:21:18
MOD2IBS同步结束
2018-01-24 16:21:18
MOD2IBS同步结束
2018-01-24 16:21:23
同步学订单到总库同步开始
2018-01-24 16:21:23
同步学订单到总库同步结束
2018-01-24 16:21:28
班级变更同步学习报告记录到Redis结束
2018-01-24 16:21:28
同步学订单到总库同步结束
2018-01-24 16:21:33
MOD2IBS同步开始
2018-01-24 16:21:33
MOD2IBS同步结束
2018-01-24 16:21:38
MOD2IBS同步结束
2018-01-24 16:21:38
同步学订单到总库同步结束
2018-01-24 16:21:38
MOD2IBS同步结束
2018-01-24 16:21:43
同步学订单到总库同步结束
2018-01-24 16:21:48
MOD2IBS同步开始
2018-01-24 16:21:48
MOD2IBS同步结束
2018-01-24 16:21:48
同步学订单到总库同步结束
2018-01-24 16:21:53
MOD2IBS同步开始
2018-01-24 16:21:53
同步学订单到总库同步结束
2018-01-24 16:21:58
MOD2IBS同步结束
2018-01-24 16:21:58
MOD2IBS同步结束
2018-01-24 16:21:58
同步学订单到总库同步结束
2018-01-24 16:22:03
MOD2IBS同步结束
2018-01-24 16:22:03
同步学订单到总库同步结束
2018-01-24 16:22:08
MOD2IBS同步结束
2018-01-24 16:22:08
MOD2IBS同步开始
2018-01-24 16:22:08
MOD2IBS同步结束
2018-01-24 16:22:08
同步学订单到总库同步结束
2018-01-24 16:22:13
同步学订单到总库同步结束
2018-01-24 16:22:18
刷新课本剧排行榜redis数据开始
2018-01-24 16:22:18
刷新课本剧排行榜redis数据结束
2018-01-24 16:22:18
班级变更同步学习报告记录到Redis开始
2018-01-24 16:22:18
MOD2IBS同步结束
2018-01-24 16:22:18
MOD2IBS同步结束
2018-01-24 16:22:23
MOD2IBS同步开始
2018-01-24 16:22:23
同步学订单到总库同步结束
2018-01-24 16:22:28
MOD2IBS同步结束
2018-01-24 16:22:28
MOD2IBS同步结束
2018-01-24 16:22:33
MOD2IBS同步开始
2018-01-24 16:22:33
同步学订单到总库同步结束
2018-01-24 16:22:38
班级变更同步学习报告记录到Redis结束
2018-01-24 16:22:38
MOD2IBS同步结束
2018-01-24 16:22:43
同步学订单到总库同步结束
2018-01-24 16:22:48
班级变更同步学习报告记录到Redis结束
2018-01-24 16:22:48
同步学订单到总库同步结束
2018-01-24 16:22:53
MOD2IBS同步开始
2018-01-24 16:22:53
同步学订单到总库同步开始
2018-01-24 16:22:53
MOD2IBS同步结束
2018-01-24 16:22:53
同步学订单到总库同步结束
2018-01-24 16:22:58
班级变更同步学习报告记录到Redis开始
2018-01-24 16:22:58
MOD2IBS同步开始
2018-01-24 16:22:58
MOD2IBS同步结束
2018-01-24 16:22:58
同步学订单到总库同步结束
2018-01-24 16:23:03
同步学订单到总库同步结束
2018-01-24 16:23:03
MOD2IBS同步结束
2018-01-24 16:23:08
班级变更同步学习报告记录到Redis结束
2018-01-24 16:23:08
MOD2IBS同步结束
2018-01-24 16:23:13
同步学订单到总库同步开始
2018-01-24 16:23:13
同步学订单到总库同步结束
2018-01-24 16:23:16
MOD2IBS同步结束
2018-01-24 16:23:18
刷新课本剧排行榜redis数据开始
2018-01-24 16:23:18
刷新课本剧排行榜redis数据结束
2018-01-24 16:23:18
MOD2IBS同步结束
2018-01-24 16:23:18
同步学订单到总库同步结束
2018-01-24 16:23:23
同步学订单到总库同步开始
2018-01-24 16:23:23
MOD2IBS同步结束
2018-01-24 16:23:28
班级变更同步学习报告记录到Redis结束
2018-01-24 16:23:28
MOD2IBS同步结束
2018-01-24 16:23:33
同步学订单到总库同步开始
2018-01-24 16:23:33
MOD2IBS同步结束
2018-01-24 16:23:38
班级变更同步学习报告记录到Redis结束
2018-01-24 16:23:38
MOD2IBS同步结束
2018-01-24 16:23:38
MOD2IBS同步结束
2018-01-24 16:23:43
同步学订单到总库同步结束
2018-01-24 16:23:48
班级变更同步学习报告记录到Redis开始
2018-01-24 16:23:48
MOD2IBS同步结束
2018-01-24 16:23:48
同步学订单到总库同步开始
2018-01-24 16:23:48
MOD2IBS同步开始
2018-01-24 16:23:48
MOD2IBS同步结束
2018-01-24 16:23:53
同步学订单到总库同步开始
2018-01-24 16:23:53
同步学订单到总库同步结束
2018-01-24 16:23:58
MOD2IBS同步结束
2018-01-24 16:23:58
同步学订单到总库同步结束
2018-01-24 16:24:03
同步学订单到总库同步结束
2018-01-24 16:24:08
班级变更同步学习报告记录到Redis结束
2018-01-24 16:24:08
同步学订单到总库同步结束
2018-01-24 16:24:13
MOD2IBS同步开始
2018-01-24 16:24:13
同步学订单到总库同步结束
2018-01-24 16:24:18
刷新课本剧排行榜redis数据开始
2018-01-24 16:24:18
刷新课本剧排行榜redis数据结束
2018-01-24 16:24:18
MOD2IBS同步结束
2018-01-24 16:24:18
同步学订单到总库同步开始
2018-01-24 16:24:18
同步学订单到总库同步结束
2018-01-24 16:24:18
MOD2IBS同步结束
2018-01-24 16:24:23
同步学订单到总库同步开始
2018-01-24 16:24:23
同步学订单到总库同步结束
2018-01-24 16:24:28
班级变更同步学习报告记录到Redis开始
2018-01-24 16:24:28
MOD2IBS同步开始
2018-01-24 16:24:28
MOD2IBS同步结束
2018-01-24 16:24:28
MOD2IBS同步开始
2018-01-24 16:24:28
MOD2IBS同步结束
2018-01-24 16:24:33
MOD2IBS同步结束
2018-01-24 16:24:38
MOD2IBS同步结束
2018-01-24 16:24:38
MOD2IBS同步结束
2018-01-24 16:24:43
同步学订单到总库同步开始
2018-01-24 16:24:43
同步学订单到总库同步结束
2018-01-24 16:24:48
班级变更同步学习报告记录到Redis结束
2018-01-24 16:24:48
MOD2IBS同步结束
2018-01-24 16:24:53
同步学订单到总库同步开始
2018-01-24 16:24:53
MOD2IBS同步结束
2018-01-24 16:24:58
MOD2IBS同步结束
2018-01-24 16:24:58
MOD2IBS同步结束
2018-01-24 16:25:03
同步学订单到总库同步开始
2018-01-24 16:25:03
同步学订单到总库同步结束
2018-01-24 16:25:08
班级变更同步学习报告记录到Redis结束
2018-01-24 16:25:08
MOD2IBS同步开始
2018-01-24 16:25:08
MOD2IBS同步结束
2018-01-24 16:25:08
同步学订单到总库同步结束
2018-01-24 16:25:13
MOD2IBS同步结束
2018-01-24 16:25:18
刷新课本剧排行榜redis数据开始
2018-01-24 16:25:18
刷新课本剧排行榜redis数据结束
2018-01-24 16:25:18
班级变更同步学习报告记录到Redis结束
2018-01-24 16:25:18
MOD2IBS同步结束
2018-01-24 16:25:18
MOD2IBS同步开始
2018-01-24 16:25:18
同步学订单到总库同步结束
2018-01-24 16:25:23
MOD2IBS同步开始
2018-01-24 16:25:23
MOD2IBS同步结束
2018-01-24 16:25:28
MOD2IBS同步开始
2018-01-24 16:25:28
MOD2IBS同步结束
2018-01-24 16:25:28
MOD2IBS同步开始
2018-01-24 16:25:28
MOD2IBS同步结束
2018-01-24 16:25:28
同步学订单到总库同步结束
2018-01-24 16:25:33
MOD2IBS同步开始
2018-01-24 16:25:34
同步学订单到总库同步结束
2018-01-24 16:25:38
MOD2IBS同步开始
2018-01-24 16:25:38
MOD2IBS同步结束
2018-01-24 16:25:38
MOD2IBS同步开始
2018-01-24 16:25:39
MOD2IBS同步结束
2018-01-24 16:25:43
MOD2IBS同步开始
2018-01-24 16:25:44
MOD2IBS同步结束
2018-01-24 16:25:44
同步学订单到总库同步结束
2018-01-24 16:25:48
MOD2IBS同步开始
2018-01-24 16:25:48
班级变更同步学习报告记录到Redis结束
2018-01-24 16:25:49
MOD2IBS同步开始
2018-01-24 16:25:49
MOD2IBS同步结束
2018-01-24 16:25:49
同步学订单到总库同步结束
2018-01-24 16:25:54
MOD2IBS同步结束
2018-01-24 16:25:54
同步学订单到总库同步结束
2018-01-24 16:25:58
MOD2IBS同步结束
2018-01-24 16:25:59
同步学订单到总库同步结束
2018-01-24 16:26:04
MOD2IBS同步开始
2018-01-24 16:26:04
MOD2IBS同步结束
2018-01-24 16:26:08
MOD2IBS同步开始
2018-01-24 16:26:08
班级变更同步学习报告记录到Redis结束
2018-01-24 16:26:09
同步学订单到总库同步开始
2018-01-24 16:26:09
MOD2IBS同步结束
2018-01-24 16:26:14
MOD2IBS同步结束
2018-01-24 16:26:14
同步学订单到总库同步结束
2018-01-24 16:26:18
刷新课本剧排行榜redis数据开始
2018-01-24 16:26:18
刷新课本剧排行榜redis数据结束
2018-01-24 16:26:18
班级变更同步学习报告记录到Redis结束
2018-01-24 16:26:19
同步学订单到总库同步结束
2018-01-24 16:26:24
同步学订单到总库同步结束
2018-01-24 16:26:28
MOD2IBS同步开始
2018-01-24 16:26:28
班级变更同步学习报告记录到Redis结束
2018-01-24 16:26:29
MOD2IBS同步开始
2018-01-24 16:26:29
同步学订单到总库同步结束
2018-01-24 16:26:34
MOD2IBS同步结束
2018-01-24 16:26:38
MOD2IBS同步开始
2018-01-24 16:26:38
班级变更同步学习报告记录到Redis结束
2018-01-24 16:26:39
MOD2IBS同步结束
2018-01-24 16:26:44
MOD2IBS同步开始
2018-01-24 16:26:44
同步学订单到总库同步开始
2018-01-24 16:26:44
MOD2IBS同步结束
2018-01-24 16:26:44
同步学订单到总库同步结束
2018-01-24 16:26:48
MOD2IBS同步结束
2018-01-24 16:26:48
班级变更同步学习报告记录到Redis结束
2018-01-24 16:26:49
MOD2IBS同步结束
2018-01-24 16:26:58
MOD2IBS同步开始
2018-01-24 16:26:59
MOD2IBS同步开始
2018-01-24 16:26:59
班级变更同步学习报告记录到Redis开始
2018-01-24 16:26:59
MOD2IBS同步开始
2018-01-24 16:26:59
MOD2IBS同步结束
2018-01-24 16:27:06
MOD2IBS同步开始
2018-01-24 16:27:06
MOD2IBS同步结束
2018-01-24 16:27:51
同步学订单到总库同步结束
2018-01-24 16:27:51
同步学订单到总库同步开始
2018-01-24 16:27:52
同步学订单到总库同步开始
2018-01-24 16:27:52
同步学订单到总库同步开始
2018-01-24 16:27:52
同步学订单到总库同步结束
2018-01-24 16:27:56
同步学订单到总库同步开始
2018-01-24 16:27:56
MOD2IBS同步结束
2018-01-24 16:28:02
班级变更同步学习报告记录到Redis结束
2018-01-24 16:28:07
同步学订单到总库同步结束
2018-01-24 16:28:12
MOD2IBS同步开始
2018-01-24 16:28:12
MOD2IBS同步结束
2018-01-24 16:28:17
MOD2IBS同步开始
2018-01-24 16:28:17
同步学订单到总库同步开始
2018-01-24 16:28:17
同步学订单到总库同步结束
2018-01-24 16:28:22
MOD2IBS同步开始
2018-01-24 16:28:22
班级变更同步学习报告记录到Redis开始
2018-01-24 16:28:22
同步学订单到总库同步开始
2018-01-24 16:28:22
同步学订单到总库同步结束
2018-01-24 16:28:27
同步学订单到总库同步开始
2018-01-24 16:28:27
同步学订单到总库同步结束
2018-01-24 16:28:32
MOD2IBS同步开始
2018-01-24 16:28:32
MOD2IBS同步结束
2018-01-24 16:28:32
MOD2IBS同步开始
2018-01-24 16:28:32
同步学订单到总库同步结束
2018-01-24 16:28:32
MOD2IBS同步结束
2018-01-24 16:28:32
班级变更同步学习报告记录到Redis结束
2018-01-24 16:28:37
MOD2IBS同步结束
2018-01-24 16:28:42
MOD2IBS同步开始
2018-01-24 16:28:42
MOD2IBS同步结束
2018-01-24 16:28:42
同步学订单到总库同步结束
2018-01-24 16:28:47
MOD2IBS同步开始
2018-01-24 16:28:47
同步学订单到总库同步开始
2018-01-24 16:28:47
同步学订单到总库同步结束
2018-01-24 16:28:51
刷新课本剧排行榜redis数据开始
2018-01-24 16:28:51
刷新课本剧排行榜redis数据结束
2018-01-24 16:28:52
班级变更同步学习报告记录到Redis开始
2018-01-24 16:28:52
班级变更同步学习报告记录到Redis结束
2018-01-24 16:28:52
同步学订单到总库同步开始
2018-01-24 16:28:52
MOD2IBS同步结束
2018-01-24 16:28:52
同步学订单到总库同步结束
2018-01-24 16:28:57
同步学订单到总库同步结束
2018-01-24 16:28:57
MOD2IBS同步结束
2018-01-24 16:29:02
MOD2IBS同步结束
2018-01-24 16:29:02
同步学订单到总库同步结束
2018-01-24 16:29:07
MOD2IBS同步开始
2018-01-24 16:29:07
同步学订单到总库同步结束
2018-01-24 16:29:07
MOD2IBS同步结束
2018-01-24 16:29:12
MOD2IBS同步开始
2018-01-24 16:29:12
班级变更同步学习报告记录到Redis结束
2018-01-24 16:29:12
MOD2IBS同步结束
2018-01-24 16:29:17
同步学订单到总库同步结束
2018-01-24 16:29:17
MOD2IBS同步结束
2018-01-24 16:29:18
SyncDubbingData趣配音报名同步开始
2018-01-24 16:29:18
SyncDubbingData趣配音同步数据成功2018/1/24 16:29:18
2018-01-24 16:29:18
SyncDubbingData趣配音报名同步结束
2018-01-24 16:29:18
刷新学生所在学校排行榜redis数据开始
2018-01-24 16:29:18
刷新学生所在学校排行榜redis数据结束
2018-01-24 16:29:18
趣配音报名补全用户信息SyncUserInfoRedisFromUMS开始
2018-01-24 16:29:18
SyncUserInfoRedisFromUMS趣配音同步数据到DB失败，UserID=643161712
2018-01-24 16:29:18
SyncUserInfoRedisFromUMS趣配音同步数据到DB失败，UserID=2020362
2018-01-24 16:29:18
SyncUserInfoRedisFromUMS趣配音同步数据到DB失败，UserID=1023785507
2018-01-24 16:29:18
SyncUserInfoRedisFromUMS趣配音同步数据到DB失败，UserID=1471785823
2018-01-24 16:29:18
SyncUserInfoRedisFromUMS趣配音同步数据到DB失败，UserID=583486039
2018-01-24 16:29:18
SyncUserInfoRedisFromUMS趣配音同步数据到DB失败，UserID=1761191045
2018-01-24 16:29:18
SyncUserInfoRedisFromUMS趣配音同步数据到DB失败，UserID=1161327879
2018-01-24 16:29:18
SyncUserInfoRedisFromUMS趣配音同步数据到DB失败，UserID=1508471166
2018-01-24 16:29:18
SyncUserInfoRedisFromUMS趣配音同步数据到DB失败，UserID=2127913890
2018-01-24 16:29:18
SyncUserInfoRedisFromUMS趣配音同步数据到DB失败，UserID=130193864
2018-01-24 16:29:18
SyncUserInfoRedisFromUMS趣配音同步数据到DB失败，UserID=394436975
2018-01-24 16:29:18
SyncUserInfoRedisFromUMS趣配音同步数据到DB失败，UserID=453235659
2018-01-24 16:29:18
SyncUserInfoRedisFromUMS趣配音同步数据到DB失败，UserID=1615013344
2018-01-24 16:29:18
SyncUserInfoRedisFromUMS趣配音同步数据到DB失败，UserID=1972577544
2018-01-24 16:29:18
SyncUserInfoRedisFromUMS趣配音同步数据到DB失败，UserID=464252526
2018-01-24 16:29:18
SyncUserInfoRedisFromUMS趣配音同步数据到DB失败，UserID=1449772155
2018-01-24 16:29:18
SyncUserInfoRedisFromUMS趣配音同步数据到DB失败，UserID=518105786
2018-01-24 16:29:19
SyncUserInfoRedisFromUMS趣配音同步数据到DB失败，UserID=1170245540
2018-01-24 16:29:19
SyncUserInfoRedisFromUMS趣配音同步数据到DB失败，UserID=261402443
2018-01-24 16:29:19
SyncUserInfoRedisFromUMS趣配音同步数据到DB失败，UserID=334775540
2018-01-24 16:29:19
SyncUserInfoRedisFromUMS趣配音同步数据到DB失败，UserID=1023861191
2018-01-24 16:29:19
SyncUserInfoRedisFromUMS趣配音同步数据到DB失败，UserID=1828071630
2018-01-24 16:29:19
SyncUserInfoRedisFromUMS趣配音同步数据到DB失败，UserID=1393382940
2018-01-24 16:29:19
SyncUserInfoRedisFromUMS趣配音同步数据到DB失败，UserID=2035287994
2018-01-24 16:29:19
SyncUserInfoRedisFromUMS趣配音同步数据到DB失败，UserID=2072025401
2018-01-24 16:29:19
SyncUserInfoRedisFromUMS趣配音同步数据到DB失败，UserID=702075519
2018-01-24 16:29:19
SyncUserInfoRedisFromUMS趣配音同步数据到DB失败，UserID=1191560577
2018-01-24 16:29:19
SyncUserInfoRedisFromUMS趣配音同步数据到DB失败，UserID=615331543
2018-01-24 16:29:19
SyncUserInfoRedisFromUMS趣配音同步数据到DB失败，UserID=1937999423
2018-01-24 16:29:19
SyncUserInfoRedisFromUMS趣配音同步数据到DB失败，UserID=1410212462
2018-01-24 16:29:19
SyncUserInfoRedisFromUMS趣配音同步数据到DB失败，UserID=1687997517
2018-01-24 16:29:19
SyncUserInfoRedisFromUMS趣配音同步数据到DB失败，UserID=719051427
2018-01-24 16:29:19
SyncUserInfoRedisFromUMS趣配音同步数据到DB失败，UserID=175344574
2018-01-24 16:29:19
SyncUserInfoRedisFromUMS趣配音同步数据到DB失败，UserID=870123060
2018-01-24 16:29:19
SyncUserInfoRedisFromUMS趣配音同步数据到DB失败，UserID=23030516
2018-01-24 16:29:19
SyncUserInfoRedisFromUMS趣配音同步数据到DB失败，UserID=1331486456
2018-01-24 16:29:19
SyncUserInfoRedisFromUMS趣配音同步数据到DB失败，UserID=1992893336
2018-01-24 16:29:19
SyncUserInfoRedisFromUMS趣配音同步数据到DB失败，UserID=1898699634
2018-01-24 16:29:19
SyncUserInfoRedisFromUMS趣配音同步数据到DB失败，UserID=2061350966
2018-01-24 16:29:19
SyncUserInfoRedisFromUMS趣配音同步数据到DB失败，UserID=12125114
2018-01-24 16:29:19
SyncUserInfoRedisFromUMS趣配音同步数据到DB失败，UserID=301459341
2018-01-24 16:29:19
SyncUserInfoRedisFromUMS趣配音同步数据到DB失败，UserID=2097411764
2018-01-24 16:29:19
SyncUserInfoRedisFromUMS趣配音同步数据到DB失败，UserID=1957207159
2018-01-24 16:29:19
SyncUserInfoRedisFromUMS趣配音同步数据到DB失败，UserID=255486032
2018-01-24 16:29:19
SyncUserInfoRedisFromUMS趣配音同步数据到DB失败，UserID=1518792416
2018-01-24 16:29:19
SyncUserInfoRedisFromUMS趣配音同步数据到DB失败，UserID=725647227
2018-01-24 16:29:19
SyncUserInfoRedisFromUMS趣配音同步数据到DB失败，UserID=2095388075
2018-01-24 16:29:19
SyncUserInfoRedisFromUMS趣配音同步数据到DB失败，UserID=673331394
2018-01-24 16:29:19
SyncUserInfoRedisFromUMS趣配音同步数据到DB失败，UserID=844513630
2018-01-24 16:29:19
SyncUserInfoRedisFromUMS趣配音同步数据到DB失败，UserID=72261103
2018-01-24 16:29:19
SyncUserInfoRedisFromUMS趣配音同步数据到DB失败，UserID=1658796510
2018-01-24 16:29:19
SyncUserInfoRedisFromUMS趣配音同步数据到DB失败，UserID=1844349912
2018-01-24 16:29:19
SyncUserInfoRedisFromUMS趣配音同步数据到DB失败，UserID=1755259500
2018-01-24 16:29:19
SyncUserInfoRedisFromUMS趣配音同步数据到DB失败，UserID=805636847
2018-01-24 16:29:19
SyncUserInfoRedisFromUMS趣配音同步数据到DB失败，UserID=1828166059
2018-01-24 16:29:19
SyncUserInfoRedisFromUMS趣配音同步数据到DB失败，UserID=1864589351
2018-01-24 16:29:19
SyncUserInfoRedisFromUMS趣配音同步数据到DB失败，UserID=1325682983
2018-01-24 16:29:20
SyncUserInfoRedisFromUMS趣配音同步数据到DB失败，UserID=53819708
2018-01-24 16:29:20
SyncUserInfoRedisFromUMS趣配音同步数据到DB失败，UserID=514002208
2018-01-24 16:29:20
SyncUserInfoRedisFromUMS趣配音同步数据到DB失败，UserID=463472852
2018-01-24 16:29:20
SyncUserInfoRedisFromUMS趣配音同步数据到DB失败，UserID=435757491
2018-01-24 16:29:20
SyncUserInfoRedisFromUMS趣配音同步数据到DB失败，UserID=7284269
2018-01-24 16:29:20
SyncUserInfoRedisFromUMS趣配音同步数据到DB失败，UserID=812493913
2018-01-24 16:29:20
SyncUserInfoRedisFromUMS趣配音同步数据到DB失败，UserID=616910559
2018-01-24 16:29:20
SyncUserInfoRedisFromUMS趣配音同步数据到DB失败，UserID=314591395
2018-01-24 16:29:20
SyncUserInfoRedisFromUMS趣配音同步数据到DB失败，UserID=1276438982
2018-01-24 16:29:20
SyncUserInfoRedisFromUMS趣配音同步数据到DB失败，UserID=623192331
2018-01-24 16:29:20
SyncUserInfoRedisFromUMS趣配音同步数据到DB失败，UserID=219820885
2018-01-24 16:29:20
SyncUserInfoRedisFromUMS趣配音同步数据到DB失败，UserID=2051394222
2018-01-24 16:29:20
SyncUserInfoRedisFromUMS趣配音同步数据到DB失败，UserID=1939223466
2018-01-24 16:29:20
SyncUserInfoRedisFromUMS趣配音同步数据到DB失败，UserID=603248937
2018-01-24 16:29:20
SyncUserInfoRedisFromUMS趣配音同步数据到DB失败，UserID=6098628
2018-01-24 16:29:20
SyncUserInfoRedisFromUMS趣配音同步数据到DB失败，UserID=213097076
2018-01-24 16:29:20
SyncUserInfoRedisFromUMS趣配音同步数据到DB失败，UserID=562399934
2018-01-24 16:29:20
SyncUserInfoRedisFromUMS趣配音同步数据到DB失败，UserID=583053625
2018-01-24 16:29:20
SyncUserInfoRedisFromUMS趣配音同步数据到DB失败，UserID=1229174050
2018-01-24 16:29:20
SyncUserInfoRedisFromUMS趣配音同步数据到DB失败，UserID=634075211
2018-01-24 16:29:20
SyncUserInfoRedisFromUMS趣配音同步数据到DB失败，UserID=1549155634
2018-01-24 16:29:20
SyncUserInfoRedisFromUMS趣配音同步数据到DB失败，UserID=1200895981
2018-01-24 16:29:20
SyncUserInfoRedisFromUMS趣配音同步数据到DB失败，UserID=282843049
2018-01-24 16:29:20
SyncUserInfoRedisFromUMS趣配音同步数据到DB失败，UserID=1620251944
2018-01-24 16:29:20
SyncUserInfoRedisFromUMS趣配音同步数据到DB失败，UserID=196172781
2018-01-24 16:29:20
SyncUserInfoRedisFromUMS趣配音同步数据到DB失败，UserID=1017870483
2018-01-24 16:29:20
SyncUserInfoRedisFromUMS趣配音同步数据到DB失败，UserID=577346850
2018-01-24 16:29:20
SyncUserInfoRedisFromUMS趣配音同步数据到DB失败，UserID=722108794
2018-01-24 16:29:20
SyncUserInfoRedisFromUMS趣配音同步数据到DB失败，UserID=1804308291
2018-01-24 16:29:20
SyncUserInfoRedisFromUMS趣配音同步数据到DB失败，UserID=660364916
2018-01-24 16:29:20
SyncUserInfoRedisFromUMS趣配音同步数据到DB失败，UserID=377945580
2018-01-24 16:29:20
SyncUserInfoRedisFromUMS趣配音同步数据到DB失败，UserID=873742320
2018-01-24 16:29:20
SyncUserInfoRedisFromUMS趣配音同步数据到DB失败，UserID=127768032
2018-01-24 16:29:20
SyncUserInfoRedisFromUMS趣配音同步数据到DB失败，UserID=1159396753
2018-01-24 16:29:20
SyncUserInfoRedisFromUMS趣配音同步数据到DB失败，UserID=1514573042
2018-01-24 16:29:20
SyncUserInfoRedisFromUMS趣配音同步数据到DB失败，UserID=262263764
2018-01-24 16:29:20
SyncUserInfoRedisFromUMS趣配音同步数据到DB失败，UserID=2024633320
2018-01-24 16:29:20
SyncUserInfoRedisFromUMS趣配音同步数据到DB失败，UserID=1109213128
2018-01-24 16:29:20
SyncUserInfoRedisFromUMS趣配音同步数据到DB失败，UserID=964644597
2018-01-24 16:29:20
SyncUserInfoRedisFromUMS趣配音同步数据到DB失败，UserID=2078424031
2018-01-24 16:29:20
SyncUserInfoRedisFromUMS趣配音同步数据到DB失败，UserID=257240439
2018-01-24 16:29:21
SyncUserInfoRedisFromUMS趣配音同步数据到DB失败，UserID=875669994
2018-01-24 16:29:21
SyncUserInfoRedisFromUMS趣配音同步数据到DB失败，UserID=793087644
2018-01-24 16:29:21
趣配音报名补全用户信息SyncUserInfoRedisFromUMS结束
2018-01-24 16:29:22
MOD2IBS同步结束
2018-01-24 16:29:22
MOD2IBS同步开始
2018-01-24 16:29:22
同步学订单到总库同步开始
2018-01-24 16:29:22
MOD2IBS同步结束
2018-01-24 16:29:22
同步学订单到总库同步结束
2018-01-24 16:29:27
MOD2IBS同步开始
2018-01-24 16:29:27
同步学订单到总库同步结束
2018-01-24 16:29:32
班级变更同步学习报告记录到Redis开始
2018-01-24 16:29:32
MOD2IBS同步开始
2018-01-24 16:29:32
MOD2IBS同步结束
2018-01-24 16:29:32
同步学订单到总库同步结束
2018-01-24 16:29:37
同步学订单到总库同步结束
2018-01-24 16:29:42
MOD2IBS同步结束
2018-01-24 16:29:42
同步学订单到总库同步结束
2018-01-24 16:29:47
同步学订单到总库同步开始
2018-01-24 16:29:47
同步学订单到总库同步结束
2018-01-24 16:29:51
刷新课本剧排行榜redis数据开始
2018-01-24 16:29:51
刷新课本剧排行榜redis数据结束
2018-01-24 16:29:52
MOD2IBS同步结束
2018-01-24 16:29:52
同步学订单到总库同步结束
2018-01-24 16:29:57
MOD2IBS同步结束
2018-01-24 16:29:57
同步学订单到总库同步结束
2018-01-24 16:30:02
MOD2IBS同步开始
2018-01-24 16:30:02
班级变更同步学习报告记录到Redis开始
2018-01-24 16:30:02
班级变更同步学习报告记录到Redis结束
2018-01-24 16:30:02
同步学订单到总库同步结束
2018-01-24 16:30:02
MOD2IBS同步结束
2018-01-24 16:30:07
同步学订单到总库同步开始
2018-01-24 16:30:07
MOD2IBS同步结束
2018-01-24 16:30:12
MOD2IBS同步结束
2018-01-24 16:30:12
班级变更同步学习报告记录到Redis结束
2018-01-24 16:30:12
同步学订单到总库同步开始
2018-01-24 16:30:12
同步学订单到总库同步结束
2018-01-24 16:30:17
MOD2IBS同步开始
2018-01-24 16:30:17
同步学订单到总库同步结束
2018-01-24 16:30:22
MOD2IBS同步结束
2018-01-24 16:30:22
班级变更同步学习报告记录到Redis结束
2018-01-24 16:30:22
同步学订单到总库同步结束
2018-01-24 16:30:27
MOD2IBS同步结束
2018-01-24 16:30:32
班级变更同步学习报告记录到Redis开始
2018-01-24 16:30:32
MOD2IBS同步结束
2018-01-24 16:30:32
班级变更同步学习报告记录到Redis结束
2018-01-24 16:30:32
MOD2IBS同步结束
2018-01-24 16:30:37
同步学订单到总库同步结束
2018-01-24 16:30:37
MOD2IBS同步结束
2018-01-24 16:30:42
班级变更同步学习报告记录到Redis结束
2018-01-24 16:30:42
同步学订单到总库同步结束
2018-01-24 16:30:47
同步学订单到总库同步结束
2018-01-24 16:30:51
刷新课本剧排行榜redis数据开始
2018-01-24 16:30:51
刷新课本剧排行榜redis数据结束
2018-01-24 16:30:52
班级变更同步学习报告记录到Redis结束
2018-01-24 16:30:52
同步学订单到总库同步开始
2018-01-24 16:30:52
MOD2IBS同步开始
2018-01-24 16:30:52
MOD2IBS同步结束
2018-01-24 16:30:57
MOD2IBS同步结束
2018-01-24 16:30:57
同步学订单到总库同步结束
2018-01-24 16:31:02
MOD2IBS同步开始
2018-01-24 16:31:02
MOD2IBS同步结束
2018-01-24 16:31:02
班级变更同步学习报告记录到Redis结束
2018-01-24 16:31:02
MOD2IBS同步结束
2018-01-24 16:31:07
MOD2IBS同步开始
2018-01-24 16:31:07
同步学订单到总库同步开始
2018-01-24 16:31:07
MOD2IBS同步结束
2018-01-24 16:31:07
同步学订单到总库同步结束
2018-01-24 16:31:12
MOD2IBS同步开始
2018-01-24 16:31:12
班级变更同步学习报告记录到Redis结束
2018-01-24 16:31:12
同步学订单到总库同步结束
2018-01-24 16:31:17
同步学订单到总库同步结束
2018-01-24 16:31:17
MOD2IBS同步结束
2018-01-24 16:31:22
班级变更同步学习报告记录到Redis开始
2018-01-24 16:31:22
MOD2IBS同步结束
2018-01-24 16:31:22
同步学订单到总库同步结束
2018-01-24 16:31:22
MOD2IBS同步结束
2018-01-24 16:31:27
MOD2IBS同步结束
2018-01-24 16:31:32
班级变更同步学习报告记录到Redis开始
2018-01-24 16:31:32
班级变更同步学习报告记录到Redis结束
2018-01-24 16:31:32
MOD2IBS同步结束
2018-01-24 16:31:32
同步学订单到总库同步开始
2018-01-24 16:31:32
同步学订单到总库同步结束
2018-01-24 16:31:37
同步学订单到总库同步结束
2018-01-24 16:31:42
MOD2IBS同步结束
2018-01-24 16:31:42
MOD2IBS同步结束
2018-01-24 16:31:47
MOD2IBS同步开始
2018-01-24 16:31:47
同步学订单到总库同步结束
2018-01-24 16:31:51
刷新课本剧排行榜redis数据开始
2018-01-24 16:31:52
刷新课本剧排行榜redis数据结束
2018-01-24 16:31:52
班级变更同步学习报告记录到Redis结束
2018-01-24 16:31:52
同步学订单到总库同步结束
2018-01-24 16:31:57
同步学订单到总库同步结束
2018-01-24 16:32:02
班级变更同步学习报告记录到Redis结束
2018-01-24 16:32:02
MOD2IBS同步结束
2018-01-24 16:32:02
MOD2IBS同步结束
2018-01-24 16:32:07
MOD2IBS同步结束
2018-01-24 16:32:12
班级变更同步学习报告记录到Redis结束
2018-01-24 16:32:12
MOD2IBS同步结束
2018-01-24 16:32:12
同步学订单到总库同步结束
2018-01-24 16:32:17
同步学订单到总库同步结束
2018-01-24 16:32:22
MOD2IBS同步结束
2018-01-24 16:32:22
同步学订单到总库同步开始
2018-01-24 16:32:22
MOD2IBS同步开始
2018-01-24 16:32:22
同步学订单到总库同步结束
2018-01-24 16:32:22
MOD2IBS同步结束
2018-01-24 16:32:27
同步学订单到总库同步开始
2018-01-24 16:32:27
MOD2IBS同步结束
2018-01-24 16:32:27
同步学订单到总库同步结束
2018-01-24 16:32:32
MOD2IBS同步结束
2018-01-24 16:32:32
MOD2IBS同步结束
2018-01-24 16:32:37
同步学订单到总库同步开始
2018-01-24 16:32:37
同步学订单到总库同步结束
2018-01-24 16:32:42
MOD2IBS同步结束
2018-01-24 16:32:42
班级变更同步学习报告记录到Redis结束
2018-01-24 16:32:42
MOD2IBS同步开始
2018-01-24 16:32:42
MOD2IBS同步结束
2018-01-24 16:32:47
同步学订单到总库同步结束
2018-01-24 16:32:52
刷新课本剧排行榜redis数据开始
2018-01-24 16:32:52
刷新课本剧排行榜redis数据结束
2018-01-24 16:32:52
班级变更同步学习报告记录到Redis开始
2018-01-24 16:32:52
MOD2IBS同步开始
2018-01-24 16:32:52
MOD2IBS同步结束
2018-01-24 16:32:52
MOD2IBS同步结束
2018-01-24 16:32:57
MOD2IBS同步开始
2018-01-24 16:32:57
同步学订单到总库同步结束
2018-01-24 16:32:57
MOD2IBS同步结束
2018-01-24 16:33:02
MOD2IBS同步开始
2018-01-24 16:33:02
班级变更同步学习报告记录到Redis开始
2018-01-24 16:33:02
MOD2IBS同步结束
2018-01-24 16:33:02
班级变更同步学习报告记录到Redis结束
2018-01-24 16:33:02
同步学订单到总库同步开始
2018-01-24 16:33:02
同步学订单到总库同步结束
2018-01-24 16:33:07
同步学订单到总库同步结束
2018-01-24 16:33:12
MOD2IBS同步结束
2018-01-24 16:33:12
班级变更同步学习报告记录到Redis结束
2018-01-24 16:33:12
同步学订单到总库同步开始
2018-01-24 16:33:12
MOD2IBS同步结束
2018-01-24 16:33:17
同步学订单到总库同步结束
2018-01-24 16:33:22
班级变更同步学习报告记录到Redis结束
2018-01-24 16:33:22
MOD2IBS同步开始
2018-01-24 16:33:22
同步学订单到总库同步结束
2018-01-24 16:33:27
MOD2IBS同步结束
