2018-01-08 10:54:23
定时任务
2018-01-08 10:54:27
MOD初始化学校数据开始
2018-01-08 10:54:27
同步学校信息到IBS
2018-01-08 10:54:27
MOD初始化区域数据开始
2018-01-08 10:54:27
同步区域信息到IBS
2018-01-08 10:54:27
MOD初始化班级数据开始
2018-01-08 10:54:27
同步班级信息到IBS
2018-01-08 10:54:28
MOD初始化用户数据开始
2018-01-08 10:54:28
同步用户数据到IBS
2018-01-08 10:54:34
同步班级信息条数：995
2018-01-08 10:54:42
初始化单元测试数据SZ开始,第1次
2018-01-08 10:55:38
定时任务
2018-01-08 10:55:42
MOD初始化学校数据开始
2018-01-08 10:55:42
MOD初始化区域数据开始
2018-01-08 10:55:42
同步学校信息到IBS
2018-01-08 10:55:42
同步区域信息到IBS
2018-01-08 10:55:43
MOD初始化用户数据开始
2018-01-08 10:55:43
MOD初始化班级数据开始
2018-01-08 10:55:43
同步班级信息到IBS
2018-01-08 10:55:50
同步班级信息条数：995
2018-01-08 10:56:01
IBS_ClassUserRelation写入成功!
2018-01-08 10:56:01
MOD初始化班级数据结束
2018-01-08 10:56:07
同步学校信息条数：621143
2018-01-08 10:56:13
同步区域信息条数：621091
2018-01-08 10:56:14
MOD初始化用户数据结束
2018-01-08 10:56:40
刷新课本剧排行榜redis数据开始
2018-01-08 10:56:40
刷新课本剧排行榜redis数据结束
2018-01-08 10:57:40
刷新课本剧排行榜redis数据开始
2018-01-08 10:57:40
刷新课本剧排行榜redis数据结束
2018-01-08 10:58:40
刷新课本剧排行榜redis数据开始
2018-01-08 10:58:40
刷新课本剧排行榜redis数据结束
2018-01-08 10:59:40
刷新课本剧排行榜redis数据开始
2018-01-08 10:59:40
刷新课本剧排行榜redis数据结束
2018-01-08 11:00:40
刷新课本剧排行榜redis数据开始
2018-01-08 11:00:40
刷新课本剧排行榜redis数据结束
2018-01-08 11:01:25
定时任务
2018-01-08 11:01:30
MOD初始化区域数据开始
2018-01-08 11:01:30
同步区域信息到IBS
2018-01-08 11:01:31
MOD初始化班级数据开始
2018-01-08 11:01:31
同步班级信息到IBS
2018-01-08 11:01:31
MOD初始化学校数据开始
2018-01-08 11:01:31
同步学校信息到IBS
2018-01-08 11:01:38
MOD初始化用户数据开始
2018-01-08 11:01:41
同步用户数据到IBS
2018-01-08 11:01:49
同步班级信息条数：995
2018-01-08 11:02:02
IBS_ClassUserRelation写入成功!
2018-01-08 11:02:02
MOD初始化班级数据结束
2018-01-08 11:02:03
同步学校信息条数：621143
2018-01-08 11:02:06
同步区域信息条数：621091
2018-01-08 11:02:29
刷新课本剧排行榜redis数据开始
2018-01-08 11:02:29
刷新课本剧排行榜redis数据结束
