2018-01-22 21:57:48
定时任务
2018-01-22 21:57:54
班级变更同步学习报告记录到Redis开始
2018-01-22 21:57:59
MOD2IBS同步开始
2018-01-22 21:57:59
MOD2IBS同步结束
2018-01-22 21:58:00
MOD2IBS同步开始
2018-01-22 21:58:00
MOD2IBS同步结束
2018-01-22 21:58:00
班级变更同步学习报告记录到Redis结束
2018-01-22 21:58:08
MOD2IBS同步开始
2018-01-22 21:58:08
MOD2IBS同步结束
2018-01-22 21:58:13
MOD2IBS同步开始
2018-01-22 21:58:13
MOD2IBS同步结束
2018-01-22 21:58:14
MOD2IBS同步开始
2018-01-22 21:58:14
班级变更同步学习报告记录到Redis结束
2018-01-22 21:58:18
MOD2IBS同步开始
2018-01-22 21:58:18
MOD2IBS同步结束
2018-01-22 21:58:23
MOD2IBS同步开始
2018-01-22 21:58:23
MOD2IBS同步结束
2018-01-22 21:59:00
定时任务
2018-01-22 21:59:09
同步学订单到总库同步开始
2018-01-22 21:59:12
班级变更同步学习报告记录到Redis开始
2018-01-22 21:59:20
MOD2IBS同步结束
2018-01-22 21:59:21
MOD2IBS同步开始
2018-01-22 21:59:23
MOD2IBS同步结束
2018-01-22 21:59:25
班级变更同步学习报告记录到Redis开始
2018-01-22 21:59:25
班级变更同步学习报告记录到Redis结束
2018-01-22 21:59:41
MOD2IBS同步开始
2018-01-22 21:59:41
MOD2IBS同步结束
2018-01-22 21:59:42
MOD2IBS同步开始
2018-01-22 21:59:42
MOD2IBS同步开始
2018-01-22 22:01:33
定时任务
2018-01-22 22:01:35
同步学订单到总库同步开始
2018-01-22 22:01:38
MOD2IBS同步开始
2018-01-22 22:01:38
MOD2IBS同步结束
2018-01-22 22:01:38
班级变更同步学习报告记录到Redis开始
2018-01-22 22:01:38
班级变更同步学习报告记录到Redis结束
2018-01-22 22:01:47
班级变更同步学习报告记录到Redis结束
2018-01-22 22:01:47
MOD2IBS同步开始
2018-01-22 22:01:47
MOD2IBS同步结束
2018-01-22 22:01:47
MOD2IBS同步开始
2018-01-22 22:01:47
MOD2IBS同步结束
2018-01-22 22:01:51
MOD2IBS同步开始
2018-01-22 22:01:51
MOD2IBS同步结束
2018-01-22 22:01:56
班级变更同步学习报告记录到Redis开始
2018-01-22 22:01:57
MOD2IBS同步开始
2018-01-22 22:01:57
MOD2IBS同步结束
2018-01-22 22:02:01
MOD2IBS同步开始
2018-01-22 22:02:01
MOD2IBS同步结束
2018-01-22 22:02:06
MOD2IBS同步开始
2018-01-22 22:02:07
班级变更同步学习报告记录到Redis结束
2018-01-22 22:02:11
MOD2IBS同步开始
2018-01-22 22:02:12
MOD2IBS同步结束
2018-01-22 22:02:17
MOD2IBS同步结束
