2018-02-07 11:06:40
定时任务
2018-02-07 11:06:41
同步学订单到总库同步开始
2018-02-07 11:06:41
MOD2IBS同步开始
2018-02-07 11:06:41
班级变更同步学习报告记录到Redis开始
2018-02-07 11:06:41
MOD2IBS同步结束
2018-02-07 11:06:41
班级变更同步学习报告记录到Redis结束
2018-02-07 11:06:41
同步学订单到总库同步结束
2018-02-07 11:06:41
IBS名称为空修复脚本
2018-02-07 11:06:51
定时任务
2018-02-07 11:06:52
同步学订单到总库同步开始
2018-02-07 11:06:52
同步学订单到总库同步结束
2018-02-07 11:06:52
MOD2IBS同步开始
2018-02-07 11:06:52
班级变更同步学习报告记录到Redis开始
2018-02-07 11:06:52
MOD2IBS同步结束
2018-02-07 11:06:52
班级变更同步学习报告记录到Redis结束
2018-02-07 11:06:52
IBS名称为空修复脚本
2018-02-07 11:07:05
同步学订单到总库同步开始
2018-02-07 11:07:05
同步学订单到总库同步结束
2018-02-07 11:07:05
MOD2IBS同步开始
2018-02-07 11:07:05
班级变更同步学习报告记录到Redis开始
2018-02-07 11:07:05
MOD2IBS同步结束
2018-02-07 11:07:05
班级变更同步学习报告记录到Redis结束
2018-02-07 11:07:05
MOD2IBS同步开始
2018-02-07 11:07:06
IBS名称为空修复脚本
2018-02-07 11:07:06
MOD2IBS同步结束
2018-02-07 11:07:13
定时任务
2018-02-07 11:07:14
同步学订单到总库同步开始
2018-02-07 11:07:14
同步学订单到总库同步结束
2018-02-07 11:07:14
班级变更同步学习报告记录到Redis开始
2018-02-07 11:07:14
班级变更同步学习报告记录到Redis结束
2018-02-07 11:07:14
MOD2IBS同步开始
2018-02-07 11:07:14
MOD2IBS同步结束
2018-02-07 11:07:14
IBS名称为空修复脚本
2018-02-07 11:08:16
同步学订单到总库同步开始
2018-02-07 11:08:16
刷新课本剧排行榜redis数据开始
2018-02-07 11:08:16
同步学订单到总库同步结束
2018-02-07 11:08:16
刷新课本剧排行榜redis数据结束
2018-02-07 11:08:17
班级变更同步学习报告记录到Redis开始
2018-02-07 11:08:17
班级变更同步学习报告记录到Redis结束
2018-02-07 11:08:17
MOD2IBS同步开始
2018-02-07 11:08:17
MOD2IBS同步结束
2018-02-07 11:08:17
MOD2IBS同步开始
2018-02-07 11:08:17
MOD2IBS同步结束
2018-02-07 11:08:17
IBS名称为空修复脚本
2018-02-07 11:08:21
MOD2IBS同步开始
2018-02-07 11:08:21
同步学订单到总库同步开始
2018-02-07 11:08:22
MOD2IBS同步结束
2018-02-07 11:08:22
同步学订单到总库同步结束
2018-02-07 11:08:26
班级变更同步学习报告记录到Redis开始
2018-02-07 11:08:27
MOD2IBS同步开始
2018-02-07 11:08:27
同步学订单到总库同步开始
2018-02-07 11:08:27
MOD2IBS同步开始
2018-02-07 11:08:27
MOD2IBS同步结束
2018-02-07 11:08:27
班级变更同步学习报告记录到Redis结束
2018-02-07 11:08:27
同步学订单到总库同步结束
2018-02-07 11:08:27
MOD2IBS同步结束
2018-02-07 11:08:31
同步学订单到总库同步开始
2018-02-07 11:08:31
MOD2IBS同步开始
2018-02-07 11:08:32
同步学订单到总库同步结束
2018-02-07 11:08:32
MOD2IBS同步结束
2018-02-07 11:08:36
班级变更同步学习报告记录到Redis开始
2018-02-07 11:08:36
MOD2IBS同步开始
2018-02-07 11:08:36
MOD2IBS同步结束
2018-02-07 11:08:37
班级变更同步学习报告记录到Redis结束
2018-02-07 11:08:37
同步学订单到总库同步开始
2018-02-07 11:08:38
MOD2IBS同步开始
2018-02-07 11:08:38
同步学订单到总库同步结束
2018-02-07 11:08:38
MOD2IBS同步结束
2018-02-07 15:50:32
定时任务
2018-02-07 15:50:33
同步学订单到总库同步开始
2018-02-07 15:50:33
同步学订单到总库同步结束
2018-02-07 15:50:33
MOD2IBS同步开始
2018-02-07 15:50:33
班级变更同步学习报告记录到Redis开始
2018-02-07 15:50:33
MOD2IBS同步结束
2018-02-07 15:50:33
班级变更同步学习报告记录到Redis结束
2018-02-07 15:50:33
IBS名称为空修复脚本
