2018-01-25 15:13:32
定时任务
2018-01-25 15:13:32
同步学订单到总库同步开始
2018-01-25 15:13:32
同步学订单到总库同步结束
2018-01-25 15:13:32
MOD2IBS同步开始
2018-01-25 15:13:32
班级变更同步学习报告记录到Redis开始
2018-01-25 15:13:32
班级变更同步学习报告记录到Redis结束
2018-01-25 15:13:37
同步学订单到总库同步开始
2018-01-25 15:13:38
同步学订单到总库同步结束
2018-01-25 15:14:11
MOD2IBS同步开始
2018-01-25 15:14:16
MOD2IBS同步结束
2018-01-25 15:14:17
班级变更同步学习报告记录到Redis开始
2018-01-25 15:14:34
MOD2IBS同步结束
2018-01-25 15:14:34
班级变更同步学习报告记录到Redis结束
2018-01-25 15:14:36
同步学订单到总库同步开始
2018-01-25 15:14:39
同步学订单到总库同步结束
2018-01-25 15:14:40
MOD2IBS同步开始
2018-01-25 15:14:40
同步学订单到总库同步结束
2018-01-25 15:14:40
MOD2IBS同步结束
2018-01-25 15:14:48
班级变更同步学习报告记录到Redis开始
2018-01-25 15:14:48
班级变更同步学习报告记录到Redis结束
2018-01-25 15:14:48
MOD2IBS同步开始
2018-01-25 15:14:50
MOD2IBS同步结束
2018-01-25 15:14:50
同步学订单到总库同步开始
2018-01-25 15:14:51
同步学订单到总库同步结束
2018-01-25 15:14:52
班级变更同步学习报告记录到Redis开始
2018-01-25 15:14:54
班级变更同步学习报告记录到Redis结束
2018-01-25 15:14:54
刷新课本剧排行榜redis数据开始
2018-01-25 15:14:54
刷新课本剧排行榜redis数据结束
2018-01-25 15:14:55
同步学订单到总库同步开始
2018-01-25 15:14:55
同步学订单到总库同步结束
2018-01-25 15:14:55
MOD2IBS同步开始
2018-01-25 15:14:56
MOD2IBS同步结束
2018-01-25 15:14:56
MOD2IBS同步结束
2018-01-25 15:14:56
MOD2IBS同步开始
2018-01-25 15:14:56
MOD2IBS同步开始
2018-01-25 15:14:56
MOD2IBS同步开始
2018-01-25 15:14:56
MOD2IBS同步结束
2018-01-25 15:14:58
MOD2IBS同步开始
2018-01-25 15:14:58
MOD2IBS同步结束
2018-01-25 15:14:58
班级变更同步学习报告记录到Redis结束
2018-01-25 15:14:59
MOD2IBS同步开始
2018-01-25 15:14:59
MOD2IBS同步结束
2018-01-25 15:15:04
MOD2IBS同步结束
2018-01-25 15:15:08
MOD2IBS同步开始
2018-01-25 15:15:08
MOD2IBS同步结束
2018-01-25 15:15:09
MOD2IBS同步结束
2018-01-25 15:15:09
同步学订单到总库同步结束
2018-01-25 15:15:14
MOD2IBS同步结束
2018-01-25 15:16:00
定时任务
2018-01-25 15:16:01
同步学订单到总库同步开始
2018-01-25 15:16:01
同步学订单到总库同步结束
2018-01-25 15:16:01
MOD2IBS同步开始
2018-01-25 15:16:01
MOD2IBS同步结束
2018-01-25 15:16:01
班级变更同步学习报告记录到Redis开始
2018-01-25 15:16:01
班级变更同步学习报告记录到Redis结束
2018-01-25 15:16:06
同步学订单到总库同步开始
2018-01-25 15:16:06
同步学订单到总库同步结束
2018-01-25 15:16:06
MOD2IBS同步开始
2018-01-25 15:16:06
MOD2IBS同步结束
2018-01-25 15:16:11
MOD2IBS同步开始
2018-01-25 15:16:11
同步学订单到总库同步结束
2018-01-25 15:16:16
MOD2IBS同步结束
2018-01-25 15:16:21
班级变更同步学习报告记录到Redis开始
2018-01-25 15:16:21
同步学订单到总库同步开始
2018-01-25 15:16:21
MOD2IBS同步结束
2018-01-25 15:16:26
同步学订单到总库同步开始
2018-01-25 15:16:26
MOD2IBS同步结束
2018-01-25 15:16:31
班级变更同步学习报告记录到Redis开始
2018-01-25 15:16:31
MOD2IBS同步结束
2018-01-25 15:16:36
同步学订单到总库同步开始
2018-01-25 15:16:36
MOD2IBS同步开始
2018-01-25 15:16:36
MOD2IBS同步结束
2018-01-25 15:16:41
MOD2IBS同步开始
2018-01-25 15:16:41
同步学订单到总库同步开始
2018-01-25 15:16:41
同步学订单到总库同步结束
2018-01-25 15:16:46
同步学订单到总库同步开始
2018-01-25 15:16:46
同步学订单到总库同步结束
2018-01-25 15:16:51
MOD2IBS同步开始
2018-01-25 15:16:51
班级变更同步学习报告记录到Redis开始
2018-01-25 15:16:51
MOD2IBS同步结束
2018-01-25 15:16:51
班级变更同步学习报告记录到Redis结束
2018-01-25 15:16:51
同步学订单到总库同步结束
2018-01-25 15:16:56
同步学订单到总库同步开始
2018-01-25 15:16:56
同步学订单到总库同步结束
2018-01-25 15:16:56
MOD2IBS同步开始
2018-01-25 15:16:56
MOD2IBS同步结束
2018-01-25 15:17:01
刷新课本剧排行榜redis数据开始
2018-01-25 15:17:01
刷新课本剧排行榜redis数据结束
2018-01-25 15:17:01
班级变更同步学习报告记录到Redis开始
2018-01-25 15:17:01
MOD2IBS同步开始
2018-01-25 15:17:01
同步学订单到总库同步结束
2018-01-25 15:17:01
MOD2IBS同步结束
2018-01-25 15:17:06
MOD2IBS同步开始
2018-01-25 15:17:06
MOD2IBS同步结束
2018-01-25 15:17:11
班级变更同步学习报告记录到Redis开始
2018-01-25 15:17:11
班级变更同步学习报告记录到Redis结束
2018-01-25 15:17:11
同步学订单到总库同步开始
2018-01-25 15:17:11
同步学订单到总库同步结束
2018-01-25 15:17:16
同步学订单到总库同步开始
2018-01-25 15:17:16
MOD2IBS同步结束
2018-01-25 15:17:21
MOD2IBS同步开始
2018-01-25 15:17:21
MOD2IBS同步结束
2018-01-25 15:17:21
MOD2IBS同步结束
2018-01-25 15:17:26
MOD2IBS同步结束
2018-01-25 15:17:31
班级变更同步学习报告记录到Redis开始
2018-01-25 15:17:31
班级变更同步学习报告记录到Redis结束
2018-01-25 15:17:35
MOD2IBS同步结束
2018-01-25 15:17:35
同步学订单到总库同步结束
2018-01-25 15:17:48
MOD2IBS同步开始
2018-01-25 15:17:49
同步学订单到总库同步开始
2018-01-25 15:17:51
MOD2IBS同步结束
2018-01-25 15:17:54
MOD2IBS同步开始
2018-01-25 15:17:58
MOD2IBS同步开始
2018-01-25 15:17:58
同步学订单到总库同步结束
2018-01-25 15:18:00
同步学订单到总库同步开始
2018-01-25 15:18:40
同步学订单到总库同步结束
2018-01-25 15:18:42
班级变更同步学习报告记录到Redis结束
2018-01-25 15:18:42
刷新课本剧排行榜redis数据结束
2018-01-25 15:18:42
MOD2IBS同步开始
2018-01-25 15:18:44
同步学订单到总库同步开始
2018-01-25 15:18:45
同步学订单到总库同步结束
2018-01-25 15:18:45
MOD2IBS同步开始
2018-01-25 15:18:45
MOD2IBS同步结束
2018-01-25 15:18:45
同步学订单到总库同步开始
2018-01-25 15:18:45
同步学订单到总库同步结束
2018-01-25 15:18:50
班级变更同步学习报告记录到Redis开始
2018-01-25 15:18:50
班级变更同步学习报告记录到Redis结束
2018-01-25 15:18:53
同步学订单到总库同步开始
2018-01-25 15:18:53
同步学订单到总库同步结束
2018-01-25 15:18:53
MOD2IBS同步开始
2018-01-25 15:18:53
MOD2IBS同步结束
2018-01-25 15:18:53
MOD2IBS同步开始
2018-01-25 15:18:53
MOD2IBS同步结束
2018-01-25 15:18:56
MOD2IBS同步结束
2018-01-25 15:19:01
同步学订单到总库同步结束
2018-01-25 15:19:05
同步学订单到总库同步开始
2018-01-25 15:19:06
MOD2IBS同步结束
2018-01-25 15:19:11
MOD2IBS同步结束
2018-01-25 15:19:11
同步学订单到总库同步结束
2018-01-25 15:19:16
同步学订单到总库同步开始
2018-01-25 15:19:16
MOD2IBS同步结束
2018-01-25 15:19:21
MOD2IBS同步开始
2018-01-25 15:19:21
MOD2IBS同步结束
2018-01-25 15:19:21
同步学订单到总库同步开始
2018-01-25 15:19:21
同步学订单到总库同步结束
2018-01-25 15:19:26
同步学订单到总库同步开始
2018-01-25 15:19:26
同步学订单到总库同步结束
2018-01-25 15:19:31
MOD2IBS同步开始
2018-01-25 15:19:31
同步学订单到总库同步结束
2018-01-25 15:19:36
MOD2IBS同步开始
2018-01-25 15:19:36
MOD2IBS同步结束
2018-01-25 15:19:36
同步学订单到总库同步结束
2018-01-25 15:19:38
刷新课本剧排行榜redis数据开始
2018-01-25 15:19:38
刷新课本剧排行榜redis数据结束
2018-01-25 15:19:41
班级变更同步学习报告记录到Redis开始
2018-01-25 15:19:41
同步学订单到总库同步开始
2018-01-25 15:19:41
班级变更同步学习报告记录到Redis结束
2018-01-25 15:19:41
MOD2IBS同步结束
2018-01-25 15:19:46
同步学订单到总库同步开始
2018-01-25 15:19:46
同步学订单到总库同步结束
2018-01-25 15:19:51
MOD2IBS同步开始
2018-01-25 15:19:51
班级变更同步学习报告记录到Redis结束
2018-01-25 15:19:51
同步学订单到总库同步结束
2018-01-25 15:19:56
同步学订单到总库同步开始
2018-01-25 15:19:56
同步学订单到总库同步结束
2018-01-25 15:19:56
MOD2IBS同步结束
2018-01-25 15:20:01
班级变更同步学习报告记录到Redis结束
2018-01-25 15:20:01
MOD2IBS同步开始
2018-01-25 15:20:01
MOD2IBS同步结束
2018-01-25 15:20:06
同步学订单到总库同步开始
2018-01-25 15:20:06
MOD2IBS同步结束
2018-01-25 15:20:11
班级变更同步学习报告记录到Redis开始
2018-01-25 15:20:11
MOD2IBS同步结束
2018-01-25 15:20:11
班级变更同步学习报告记录到Redis结束
2018-01-25 15:20:11
MOD2IBS同步开始
2018-01-25 15:20:11
MOD2IBS同步结束
2018-01-25 15:20:16
同步学订单到总库同步开始
2018-01-25 15:20:16
MOD2IBS同步结束
2018-01-25 15:20:21
MOD2IBS同步结束
2018-01-25 15:20:21
MOD2IBS同步开始
2018-01-25 15:20:21
MOD2IBS同步结束
2018-01-25 15:20:26
MOD2IBS同步开始
2018-01-25 15:20:26
同步学订单到总库同步开始
2018-01-25 15:20:26
同步学订单到总库同步结束
2018-01-25 15:20:31
班级变更同步学习报告记录到Redis开始
2018-01-25 15:20:31
班级变更同步学习报告记录到Redis结束
2018-01-25 15:20:31
同步学订单到总库同步开始
2018-01-25 15:20:31
同步学订单到总库同步结束
2018-01-25 15:20:31
MOD2IBS同步结束
2018-01-25 15:20:36
MOD2IBS同步开始
2018-01-25 15:20:36
MOD2IBS同步结束
2018-01-25 15:20:38
刷新课本剧排行榜redis数据开始
2018-01-25 15:20:38
刷新课本剧排行榜redis数据结束
2018-01-25 15:20:41
MOD2IBS同步开始
2018-01-25 15:20:41
MOD2IBS同步结束
2018-01-25 15:20:41
同步学订单到总库同步开始
2018-01-25 15:20:41
同步学订单到总库同步结束
2018-01-25 15:20:46
同步学订单到总库同步开始
2018-01-25 15:20:46
MOD2IBS同步结束
2018-01-25 15:20:46
同步学订单到总库同步结束
2018-01-25 15:20:51
MOD2IBS同步开始
2018-01-25 15:20:51
MOD2IBS同步结束
2018-01-25 15:20:51
同步学订单到总库同步开始
2018-01-25 15:20:51
同步学订单到总库同步结束
2018-01-25 15:20:51
MOD2IBS同步结束
2018-01-25 15:20:56
MOD2IBS同步开始
2018-01-25 15:20:56
MOD2IBS同步结束
2018-01-25 15:21:01
MOD2IBS同步开始
2018-01-25 15:21:01
MOD2IBS同步结束
2018-01-25 15:21:01
MOD2IBS同步开始
2018-01-25 15:21:01
MOD2IBS同步结束
2018-01-25 15:21:06
MOD2IBS同步开始
2018-01-25 15:21:06
同步学订单到总库同步开始
2018-01-25 15:21:06
同步学订单到总库同步结束
2018-01-25 15:24:56
定时任务
2018-01-25 15:24:56
同步学订单到总库同步开始
2018-01-25 15:24:56
同步学订单到总库同步结束
2018-01-25 15:24:56
MOD2IBS同步开始
2018-01-25 15:24:56
班级变更同步学习报告记录到Redis结束
2018-01-25 15:25:01
同步学订单到总库同步开始
2018-01-25 15:25:01
同步学订单到总库同步结束
2018-01-25 15:25:01
MOD2IBS同步开始
2018-01-25 15:25:01
MOD2IBS同步结束
2018-01-25 15:25:06
班级变更同步学习报告记录到Redis开始
2018-01-25 15:25:06
班级变更同步学习报告记录到Redis结束
2018-01-25 15:25:06
同步学订单到总库同步开始
2018-01-25 15:25:06
同步学订单到总库同步结束
2018-01-25 15:25:11
MOD2IBS同步开始
2018-01-25 15:25:11
MOD2IBS同步结束
2018-01-25 15:25:16
班级变更同步学习报告记录到Redis开始
2018-01-25 15:25:16
班级变更同步学习报告记录到Redis结束
2018-01-25 15:25:21
同步学订单到总库同步结束
2018-01-25 15:25:26
MOD2IBS同步开始
2018-01-25 15:25:26
同步学订单到总库同步开始
2018-01-25 15:25:26
MOD2IBS同步结束
2018-01-25 15:25:27
MOD2IBS同步结束
