2018-02-02 09:23:56
定时任务
2018-02-02 09:23:56
同步学订单到总库同步开始
2018-02-02 09:23:56
IBS新注册用户到MOD开始
2018-02-02 09:23:56
IBS新注册用户到MOD结束
2018-02-02 09:23:57
班级变更同步学习报告记录到Redis开始
2018-02-02 09:23:57
班级变更同步学习报告记录到Redis结束
2018-02-02 09:23:57
MOD2IBS同步开始
2018-02-02 09:23:57
MOD2IBS同步结束
2018-02-02 09:23:57
IBS名称为空修复脚本
2018-02-02 10:53:23
定时任务
2018-02-02 10:53:23
同步学订单到总库同步开始
2018-02-02 10:53:23
IBS新注册用户到MOD开始
2018-02-02 10:53:23
IBS新注册用户到MOD结束
2018-02-02 10:53:23
MOD2IBS同步开始
2018-02-02 10:53:23
班级变更同步学习报告记录到Redis开始
2018-02-02 10:53:23
MOD2IBS同步结束
2018-02-02 10:53:23
班级变更同步学习报告记录到Redis结束
2018-02-02 10:53:24
IBS名称为空修复脚本
2018-02-02 10:53:24
IBS名称为空修复脚本
2018-02-02 10:53:26
同步学订单到总库同步结束
2018-02-02 10:53:28
同步学订单到总库同步开始
2018-02-02 10:53:28
MOD2IBS同步开始
2018-02-02 10:53:33
MOD2IBS同步结束
2018-02-02 10:53:33
MOD2IBS同步开始
2018-02-02 10:53:33
MOD2IBS同步开始
2018-02-02 10:53:33
MOD2IBS同步结束
2018-02-02 10:53:33
班级变更同步学习报告记录到Redis开始
2018-02-02 10:53:33
班级变更同步学习报告记录到Redis结束
2018-02-02 10:53:34
同步学订单到总库同步结束
2018-02-02 10:53:34
同步学订单到总库同步开始
2018-02-02 10:53:37
同步学订单到总库同步结束
2018-02-02 10:53:38
MOD2IBS同步开始
2018-02-02 10:53:38
同步学订单到总库同步开始
2018-02-02 10:53:38
MOD2IBS同步结束
2018-02-02 10:53:43
同步学订单到总库同步结束
2018-02-02 10:53:43
班级变更同步学习报告记录到Redis开始
2018-02-02 10:53:43
班级变更同步学习报告记录到Redis结束
2018-02-02 10:53:43
MOD2IBS同步开始
2018-02-02 10:53:43
MOD2IBS同步结束
2018-02-02 10:53:43
同步学订单到总库同步开始
2018-02-02 10:53:43
MOD2IBS同步开始
2018-02-02 10:53:43
MOD2IBS同步结束
2018-02-02 10:53:47
同步学订单到总库同步结束
2018-02-02 10:53:48
MOD2IBS同步开始
2018-02-02 10:53:48
同步学订单到总库同步开始
2018-02-02 10:53:48
MOD2IBS同步结束
2018-02-02 10:53:52
同步学订单到总库同步结束
2018-02-02 10:53:53
班级变更同步学习报告记录到Redis开始
2018-02-02 10:53:53
MOD2IBS同步开始
2018-02-02 10:53:53
班级变更同步学习报告记录到Redis结束
2018-02-02 10:53:53
MOD2IBS同步结束
2018-02-02 10:53:53
MOD2IBS同步开始
2018-02-02 10:53:53
同步学订单到总库同步开始
2018-02-02 10:53:53
MOD2IBS同步结束
2018-02-02 10:53:58
同步学订单到总库同步结束
2018-02-02 10:53:58
MOD2IBS同步开始
2018-02-02 10:53:58
同步学订单到总库同步开始
2018-02-02 10:53:58
MOD2IBS同步结束
2018-02-02 10:54:02
同步学订单到总库同步结束
2018-02-02 10:54:03
MOD2IBS同步开始
2018-02-02 10:54:03
班级变更同步学习报告记录到Redis开始
2018-02-02 10:54:03
MOD2IBS同步结束
2018-02-02 10:54:03
班级变更同步学习报告记录到Redis结束
2018-02-02 10:54:03
同步学订单到总库同步开始
2018-02-02 10:54:03
MOD2IBS同步开始
2018-02-02 10:54:03
MOD2IBS同步结束
2018-02-02 10:54:08
同步学订单到总库同步结束
2018-02-02 10:54:08
MOD2IBS同步开始
2018-02-02 10:54:08
同步学订单到总库同步开始
2018-02-02 10:54:08
MOD2IBS同步结束
2018-02-02 10:54:12
同步学订单到总库同步结束
2018-02-02 10:54:13
班级变更同步学习报告记录到Redis开始
2018-02-02 10:54:13
MOD2IBS同步开始
2018-02-02 10:54:13
MOD2IBS同步结束
2018-02-02 10:54:13
班级变更同步学习报告记录到Redis结束
2018-02-02 10:54:13
MOD2IBS同步开始
2018-02-02 10:54:13
同步学订单到总库同步开始
2018-02-02 10:54:13
MOD2IBS同步结束
2018-02-02 10:54:17
同步学订单到总库同步结束
2018-02-02 10:54:18
MOD2IBS同步开始
2018-02-02 10:54:18
同步学订单到总库同步开始
2018-02-02 10:54:18
MOD2IBS同步结束
2018-02-02 10:54:21
同步学订单到总库同步结束
2018-02-02 10:54:23
IBS新注册用户到MOD开始
2018-02-02 10:54:23
刷新课本剧排行榜redis数据开始
2018-02-02 10:54:23
IBS新注册用户到MOD结束
2018-02-02 10:54:23
刷新课本剧排行榜redis数据结束
2018-02-02 10:54:23
MOD2IBS同步开始
2018-02-02 10:54:23
班级变更同步学习报告记录到Redis开始
2018-02-02 10:54:23
班级变更同步学习报告记录到Redis结束
2018-02-02 10:54:23
MOD2IBS同步结束
2018-02-02 10:54:24
同步学订单到总库同步开始
2018-02-02 10:54:24
同步学订单到总库同步结束
2018-02-02 10:54:24
MOD2IBS同步开始
2018-02-02 10:54:24
MOD2IBS同步结束
2018-02-02 10:54:29
同步学订单到总库同步开始
2018-02-02 10:54:29
MOD2IBS同步开始
2018-02-02 10:54:29
同步学订单到总库同步结束
2018-02-02 10:54:29
MOD2IBS同步结束
2018-02-02 10:54:33
班级变更同步学习报告记录到Redis开始
2018-02-02 10:54:33
MOD2IBS同步开始
2018-02-02 10:54:33
MOD2IBS同步结束
2018-02-02 10:54:33
班级变更同步学习报告记录到Redis结束
2018-02-02 10:54:34
MOD2IBS同步开始
2018-02-02 10:54:34
同步学订单到总库同步开始
2018-02-02 10:54:34
MOD2IBS同步结束
2018-02-02 10:54:34
同步学订单到总库同步结束
2018-02-02 10:54:39
MOD2IBS同步开始
2018-02-02 10:54:39
同步学订单到总库同步开始
2018-02-02 10:54:39
同步学订单到总库同步结束
2018-02-02 10:54:39
MOD2IBS同步结束
2018-02-02 10:54:43
班级变更同步学习报告记录到Redis开始
2018-02-02 10:54:43
MOD2IBS同步开始
2018-02-02 10:54:43
MOD2IBS同步结束
2018-02-02 10:54:43
班级变更同步学习报告记录到Redis结束
2018-02-02 10:54:44
同步学订单到总库同步开始
2018-02-02 10:54:44
MOD2IBS同步开始
2018-02-02 10:54:44
同步学订单到总库同步结束
2018-02-02 10:54:44
MOD2IBS同步结束
2018-02-02 10:54:49
同步学订单到总库同步开始
2018-02-02 10:54:49
MOD2IBS同步开始
2018-02-02 10:54:49
同步学订单到总库同步结束
2018-02-02 10:54:49
MOD2IBS同步结束
2018-02-02 10:54:53
班级变更同步学习报告记录到Redis开始
2018-02-02 10:54:53
MOD2IBS同步开始
2018-02-02 10:54:53
班级变更同步学习报告记录到Redis结束
2018-02-02 10:54:53
MOD2IBS同步结束
2018-02-02 10:54:54
MOD2IBS同步开始
2018-02-02 10:54:54
同步学订单到总库同步开始
2018-02-02 10:54:54
MOD2IBS同步结束
2018-02-02 10:54:54
同步学订单到总库同步结束
2018-02-02 10:54:59
MOD2IBS同步开始
2018-02-02 10:54:59
同步学订单到总库同步开始
2018-02-02 10:54:59
同步学订单到总库同步结束
2018-02-02 10:54:59
MOD2IBS同步结束
2018-02-02 10:55:03
MOD2IBS同步开始
2018-02-02 10:55:03
班级变更同步学习报告记录到Redis开始
2018-02-02 10:55:03
MOD2IBS同步结束
2018-02-02 10:55:04
班级变更同步学习报告记录到Redis结束
2018-02-02 10:55:04
同步学订单到总库同步开始
2018-02-02 10:55:04
MOD2IBS同步开始
2018-02-02 10:55:04
同步学订单到总库同步结束
2018-02-02 10:55:04
MOD2IBS同步结束
2018-02-02 10:55:09
MOD2IBS同步开始
2018-02-02 10:55:09
同步学订单到总库同步开始
2018-02-02 10:55:09
MOD2IBS同步结束
2018-02-02 10:55:09
同步学订单到总库同步结束
2018-02-02 10:55:13
MOD2IBS同步开始
2018-02-02 10:55:13
班级变更同步学习报告记录到Redis开始
2018-02-02 10:55:13
MOD2IBS同步结束
2018-02-02 10:55:14
班级变更同步学习报告记录到Redis结束
2018-02-02 10:55:14
MOD2IBS同步开始
2018-02-02 10:55:14
同步学订单到总库同步开始
2018-02-02 10:55:14
同步学订单到总库同步结束
2018-02-02 10:55:14
MOD2IBS同步结束
2018-02-02 10:55:19
同步学订单到总库同步开始
2018-02-02 10:55:19
MOD2IBS同步开始
2018-02-02 10:55:19
同步学订单到总库同步结束
2018-02-02 10:55:19
MOD2IBS同步结束
2018-02-02 10:55:23
IBS新注册用户到MOD开始
2018-02-02 10:55:23
刷新课本剧排行榜redis数据开始
2018-02-02 10:55:23
刷新课本剧排行榜redis数据结束
2018-02-02 10:55:23
IBS新注册用户到MOD结束
2018-02-02 10:55:24
MOD2IBS同步开始
2018-02-02 10:55:24
班级变更同步学习报告记录到Redis开始
2018-02-02 10:55:24
MOD2IBS同步结束
2018-02-02 10:55:24
班级变更同步学习报告记录到Redis结束
2018-02-02 10:55:24
同步学订单到总库同步开始
2018-02-02 10:55:24
MOD2IBS同步开始
2018-02-02 10:55:24
MOD2IBS同步结束
2018-02-02 10:55:24
同步学订单到总库同步结束
2018-02-02 10:55:29
同步学订单到总库同步开始
2018-02-02 10:55:29
MOD2IBS同步开始
2018-02-02 10:55:29
MOD2IBS同步结束
2018-02-02 10:55:29
同步学订单到总库同步结束
2018-02-02 10:55:34
MOD2IBS同步开始
2018-02-02 10:55:34
班级变更同步学习报告记录到Redis开始
2018-02-02 10:55:34
班级变更同步学习报告记录到Redis结束
2018-02-02 10:55:34
MOD2IBS同步结束
2018-02-02 10:55:34
MOD2IBS同步开始
2018-02-02 10:55:34
同步学订单到总库同步开始
2018-02-02 10:55:34
同步学订单到总库同步结束
2018-02-02 10:55:34
MOD2IBS同步结束
2018-02-02 10:55:39
MOD2IBS同步开始
2018-02-02 10:55:39
同步学订单到总库同步开始
2018-02-02 10:55:39
同步学订单到总库同步结束
2018-02-02 10:55:39
MOD2IBS同步结束
2018-02-02 10:55:44
MOD2IBS同步开始
2018-02-02 10:55:44
班级变更同步学习报告记录到Redis开始
2018-02-02 10:55:44
MOD2IBS同步结束
2018-02-02 10:55:44
班级变更同步学习报告记录到Redis结束
2018-02-02 10:55:44
MOD2IBS同步开始
2018-02-02 10:55:44
同步学订单到总库同步开始
2018-02-02 10:55:44
同步学订单到总库同步结束
2018-02-02 10:55:44
MOD2IBS同步结束
2018-02-02 10:55:49
同步学订单到总库同步开始
2018-02-02 10:55:49
MOD2IBS同步开始
2018-02-02 10:55:49
同步学订单到总库同步结束
2018-02-02 10:55:49
MOD2IBS同步结束
2018-02-02 10:55:54
MOD2IBS同步开始
2018-02-02 10:55:54
班级变更同步学习报告记录到Redis开始
2018-02-02 10:55:54
班级变更同步学习报告记录到Redis结束
2018-02-02 10:55:54
MOD2IBS同步结束
2018-02-02 10:55:54
MOD2IBS同步开始
2018-02-02 10:55:54
同步学订单到总库同步开始
2018-02-02 10:55:54
MOD2IBS同步结束
2018-02-02 10:55:54
同步学订单到总库同步结束
2018-02-02 10:55:59
MOD2IBS同步开始
2018-02-02 10:55:59
同步学订单到总库同步开始
2018-02-02 10:55:59
MOD2IBS同步结束
2018-02-02 10:55:59
同步学订单到总库同步结束
2018-02-02 10:56:04
MOD2IBS同步开始
2018-02-02 10:56:04
班级变更同步学习报告记录到Redis开始
2018-02-02 10:56:04
班级变更同步学习报告记录到Redis结束
2018-02-02 10:56:04
MOD2IBS同步结束
2018-02-02 10:56:04
同步学订单到总库同步开始
2018-02-02 10:56:04
MOD2IBS同步开始
2018-02-02 10:56:04
MOD2IBS同步结束
2018-02-02 10:56:04
同步学订单到总库同步结束
2018-02-02 10:56:09
MOD2IBS同步开始
2018-02-02 10:56:09
同步学订单到总库同步开始
2018-02-02 10:56:09
MOD2IBS同步结束
2018-02-02 10:56:09
同步学订单到总库同步结束
2018-02-02 10:56:14
班级变更同步学习报告记录到Redis开始
2018-02-02 10:56:14
MOD2IBS同步开始
2018-02-02 10:56:14
班级变更同步学习报告记录到Redis结束
2018-02-02 10:56:14
MOD2IBS同步结束
2018-02-02 10:56:14
同步学订单到总库同步开始
2018-02-02 10:56:14
MOD2IBS同步开始
2018-02-02 10:56:14
同步学订单到总库同步结束
2018-02-02 10:56:14
MOD2IBS同步结束
2018-02-02 10:56:19
MOD2IBS同步开始
2018-02-02 10:56:19
同步学订单到总库同步开始
2018-02-02 10:56:19
同步学订单到总库同步结束
2018-02-02 10:56:19
MOD2IBS同步结束
2018-02-02 10:56:23
IBS新注册用户到MOD开始
2018-02-02 10:56:23
刷新课本剧排行榜redis数据开始
2018-02-02 10:56:23
IBS新注册用户到MOD结束
2018-02-02 10:56:23
刷新课本剧排行榜redis数据结束
2018-02-02 10:56:24
MOD2IBS同步开始
2018-02-02 10:56:24
班级变更同步学习报告记录到Redis开始
2018-02-02 10:56:24
班级变更同步学习报告记录到Redis结束
2018-02-02 10:56:24
MOD2IBS同步结束
2018-02-02 10:56:24
MOD2IBS同步开始
2018-02-02 10:56:24
同步学订单到总库同步开始
2018-02-02 10:56:24
同步学订单到总库同步结束
2018-02-02 10:56:24
MOD2IBS同步结束
2018-02-02 10:56:29
同步学订单到总库同步开始
2018-02-02 10:56:29
MOD2IBS同步开始
2018-02-02 10:56:29
同步学订单到总库同步结束
2018-02-02 10:56:29
MOD2IBS同步结束
2018-02-02 10:56:34
班级变更同步学习报告记录到Redis开始
2018-02-02 10:56:34
MOD2IBS同步开始
2018-02-02 10:56:34
MOD2IBS同步结束
2018-02-02 10:56:34
班级变更同步学习报告记录到Redis结束
2018-02-02 10:56:34
同步学订单到总库同步开始
2018-02-02 10:56:34
MOD2IBS同步开始
2018-02-02 10:56:34
MOD2IBS同步结束
2018-02-02 10:56:34
同步学订单到总库同步结束
2018-02-02 10:56:39
MOD2IBS同步开始
2018-02-02 10:56:39
同步学订单到总库同步开始
2018-02-02 10:56:39
MOD2IBS同步结束
2018-02-02 10:56:39
同步学订单到总库同步结束
2018-02-02 10:56:44
班级变更同步学习报告记录到Redis开始
2018-02-02 10:56:44
MOD2IBS同步开始
2018-02-02 10:56:44
MOD2IBS同步结束
2018-02-02 10:56:44
班级变更同步学习报告记录到Redis结束
2018-02-02 10:56:44
同步学订单到总库同步开始
2018-02-02 10:56:44
MOD2IBS同步开始
2018-02-02 10:56:44
同步学订单到总库同步结束
2018-02-02 10:56:44
MOD2IBS同步结束
2018-02-02 10:56:49
MOD2IBS同步开始
2018-02-02 10:56:49
同步学订单到总库同步开始
2018-02-02 10:56:49
同步学订单到总库同步结束
2018-02-02 10:56:49
MOD2IBS同步结束
2018-02-02 10:56:54
班级变更同步学习报告记录到Redis开始
2018-02-02 10:56:54
MOD2IBS同步开始
2018-02-02 10:56:54
MOD2IBS同步结束
2018-02-02 10:56:54
班级变更同步学习报告记录到Redis结束
2018-02-02 10:56:54
同步学订单到总库同步开始
2018-02-02 10:56:54
MOD2IBS同步开始
2018-02-02 10:56:54
MOD2IBS同步结束
2018-02-02 10:56:54
同步学订单到总库同步结束
2018-02-02 10:56:59
同步学订单到总库同步开始
2018-02-02 10:56:59
MOD2IBS同步开始
2018-02-02 10:56:59
MOD2IBS同步结束
2018-02-02 10:56:59
同步学订单到总库同步结束
2018-02-02 10:57:04
MOD2IBS同步开始
2018-02-02 10:57:04
班级变更同步学习报告记录到Redis开始
2018-02-02 10:57:04
MOD2IBS同步结束
2018-02-02 10:57:04
班级变更同步学习报告记录到Redis结束
2018-02-02 10:57:04
MOD2IBS同步开始
2018-02-02 10:57:04
同步学订单到总库同步开始
2018-02-02 10:57:04
同步学订单到总库同步结束
2018-02-02 10:57:04
MOD2IBS同步结束
2018-02-02 10:57:09
同步学订单到总库同步开始
2018-02-02 10:57:09
MOD2IBS同步开始
2018-02-02 10:57:09
同步学订单到总库同步结束
2018-02-02 10:57:09
MOD2IBS同步结束
2018-02-02 10:57:14
MOD2IBS同步开始
2018-02-02 10:57:14
班级变更同步学习报告记录到Redis开始
2018-02-02 10:57:14
班级变更同步学习报告记录到Redis结束
2018-02-02 10:57:14
MOD2IBS同步结束
2018-02-02 10:57:14
MOD2IBS同步开始
2018-02-02 10:57:14
同步学订单到总库同步开始
2018-02-02 10:57:14
MOD2IBS同步结束
2018-02-02 10:57:14
同步学订单到总库同步结束
2018-02-02 10:57:19
MOD2IBS同步开始
2018-02-02 10:57:19
同步学订单到总库同步开始
2018-02-02 10:57:19
MOD2IBS同步结束
2018-02-02 10:57:19
同步学订单到总库同步结束
2018-02-02 10:57:23
IBS新注册用户到MOD开始
2018-02-02 10:57:23
刷新课本剧排行榜redis数据开始
2018-02-02 10:57:23
刷新课本剧排行榜redis数据结束
2018-02-02 10:57:23
IBS新注册用户到MOD结束
2018-02-02 10:57:24
班级变更同步学习报告记录到Redis开始
2018-02-02 10:57:24
MOD2IBS同步开始
2018-02-02 10:57:24
MOD2IBS同步结束
2018-02-02 10:57:24
班级变更同步学习报告记录到Redis结束
2018-02-02 10:57:24
MOD2IBS同步开始
2018-02-02 10:57:24
同步学订单到总库同步开始
2018-02-02 10:57:24
同步学订单到总库同步结束
2018-02-02 10:57:24
MOD2IBS同步结束
2018-02-02 10:57:29
同步学订单到总库同步开始
2018-02-02 10:57:29
MOD2IBS同步开始
2018-02-02 10:57:29
MOD2IBS同步结束
2018-02-02 10:57:29
同步学订单到总库同步结束
2018-02-02 10:57:34
MOD2IBS同步开始
2018-02-02 10:57:34
班级变更同步学习报告记录到Redis开始
2018-02-02 10:57:34
MOD2IBS同步结束
2018-02-02 10:57:34
班级变更同步学习报告记录到Redis结束
2018-02-02 10:57:34
MOD2IBS同步开始
2018-02-02 10:57:34
同步学订单到总库同步开始
2018-02-02 10:57:34
同步学订单到总库同步结束
2018-02-02 10:57:34
MOD2IBS同步结束
2018-02-02 10:57:39
同步学订单到总库同步开始
2018-02-02 10:57:39
MOD2IBS同步开始
2018-02-02 10:57:39
MOD2IBS同步结束
2018-02-02 10:57:39
同步学订单到总库同步结束
2018-02-02 10:57:44
MOD2IBS同步开始
2018-02-02 10:57:44
班级变更同步学习报告记录到Redis开始
2018-02-02 10:57:44
班级变更同步学习报告记录到Redis结束
2018-02-02 10:57:44
MOD2IBS同步结束
2018-02-02 10:57:44
同步学订单到总库同步开始
2018-02-02 10:57:44
MOD2IBS同步开始
2018-02-02 10:57:44
同步学订单到总库同步结束
2018-02-02 10:57:44
MOD2IBS同步结束
2018-02-02 10:57:49
MOD2IBS同步开始
2018-02-02 10:57:49
同步学订单到总库同步开始
2018-02-02 10:57:49
同步学订单到总库同步结束
2018-02-02 10:57:49
MOD2IBS同步结束
2018-02-02 10:57:54
班级变更同步学习报告记录到Redis开始
2018-02-02 10:57:54
MOD2IBS同步开始
2018-02-02 10:57:54
MOD2IBS同步结束
2018-02-02 10:57:54
班级变更同步学习报告记录到Redis结束
2018-02-02 10:57:54
MOD2IBS同步开始
2018-02-02 10:57:54
同步学订单到总库同步开始
2018-02-02 10:57:54
MOD2IBS同步结束
2018-02-02 10:57:54
同步学订单到总库同步结束
2018-02-02 10:57:59
同步学订单到总库同步开始
2018-02-02 10:57:59
MOD2IBS同步开始
2018-02-02 10:57:59
同步学订单到总库同步结束
2018-02-02 10:57:59
MOD2IBS同步结束
2018-02-02 10:58:04
班级变更同步学习报告记录到Redis开始
2018-02-02 10:58:04
MOD2IBS同步开始
2018-02-02 10:58:04
班级变更同步学习报告记录到Redis结束
2018-02-02 10:58:04
MOD2IBS同步结束
2018-02-02 10:58:04
同步学订单到总库同步开始
2018-02-02 10:58:04
MOD2IBS同步开始
2018-02-02 10:58:04
同步学订单到总库同步结束
2018-02-02 10:58:04
MOD2IBS同步结束
2018-02-02 10:58:09
MOD2IBS同步开始
2018-02-02 10:58:09
同步学订单到总库同步开始
2018-02-02 10:58:09
MOD2IBS同步结束
2018-02-02 10:58:09
同步学订单到总库同步结束
2018-02-02 10:58:14
MOD2IBS同步开始
2018-02-02 10:58:14
班级变更同步学习报告记录到Redis开始
2018-02-02 10:58:14
班级变更同步学习报告记录到Redis结束
2018-02-02 10:58:14
MOD2IBS同步结束
2018-02-02 10:58:14
同步学订单到总库同步开始
2018-02-02 10:58:14
MOD2IBS同步开始
2018-02-02 10:58:14
同步学订单到总库同步结束
2018-02-02 10:58:14
MOD2IBS同步结束
2018-02-02 10:58:19
MOD2IBS同步开始
2018-02-02 10:58:19
同步学订单到总库同步开始
2018-02-02 10:58:19
MOD2IBS同步结束
2018-02-02 10:58:19
同步学订单到总库同步结束
2018-02-02 10:58:23
IBS新注册用户到MOD开始
2018-02-02 10:58:23
刷新课本剧排行榜redis数据开始
2018-02-02 10:58:23
IBS新注册用户到MOD结束
2018-02-02 10:58:23
刷新课本剧排行榜redis数据结束
2018-02-02 10:58:24
班级变更同步学习报告记录到Redis开始
2018-02-02 10:58:24
MOD2IBS同步开始
2018-02-02 10:58:24
班级变更同步学习报告记录到Redis结束
2018-02-02 10:58:24
MOD2IBS同步结束
2018-02-02 10:58:24
同步学订单到总库同步开始
2018-02-02 10:58:24
MOD2IBS同步开始
2018-02-02 10:58:24
同步学订单到总库同步结束
2018-02-02 10:58:24
MOD2IBS同步结束
2018-02-02 10:58:29
同步学订单到总库同步开始
2018-02-02 10:58:29
同步学订单到总库同步结束
2018-02-02 10:58:29
MOD2IBS同步开始
2018-02-02 10:58:29
MOD2IBS同步结束
2018-02-02 10:58:34
班级变更同步学习报告记录到Redis开始
2018-02-02 10:58:34
MOD2IBS同步开始
2018-02-02 10:58:34
MOD2IBS同步结束
2018-02-02 10:58:34
班级变更同步学习报告记录到Redis结束
2018-02-02 10:58:34
MOD2IBS同步开始
2018-02-02 10:58:34
同步学订单到总库同步开始
2018-02-02 10:58:34
同步学订单到总库同步结束
2018-02-02 10:58:34
MOD2IBS同步结束
2018-02-02 10:58:39
同步学订单到总库同步开始
2018-02-02 10:58:39
MOD2IBS同步开始
2018-02-02 10:58:39
同步学订单到总库同步结束
2018-02-02 10:58:39
MOD2IBS同步结束
2018-02-02 10:58:44
班级变更同步学习报告记录到Redis开始
2018-02-02 10:58:44
MOD2IBS同步开始
2018-02-02 10:58:44
班级变更同步学习报告记录到Redis结束
2018-02-02 10:58:44
MOD2IBS同步结束
2018-02-02 10:58:44
同步学订单到总库同步开始
2018-02-02 10:58:44
MOD2IBS同步开始
2018-02-02 10:58:44
同步学订单到总库同步结束
2018-02-02 10:58:44
MOD2IBS同步结束
2018-02-02 10:58:49
MOD2IBS同步开始
2018-02-02 10:58:49
同步学订单到总库同步开始
2018-02-02 10:58:49
同步学订单到总库同步结束
2018-02-02 10:58:49
MOD2IBS同步结束
2018-02-02 10:58:54
MOD2IBS同步开始
2018-02-02 10:58:54
MOD2IBS同步结束
2018-02-02 10:58:54
班级变更同步学习报告记录到Redis结束
2018-02-02 10:58:54
MOD2IBS同步开始
2018-02-02 10:58:54
同步学订单到总库同步开始
2018-02-02 10:58:54
MOD2IBS同步结束
2018-02-02 10:58:54
同步学订单到总库同步结束
2018-02-02 10:58:59
同步学订单到总库同步开始
2018-02-02 10:58:59
MOD2IBS同步开始
2018-02-02 10:58:59
同步学订单到总库同步结束
2018-02-02 10:58:59
MOD2IBS同步结束
2018-02-02 10:59:04
MOD2IBS同步开始
2018-02-02 10:59:04
班级变更同步学习报告记录到Redis开始
2018-02-02 10:59:04
MOD2IBS同步结束
2018-02-02 10:59:04
班级变更同步学习报告记录到Redis结束
2018-02-02 10:59:04
同步学订单到总库同步开始
2018-02-02 10:59:04
MOD2IBS同步开始
2018-02-02 10:59:04
同步学订单到总库同步结束
2018-02-02 10:59:04
MOD2IBS同步结束
2018-02-02 10:59:09
同步学订单到总库同步开始
2018-02-02 10:59:09
MOD2IBS同步开始
2018-02-02 10:59:09
同步学订单到总库同步结束
2018-02-02 10:59:09
MOD2IBS同步结束
2018-02-02 10:59:14
班级变更同步学习报告记录到Redis开始
2018-02-02 10:59:14
MOD2IBS同步开始
2018-02-02 10:59:14
班级变更同步学习报告记录到Redis结束
2018-02-02 10:59:14
MOD2IBS同步结束
2018-02-02 10:59:14
同步学订单到总库同步开始
2018-02-02 10:59:14
MOD2IBS同步开始
2018-02-02 10:59:14
同步学订单到总库同步结束
2018-02-02 10:59:14
MOD2IBS同步结束
2018-02-02 10:59:19
MOD2IBS同步开始
2018-02-02 10:59:19
同步学订单到总库同步开始
2018-02-02 10:59:19
同步学订单到总库同步结束
2018-02-02 10:59:19
MOD2IBS同步结束
2018-02-02 10:59:23
IBS新注册用户到MOD开始
2018-02-02 10:59:23
刷新课本剧排行榜redis数据开始
2018-02-02 10:59:23
IBS新注册用户到MOD结束
2018-02-02 10:59:23
刷新课本剧排行榜redis数据结束
2018-02-02 10:59:24
MOD2IBS同步开始
2018-02-02 10:59:24
班级变更同步学习报告记录到Redis开始
2018-02-02 10:59:24
MOD2IBS同步结束
2018-02-02 10:59:24
班级变更同步学习报告记录到Redis结束
2018-02-02 10:59:24
MOD2IBS同步开始
2018-02-02 10:59:24
同步学订单到总库同步开始
2018-02-02 10:59:24
MOD2IBS同步结束
2018-02-02 10:59:24
同步学订单到总库同步结束
2018-02-02 10:59:29
MOD2IBS同步开始
2018-02-02 10:59:29
同步学订单到总库同步开始
2018-02-02 10:59:29
MOD2IBS同步结束
2018-02-02 10:59:29
同步学订单到总库同步结束
2018-02-02 10:59:34
MOD2IBS同步开始
2018-02-02 10:59:34
班级变更同步学习报告记录到Redis开始
2018-02-02 10:59:34
MOD2IBS同步结束
2018-02-02 10:59:34
班级变更同步学习报告记录到Redis结束
2018-02-02 10:59:34
同步学订单到总库同步开始
2018-02-02 10:59:34
MOD2IBS同步开始
2018-02-02 10:59:34
同步学订单到总库同步结束
2018-02-02 10:59:34
MOD2IBS同步结束
2018-02-02 10:59:39
MOD2IBS同步开始
2018-02-02 10:59:39
同步学订单到总库同步开始
2018-02-02 10:59:39
MOD2IBS同步结束
2018-02-02 10:59:39
同步学订单到总库同步结束
2018-02-02 10:59:44
MOD2IBS同步开始
2018-02-02 10:59:44
班级变更同步学习报告记录到Redis开始
2018-02-02 10:59:44
MOD2IBS同步结束
2018-02-02 10:59:44
班级变更同步学习报告记录到Redis结束
2018-02-02 10:59:44
MOD2IBS同步开始
2018-02-02 10:59:44
同步学订单到总库同步开始
2018-02-02 10:59:44
MOD2IBS同步结束
2018-02-02 10:59:44
同步学订单到总库同步结束
2018-02-02 10:59:49
MOD2IBS同步开始
2018-02-02 10:59:49
同步学订单到总库同步开始
2018-02-02 10:59:49
同步学订单到总库同步结束
2018-02-02 10:59:49
MOD2IBS同步结束
2018-02-02 10:59:54
MOD2IBS同步开始
2018-02-02 10:59:54
班级变更同步学习报告记录到Redis开始
2018-02-02 10:59:54
班级变更同步学习报告记录到Redis结束
2018-02-02 10:59:54
MOD2IBS同步结束
2018-02-02 10:59:54
MOD2IBS同步开始
2018-02-02 10:59:54
同步学订单到总库同步开始
2018-02-02 10:59:54
MOD2IBS同步结束
2018-02-02 10:59:54
同步学订单到总库同步结束
2018-02-02 10:59:59
同步学订单到总库同步开始
2018-02-02 10:59:59
MOD2IBS同步开始
2018-02-02 10:59:59
同步学订单到总库同步结束
2018-02-02 10:59:59
MOD2IBS同步结束
2018-02-02 11:00:04
MOD2IBS同步开始
2018-02-02 11:00:04
班级变更同步学习报告记录到Redis开始
2018-02-02 11:00:04
MOD2IBS同步结束
2018-02-02 11:00:04
班级变更同步学习报告记录到Redis结束
2018-02-02 11:00:04
MOD2IBS同步开始
2018-02-02 11:00:04
同步学订单到总库同步开始
2018-02-02 11:00:04
MOD2IBS同步结束
2018-02-02 11:00:04
同步学订单到总库同步结束
2018-02-02 11:00:09
同步学订单到总库同步开始
2018-02-02 11:00:09
MOD2IBS同步开始
2018-02-02 11:00:09
同步学订单到总库同步结束
2018-02-02 11:00:09
MOD2IBS同步结束
2018-02-02 11:00:14
班级变更同步学习报告记录到Redis开始
2018-02-02 11:00:14
MOD2IBS同步开始
2018-02-02 11:00:14
班级变更同步学习报告记录到Redis结束
2018-02-02 11:00:14
MOD2IBS同步结束
2018-02-02 11:00:14
同步学订单到总库同步开始
2018-02-02 11:00:14
MOD2IBS同步开始
2018-02-02 11:00:14
同步学订单到总库同步结束
2018-02-02 11:00:14
MOD2IBS同步结束
2018-02-02 11:00:19
MOD2IBS同步开始
2018-02-02 11:00:19
同步学订单到总库同步开始
2018-02-02 11:00:19
MOD2IBS同步结束
2018-02-02 11:00:19
同步学订单到总库同步结束
2018-02-02 11:00:23
IBS新注册用户到MOD开始
2018-02-02 11:00:24
刷新课本剧排行榜redis数据开始
2018-02-02 11:00:24
刷新课本剧排行榜redis数据结束
2018-02-02 11:00:24
IBS新注册用户到MOD结束
2018-02-02 11:00:24
班级变更同步学习报告记录到Redis开始
2018-02-02 11:00:24
MOD2IBS同步开始
2018-02-02 11:00:24
班级变更同步学习报告记录到Redis结束
2018-02-02 11:00:24
MOD2IBS同步结束
2018-02-02 11:00:24
同步学订单到总库同步开始
2018-02-02 11:00:24
MOD2IBS同步开始
2018-02-02 11:00:24
同步学订单到总库同步结束
2018-02-02 11:00:24
MOD2IBS同步结束
2018-02-02 11:00:29
同步学订单到总库同步开始
2018-02-02 11:00:29
MOD2IBS同步开始
2018-02-02 11:00:29
同步学订单到总库同步结束
2018-02-02 11:00:29
MOD2IBS同步结束
2018-02-02 11:00:34
MOD2IBS同步开始
2018-02-02 11:00:34
班级变更同步学习报告记录到Redis开始
2018-02-02 11:00:34
MOD2IBS同步结束
2018-02-02 11:00:34
班级变更同步学习报告记录到Redis结束
2018-02-02 11:00:34
MOD2IBS同步开始
2018-02-02 11:00:34
同步学订单到总库同步开始
2018-02-02 11:00:34
MOD2IBS同步结束
2018-02-02 11:00:34
同步学订单到总库同步结束
2018-02-02 11:00:39
同步学订单到总库同步开始
2018-02-02 11:00:39
MOD2IBS同步开始
2018-02-02 11:00:39
同步学订单到总库同步结束
2018-02-02 11:00:39
MOD2IBS同步结束
2018-02-02 11:00:44
MOD2IBS同步开始
2018-02-02 11:00:44
班级变更同步学习报告记录到Redis开始
2018-02-02 11:00:44
MOD2IBS同步结束
2018-02-02 11:00:44
班级变更同步学习报告记录到Redis结束
2018-02-02 11:00:44
同步学订单到总库同步开始
2018-02-02 11:00:44
MOD2IBS同步开始
2018-02-02 11:00:44
同步学订单到总库同步结束
2018-02-02 11:00:44
MOD2IBS同步结束
2018-02-02 11:00:49
同步学订单到总库同步开始
2018-02-02 11:00:49
MOD2IBS同步开始
2018-02-02 11:00:49
MOD2IBS同步结束
2018-02-02 11:00:49
同步学订单到总库同步结束
2018-02-02 11:00:54
MOD2IBS同步开始
2018-02-02 11:00:54
班级变更同步学习报告记录到Redis开始
2018-02-02 11:00:54
MOD2IBS同步结束
2018-02-02 11:00:54
班级变更同步学习报告记录到Redis结束
2018-02-02 11:00:54
同步学订单到总库同步开始
2018-02-02 11:00:54
MOD2IBS同步开始
2018-02-02 11:00:54
MOD2IBS同步结束
2018-02-02 11:00:54
同步学订单到总库同步结束
2018-02-02 11:00:59
MOD2IBS同步开始
2018-02-02 11:00:59
同步学订单到总库同步开始
2018-02-02 11:00:59
MOD2IBS同步结束
2018-02-02 11:00:59
同步学订单到总库同步结束
2018-02-02 11:01:04
MOD2IBS同步开始
2018-02-02 11:01:04
班级变更同步学习报告记录到Redis开始
2018-02-02 11:01:04
班级变更同步学习报告记录到Redis结束
2018-02-02 11:01:04
MOD2IBS同步结束
2018-02-02 11:01:04
同步学订单到总库同步开始
2018-02-02 11:01:04
MOD2IBS同步开始
2018-02-02 11:01:04
同步学订单到总库同步结束
2018-02-02 11:01:04
MOD2IBS同步结束
2018-02-02 11:01:09
同步学订单到总库同步开始
2018-02-02 11:01:09
MOD2IBS同步开始
2018-02-02 11:01:09
MOD2IBS同步结束
2018-02-02 11:01:14
MOD2IBS同步开始
2018-02-02 11:01:14
班级变更同步学习报告记录到Redis开始
2018-02-02 11:01:14
MOD2IBS同步结束
2018-02-02 11:01:14
班级变更同步学习报告记录到Redis结束
2018-02-02 11:01:14
MOD2IBS同步开始
2018-02-02 11:01:14
同步学订单到总库同步开始
2018-02-02 11:01:14
MOD2IBS同步结束
2018-02-02 11:01:14
同步学订单到总库同步结束
2018-02-02 11:01:19
MOD2IBS同步开始
2018-02-02 11:01:19
同步学订单到总库同步开始
2018-02-02 11:01:19
MOD2IBS同步结束
2018-02-02 11:01:19
同步学订单到总库同步结束
2018-02-02 11:01:24
刷新课本剧排行榜redis数据开始
2018-02-02 11:01:24
IBS新注册用户到MOD开始
2018-02-02 11:01:24
刷新课本剧排行榜redis数据结束
2018-02-02 11:01:24
IBS新注册用户到MOD结束
2018-02-02 11:01:24
班级变更同步学习报告记录到Redis开始
2018-02-02 11:01:24
MOD2IBS同步开始
2018-02-02 11:01:24
班级变更同步学习报告记录到Redis结束
2018-02-02 11:01:24
MOD2IBS同步结束
2018-02-02 11:01:24
MOD2IBS同步开始
2018-02-02 11:01:24
同步学订单到总库同步开始
2018-02-02 11:01:24
同步学订单到总库同步结束
2018-02-02 11:01:24
MOD2IBS同步结束
2018-02-02 11:01:29
同步学订单到总库同步开始
2018-02-02 11:01:29
同步学订单到总库同步结束
2018-02-02 11:01:29
MOD2IBS同步结束
2018-02-02 11:01:34
班级变更同步学习报告记录到Redis开始
2018-02-02 11:01:34
MOD2IBS同步开始
2018-02-02 11:01:34
MOD2IBS同步结束
2018-02-02 11:01:34
班级变更同步学习报告记录到Redis结束
2018-02-02 11:01:34
同步学订单到总库同步开始
2018-02-02 11:01:34
MOD2IBS同步开始
2018-02-02 11:01:34
同步学订单到总库同步结束
2018-02-02 11:01:34
MOD2IBS同步结束
2018-02-02 11:01:39
MOD2IBS同步开始
2018-02-02 11:01:39
同步学订单到总库同步开始
2018-02-02 11:01:39
MOD2IBS同步结束
2018-02-02 11:01:39
同步学订单到总库同步结束
2018-02-02 11:01:44
班级变更同步学习报告记录到Redis开始
2018-02-02 11:01:44
MOD2IBS同步开始
2018-02-02 11:01:44
MOD2IBS同步结束
2018-02-02 11:01:44
班级变更同步学习报告记录到Redis结束
2018-02-02 11:01:44
MOD2IBS同步开始
2018-02-02 11:01:44
同步学订单到总库同步开始
2018-02-02 11:01:44
MOD2IBS同步结束
2018-02-02 11:01:44
同步学订单到总库同步结束
2018-02-02 11:01:49
同步学订单到总库同步开始
2018-02-02 11:01:49
MOD2IBS同步开始
2018-02-02 11:01:49
MOD2IBS同步结束
2018-02-02 11:01:54
班级变更同步学习报告记录到Redis开始
2018-02-02 11:01:54
MOD2IBS同步开始
2018-02-02 11:01:54
班级变更同步学习报告记录到Redis结束
2018-02-02 11:01:54
MOD2IBS同步结束
2018-02-02 11:01:54
同步学订单到总库同步开始
2018-02-02 11:01:54
MOD2IBS同步开始
2018-02-02 11:01:54
同步学订单到总库同步结束
2018-02-02 11:01:54
MOD2IBS同步结束
2018-02-02 11:01:59
同步学订单到总库同步开始
2018-02-02 11:01:59
MOD2IBS同步开始
2018-02-02 11:01:59
MOD2IBS同步结束
2018-02-02 11:01:59
同步学订单到总库同步结束
2018-02-02 11:02:04
班级变更同步学习报告记录到Redis开始
2018-02-02 11:02:04
MOD2IBS同步开始
2018-02-02 11:02:04
班级变更同步学习报告记录到Redis结束
2018-02-02 11:02:04
MOD2IBS同步结束
2018-02-02 11:02:04
同步学订单到总库同步开始
2018-02-02 11:02:04
MOD2IBS同步开始
2018-02-02 11:02:04
MOD2IBS同步结束
2018-02-02 11:02:04
同步学订单到总库同步结束
2018-02-02 11:02:09
同步学订单到总库同步开始
2018-02-02 11:02:09
MOD2IBS同步开始
2018-02-02 11:02:09
同步学订单到总库同步结束
2018-02-02 11:02:09
MOD2IBS同步结束
2018-02-02 11:02:14
班级变更同步学习报告记录到Redis开始
2018-02-02 11:02:14
MOD2IBS同步开始
2018-02-02 11:02:14
班级变更同步学习报告记录到Redis结束
2018-02-02 11:02:14
MOD2IBS同步结束
2018-02-02 11:02:14
MOD2IBS同步开始
2018-02-02 11:02:14
同步学订单到总库同步开始
2018-02-02 11:02:14
MOD2IBS同步结束
2018-02-02 11:02:14
同步学订单到总库同步结束
2018-02-02 11:02:19
同步学订单到总库同步开始
2018-02-02 11:02:19
MOD2IBS同步开始
2018-02-02 11:02:19
同步学订单到总库同步结束
2018-02-02 11:02:19
MOD2IBS同步结束
2018-02-02 11:02:24
IBS新注册用户到MOD开始
2018-02-02 11:02:24
刷新课本剧排行榜redis数据开始
2018-02-02 11:02:24
IBS新注册用户到MOD结束
2018-02-02 11:02:24
刷新课本剧排行榜redis数据结束
2018-02-02 11:02:24
MOD2IBS同步开始
2018-02-02 11:02:24
班级变更同步学习报告记录到Redis开始
2018-02-02 11:02:24
班级变更同步学习报告记录到Redis结束
2018-02-02 11:02:24
MOD2IBS同步结束
2018-02-02 11:02:24
同步学订单到总库同步开始
2018-02-02 11:02:24
MOD2IBS同步开始
2018-02-02 11:02:24
同步学订单到总库同步结束
2018-02-02 11:02:24
MOD2IBS同步结束
2018-02-02 11:02:29
MOD2IBS同步开始
2018-02-02 11:02:29
同步学订单到总库同步开始
2018-02-02 11:02:29
MOD2IBS同步结束
2018-02-02 11:02:29
同步学订单到总库同步结束
2018-02-02 11:02:34
MOD2IBS同步开始
2018-02-02 11:02:34
班级变更同步学习报告记录到Redis开始
2018-02-02 11:02:34
MOD2IBS同步结束
2018-02-02 11:02:34
班级变更同步学习报告记录到Redis结束
2018-02-02 11:02:34
同步学订单到总库同步开始
2018-02-02 11:02:34
MOD2IBS同步开始
2018-02-02 11:02:34
MOD2IBS同步结束
2018-02-02 11:02:34
同步学订单到总库同步结束
2018-02-02 11:02:39
同步学订单到总库同步开始
2018-02-02 11:02:39
MOD2IBS同步开始
2018-02-02 11:02:39
同步学订单到总库同步结束
2018-02-02 11:02:39
MOD2IBS同步结束
2018-02-02 11:02:44
MOD2IBS同步开始
2018-02-02 11:02:44
班级变更同步学习报告记录到Redis开始
2018-02-02 11:02:44
MOD2IBS同步结束
2018-02-02 11:02:44
班级变更同步学习报告记录到Redis结束
2018-02-02 11:02:44
MOD2IBS同步开始
2018-02-02 11:02:44
同步学订单到总库同步开始
2018-02-02 11:02:44
同步学订单到总库同步结束
2018-02-02 11:02:44
MOD2IBS同步结束
2018-02-02 11:02:49
同步学订单到总库同步开始
2018-02-02 11:02:49
MOD2IBS同步开始
2018-02-02 11:02:49
同步学订单到总库同步结束
2018-02-02 11:02:49
MOD2IBS同步结束
2018-02-02 11:02:54
班级变更同步学习报告记录到Redis开始
2018-02-02 11:02:54
MOD2IBS同步开始
2018-02-02 11:02:54
班级变更同步学习报告记录到Redis结束
2018-02-02 11:02:54
MOD2IBS同步结束
2018-02-02 11:02:54
MOD2IBS同步开始
2018-02-02 11:02:54
同步学订单到总库同步开始
2018-02-02 11:02:54
MOD2IBS同步结束
2018-02-02 11:02:54
同步学订单到总库同步结束
2018-02-02 11:02:59
MOD2IBS同步开始
2018-02-02 11:02:59
同步学订单到总库同步开始
2018-02-02 11:02:59
MOD2IBS同步结束
2018-02-02 11:02:59
同步学订单到总库同步结束
2018-02-02 11:03:04
MOD2IBS同步开始
2018-02-02 11:03:04
MOD2IBS同步结束
2018-02-02 11:03:04
班级变更同步学习报告记录到Redis结束
2018-02-02 11:03:04
同步学订单到总库同步开始
2018-02-02 11:03:04
MOD2IBS同步开始
2018-02-02 11:03:04
MOD2IBS同步结束
2018-02-02 11:03:04
同步学订单到总库同步结束
2018-02-02 11:03:09
同步学订单到总库同步开始
2018-02-02 11:03:09
MOD2IBS同步开始
2018-02-02 11:03:09
MOD2IBS同步结束
2018-02-02 11:03:09
同步学订单到总库同步结束
2018-02-02 11:03:14
班级变更同步学习报告记录到Redis开始
2018-02-02 11:03:14
MOD2IBS同步开始
2018-02-02 11:03:14
班级变更同步学习报告记录到Redis结束
2018-02-02 11:03:14
MOD2IBS同步结束
2018-02-02 11:03:14
MOD2IBS同步开始
2018-02-02 11:03:14
同步学订单到总库同步开始
2018-02-02 11:03:14
MOD2IBS同步结束
2018-02-02 11:03:14
同步学订单到总库同步结束
2018-02-02 11:03:19
MOD2IBS同步开始
2018-02-02 11:03:19
同步学订单到总库同步开始
2018-02-02 11:03:19
MOD2IBS同步结束
2018-02-02 11:03:19
同步学订单到总库同步结束
2018-02-02 11:03:23
IBS新注册用户到MOD开始
2018-02-02 11:03:23
SyncDubbingData趣配音报名同步开始
2018-02-02 11:03:23
IBS新注册用户到MOD结束
2018-02-02 11:03:23
IBS新注册用户到MOD开始
2018-02-02 11:03:23
IBS新注册用户到MOD结束
2018-02-02 11:03:23
SyncDubbingData趣配音同步数据成功2018/2/2 11:03:23
2018-02-02 11:03:23
SyncDubbingData趣配音报名同步结束
2018-02-02 11:03:23
刷新学生所在学校排行榜redis数据开始
2018-02-02 11:03:23
刷新学生所在学校排行榜redis数据结束
2018-02-02 11:03:23
趣配音报名补全用户信息SyncUserInfoRedisFromUMS开始
2018-02-02 11:03:24
SyncUserInfoRedisFromUMS趣配音同步数据到DB失败，UserID=643161712
2018-02-02 11:03:24
SyncUserInfoRedisFromUMS趣配音同步数据到DB失败，UserID=2020362
2018-02-02 11:03:24
SyncUserInfoRedisFromUMS趣配音同步数据到DB失败，UserID=1023785507
2018-02-02 11:03:24
SyncUserInfoRedisFromUMS趣配音同步数据到DB失败，UserID=1471785823
2018-02-02 11:03:24
刷新课本剧排行榜redis数据开始
2018-02-02 11:03:24
IBS新注册用户到MOD开始
2018-02-02 11:03:24
SyncUserInfoRedisFromUMS趣配音同步数据到DB失败，UserID=583486039
2018-02-02 11:03:24
刷新课本剧排行榜redis数据结束
2018-02-02 11:03:24
SyncUserInfoRedisFromUMS趣配音同步数据到DB失败，UserID=1761191045
2018-02-02 11:03:24
SyncUserInfoRedisFromUMS趣配音同步数据到DB失败，UserID=1161327879
2018-02-02 11:03:24
IBS新注册用户到MOD结束
2018-02-02 11:03:24
SyncUserInfoRedisFromUMS趣配音同步数据到DB失败，UserID=1508471166
2018-02-02 11:03:24
SyncUserInfoRedisFromUMS趣配音同步数据到DB失败，UserID=2127913890
2018-02-02 11:03:24
SyncUserInfoRedisFromUMS趣配音同步数据到DB失败，UserID=130193864
2018-02-02 11:03:24
SyncUserInfoRedisFromUMS趣配音同步数据到DB失败，UserID=394436975
2018-02-02 11:03:24
SyncUserInfoRedisFromUMS趣配音同步数据到DB失败，UserID=453235659
2018-02-02 11:03:24
SyncUserInfoRedisFromUMS趣配音同步数据到DB失败，UserID=1615013344
2018-02-02 11:03:24
SyncUserInfoRedisFromUMS趣配音同步数据到DB失败，UserID=1972577544
2018-02-02 11:03:24
SyncUserInfoRedisFromUMS趣配音同步数据到DB失败，UserID=464252526
2018-02-02 11:03:24
SyncUserInfoRedisFromUMS趣配音同步数据到DB失败，UserID=1449772155
2018-02-02 11:03:24
SyncUserInfoRedisFromUMS趣配音同步数据到DB失败，UserID=518105786
2018-02-02 11:03:24
SyncUserInfoRedisFromUMS趣配音同步数据到DB失败，UserID=1170245540
2018-02-02 11:03:24
SyncUserInfoRedisFromUMS趣配音同步数据到DB失败，UserID=261402443
2018-02-02 11:03:24
SyncUserInfoRedisFromUMS趣配音同步数据到DB失败，UserID=334775540
2018-02-02 11:03:24
SyncUserInfoRedisFromUMS趣配音同步数据到DB失败，UserID=1023861191
2018-02-02 11:03:24
SyncUserInfoRedisFromUMS趣配音同步数据到DB失败，UserID=1828071630
2018-02-02 11:03:24
SyncUserInfoRedisFromUMS趣配音同步数据到DB失败，UserID=1393382940
2018-02-02 11:03:24
SyncUserInfoRedisFromUMS趣配音同步数据到DB失败，UserID=2035287994
2018-02-02 11:03:24
SyncUserInfoRedisFromUMS趣配音同步数据到DB失败，UserID=2072025401
2018-02-02 11:03:24
SyncUserInfoRedisFromUMS趣配音同步数据到DB失败，UserID=702075519
2018-02-02 11:03:24
SyncUserInfoRedisFromUMS趣配音同步数据到DB失败，UserID=1191560577
2018-02-02 11:03:24
SyncUserInfoRedisFromUMS趣配音同步数据到DB失败，UserID=615331543
2018-02-02 11:03:24
SyncUserInfoRedisFromUMS趣配音同步数据到DB失败，UserID=1937999423
2018-02-02 11:03:24
SyncUserInfoRedisFromUMS趣配音同步数据到DB失败，UserID=1410212462
2018-02-02 11:03:24
SyncUserInfoRedisFromUMS趣配音同步数据到DB失败，UserID=1687997517
2018-02-02 11:03:24
SyncUserInfoRedisFromUMS趣配音同步数据到DB失败，UserID=719051427
2018-02-02 11:03:24
SyncUserInfoRedisFromUMS趣配音同步数据到DB失败，UserID=175344574
2018-02-02 11:03:24
SyncUserInfoRedisFromUMS趣配音同步数据到DB失败，UserID=870123060
2018-02-02 11:03:24
SyncUserInfoRedisFromUMS趣配音同步数据到DB失败，UserID=23030516
2018-02-02 11:03:24
SyncUserInfoRedisFromUMS趣配音同步数据到DB失败，UserID=1331486456
2018-02-02 11:03:24
SyncUserInfoRedisFromUMS趣配音同步数据到DB失败，UserID=1992893336
2018-02-02 11:03:24
SyncUserInfoRedisFromUMS趣配音同步数据到DB失败，UserID=1898699634
2018-02-02 11:03:24
SyncUserInfoRedisFromUMS趣配音同步数据到DB失败，UserID=2061350966
2018-02-02 11:03:24
SyncUserInfoRedisFromUMS趣配音同步数据到DB失败，UserID=12125114
2018-02-02 11:03:24
SyncUserInfoRedisFromUMS趣配音同步数据到DB失败，UserID=301459341
2018-02-02 11:03:24
SyncUserInfoRedisFromUMS趣配音同步数据到DB失败，UserID=2097411764
2018-02-02 11:03:24
SyncUserInfoRedisFromUMS趣配音同步数据到DB失败，UserID=1957207159
2018-02-02 11:03:24
SyncUserInfoRedisFromUMS趣配音同步数据到DB失败，UserID=255486032
2018-02-02 11:03:24
SyncUserInfoRedisFromUMS趣配音同步数据到DB失败，UserID=1518792416
2018-02-02 11:03:24
SyncUserInfoRedisFromUMS趣配音同步数据到DB失败，UserID=725647227
2018-02-02 11:03:24
SyncUserInfoRedisFromUMS趣配音同步数据到DB失败，UserID=2095388075
2018-02-02 11:03:24
SyncUserInfoRedisFromUMS趣配音同步数据到DB失败，UserID=673331394
2018-02-02 11:03:24
SyncUserInfoRedisFromUMS趣配音同步数据到DB失败，UserID=844513630
2018-02-02 11:03:24
SyncUserInfoRedisFromUMS趣配音同步数据到DB失败，UserID=72261103
2018-02-02 11:03:24
SyncUserInfoRedisFromUMS趣配音同步数据到DB失败，UserID=1658796510
2018-02-02 11:03:24
SyncUserInfoRedisFromUMS趣配音同步数据到DB失败，UserID=1844349912
2018-02-02 11:03:24
SyncUserInfoRedisFromUMS趣配音同步数据到DB失败，UserID=1755259500
2018-02-02 11:03:24
SyncUserInfoRedisFromUMS趣配音同步数据到DB失败，UserID=805636847
2018-02-02 11:03:24
SyncUserInfoRedisFromUMS趣配音同步数据到DB失败，UserID=1828166059
2018-02-02 11:03:24
SyncUserInfoRedisFromUMS趣配音同步数据到DB失败，UserID=1864589351
2018-02-02 11:03:24
SyncUserInfoRedisFromUMS趣配音同步数据到DB失败，UserID=1325682983
2018-02-02 11:03:24
SyncUserInfoRedisFromUMS趣配音同步数据到DB失败，UserID=53819708
2018-02-02 11:03:24
SyncUserInfoRedisFromUMS趣配音同步数据到DB失败，UserID=514002208
2018-02-02 11:03:24
SyncUserInfoRedisFromUMS趣配音同步数据到DB失败，UserID=463472852
2018-02-02 11:03:24
SyncUserInfoRedisFromUMS趣配音同步数据到DB失败，UserID=435757491
2018-02-02 11:03:24
SyncUserInfoRedisFromUMS趣配音同步数据到DB失败，UserID=7284269
2018-02-02 11:03:24
SyncUserInfoRedisFromUMS趣配音同步数据到DB失败，UserID=812493913
2018-02-02 11:03:24
SyncUserInfoRedisFromUMS趣配音同步数据到DB失败，UserID=616910559
2018-02-02 11:03:24
SyncUserInfoRedisFromUMS趣配音同步数据到DB失败，UserID=314591395
2018-02-02 11:03:24
SyncUserInfoRedisFromUMS趣配音同步数据到DB失败，UserID=1276438982
2018-02-02 11:03:24
SyncUserInfoRedisFromUMS趣配音同步数据到DB失败，UserID=623192331
2018-02-02 11:03:24
SyncUserInfoRedisFromUMS趣配音同步数据到DB失败，UserID=219820885
2018-02-02 11:03:24
SyncUserInfoRedisFromUMS趣配音同步数据到DB失败，UserID=2051394222
2018-02-02 11:03:24
SyncUserInfoRedisFromUMS趣配音同步数据到DB失败，UserID=1939223466
2018-02-02 11:03:24
SyncUserInfoRedisFromUMS趣配音同步数据到DB失败，UserID=603248937
2018-02-02 11:03:24
SyncUserInfoRedisFromUMS趣配音同步数据到DB失败，UserID=6098628
2018-02-02 11:03:24
SyncUserInfoRedisFromUMS趣配音同步数据到DB失败，UserID=213097076
2018-02-02 11:03:24
SyncUserInfoRedisFromUMS趣配音同步数据到DB失败，UserID=562399934
2018-02-02 11:03:24
SyncUserInfoRedisFromUMS趣配音同步数据到DB失败，UserID=583053625
2018-02-02 11:03:24
SyncUserInfoRedisFromUMS趣配音同步数据到DB失败，UserID=1229174050
2018-02-02 11:03:24
SyncUserInfoRedisFromUMS趣配音同步数据到DB失败，UserID=634075211
2018-02-02 11:03:24
SyncUserInfoRedisFromUMS趣配音同步数据到DB失败，UserID=1549155634
2018-02-02 11:03:24
SyncUserInfoRedisFromUMS趣配音同步数据到DB失败，UserID=1200895981
2018-02-02 11:03:24
SyncUserInfoRedisFromUMS趣配音同步数据到DB失败，UserID=282843049
2018-02-02 11:03:24
SyncUserInfoRedisFromUMS趣配音同步数据到DB失败，UserID=1620251944
2018-02-02 11:03:24
SyncUserInfoRedisFromUMS趣配音同步数据到DB失败，UserID=196172781
2018-02-02 11:03:24
SyncUserInfoRedisFromUMS趣配音同步数据到DB失败，UserID=1017870483
2018-02-02 11:03:24
SyncUserInfoRedisFromUMS趣配音同步数据到DB失败，UserID=577346850
2018-02-02 11:03:24
SyncUserInfoRedisFromUMS趣配音同步数据到DB失败，UserID=722108794
2018-02-02 11:03:24
SyncUserInfoRedisFromUMS趣配音同步数据到DB失败，UserID=1804308291
2018-02-02 11:03:24
SyncUserInfoRedisFromUMS趣配音同步数据到DB失败，UserID=660364916
2018-02-02 11:03:24
SyncUserInfoRedisFromUMS趣配音同步数据到DB失败，UserID=377945580
2018-02-02 11:03:24
SyncUserInfoRedisFromUMS趣配音同步数据到DB失败，UserID=873742320
2018-02-02 11:03:24
SyncUserInfoRedisFromUMS趣配音同步数据到DB失败，UserID=127768032
2018-02-02 11:03:24
MOD2IBS同步开始
2018-02-02 11:03:24
SyncUserInfoRedisFromUMS趣配音同步数据到DB失败，UserID=1159396753
2018-02-02 11:03:24
MOD2IBS同步结束
2018-02-02 11:03:24
班级变更同步学习报告记录到Redis开始
2018-02-02 11:03:24
班级变更同步学习报告记录到Redis结束
2018-02-02 11:03:24
SyncUserInfoRedisFromUMS趣配音同步数据到DB失败，UserID=1514573042
2018-02-02 11:03:24
SyncUserInfoRedisFromUMS趣配音同步数据到DB失败，UserID=262263764
2018-02-02 11:03:24
SyncUserInfoRedisFromUMS趣配音同步数据到DB失败，UserID=2024633320
2018-02-02 11:03:24
SyncUserInfoRedisFromUMS趣配音同步数据到DB失败，UserID=1109213128
2018-02-02 11:03:24
SyncUserInfoRedisFromUMS趣配音同步数据到DB失败，UserID=964644597
2018-02-02 11:03:24
SyncUserInfoRedisFromUMS趣配音同步数据到DB失败，UserID=2078424031
2018-02-02 11:03:24
SyncUserInfoRedisFromUMS趣配音同步数据到DB失败，UserID=257240439
2018-02-02 11:03:24
SyncUserInfoRedisFromUMS趣配音同步数据到DB失败，UserID=875669994
2018-02-02 11:03:24
SyncUserInfoRedisFromUMS趣配音同步数据到DB失败，UserID=793087644
2018-02-02 11:03:24
趣配音报名补全用户信息SyncUserInfoRedisFromUMS结束
2018-02-02 11:03:24
MOD2IBS同步开始
2018-02-02 11:03:24
同步学订单到总库同步开始
2018-02-02 11:03:24
MOD2IBS同步结束
2018-02-02 11:03:24
同步学订单到总库同步结束
2018-02-02 11:03:29
同步学订单到总库同步开始
2018-02-02 11:03:29
MOD2IBS同步开始
2018-02-02 11:03:29
同步学订单到总库同步结束
2018-02-02 11:03:29
MOD2IBS同步结束
2018-02-02 11:03:34
MOD2IBS同步开始
2018-02-02 11:03:34
班级变更同步学习报告记录到Redis开始
2018-02-02 11:03:34
班级变更同步学习报告记录到Redis结束
2018-02-02 11:03:34
MOD2IBS同步结束
2018-02-02 11:03:34
MOD2IBS同步开始
2018-02-02 11:03:34
同步学订单到总库同步开始
2018-02-02 11:03:34
MOD2IBS同步结束
2018-02-02 11:03:34
同步学订单到总库同步结束
2018-02-02 11:03:39
同步学订单到总库同步开始
2018-02-02 11:03:39
MOD2IBS同步开始
2018-02-02 11:03:39
MOD2IBS同步结束
2018-02-02 11:03:39
同步学订单到总库同步结束
2018-02-02 11:03:44
MOD2IBS同步开始
2018-02-02 11:03:44
班级变更同步学习报告记录到Redis开始
2018-02-02 11:03:44
MOD2IBS同步结束
2018-02-02 11:03:44
班级变更同步学习报告记录到Redis结束
2018-02-02 11:03:44
同步学订单到总库同步开始
2018-02-02 11:03:44
MOD2IBS同步开始
2018-02-02 11:03:44
MOD2IBS同步结束
2018-02-02 11:03:44
同步学订单到总库同步结束
2018-02-02 11:03:49
MOD2IBS同步开始
2018-02-02 11:03:49
同步学订单到总库同步开始
2018-02-02 11:03:49
MOD2IBS同步结束
2018-02-02 11:03:49
同步学订单到总库同步结束
2018-02-02 11:03:54
MOD2IBS同步开始
2018-02-02 11:03:54
班级变更同步学习报告记录到Redis开始
2018-02-02 11:03:54
班级变更同步学习报告记录到Redis结束
2018-02-02 11:03:54
MOD2IBS同步结束
2018-02-02 11:03:54
MOD2IBS同步开始
2018-02-02 11:03:54
同步学订单到总库同步开始
2018-02-02 11:03:54
MOD2IBS同步结束
2018-02-02 11:03:54
同步学订单到总库同步结束
2018-02-02 11:03:59
同步学订单到总库同步开始
2018-02-02 11:03:59
MOD2IBS同步开始
2018-02-02 11:03:59
同步学订单到总库同步结束
2018-02-02 11:03:59
MOD2IBS同步结束
2018-02-02 11:04:04
班级变更同步学习报告记录到Redis开始
2018-02-02 11:04:04
MOD2IBS同步开始
2018-02-02 11:04:04
班级变更同步学习报告记录到Redis结束
2018-02-02 11:04:04
MOD2IBS同步结束
2018-02-02 11:04:04
MOD2IBS同步开始
2018-02-02 11:04:04
同步学订单到总库同步开始
2018-02-02 11:04:04
MOD2IBS同步结束
2018-02-02 11:04:04
同步学订单到总库同步结束
2018-02-02 11:04:09
同步学订单到总库同步开始
2018-02-02 11:04:09
MOD2IBS同步开始
2018-02-02 11:04:09
MOD2IBS同步结束
2018-02-02 11:04:09
同步学订单到总库同步结束
2018-02-02 11:04:14
班级变更同步学习报告记录到Redis开始
2018-02-02 11:04:14
MOD2IBS同步开始
2018-02-02 11:04:14
班级变更同步学习报告记录到Redis结束
2018-02-02 11:04:14
MOD2IBS同步结束
2018-02-02 11:04:14
MOD2IBS同步开始
2018-02-02 11:04:14
同步学订单到总库同步开始
2018-02-02 11:04:14
MOD2IBS同步结束
2018-02-02 11:04:14
同步学订单到总库同步结束
2018-02-02 11:04:19
同步学订单到总库同步开始
2018-02-02 11:04:19
MOD2IBS同步开始
2018-02-02 11:04:20
同步学订单到总库同步结束
2018-02-02 11:04:24
刷新课本剧排行榜redis数据开始
2018-02-02 11:04:24
IBS新注册用户到MOD开始
2018-02-02 11:04:24
刷新课本剧排行榜redis数据结束
2018-02-02 11:04:24
IBS新注册用户到MOD结束
2018-02-02 11:04:24
MOD2IBS同步开始
2018-02-02 11:04:24
班级变更同步学习报告记录到Redis开始
2018-02-02 11:04:24
班级变更同步学习报告记录到Redis结束
2018-02-02 11:04:24
MOD2IBS同步结束
2018-02-02 11:04:25
MOD2IBS同步开始
2018-02-02 11:04:25
同步学订单到总库同步开始
2018-02-02 11:04:25
MOD2IBS同步结束
2018-02-02 11:04:25
同步学订单到总库同步结束
2018-02-02 11:04:30
MOD2IBS同步开始
2018-02-02 11:04:30
同步学订单到总库同步开始
2018-02-02 11:04:30
MOD2IBS同步结束
2018-02-02 11:04:30
同步学订单到总库同步结束
2018-02-02 11:04:34
MOD2IBS同步开始
2018-02-02 11:04:34
班级变更同步学习报告记录到Redis开始
2018-02-02 11:04:34
班级变更同步学习报告记录到Redis结束
2018-02-02 11:04:34
MOD2IBS同步结束
2018-02-02 11:04:35
MOD2IBS同步开始
2018-02-02 11:04:35
同步学订单到总库同步开始
2018-02-02 11:04:35
MOD2IBS同步结束
2018-02-02 11:04:35
同步学订单到总库同步结束
2018-02-02 11:04:40
同步学订单到总库同步开始
2018-02-02 11:04:40
MOD2IBS同步开始
2018-02-02 11:04:40
同步学订单到总库同步结束
2018-02-02 11:04:40
MOD2IBS同步结束
2018-02-02 11:04:44
班级变更同步学习报告记录到Redis开始
2018-02-02 11:04:44
MOD2IBS同步开始
2018-02-02 11:04:44
MOD2IBS同步结束
2018-02-02 11:04:44
班级变更同步学习报告记录到Redis结束
2018-02-02 11:04:45
MOD2IBS同步开始
2018-02-02 11:04:45
同步学订单到总库同步开始
2018-02-02 11:04:45
同步学订单到总库同步结束
2018-02-02 11:04:45
MOD2IBS同步结束
2018-02-02 11:04:50
同步学订单到总库同步开始
2018-02-02 11:04:50
同步学订单到总库同步结束
2018-02-02 11:04:50
MOD2IBS同步开始
2018-02-02 11:04:50
MOD2IBS同步结束
2018-02-02 11:04:53
进程即将被IIS回收
2018-02-02 11:04:53
重新访问一个页面，以唤醒服务
2018-02-02 11:04:53
重新访问一个页面,地址：http://localhost:50868/
2018-02-02 11:04:53
重新访问一个页面,httpWebRequest
