2018-01-27 11:15:40
定时任务
2018-01-27 11:15:41
同步学订单到总库同步开始
2018-01-27 11:15:42
MOD2IBS同步开始
2018-01-27 11:15:42
MOD2IBS同步结束
2018-01-27 11:15:42
班级变更同步学习报告记录到Redis开始
2018-01-27 11:15:42
班级变更同步学习报告记录到Redis结束
2018-01-27 11:15:46
同步学订单到总库同步开始
2018-01-27 11:15:46
同步学订单到总库同步结束
2018-01-27 11:15:46
MOD2IBS同步开始
2018-01-27 11:15:46
MOD2IBS同步结束
2018-01-27 11:15:51
班级变更同步学习报告记录到Redis开始
2018-01-27 11:15:51
MOD2IBS同步结束
2018-01-27 11:15:51
同步学订单到总库同步开始
2018-01-27 11:15:51
同步学订单到总库同步结束
2018-01-27 11:15:56
同步学订单到总库同步开始
2018-01-27 11:15:56
MOD2IBS同步结束
2018-01-27 11:16:01
班级变更同步学习报告记录到Redis开始
2018-01-27 11:16:01
同步学订单到总库同步开始
2018-01-27 11:16:01
MOD2IBS同步结束
2018-01-27 11:16:06
同步学订单到总库同步开始
2018-01-27 11:16:06
同步学订单到总库同步结束
2018-01-27 11:16:11
班级变更同步学习报告记录到Redis开始
2018-01-27 11:16:11
班级变更同步学习报告记录到Redis结束
2018-01-27 11:16:11
MOD2IBS同步结束
2018-01-27 11:16:16
同步学订单到总库同步开始
2018-01-27 11:16:16
同步学订单到总库同步结束
2018-01-27 11:16:16
MOD2IBS同步结束
2018-01-27 11:16:21
班级变更同步学习报告记录到Redis开始
2018-01-27 11:16:21
班级变更同步学习报告记录到Redis结束
2018-01-27 11:16:21
MOD2IBS同步结束
2018-01-27 11:16:21
同步学订单到总库同步开始
2018-01-27 11:16:21
MOD2IBS同步结束
2018-01-27 11:16:26
MOD2IBS同步结束
2018-01-27 11:16:26
同步学订单到总库同步结束
2018-01-27 11:16:31
班级变更同步学习报告记录到Redis开始
2018-01-27 11:16:31
班级变更同步学习报告记录到Redis结束
2018-01-27 11:16:31
MOD2IBS同步开始
2018-01-27 11:16:31
MOD2IBS同步结束
2018-01-27 11:16:36
MOD2IBS同步开始
2018-01-27 11:16:36
同步学订单到总库同步结束
2018-01-27 11:16:41
刷新课本剧排行榜redis数据开始
2018-01-27 11:16:41
刷新课本剧排行榜redis数据结束
2018-01-27 11:17:57
班级变更同步学习报告记录到Redis开始
2018-01-27 11:17:59
同步学订单到总库同步开始
2018-01-27 11:18:03
MOD2IBS同步开始
2018-01-27 11:18:03
班级变更同步学习报告记录到Redis结束
2018-01-27 11:18:03
同步学订单到总库同步开始
2018-01-27 11:18:03
班级变更同步学习报告记录到Redis开始
2018-01-27 11:18:03
MOD2IBS同步结束
2018-01-27 11:18:12
同步学订单到总库同步开始
2018-01-27 11:18:18
MOD2IBS同步结束
2018-01-27 11:18:20
同步学订单到总库同步开始
2018-01-27 11:18:22
MOD2IBS同步结束
2018-01-27 11:18:22
MOD2IBS同步结束
2018-01-27 11:18:22
MOD2IBS同步开始
2018-01-27 11:18:41
MOD2IBS同步开始
2018-01-27 11:18:55
同步学订单到总库同步开始
2018-01-27 11:19:04
MOD2IBS同步结束
2018-01-27 11:19:05
同步学订单到总库同步结束
2018-01-27 11:19:07
MOD2IBS同步开始
2018-01-27 11:19:08
刷新课本剧排行榜redis数据结束
2018-01-27 11:19:12
MOD2IBS同步结束
2018-01-27 11:19:13
班级变更同步学习报告记录到Redis结束
2018-01-27 11:19:27
MOD2IBS同步开始
2018-01-27 11:19:48
班级变更同步学习报告记录到Redis开始
2018-01-27 11:20:15
同步学订单到总库同步结束
2018-01-27 11:20:15
班级变更同步学习报告记录到Redis结束
2018-01-27 11:21:00
班级变更同步学习报告记录到Redis开始
2018-01-27 11:25:41
定时任务
2018-01-27 11:25:44
班级变更同步学习报告记录到Redis开始
2018-01-27 11:25:44
MOD2IBS同步开始
2018-01-27 11:27:11
同步学订单到总库同步结束
2018-01-27 11:27:12
同步学订单到总库同步开始
2018-01-27 11:27:15
同步学订单到总库同步结束
2018-01-27 11:27:15
刷新课本剧排行榜redis数据结束
2018-01-27 11:27:15
MOD2IBS同步结束
2018-01-27 11:27:16
MOD2IBS同步结束
2018-01-27 11:27:24
同步学订单到总库同步开始
2018-01-27 11:27:24
MOD2IBS同步开始
2018-01-27 11:27:24
MOD2IBS同步结束
2018-01-27 11:27:33
MOD2IBS同步开始
2018-01-27 11:27:33
同步学订单到总库同步结束
2018-01-27 11:27:39
班级变更同步学习报告记录到Redis开始
2018-01-27 11:27:44
同步学订单到总库同步开始
2018-01-27 11:27:44
MOD2IBS同步开始
2018-01-27 11:27:44
MOD2IBS同步结束
2018-01-27 11:27:45
MOD2IBS同步开始
2018-01-27 11:27:45
MOD2IBS同步开始
