2018-01-23 17:01:13
定时任务
2018-01-23 17:01:20
同步学订单到总库同步开始
2018-01-23 17:01:25
班级变更同步学习报告记录到Redis开始
2018-01-23 17:01:28
同步学订单到总库同步开始
2018-01-23 17:01:29
同步学订单到总库同步结束
2018-01-23 17:01:30
班级变更同步学习报告记录到Redis开始
2018-01-23 17:01:30
MOD2IBS同步开始
2018-01-23 17:01:30
班级变更同步学习报告记录到Redis结束
2018-01-23 17:01:30
MOD2IBS同步开始
2018-01-23 17:01:30
MOD2IBS同步结束
2018-01-23 17:01:34
同步学订单到总库同步结束
2018-01-23 17:01:38
MOD2IBS同步开始
2018-01-23 17:01:40
MOD2IBS同步结束
2018-01-23 17:01:40
同步学订单到总库同步结束
2018-01-23 17:01:40
MOD2IBS同步开始
2018-01-23 17:01:40
MOD2IBS同步结束
2018-01-23 17:01:47
MOD2IBS同步开始
2018-01-23 17:01:47
MOD2IBS同步结束
2018-01-23 17:01:48
MOD2IBS同步开始
2018-01-23 17:01:48
同步学订单到总库同步开始
2018-01-23 17:01:48
同步学订单到总库同步结束
2018-01-23 17:01:50
MOD2IBS同步开始
2018-01-23 17:01:50
班级变更同步学习报告记录到Redis开始
2018-01-23 17:01:50
MOD2IBS同步结束
2018-01-23 17:01:50
班级变更同步学习报告记录到Redis结束
2018-01-23 17:01:53
同步学订单到总库同步开始
2018-01-23 17:01:53
MOD2IBS同步开始
2018-01-23 17:01:53
MOD2IBS同步结束
2018-01-23 17:01:58
MOD2IBS同步开始
2018-01-23 17:01:58
同步学订单到总库同步开始
2018-01-23 17:01:58
同步学订单到总库同步结束
2018-01-23 17:02:00
班级变更同步学习报告记录到Redis结束
2018-01-23 17:02:03
MOD2IBS同步开始
2018-01-23 17:02:03
MOD2IBS同步结束
2018-01-23 17:02:08
MOD2IBS同步结束
2018-01-23 17:02:08
同步学订单到总库同步结束
2018-01-23 17:02:10
MOD2IBS同步结束
2018-01-23 17:02:13
MOD2IBS同步结束
2018-01-23 17:02:13
同步学订单到总库同步结束
2018-01-23 17:02:18
同步学订单到总库同步开始
2018-01-23 17:02:18
MOD2IBS同步开始
2018-01-23 17:02:18
同步学订单到总库同步结束
2018-01-23 17:02:18
MOD2IBS同步结束
2018-01-23 17:02:20
刷新课本剧排行榜redis数据开始
2018-01-23 17:02:20
刷新课本剧排行榜redis数据结束
2018-01-23 17:02:20
MOD2IBS同步开始
2018-01-23 17:02:20
MOD2IBS同步结束
2018-01-23 17:02:23
同步学订单到总库同步开始
2018-01-23 17:02:23
同步学订单到总库同步结束
2018-01-23 17:02:28
MOD2IBS同步结束
2018-01-23 17:02:30
班级变更同步学习报告记录到Redis结束
2018-01-23 17:02:30
MOD2IBS同步结束
2018-01-23 17:02:33
同步学订单到总库同步开始
2018-01-23 17:02:33
MOD2IBS同步开始
2018-01-23 17:02:33
MOD2IBS同步结束
2018-01-23 17:02:38
MOD2IBS同步结束
2018-01-23 17:02:38
同步学订单到总库同步结束
2018-01-23 17:02:40
班级变更同步学习报告记录到Redis开始
2018-01-23 17:02:40
MOD2IBS同步结束
2018-01-23 17:02:43
同步学订单到总库同步开始
2018-01-23 17:02:43
MOD2IBS同步结束
2018-01-23 17:02:48
MOD2IBS同步开始
2018-01-23 17:02:48
同步学订单到总库同步结束
2018-01-23 17:02:50
班级变更同步学习报告记录到Redis开始
2018-01-23 17:02:50
MOD2IBS同步开始
2018-01-23 17:02:50
班级变更同步学习报告记录到Redis结束
2018-01-23 17:02:50
MOD2IBS同步结束
2018-01-23 17:02:53
MOD2IBS同步结束
2018-01-23 17:02:58
MOD2IBS同步开始
2018-01-23 17:02:58
MOD2IBS同步结束
2018-01-23 17:02:58
同步学订单到总库同步结束
2018-01-23 17:03:00
MOD2IBS同步结束
2018-01-23 17:03:03
MOD2IBS同步结束
2018-01-23 17:03:08
同步学订单到总库同步开始
2018-01-23 17:03:08
MOD2IBS同步结束
2018-01-23 17:03:10
MOD2IBS同步结束
2018-01-23 17:03:10
班级变更同步学习报告记录到Redis结束
2018-01-23 17:03:13
同步学订单到总库同步开始
2018-01-23 17:03:13
MOD2IBS同步结束
2018-01-23 17:03:13
同步学订单到总库同步结束
2018-01-23 17:03:18
同步学订单到总库同步开始
2018-01-23 17:03:18
MOD2IBS同步开始
2018-01-23 17:03:18
同步学订单到总库同步结束
2018-01-23 17:03:20
刷新课本剧排行榜redis数据开始
2018-01-23 17:03:20
刷新课本剧排行榜redis数据结束
2018-01-23 17:03:20
班级变更同步学习报告记录到Redis开始
2018-01-23 17:03:20
MOD2IBS同步开始
2018-01-23 17:03:20
班级变更同步学习报告记录到Redis结束
2018-01-23 17:03:20
MOD2IBS同步结束
2018-01-23 17:03:23
MOD2IBS同步结束
2018-01-23 17:03:23
同步学订单到总库同步结束
2018-01-23 17:03:28
MOD2IBS同步开始
2018-01-23 17:03:28
MOD2IBS同步结束
2018-01-23 17:03:30
班级变更同步学习报告记录到Redis结束
2018-01-23 17:03:33
MOD2IBS同步结束
2018-01-23 17:03:38
同步学订单到总库同步开始
2018-01-23 17:03:38
同步学订单到总库同步结束
2018-01-23 17:03:40
班级变更同步学习报告记录到Redis结束
2018-01-23 17:03:43
同步学订单到总库同步结束
2018-01-23 17:03:48
同步学订单到总库同步结束
2018-01-23 17:03:48
MOD2IBS同步结束
2018-01-23 17:03:50
MOD2IBS同步开始
2018-01-23 17:03:50
MOD2IBS同步结束
2018-01-23 17:03:50
班级变更同步学习报告记录到Redis结束
2018-01-23 17:03:53
同步学订单到总库同步开始
2018-01-23 17:03:53
同步学订单到总库同步结束
2018-01-23 17:03:58
同步学订单到总库同步开始
2018-01-23 17:03:58
同步学订单到总库同步结束
2018-01-23 17:03:58
MOD2IBS同步结束
2018-01-23 17:04:00
MOD2IBS同步开始
2018-01-23 17:04:00
班级变更同步学习报告记录到Redis开始
2018-01-23 17:04:00
班级变更同步学习报告记录到Redis结束
2018-01-23 17:04:03
同步学订单到总库同步结束
2018-01-23 17:04:08
同步学订单到总库同步开始
2018-01-23 17:04:08
MOD2IBS同步结束
2018-01-23 17:04:10
MOD2IBS同步开始
2018-01-23 17:04:10
班级变更同步学习报告记录到Redis开始
2018-01-23 17:04:10
班级变更同步学习报告记录到Redis结束
2018-01-23 17:04:13
MOD2IBS同步结束
2018-01-23 17:04:18
同步学订单到总库同步结束
2018-01-23 17:04:20
刷新课本剧排行榜redis数据开始
2018-01-23 17:04:20
刷新课本剧排行榜redis数据结束
2018-01-23 17:04:20
班级变更同步学习报告记录到Redis结束
2018-01-23 17:04:20
MOD2IBS同步结束
2018-01-23 17:04:23
MOD2IBS同步结束
2018-01-23 17:04:23
同步学订单到总库同步结束
2018-01-23 17:04:28
同步学订单到总库同步结束
2018-01-23 17:04:30
MOD2IBS同步结束
2018-01-23 17:04:30
班级变更同步学习报告记录到Redis结束
2018-01-23 17:04:33
同步学订单到总库同步开始
2018-01-23 17:04:33
MOD2IBS同步结束
2018-01-23 17:04:33
同步学订单到总库同步结束
2018-01-23 17:04:38
同步学订单到总库同步开始
2018-01-23 17:04:38
同步学订单到总库同步结束
2018-01-23 17:04:40
班级变更同步学习报告记录到Redis结束
2018-01-23 17:04:43
同步学订单到总库同步开始
2018-01-23 17:04:43
MOD2IBS同步开始
2018-01-23 17:04:43
MOD2IBS同步结束
2018-01-23 17:04:48
MOD2IBS同步结束
2018-01-23 17:04:50
班级变更同步学习报告记录到Redis结束
2018-01-23 17:04:53
MOD2IBS同步开始
2018-01-23 17:04:53
同步学订单到总库同步结束
2018-01-23 17:04:58
同步学订单到总库同步结束
2018-01-23 17:05:00
MOD2IBS同步开始
2018-01-23 17:05:00
MOD2IBS同步结束
2018-01-23 17:05:03
同步学订单到总库同步开始
2018-01-23 17:05:03
MOD2IBS同步开始
2018-01-23 17:05:03
同步学订单到总库同步结束
2018-01-23 17:05:03
MOD2IBS同步结束
2018-01-23 17:05:08
MOD2IBS同步开始
2018-01-23 17:05:08
MOD2IBS同步结束
2018-01-23 17:05:10
班级变更同步学习报告记录到Redis结束
2018-01-23 17:05:13
同步学订单到总库同步结束
2018-01-23 17:05:18
同步学订单到总库同步结束
2018-01-23 17:05:18
MOD2IBS同步结束
2018-01-23 17:05:20
刷新课本剧排行榜redis数据开始
2018-01-23 17:05:20
刷新课本剧排行榜redis数据结束
2018-01-23 17:05:20
MOD2IBS同步开始
2018-01-23 17:05:20
MOD2IBS同步结束
2018-01-23 17:05:23
同步学订单到总库同步结束
2018-01-23 17:05:23
MOD2IBS同步结束
2018-01-23 17:05:28
MOD2IBS同步结束
2018-01-23 17:05:30
MOD2IBS同步开始
2018-01-23 17:05:30
班级变更同步学习报告记录到Redis结束
2018-01-23 17:05:30
MOD2IBS同步结束
2018-01-23 17:05:33
同步学订单到总库同步开始
2018-01-23 17:05:33
MOD2IBS同步开始
2018-01-23 17:05:33
同步学订单到总库同步结束
2018-01-23 17:05:33
MOD2IBS同步结束
2018-01-23 17:05:38
MOD2IBS同步开始
2018-01-23 17:05:38
MOD2IBS同步结束
2018-01-23 17:05:40
MOD2IBS同步开始
2018-01-23 17:05:40
班级变更同步学习报告记录到Redis开始
2018-01-23 17:05:40
班级变更同步学习报告记录到Redis结束
2018-01-23 17:05:43
MOD2IBS同步结束
2018-01-23 17:05:48
同步学订单到总库同步结束
2018-01-23 17:05:50
MOD2IBS同步开始
2018-01-23 17:05:50
班级变更同步学习报告记录到Redis结束
2018-01-23 17:05:53
同步学订单到总库同步开始
2018-01-23 17:05:53
MOD2IBS同步结束
2018-01-23 17:05:58
同步学订单到总库同步开始
2018-01-23 17:05:58
同步学订单到总库同步结束
2018-01-23 17:06:00
班级变更同步学习报告记录到Redis开始
2018-01-23 17:06:00
班级变更同步学习报告记录到Redis结束
2018-01-23 17:06:03
同步学订单到总库同步结束
2018-01-23 17:06:03
MOD2IBS同步结束
2018-01-23 17:06:08
MOD2IBS同步开始
2018-01-23 17:06:08
同步学订单到总库同步结束
2018-01-23 17:06:10
班级变更同步学习报告记录到Redis结束
2018-01-23 17:06:13
同步学订单到总库同步结束
2018-01-23 17:06:15
MOD2IBS同步结束
2018-01-23 17:06:18
MOD2IBS同步开始
2018-01-23 17:06:18
同步学订单到总库同步开始
2018-01-23 17:06:18
同步学订单到总库同步结束
2018-01-23 17:06:20
刷新课本剧排行榜redis数据开始
2018-01-23 17:06:20
刷新课本剧排行榜redis数据结束
2018-01-23 17:06:20
MOD2IBS同步结束
2018-01-23 17:06:23
MOD2IBS同步结束
2018-01-23 17:06:28
MOD2IBS同步结束
2018-01-23 17:06:30
班级变更同步学习报告记录到Redis结束
2018-01-23 17:06:33
同步学订单到总库同步开始
2018-01-23 17:06:33
同步学订单到总库同步结束
2018-01-23 17:06:33
MOD2IBS同步结束
2018-01-23 17:06:38
同步学订单到总库同步结束
2018-01-23 17:06:40
MOD2IBS同步结束
2018-01-23 17:06:40
班级变更同步学习报告记录到Redis结束
2018-01-23 17:06:43
MOD2IBS同步开始
2018-01-23 17:06:43
MOD2IBS同步结束
2018-01-23 17:06:48
同步学订单到总库同步开始
2018-01-23 17:06:48
MOD2IBS同步开始
2018-01-23 17:06:48
MOD2IBS同步结束
2018-01-23 17:06:50
MOD2IBS同步开始
2018-01-23 17:06:50
班级变更同步学习报告记录到Redis开始
2018-01-23 17:06:50
MOD2IBS同步结束
2018-01-23 17:06:50
班级变更同步学习报告记录到Redis结束
2018-01-23 17:06:53
MOD2IBS同步结束
2018-01-23 17:06:58
同步学订单到总库同步结束
2018-01-23 17:07:00
MOD2IBS同步结束
2018-01-23 17:07:03
同步学订单到总库同步开始
2018-01-23 17:07:03
MOD2IBS同步开始
2018-01-23 17:07:03
MOD2IBS同步结束
2018-01-23 17:07:08
同步学订单到总库同步开始
2018-01-23 17:07:08
同步学订单到总库同步结束
2018-01-23 17:07:09
MOD2IBS同步结束
2018-01-23 17:07:10
班级变更同步学习报告记录到Redis开始
2018-01-23 17:07:10
班级变更同步学习报告记录到Redis结束
2018-01-23 17:07:13
MOD2IBS同步结束
2018-01-23 17:07:18
同步学订单到总库同步结束
2018-01-23 17:07:18
MOD2IBS同步结束
2018-01-23 17:07:20
刷新课本剧排行榜redis数据开始
2018-01-23 17:07:20
刷新课本剧排行榜redis数据结束
2018-01-23 17:07:20
班级变更同步学习报告记录到Redis开始
2018-01-23 17:07:20
MOD2IBS同步结束
2018-01-23 17:07:23
同步学订单到总库同步开始
2018-01-23 17:07:23
同步学订单到总库同步结束
2018-01-23 17:07:28
MOD2IBS同步结束
2018-01-23 17:07:30
班级变更同步学习报告记录到Redis结束
2018-01-23 17:07:33
同步学订单到总库同步开始
2018-01-23 17:07:33
MOD2IBS同步开始
2018-01-23 17:07:33
MOD2IBS同步结束
2018-01-23 17:07:38
同步学订单到总库同步开始
2018-01-23 17:07:38
MOD2IBS同步结束
2018-01-23 17:07:40
MOD2IBS同步结束
2018-01-23 17:07:43
同步学订单到总库同步开始
2018-01-23 17:07:43
MOD2IBS同步开始
2018-01-23 17:07:43
MOD2IBS同步结束
2018-01-23 17:07:48
同步学订单到总库同步开始
2018-01-23 17:07:48
MOD2IBS同步开始
2018-01-23 17:07:48
MOD2IBS同步结束
2018-01-23 17:07:50
班级变更同步学习报告记录到Redis开始
2018-01-23 17:07:50
班级变更同步学习报告记录到Redis结束
2018-01-23 17:07:53
MOD2IBS同步结束
2018-01-23 17:07:58
MOD2IBS同步开始
2018-01-23 17:07:58
同步学订单到总库同步开始
2018-01-23 17:07:58
同步学订单到总库同步结束
2018-01-23 17:08:00
班级变更同步学习报告记录到Redis结束
2018-01-23 17:08:03
同步学订单到总库同步结束
2018-01-23 17:08:03
MOD2IBS同步结束
2018-01-23 17:08:08
MOD2IBS同步开始
2018-01-23 17:08:08
MOD2IBS同步结束
2018-01-23 17:08:08
同步学订单到总库同步结束
2018-01-23 17:08:10
班级变更同步学习报告记录到Redis结束
2018-01-23 17:08:13
MOD2IBS同步开始
2018-01-23 17:08:13
MOD2IBS同步结束
2018-01-23 17:08:18
同步学订单到总库同步开始
2018-01-23 17:08:18
同步学订单到总库同步结束
2018-01-23 17:08:18
MOD2IBS同步结束
2018-01-23 17:08:20
刷新课本剧排行榜redis数据开始
2018-01-23 17:08:20
刷新课本剧排行榜redis数据结束
2018-01-23 17:08:20
班级变更同步学习报告记录到Redis开始
2018-01-23 17:08:20
MOD2IBS同步结束
2018-01-23 17:08:23
同步学订单到总库同步结束
2018-01-23 17:08:28
同步学订单到总库同步开始
2018-01-23 17:08:28
同步学订单到总库同步结束
2018-01-23 17:08:30
班级变更同步学习报告记录到Redis结束
2018-01-23 17:08:34
同步学订单到总库同步结束
2018-01-23 17:08:38
MOD2IBS同步开始
2018-01-23 17:08:39
MOD2IBS同步结束
2018-01-23 17:08:39
同步学订单到总库同步结束
2018-01-23 17:08:40
MOD2IBS同步结束
2018-01-23 17:08:44
同步学订单到总库同步结束
2018-01-23 17:08:49
MOD2IBS同步结束
2018-01-23 17:08:50
MOD2IBS同步开始
2018-01-23 17:08:50
班级变更同步学习报告记录到Redis结束
2018-01-23 17:08:54
同步学订单到总库同步开始
2018-01-23 17:08:54
同步学订单到总库同步结束
2018-01-23 17:08:59
MOD2IBS同步结束
2018-01-23 17:09:00
班级变更同步学习报告记录到Redis开始
2018-01-23 17:09:00
MOD2IBS同步结束
2018-01-23 17:09:04
MOD2IBS同步结束
2018-01-23 17:09:09
同步学订单到总库同步开始
2018-01-23 17:09:09
MOD2IBS同步结束
2018-01-23 17:09:10
MOD2IBS同步开始
2018-01-23 17:09:10
班级变更同步学习报告记录到Redis开始
2018-01-23 17:09:10
班级变更同步学习报告记录到Redis结束
2018-01-23 17:09:14
同步学订单到总库同步结束
2018-01-23 17:09:19
MOD2IBS同步结束
2018-01-23 17:09:20
刷新课本剧排行榜redis数据开始
2018-01-23 17:09:20
刷新课本剧排行榜redis数据结束
2018-01-23 17:09:20
班级变更同步学习报告记录到Redis开始
2018-01-23 17:09:20
MOD2IBS同步结束
2018-01-23 17:09:24
MOD2IBS同步开始
2018-01-23 17:09:24
同步学订单到总库同步结束
2018-01-23 17:09:29
MOD2IBS同步结束
2018-01-23 17:09:30
MOD2IBS同步开始
2018-01-23 17:09:30
班级变更同步学习报告记录到Redis结束
2018-01-23 17:09:34
同步学订单到总库同步开始
2018-01-23 17:09:34
MOD2IBS同步结束
2018-01-23 17:09:39
MOD2IBS同步结束
2018-01-23 17:09:39
同步学订单到总库同步结束
2018-01-23 17:09:40
班级变更同步学习报告记录到Redis开始
2018-01-23 17:09:40
MOD2IBS同步结束
2018-01-23 19:28:20
定时任务
2018-01-23 19:28:56
同步学订单到总库同步开始
2018-01-23 19:28:56
MOD2IBS同步开始
2018-01-23 19:28:56
MOD2IBS同步结束
2018-01-23 19:28:56
班级变更同步学习报告记录到Redis结束
2018-01-23 19:29:01
同步学订单到总库同步开始
2018-01-23 19:29:01
同步学订单到总库同步结束
2018-01-23 19:29:01
MOD2IBS同步开始
2018-01-23 19:29:01
MOD2IBS同步结束
2018-01-23 19:29:06
同步学订单到总库同步开始
2018-01-23 19:29:06
MOD2IBS同步结束
2018-01-23 19:29:06
MOD2IBS同步结束
2018-01-23 19:29:11
同步学订单到总库同步开始
2018-01-23 19:29:11
MOD2IBS同步结束
2018-01-23 19:29:16
班级变更同步学习报告记录到Redis开始
2018-01-23 19:29:16
MOD2IBS同步开始
2018-01-23 19:29:16
MOD2IBS同步开始
2018-01-23 19:29:16
班级变更同步学习报告记录到Redis结束
2018-01-23 19:29:16
同步学订单到总库同步开始
2018-01-23 19:29:16
同步学订单到总库同步结束
2018-01-23 19:29:16
MOD2IBS同步结束
2018-01-23 19:29:21
同步学订单到总库同步开始
2018-01-23 19:29:21
同步学订单到总库同步结束
2018-01-23 19:29:21
MOD2IBS同步开始
2018-01-23 19:29:21
MOD2IBS同步结束
2018-01-23 19:29:26
MOD2IBS同步开始
2018-01-23 19:29:26
MOD2IBS同步结束
2018-01-23 19:29:26
同步学订单到总库同步结束
2018-01-23 19:29:31
同步学订单到总库同步开始
2018-01-23 19:29:31
MOD2IBS同步结束
2018-01-23 19:29:36
MOD2IBS同步开始
2018-01-23 19:29:36
班级变更同步学习报告记录到Redis开始
2018-01-23 19:29:36
班级变更同步学习报告记录到Redis结束
2018-01-23 19:29:36
MOD2IBS同步开始
2018-01-23 19:29:36
同步学订单到总库同步结束
2018-01-23 19:29:41
同步学订单到总库同步开始
2018-01-23 19:29:41
同步学订单到总库同步结束
2018-01-23 19:29:41
MOD2IBS同步结束
2018-01-23 19:29:46
班级变更同步学习报告记录到Redis结束
2018-01-23 19:29:46
MOD2IBS同步结束
2018-01-23 19:29:51
同步学订单到总库同步开始
2018-01-23 19:29:51
MOD2IBS同步结束
2018-01-23 19:29:56
刷新课本剧排行榜redis数据开始
2018-01-23 19:29:56
刷新课本剧排行榜redis数据结束
2018-01-23 19:29:56
班级变更同步学习报告记录到Redis开始
2018-01-23 19:29:56
MOD2IBS同步开始
2018-01-23 19:29:56
MOD2IBS同步结束
2018-01-23 19:29:56
班级变更同步学习报告记录到Redis结束
2018-01-23 19:29:56
同步学订单到总库同步结束
2018-01-23 19:30:01
同步学订单到总库同步开始
2018-01-23 19:30:01
同步学订单到总库同步结束
2018-01-23 19:30:06
MOD2IBS同步开始
2018-01-23 19:30:06
班级变更同步学习报告记录到Redis结束
2018-01-23 19:30:06
同步学订单到总库同步结束
2018-01-23 19:30:11
MOD2IBS同步结束
2018-01-23 19:30:16
班级变更同步学习报告记录到Redis开始
2018-01-23 19:30:16
MOD2IBS同步开始
2018-01-23 19:30:16
MOD2IBS同步结束
2018-01-23 19:30:16
MOD2IBS同步开始
2018-01-23 19:30:16
MOD2IBS同步结束
2018-01-23 19:30:21
MOD2IBS同步开始
2018-01-23 19:30:21
MOD2IBS同步结束
2018-01-23 19:30:26
MOD2IBS同步开始
2018-01-23 19:30:26
MOD2IBS同步结束
2018-01-23 19:30:26
班级变更同步学习报告记录到Redis结束
2018-01-23 19:30:26
MOD2IBS同步结束
2018-01-23 19:30:31
同步学订单到总库同步开始
2018-01-23 19:30:31
MOD2IBS同步开始
2018-01-23 19:30:31
MOD2IBS同步结束
2018-01-23 19:30:36
MOD2IBS同步开始
2018-01-23 19:30:36
MOD2IBS同步结束
2018-01-23 19:30:36
班级变更同步学习报告记录到Redis结束
2018-01-23 19:30:36
同步学订单到总库同步结束
2018-01-23 19:30:36
MOD2IBS同步结束
2018-01-23 19:30:41
MOD2IBS同步开始
2018-01-23 19:30:41
同步学订单到总库同步开始
2018-01-23 19:30:41
同步学订单到总库同步结束
2018-01-23 19:30:46
MOD2IBS同步开始
2018-01-23 19:30:46
班级变更同步学习报告记录到Redis结束
2018-01-23 19:30:46
同步学订单到总库同步结束
2018-01-23 19:30:51
同步学订单到总库同步开始
2018-01-23 19:30:51
同步学订单到总库同步结束
2018-01-23 19:30:51
MOD2IBS同步结束
2018-01-23 19:30:56
刷新课本剧排行榜redis数据开始
2018-01-23 19:30:56
刷新课本剧排行榜redis数据结束
2018-01-23 19:30:56
班级变更同步学习报告记录到Redis开始
2018-01-23 19:30:56
班级变更同步学习报告记录到Redis结束
2018-01-23 19:30:56
MOD2IBS同步结束
2018-01-23 19:30:56
同步学订单到总库同步结束
2018-01-23 19:31:01
MOD2IBS同步结束
2018-01-23 19:31:01
同步学订单到总库同步结束
2018-01-23 19:31:06
班级变更同步学习报告记录到Redis开始
2018-01-23 19:31:06
班级变更同步学习报告记录到Redis结束
2018-01-23 19:31:06
MOD2IBS同步开始
2018-01-23 19:31:06
MOD2IBS同步结束
2018-01-23 19:31:11
同步学订单到总库同步开始
2018-01-23 19:31:11
MOD2IBS同步结束
2018-01-23 19:31:16
班级变更同步学习报告记录到Redis开始
2018-01-23 19:31:16
MOD2IBS同步结束
2018-01-23 19:31:16
同步学订单到总库同步结束
2018-01-23 19:31:21
同步学订单到总库同步开始
2018-01-23 19:31:21
同步学订单到总库同步结束
2018-01-23 19:31:21
MOD2IBS同步结束
2018-01-23 19:31:26
MOD2IBS同步结束
2018-01-23 19:31:26
同步学订单到总库同步开始
2018-01-23 19:31:26
MOD2IBS同步结束
2018-01-23 19:31:26
同步学订单到总库同步结束
2018-01-23 19:31:31
同步学订单到总库同步结束
2018-01-23 19:31:31
MOD2IBS同步结束
2018-01-23 19:31:36
班级变更同步学习报告记录到Redis结束
2018-01-23 19:31:36
MOD2IBS同步结束
2018-01-23 19:31:36
MOD2IBS同步开始
2018-01-23 19:31:36
MOD2IBS同步结束
2018-01-23 19:31:36
同步学订单到总库同步结束
2018-01-23 19:31:41
同步学订单到总库同步开始
2018-01-23 19:33:49
MOD2IBS同步结束
2018-01-23 19:33:53
MOD2IBS同步开始
2018-01-23 19:40:19
定时任务
2018-01-23 19:40:19
同步学订单到总库同步开始
2018-01-23 19:40:41
班级变更同步学习报告记录到Redis开始
2018-01-23 19:42:03
班级变更同步学习报告记录到Redis结束
2018-01-23 19:44:53
定时任务
2018-01-23 19:44:54
同步学订单到总库同步开始
2018-01-23 19:44:57
MOD2IBS同步开始
2018-01-23 19:44:58
MOD2IBS同步结束
2018-01-23 19:44:59
班级变更同步学习报告记录到Redis开始
2018-01-23 19:44:59
班级变更同步学习报告记录到Redis结束
2018-01-23 19:44:59
MOD2IBS同步开始
2018-01-23 19:44:59
MOD2IBS同步结束
2018-01-23 19:54:58
定时任务
2018-01-23 19:54:59
同步学订单到总库同步开始
2018-01-23 19:54:59
同步学订单到总库同步结束
2018-01-23 19:54:59
班级变更同步学习报告记录到Redis开始
2018-01-23 19:54:59
MOD2IBS同步结束
2018-01-23 19:55:04
同步学订单到总库同步开始
2018-01-23 19:55:04
同步学订单到总库同步结束
2018-01-23 19:55:04
MOD2IBS同步开始
2018-01-23 19:55:04
MOD2IBS同步结束
2018-01-23 19:55:09
MOD2IBS同步开始
2018-01-23 19:55:09
MOD2IBS同步结束
2018-01-23 19:55:14
同步学订单到总库同步结束
2018-01-23 19:55:19
班级变更同步学习报告记录到Redis开始
2018-01-23 19:55:19
MOD2IBS同步开始
2018-01-23 19:55:19
同步学订单到总库同步开始
2018-01-23 19:55:19
班级变更同步学习报告记录到Redis结束
2018-01-23 19:55:19
同步学订单到总库同步结束
2018-01-23 19:55:19
MOD2IBS同步结束
2018-01-23 19:55:24
同步学订单到总库同步开始
2018-01-23 19:55:24
同步学订单到总库同步结束
2018-01-23 19:55:24
MOD2IBS同步结束
2018-01-23 19:55:29
MOD2IBS同步开始
2018-01-23 19:55:29
MOD2IBS同步结束
2018-01-23 19:55:34
同步学订单到总库同步结束
2018-01-23 19:55:39
班级变更同步学习报告记录到Redis开始
2018-01-23 19:55:39
MOD2IBS同步结束
2018-01-23 19:55:39
MOD2IBS同步结束
2018-01-23 19:55:39
同步学订单到总库同步结束
2018-01-23 19:55:44
同步学订单到总库同步开始
2018-01-23 19:55:44
MOD2IBS同步开始
2018-01-23 19:55:44
MOD2IBS同步结束
2018-01-23 19:55:49
班级变更同步学习报告记录到Redis开始
2018-01-23 19:55:49
MOD2IBS同步开始
2018-01-23 19:55:49
班级变更同步学习报告记录到Redis结束
2018-01-23 19:55:49
同步学订单到总库同步开始
2018-01-23 19:55:49
同步学订单到总库同步结束
2018-01-23 19:55:58
MOD2IBS同步开始
2018-01-23 19:56:01
MOD2IBS同步结束
2018-01-23 19:56:02
刷新课本剧排行榜redis数据结束
