2018-01-03 17:26:27
定时任务
2018-01-03 17:26:41
初始化SZ学习报告记录到Redis开始
2018-01-03 17:27:21
定时任务
2018-01-03 17:27:54
Catalog目录数:463
2018-01-03 17:28:05
进程即将被IIS回收
2018-01-03 17:28:05
重新访问一个页面，以唤醒服务
2018-01-03 17:28:11
重新访问一个页面,地址：http://localhost:50868/
2018-01-03 17:28:21
重新访问一个页面,httpWebRequest
2018-01-03 17:28:41
定时任务
2018-01-03 17:28:42
Catalog目录数:463
2018-01-03 17:29:41
定时任务
2018-01-03 17:30:43
刷新课本剧排行榜redis数据开始
2018-01-03 17:39:42
SyncDubbingData趣配音报名同步开始
2018-01-03 17:48:22
定时任务
2018-01-03 17:48:24
初始化单元测试数据SZ开始
2018-01-03 17:48:58
定时任务
2018-01-03 17:54:31
刷新课本剧排行榜redis数据开始
2018-01-03 17:54:45
刷新课本剧排行榜redis数据结束
2018-01-03 17:54:52
刷新课本剧排行榜redis数据开始
2018-01-03 18:04:46
定时任务
2018-01-03 18:05:05
初始化单元测试数据SZ开始
2018-01-03 18:05:28
Catalog目录数:463
2018-01-03 18:05:51
刷新课本剧排行榜redis数据开始
2018-01-03 18:06:20
定时任务
2018-01-03 18:07:00
初始化单元测试数据SZ开始
2018-01-03 18:07:14
初始化单元测试数据SZ结束
2018-01-03 18:07:20
初始化单元测试数据SZ开始
2018-01-03 18:07:22
初始化单元测试数据SZ结束
2018-01-03 18:07:25
刷新课本剧排行榜redis数据开始
2018-01-03 18:07:28
初始化单元测试数据SZ开始
2018-01-03 18:07:29
初始化单元测试数据SZ结束
2018-01-03 18:07:30
初始化单元测试数据SZ开始
2018-01-03 18:07:30
初始化单元测试数据SZ结束
2018-01-03 18:07:30
初始化单元测试数据SZ开始
2018-01-03 18:07:31
初始化单元测试数据SZ结束
2018-01-03 18:07:31
初始化单元测试数据SZ开始
2018-01-03 18:07:31
初始化单元测试数据SZ结束
2018-01-03 18:07:31
初始化单元测试数据SZ开始
2018-01-03 18:07:31
初始化单元测试数据SZ结束
2018-01-03 18:07:33
初始化单元测试数据SZ开始
2018-01-03 18:07:33
初始化单元测试数据SZ结束
2018-01-03 18:07:33
初始化单元测试数据SZ开始
2018-01-03 18:07:33
初始化单元测试数据SZ结束
2018-01-03 18:07:34
初始化单元测试数据SZ开始
2018-01-03 18:07:34
初始化单元测试数据SZ结束
2018-01-03 18:07:35
初始化单元测试数据SZ开始
2018-01-03 18:07:35
初始化单元测试数据SZ结束
2018-01-03 18:07:36
初始化单元测试数据SZ开始
2018-01-03 18:07:36
初始化单元测试数据SZ结束
2018-01-03 18:07:37
初始化单元测试数据SZ开始
2018-01-03 18:07:37
初始化单元测试数据SZ结束
2018-01-03 18:07:38
初始化单元测试数据SZ开始
2018-01-03 18:07:38
初始化单元测试数据SZ结束
2018-01-03 18:07:39
初始化单元测试数据SZ开始
2018-01-03 18:07:39
初始化单元测试数据SZ结束
2018-01-03 18:07:40
初始化单元测试数据SZ开始
2018-01-03 18:07:40
初始化单元测试数据SZ结束
2018-01-03 18:07:41
初始化单元测试数据SZ开始
2018-01-03 18:07:41
初始化单元测试数据SZ结束
2018-01-03 18:07:42
初始化单元测试数据SZ开始
2018-01-03 18:07:42
初始化单元测试数据SZ结束
2018-01-03 18:07:43
初始化单元测试数据SZ开始
2018-01-03 18:07:43
初始化单元测试数据SZ结束
2018-01-03 18:07:44
初始化单元测试数据SZ开始
2018-01-03 18:07:44
初始化单元测试数据SZ结束
2018-01-03 18:07:45
初始化单元测试数据SZ开始
2018-01-03 18:07:45
初始化单元测试数据SZ结束
2018-01-03 18:07:46
初始化单元测试数据SZ开始
2018-01-03 18:07:46
初始化单元测试数据SZ结束
2018-01-03 18:07:47
初始化单元测试数据SZ开始
2018-01-03 18:07:47
初始化单元测试数据SZ结束
2018-01-03 18:07:48
初始化单元测试数据SZ开始
2018-01-03 18:07:48
初始化单元测试数据SZ结束
2018-01-03 18:07:49
初始化单元测试数据SZ开始
2018-01-03 18:07:49
初始化单元测试数据SZ结束
2018-01-03 18:07:50
初始化单元测试数据SZ开始
2018-01-03 18:07:50
初始化单元测试数据SZ结束
2018-01-03 18:07:51
初始化单元测试数据SZ开始
2018-01-03 18:07:51
初始化单元测试数据SZ结束
2018-01-03 18:07:52
初始化单元测试数据SZ开始
2018-01-03 18:07:52
初始化单元测试数据SZ结束
2018-01-03 18:07:53
初始化单元测试数据SZ开始
2018-01-03 18:07:53
初始化单元测试数据SZ结束
2018-01-03 18:07:54
初始化单元测试数据SZ开始
2018-01-03 18:07:54
初始化单元测试数据SZ结束
2018-01-03 18:07:56
初始化单元测试数据SZ开始
2018-01-03 18:07:56
初始化单元测试数据SZ结束
2018-01-03 18:07:57
初始化单元测试数据SZ开始
2018-01-03 18:07:57
初始化单元测试数据SZ结束
2018-01-03 18:07:58
初始化单元测试数据SZ开始
2018-01-03 18:07:58
初始化单元测试数据SZ结束
2018-01-03 18:07:59
初始化单元测试数据SZ开始
2018-01-03 18:07:59
初始化单元测试数据SZ结束
2018-01-03 18:08:00
初始化单元测试数据SZ开始
2018-01-03 18:08:00
初始化单元测试数据SZ结束
2018-01-03 18:08:01
初始化单元测试数据SZ开始
2018-01-03 18:08:01
初始化单元测试数据SZ结束
2018-01-03 18:08:02
初始化单元测试数据SZ开始
2018-01-03 18:08:02
初始化单元测试数据SZ结束
2018-01-03 18:08:03
初始化单元测试数据SZ开始
2018-01-03 18:08:03
初始化单元测试数据SZ结束
2018-01-03 18:08:04
初始化单元测试数据SZ开始
2018-01-03 18:08:04
初始化单元测试数据SZ结束
2018-01-03 18:08:05
初始化单元测试数据SZ开始
2018-01-03 18:08:05
初始化单元测试数据SZ结束
2018-01-03 18:08:06
初始化单元测试数据SZ开始
2018-01-03 18:08:06
初始化单元测试数据SZ结束
2018-01-03 18:08:07
初始化单元测试数据SZ开始
2018-01-03 18:08:07
初始化单元测试数据SZ结束
2018-01-03 18:08:08
初始化单元测试数据SZ开始
2018-01-03 18:08:08
初始化单元测试数据SZ结束
2018-01-03 18:08:09
初始化单元测试数据SZ开始
2018-01-03 18:08:09
初始化单元测试数据SZ结束
2018-01-03 18:08:10
初始化单元测试数据SZ开始
2018-01-03 18:08:10
初始化单元测试数据SZ结束
2018-01-03 18:08:11
初始化单元测试数据SZ开始
2018-01-03 18:08:11
初始化单元测试数据SZ结束
2018-01-03 18:08:12
初始化单元测试数据SZ开始
2018-01-03 18:08:12
初始化单元测试数据SZ结束
2018-01-03 18:08:13
初始化单元测试数据SZ开始
2018-01-03 18:08:13
初始化单元测试数据SZ结束
2018-01-03 18:08:14
初始化单元测试数据SZ开始
2018-01-03 18:08:14
初始化单元测试数据SZ结束
2018-01-03 18:08:22
刷新课本剧排行榜redis数据开始
2018-01-03 18:16:21
SyncDubbingData趣配音报名同步开始
