2018-01-04 10:37:03
定时任务
2018-01-04 10:38:13
定时任务
2018-01-04 10:39:14
刷新课本剧排行榜redis数据开始
2018-01-04 10:39:14
刷新课本剧排行榜redis数据结束
2018-01-04 10:40:14
刷新课本剧排行榜redis数据开始
2018-01-04 10:40:14
刷新课本剧排行榜redis数据结束
2018-01-04 10:40:48
初始化单元测试数据SZ开始,第1次
2018-01-04 10:40:48
初始化单元测试数据SZ结束
2018-01-04 10:40:48
初始化单元测试数据SZ开始,第2次
2018-01-04 10:40:48
初始化单元测试数据SZ结束
2018-01-04 10:40:49
初始化单元测试数据SZ开始,第3次
2018-01-04 10:40:49
初始化单元测试数据SZ结束
2018-01-04 10:40:50
初始化单元测试数据SZ开始,第4次
2018-01-04 10:40:50
初始化单元测试数据SZ结束
2018-01-04 10:40:51
初始化单元测试数据SZ开始,第5次
2018-01-04 10:40:51
初始化单元测试数据SZ结束
2018-01-04 10:40:52
初始化单元测试数据SZ开始,第6次
2018-01-04 10:40:52
初始化单元测试数据SZ结束
2018-01-04 10:40:53
初始化单元测试数据SZ开始,第7次
2018-01-04 10:40:53
初始化单元测试数据SZ结束
2018-01-04 10:40:54
初始化单元测试数据SZ开始,第8次
2018-01-04 10:40:54
初始化单元测试数据SZ结束
2018-01-04 10:40:55
初始化单元测试数据SZ开始,第9次
2018-01-04 10:40:55
初始化单元测试数据SZ结束
2018-01-04 10:40:56
初始化单元测试数据SZ开始,第10次
2018-01-04 10:40:56
初始化单元测试数据SZ结束
2018-01-04 10:40:57
初始化单元测试数据SZ开始,第11次
2018-01-04 10:40:57
初始化单元测试数据SZ结束
2018-01-04 10:40:58
初始化单元测试数据SZ开始,第12次
2018-01-04 10:40:58
初始化单元测试数据SZ结束
2018-01-04 10:40:59
初始化单元测试数据SZ开始,第13次
2018-01-04 10:40:59
初始化单元测试数据SZ结束
2018-01-04 10:41:00
初始化单元测试数据SZ开始,第14次
2018-01-04 10:41:00
初始化单元测试数据SZ结束
2018-01-04 10:41:01
初始化单元测试数据SZ开始,第15次
2018-01-04 10:41:01
初始化单元测试数据SZ结束
2018-01-04 10:41:02
初始化单元测试数据SZ开始,第16次
2018-01-04 10:41:02
初始化单元测试数据SZ结束
2018-01-04 10:41:03
初始化单元测试数据SZ开始,第17次
2018-01-04 10:41:03
初始化单元测试数据SZ结束
2018-01-04 10:41:04
初始化单元测试数据SZ开始,第18次
2018-01-04 10:41:04
初始化单元测试数据SZ结束
2018-01-04 10:41:05
初始化单元测试数据SZ开始,第19次
2018-01-04 10:41:05
初始化单元测试数据SZ结束
2018-01-04 10:41:06
初始化单元测试数据SZ开始,第20次
2018-01-04 10:41:06
初始化单元测试数据SZ结束
2018-01-04 10:41:07
初始化单元测试数据SZ开始,第21次
2018-01-04 10:41:07
初始化单元测试数据SZ结束
2018-01-04 10:41:08
初始化单元测试数据SZ开始,第22次
2018-01-04 10:41:08
初始化单元测试数据SZ结束
2018-01-04 10:41:09
初始化单元测试数据SZ开始,第23次
2018-01-04 10:41:09
初始化单元测试数据SZ结束
2018-01-04 10:41:10
初始化单元测试数据SZ开始,第24次
2018-01-04 10:41:10
初始化单元测试数据SZ结束
2018-01-04 10:41:11
初始化单元测试数据SZ开始,第25次
2018-01-04 10:41:11
初始化单元测试数据SZ结束
2018-01-04 10:41:12
初始化单元测试数据SZ开始,第26次
2018-01-04 10:41:12
初始化单元测试数据SZ结束
2018-01-04 10:41:13
初始化单元测试数据SZ开始,第27次
2018-01-04 10:41:13
初始化单元测试数据SZ结束
2018-01-04 10:41:14
刷新课本剧排行榜redis数据开始
2018-01-04 10:41:14
刷新课本剧排行榜redis数据结束
2018-01-04 10:41:14
初始化单元测试数据SZ开始,第28次
2018-01-04 10:41:14
初始化单元测试数据SZ结束
2018-01-04 10:41:15
初始化单元测试数据SZ开始,第29次
2018-01-04 10:41:15
初始化单元测试数据SZ结束
2018-01-04 10:41:16
初始化单元测试数据SZ开始,第30次
2018-01-04 10:41:16
初始化单元测试数据SZ结束
2018-01-04 10:41:17
初始化单元测试数据SZ开始,第31次
2018-01-04 10:41:17
初始化单元测试数据SZ结束
2018-01-04 10:41:18
初始化单元测试数据SZ开始,第32次
2018-01-04 10:41:18
初始化单元测试数据SZ结束
2018-01-04 10:41:19
初始化单元测试数据SZ开始,第33次
2018-01-04 10:41:19
初始化单元测试数据SZ结束
2018-01-04 10:41:20
初始化单元测试数据SZ开始,第34次
2018-01-04 10:41:20
初始化单元测试数据SZ结束
2018-01-04 10:41:21
初始化单元测试数据SZ开始,第35次
2018-01-04 10:41:21
初始化单元测试数据SZ结束
2018-01-04 10:41:22
初始化单元测试数据SZ开始,第36次
2018-01-04 10:41:22
初始化单元测试数据SZ结束
2018-01-04 10:41:23
初始化单元测试数据SZ开始,第37次
2018-01-04 10:41:23
初始化单元测试数据SZ结束
2018-01-04 10:41:24
初始化单元测试数据SZ开始,第38次
2018-01-04 10:41:24
初始化单元测试数据SZ结束
2018-01-04 10:41:25
初始化单元测试数据SZ开始,第39次
2018-01-04 10:41:25
初始化单元测试数据SZ结束
2018-01-04 10:41:26
初始化单元测试数据SZ开始,第40次
2018-01-04 10:41:26
初始化单元测试数据SZ结束
2018-01-04 10:41:27
初始化单元测试数据SZ开始,第41次
2018-01-04 10:41:27
初始化单元测试数据SZ结束
2018-01-04 10:41:28
初始化单元测试数据SZ开始,第42次
2018-01-04 10:41:28
初始化单元测试数据SZ结束
2018-01-04 10:41:29
初始化单元测试数据SZ开始,第43次
2018-01-04 10:41:29
初始化单元测试数据SZ结束
2018-01-04 10:41:30
初始化单元测试数据SZ开始,第44次
2018-01-04 10:41:30
初始化单元测试数据SZ结束
2018-01-04 10:41:31
初始化单元测试数据SZ开始,第45次
2018-01-04 10:41:31
初始化单元测试数据SZ结束
2018-01-04 10:41:32
初始化单元测试数据SZ开始,第46次
2018-01-04 10:41:32
初始化单元测试数据SZ结束
2018-01-04 10:41:33
初始化单元测试数据SZ开始,第47次
2018-01-04 10:41:33
初始化单元测试数据SZ结束
2018-01-04 10:41:34
初始化单元测试数据SZ开始,第48次
2018-01-04 10:41:34
初始化单元测试数据SZ结束
2018-01-04 10:41:35
初始化单元测试数据SZ开始,第49次
2018-01-04 10:41:36
初始化单元测试数据SZ结束
2018-01-04 10:41:36
初始化单元测试数据SZ开始,第50次
2018-01-04 10:41:37
初始化单元测试数据SZ结束
2018-01-04 10:41:38
初始化单元测试数据SZ开始,第51次
2018-01-04 10:41:38
初始化单元测试数据SZ结束
2018-01-04 10:41:39
初始化单元测试数据SZ开始,第52次
2018-01-04 10:41:39
初始化单元测试数据SZ结束
2018-01-04 10:41:40
初始化单元测试数据SZ开始,第53次
2018-01-04 10:41:40
初始化单元测试数据SZ结束
2018-01-04 10:41:41
初始化单元测试数据SZ开始,第54次
2018-01-04 10:41:41
初始化单元测试数据SZ结束
2018-01-04 10:41:42
初始化单元测试数据SZ开始,第55次
2018-01-04 10:41:42
初始化单元测试数据SZ结束
2018-01-04 10:41:43
初始化单元测试数据SZ开始,第56次
2018-01-04 10:41:43
初始化单元测试数据SZ结束
2018-01-04 10:41:44
初始化单元测试数据SZ开始,第57次
2018-01-04 10:41:44
初始化单元测试数据SZ结束
2018-01-04 10:41:45
初始化单元测试数据SZ开始,第58次
2018-01-04 10:41:45
初始化单元测试数据SZ结束
2018-01-04 10:41:46
初始化单元测试数据SZ开始,第59次
2018-01-04 10:41:46
初始化单元测试数据SZ结束
2018-01-04 10:41:47
初始化单元测试数据SZ开始,第60次
2018-01-04 10:41:47
初始化单元测试数据SZ结束
2018-01-04 10:41:48
初始化单元测试数据SZ开始,第61次
2018-01-04 10:41:48
初始化单元测试数据SZ结束
2018-01-04 10:41:49
初始化单元测试数据SZ开始,第62次
2018-01-04 10:41:49
初始化单元测试数据SZ结束
2018-01-04 10:41:50
初始化单元测试数据SZ开始,第63次
2018-01-04 10:41:50
初始化单元测试数据SZ结束
2018-01-04 10:41:51
初始化单元测试数据SZ开始,第64次
2018-01-04 10:41:51
初始化单元测试数据SZ结束
2018-01-04 10:41:52
初始化单元测试数据SZ开始,第65次
2018-01-04 10:41:52
初始化单元测试数据SZ结束
2018-01-04 10:41:53
初始化单元测试数据SZ开始,第66次
2018-01-04 10:41:53
初始化单元测试数据SZ结束
2018-01-04 10:41:54
初始化单元测试数据SZ开始,第67次
2018-01-04 10:41:54
初始化单元测试数据SZ结束
2018-01-04 10:41:55
初始化单元测试数据SZ开始,第68次
2018-01-04 10:41:55
初始化单元测试数据SZ结束
2018-01-04 10:41:56
初始化单元测试数据SZ开始,第69次
2018-01-04 10:41:56
初始化单元测试数据SZ结束
2018-01-04 10:41:57
初始化单元测试数据SZ开始,第70次
2018-01-04 10:41:57
初始化单元测试数据SZ结束
2018-01-04 10:41:58
初始化单元测试数据SZ开始,第71次
2018-01-04 10:41:58
初始化单元测试数据SZ结束
2018-01-04 10:41:59
初始化单元测试数据SZ开始,第72次
2018-01-04 10:41:59
初始化单元测试数据SZ结束
2018-01-04 10:42:00
初始化单元测试数据SZ开始,第73次
2018-01-04 10:42:00
初始化单元测试数据SZ结束
2018-01-04 10:42:01
初始化单元测试数据SZ开始,第74次
2018-01-04 10:42:01
初始化单元测试数据SZ结束
2018-01-04 10:42:02
初始化单元测试数据SZ开始,第75次
2018-01-04 10:42:02
初始化单元测试数据SZ结束
2018-01-04 10:42:03
初始化单元测试数据SZ开始,第76次
2018-01-04 10:42:03
初始化单元测试数据SZ结束
2018-01-04 10:42:04
初始化单元测试数据SZ开始,第77次
2018-01-04 10:42:04
初始化单元测试数据SZ结束
2018-01-04 10:42:05
初始化单元测试数据SZ开始,第78次
2018-01-04 10:42:05
初始化单元测试数据SZ结束
2018-01-04 10:42:06
初始化单元测试数据SZ开始,第79次
2018-01-04 10:42:06
初始化单元测试数据SZ结束
2018-01-04 10:42:07
初始化单元测试数据SZ开始,第80次
2018-01-04 10:42:07
初始化单元测试数据SZ结束
2018-01-04 10:42:08
初始化单元测试数据SZ开始,第81次
2018-01-04 10:42:08
初始化单元测试数据SZ结束
2018-01-04 10:42:09
初始化单元测试数据SZ开始,第82次
2018-01-04 10:42:09
初始化单元测试数据SZ结束
2018-01-04 10:42:10
初始化单元测试数据SZ开始,第83次
2018-01-04 10:42:10
初始化单元测试数据SZ结束
2018-01-04 10:42:11
初始化单元测试数据SZ开始,第84次
2018-01-04 10:42:11
初始化单元测试数据SZ结束
2018-01-04 10:42:12
初始化单元测试数据SZ开始,第85次
2018-01-04 10:42:12
初始化单元测试数据SZ结束
2018-01-04 10:42:13
初始化单元测试数据SZ开始,第86次
2018-01-04 10:42:13
初始化单元测试数据SZ结束
2018-01-04 10:42:14
刷新课本剧排行榜redis数据开始
2018-01-04 10:42:14
刷新课本剧排行榜redis数据结束
2018-01-04 10:42:14
初始化单元测试数据SZ开始,第87次
2018-01-04 10:42:14
初始化单元测试数据SZ结束
2018-01-04 10:42:15
初始化单元测试数据SZ开始,第88次
2018-01-04 10:42:15
初始化单元测试数据SZ结束
2018-01-04 10:42:16
初始化单元测试数据SZ开始,第89次
2018-01-04 10:42:16
初始化单元测试数据SZ结束
2018-01-04 10:42:17
初始化单元测试数据SZ开始,第90次
2018-01-04 10:42:17
初始化单元测试数据SZ结束
2018-01-04 10:42:18
初始化单元测试数据SZ开始,第91次
2018-01-04 10:42:18
初始化单元测试数据SZ结束
2018-01-04 10:42:19
初始化单元测试数据SZ开始,第92次
2018-01-04 10:42:19
初始化单元测试数据SZ结束
2018-01-04 10:42:20
初始化单元测试数据SZ开始,第93次
2018-01-04 10:42:20
初始化单元测试数据SZ结束
2018-01-04 10:42:21
初始化单元测试数据SZ开始,第94次
2018-01-04 10:42:21
初始化单元测试数据SZ结束
2018-01-04 10:42:22
初始化单元测试数据SZ开始,第95次
2018-01-04 10:42:22
初始化单元测试数据SZ结束
2018-01-04 10:42:23
初始化单元测试数据SZ开始,第96次
2018-01-04 10:42:23
初始化单元测试数据SZ结束
2018-01-04 10:42:24
初始化单元测试数据SZ开始,第97次
2018-01-04 10:42:24
初始化单元测试数据SZ结束
2018-01-04 10:42:25
初始化单元测试数据SZ开始,第98次
2018-01-04 10:42:25
初始化单元测试数据SZ结束
2018-01-04 10:42:26
初始化单元测试数据SZ开始,第99次
2018-01-04 10:42:26
初始化单元测试数据SZ结束
2018-01-04 10:42:27
初始化单元测试数据SZ开始,第100次
2018-01-04 10:42:27
初始化单元测试数据SZ结束
2018-01-04 10:42:28
初始化单元测试数据SZ开始,第101次
2018-01-04 10:42:28
初始化单元测试数据SZ结束
2018-01-04 10:42:29
初始化单元测试数据SZ开始,第102次
2018-01-04 10:42:29
初始化单元测试数据SZ结束
2018-01-04 10:42:30
初始化单元测试数据SZ开始,第103次
2018-01-04 10:42:30
初始化单元测试数据SZ结束
2018-01-04 10:42:31
初始化单元测试数据SZ开始,第104次
2018-01-04 10:42:31
初始化单元测试数据SZ结束
2018-01-04 10:42:32
初始化单元测试数据SZ开始,第105次
2018-01-04 10:42:32
初始化单元测试数据SZ结束
2018-01-04 10:42:33
初始化单元测试数据SZ开始,第106次
2018-01-04 10:42:33
初始化单元测试数据SZ结束
2018-01-04 10:42:34
初始化单元测试数据SZ开始,第107次
2018-01-04 10:42:34
初始化单元测试数据SZ结束
2018-01-04 10:42:35
初始化单元测试数据SZ开始,第108次
2018-01-04 10:42:35
初始化单元测试数据SZ结束
2018-01-04 10:42:36
初始化单元测试数据SZ开始,第109次
2018-01-04 10:42:36
初始化单元测试数据SZ结束
2018-01-04 10:42:37
初始化单元测试数据SZ开始,第110次
2018-01-04 10:42:37
初始化单元测试数据SZ结束
2018-01-04 10:42:38
初始化单元测试数据SZ开始,第111次
2018-01-04 10:42:38
初始化单元测试数据SZ结束
2018-01-04 10:42:39
初始化单元测试数据SZ开始,第112次
2018-01-04 10:42:39
初始化单元测试数据SZ结束
2018-01-04 10:42:40
初始化单元测试数据SZ开始,第113次
2018-01-04 10:42:40
初始化单元测试数据SZ结束
2018-01-04 10:42:41
初始化单元测试数据SZ开始,第114次
2018-01-04 10:42:41
初始化单元测试数据SZ结束
2018-01-04 10:42:42
初始化单元测试数据SZ开始,第115次
2018-01-04 10:42:42
初始化单元测试数据SZ结束
2018-01-04 10:42:43
初始化单元测试数据SZ开始,第116次
2018-01-04 10:42:43
初始化单元测试数据SZ结束
2018-01-04 10:42:44
初始化单元测试数据SZ开始,第117次
2018-01-04 10:42:44
初始化单元测试数据SZ结束
2018-01-04 10:42:45
初始化单元测试数据SZ开始,第118次
2018-01-04 10:42:45
初始化单元测试数据SZ结束
2018-01-04 10:42:46
初始化单元测试数据SZ开始,第119次
2018-01-04 10:42:46
初始化单元测试数据SZ结束
2018-01-04 10:42:47
初始化单元测试数据SZ开始,第120次
2018-01-04 10:42:47
初始化单元测试数据SZ结束
2018-01-04 10:42:48
初始化单元测试数据SZ开始,第121次
2018-01-04 10:42:48
初始化单元测试数据SZ结束
2018-01-04 10:42:49
初始化单元测试数据SZ开始,第122次
2018-01-04 10:42:50
初始化单元测试数据SZ结束
2018-01-04 10:42:51
初始化单元测试数据SZ开始,第123次
2018-01-04 10:42:51
初始化单元测试数据SZ结束
2018-01-04 10:42:52
初始化单元测试数据SZ开始,第124次
2018-01-04 10:42:52
初始化单元测试数据SZ结束
2018-01-04 10:42:53
初始化单元测试数据SZ开始,第125次
2018-01-04 10:42:53
初始化单元测试数据SZ结束
2018-01-04 10:42:54
初始化单元测试数据SZ开始,第126次
2018-01-04 10:42:54
初始化单元测试数据SZ结束
2018-01-04 10:42:55
初始化单元测试数据SZ开始,第127次
2018-01-04 10:42:55
初始化单元测试数据SZ结束
2018-01-04 10:42:56
初始化单元测试数据SZ开始,第128次
2018-01-04 10:42:56
初始化单元测试数据SZ结束
2018-01-04 10:42:57
初始化单元测试数据SZ开始,第129次
2018-01-04 10:42:57
初始化单元测试数据SZ结束
2018-01-04 10:42:58
初始化单元测试数据SZ开始,第130次
2018-01-04 10:42:58
初始化单元测试数据SZ结束
2018-01-04 10:42:59
初始化单元测试数据SZ开始,第131次
2018-01-04 10:42:59
初始化单元测试数据SZ结束
2018-01-04 10:43:00
初始化单元测试数据SZ开始,第132次
2018-01-04 10:43:00
初始化单元测试数据SZ结束
2018-01-04 10:43:01
初始化单元测试数据SZ开始,第133次
2018-01-04 10:43:01
初始化单元测试数据SZ结束
2018-01-04 10:43:02
初始化单元测试数据SZ开始,第134次
2018-01-04 10:43:02
初始化单元测试数据SZ结束
2018-01-04 10:43:03
初始化单元测试数据SZ开始,第135次
2018-01-04 10:43:03
初始化单元测试数据SZ结束
2018-01-04 10:43:04
初始化单元测试数据SZ开始,第136次
2018-01-04 10:43:04
初始化单元测试数据SZ结束
2018-01-04 10:43:05
初始化单元测试数据SZ开始,第137次
2018-01-04 10:43:05
初始化单元测试数据SZ结束
2018-01-04 10:43:06
初始化单元测试数据SZ开始,第138次
2018-01-04 10:43:06
初始化单元测试数据SZ结束
2018-01-04 10:43:07
初始化单元测试数据SZ开始,第139次
2018-01-04 10:43:07
初始化单元测试数据SZ结束
2018-01-04 10:43:08
初始化单元测试数据SZ开始,第140次
2018-01-04 10:43:08
初始化单元测试数据SZ结束
2018-01-04 10:43:09
初始化单元测试数据SZ开始,第141次
2018-01-04 10:43:09
初始化单元测试数据SZ结束
2018-01-04 10:43:10
初始化单元测试数据SZ开始,第142次
2018-01-04 10:43:10
初始化单元测试数据SZ结束
2018-01-04 10:43:11
初始化单元测试数据SZ开始,第143次
2018-01-04 10:43:11
初始化单元测试数据SZ结束
2018-01-04 10:43:12
初始化单元测试数据SZ开始,第144次
2018-01-04 10:43:12
初始化单元测试数据SZ结束
2018-01-04 10:43:13
初始化单元测试数据SZ开始,第145次
2018-01-04 10:43:13
初始化单元测试数据SZ结束
2018-01-04 10:43:14
刷新课本剧排行榜redis数据开始
2018-01-04 10:43:14
刷新课本剧排行榜redis数据结束
2018-01-04 10:43:14
初始化单元测试数据SZ开始,第146次
2018-01-04 10:43:14
初始化单元测试数据SZ结束
2018-01-04 10:43:15
初始化单元测试数据SZ开始,第147次
2018-01-04 10:43:15
初始化单元测试数据SZ结束
2018-01-04 10:43:16
初始化单元测试数据SZ开始,第148次
2018-01-04 10:43:16
初始化单元测试数据SZ结束
2018-01-04 10:43:17
初始化单元测试数据SZ开始,第149次
2018-01-04 10:43:17
初始化单元测试数据SZ结束
2018-01-04 10:43:18
初始化单元测试数据SZ开始,第150次
2018-01-04 10:43:18
初始化单元测试数据SZ结束
2018-01-04 10:43:19
初始化单元测试数据SZ开始,第151次
2018-01-04 10:43:19
初始化单元测试数据SZ结束
2018-01-04 10:43:20
初始化单元测试数据SZ开始,第152次
2018-01-04 10:43:20
初始化单元测试数据SZ结束
2018-01-04 10:43:21
初始化单元测试数据SZ开始,第153次
2018-01-04 10:43:21
初始化单元测试数据SZ结束
2018-01-04 10:43:22
初始化单元测试数据SZ开始,第154次
2018-01-04 10:43:22
初始化单元测试数据SZ结束
2018-01-04 10:43:23
初始化单元测试数据SZ开始,第155次
2018-01-04 10:43:23
初始化单元测试数据SZ结束
2018-01-04 10:43:24
初始化单元测试数据SZ开始,第156次
2018-01-04 10:43:24
初始化单元测试数据SZ结束
2018-01-04 10:43:25
初始化单元测试数据SZ开始,第157次
2018-01-04 10:43:25
初始化单元测试数据SZ结束
2018-01-04 10:43:26
初始化单元测试数据SZ开始,第158次
2018-01-04 10:43:26
初始化单元测试数据SZ结束
2018-01-04 10:43:27
初始化单元测试数据SZ开始,第159次
2018-01-04 10:43:27
初始化单元测试数据SZ结束
2018-01-04 10:43:28
初始化单元测试数据SZ开始,第160次
2018-01-04 10:43:28
初始化单元测试数据SZ结束
2018-01-04 10:43:29
初始化单元测试数据SZ开始,第161次
2018-01-04 10:43:29
初始化单元测试数据SZ结束
2018-01-04 10:43:30
初始化单元测试数据SZ开始,第162次
2018-01-04 10:43:30
初始化单元测试数据SZ结束
2018-01-04 10:43:31
初始化单元测试数据SZ开始,第163次
2018-01-04 10:43:31
初始化单元测试数据SZ结束
2018-01-04 10:43:32
初始化单元测试数据SZ开始,第164次
2018-01-04 10:43:32
初始化单元测试数据SZ结束
2018-01-04 10:43:33
初始化单元测试数据SZ开始,第165次
2018-01-04 10:43:33
初始化单元测试数据SZ结束
2018-01-04 10:43:34
初始化单元测试数据SZ开始,第166次
2018-01-04 10:43:34
初始化单元测试数据SZ结束
2018-01-04 10:43:35
初始化单元测试数据SZ开始,第167次
2018-01-04 10:43:35
初始化单元测试数据SZ结束
2018-01-04 10:43:36
初始化单元测试数据SZ开始,第168次
2018-01-04 10:43:36
初始化单元测试数据SZ结束
2018-01-04 10:43:37
初始化单元测试数据SZ开始,第169次
2018-01-04 10:43:37
初始化单元测试数据SZ结束
2018-01-04 10:43:38
初始化单元测试数据SZ开始,第170次
2018-01-04 10:43:38
初始化单元测试数据SZ结束
2018-01-04 10:43:39
初始化单元测试数据SZ开始,第171次
2018-01-04 10:43:39
初始化单元测试数据SZ结束
2018-01-04 10:43:40
初始化单元测试数据SZ开始,第172次
2018-01-04 10:43:40
初始化单元测试数据SZ结束
2018-01-04 10:43:41
初始化单元测试数据SZ开始,第173次
2018-01-04 10:43:41
初始化单元测试数据SZ结束
2018-01-04 10:43:42
初始化单元测试数据SZ开始,第174次
2018-01-04 10:43:42
初始化单元测试数据SZ结束
2018-01-04 10:43:43
初始化单元测试数据SZ开始,第175次
2018-01-04 10:43:43
初始化单元测试数据SZ结束
2018-01-04 10:43:44
初始化单元测试数据SZ开始,第176次
2018-01-04 10:43:44
初始化单元测试数据SZ结束
2018-01-04 10:43:45
初始化单元测试数据SZ开始,第177次
2018-01-04 10:43:45
初始化单元测试数据SZ结束
2018-01-04 10:43:46
初始化单元测试数据SZ开始,第178次
2018-01-04 10:43:46
初始化单元测试数据SZ结束
2018-01-04 10:43:47
初始化单元测试数据SZ开始,第179次
2018-01-04 10:43:47
初始化单元测试数据SZ结束
2018-01-04 10:43:48
初始化单元测试数据SZ开始,第180次
2018-01-04 10:43:48
初始化单元测试数据SZ结束
2018-01-04 10:43:49
初始化单元测试数据SZ开始,第181次
2018-01-04 10:43:49
初始化单元测试数据SZ结束
2018-01-04 10:43:50
初始化单元测试数据SZ开始,第182次
2018-01-04 10:43:50
初始化单元测试数据SZ结束
2018-01-04 10:43:51
初始化单元测试数据SZ开始,第183次
2018-01-04 10:43:51
初始化单元测试数据SZ结束
2018-01-04 10:43:52
初始化单元测试数据SZ开始,第184次
2018-01-04 10:43:52
初始化单元测试数据SZ结束
2018-01-04 10:43:53
初始化单元测试数据SZ开始,第185次
2018-01-04 10:43:53
初始化单元测试数据SZ结束
2018-01-04 10:43:54
初始化单元测试数据SZ开始,第186次
2018-01-04 10:43:54
初始化单元测试数据SZ结束
2018-01-04 10:43:55
初始化单元测试数据SZ开始,第187次
2018-01-04 10:43:55
初始化单元测试数据SZ结束
2018-01-04 10:43:56
初始化单元测试数据SZ开始,第188次
2018-01-04 10:43:56
初始化单元测试数据SZ结束
2018-01-04 10:43:57
初始化单元测试数据SZ开始,第189次
2018-01-04 10:43:57
初始化单元测试数据SZ结束
2018-01-04 10:43:58
初始化单元测试数据SZ开始,第190次
2018-01-04 10:43:58
初始化单元测试数据SZ结束
2018-01-04 10:43:59
初始化单元测试数据SZ开始,第191次
2018-01-04 10:43:59
初始化单元测试数据SZ结束
2018-01-04 10:44:00
初始化单元测试数据SZ开始,第192次
2018-01-04 10:44:00
初始化单元测试数据SZ结束
2018-01-04 10:44:01
初始化单元测试数据SZ开始,第193次
2018-01-04 10:44:02
初始化单元测试数据SZ结束
2018-01-04 10:44:03
初始化单元测试数据SZ开始,第194次
2018-01-04 10:44:03
初始化单元测试数据SZ结束
2018-01-04 10:44:04
初始化单元测试数据SZ开始,第195次
2018-01-04 10:44:04
初始化单元测试数据SZ结束
2018-01-04 10:44:05
初始化单元测试数据SZ开始,第196次
2018-01-04 10:44:05
初始化单元测试数据SZ结束
2018-01-04 10:44:06
初始化单元测试数据SZ开始,第197次
2018-01-04 10:44:06
初始化单元测试数据SZ结束
2018-01-04 10:44:07
初始化单元测试数据SZ开始,第198次
2018-01-04 10:44:07
初始化单元测试数据SZ结束
2018-01-04 10:44:08
初始化单元测试数据SZ开始,第199次
2018-01-04 10:44:08
初始化单元测试数据SZ结束
2018-01-04 10:44:09
初始化单元测试数据SZ开始,第200次
2018-01-04 10:44:09
初始化单元测试数据SZ结束
2018-01-04 10:44:10
初始化单元测试数据SZ开始,第201次
2018-01-04 10:44:10
初始化单元测试数据SZ结束
2018-01-04 10:44:11
初始化单元测试数据SZ开始,第202次
2018-01-04 10:44:11
初始化单元测试数据SZ结束
2018-01-04 10:44:12
初始化单元测试数据SZ开始,第203次
2018-01-04 10:44:12
初始化单元测试数据SZ结束
2018-01-04 10:44:13
初始化单元测试数据SZ开始,第204次
2018-01-04 10:44:13
初始化单元测试数据SZ结束
2018-01-04 10:44:14
初始化单元测试数据SZ开始,第205次
2018-01-04 10:44:14
初始化单元测试数据SZ结束
2018-01-04 10:44:14
刷新课本剧排行榜redis数据开始
2018-01-04 10:44:14
刷新课本剧排行榜redis数据结束
2018-01-04 10:44:15
初始化单元测试数据SZ开始,第206次
2018-01-04 10:44:15
初始化单元测试数据SZ结束
2018-01-04 10:44:16
初始化单元测试数据SZ开始,第207次
2018-01-04 10:44:16
初始化单元测试数据SZ结束
2018-01-04 10:44:17
初始化单元测试数据SZ开始,第208次
2018-01-04 10:44:17
初始化单元测试数据SZ结束
2018-01-04 10:44:18
初始化单元测试数据SZ开始,第209次
2018-01-04 10:44:18
初始化单元测试数据SZ结束
2018-01-04 10:44:19
初始化单元测试数据SZ开始,第210次
2018-01-04 10:44:19
初始化单元测试数据SZ结束
2018-01-04 10:44:20
初始化单元测试数据SZ开始,第211次
2018-01-04 10:44:20
初始化单元测试数据SZ结束
2018-01-04 10:44:21
初始化单元测试数据SZ开始,第212次
2018-01-04 10:44:21
初始化单元测试数据SZ结束
2018-01-04 10:44:22
初始化单元测试数据SZ开始,第213次
2018-01-04 10:44:22
初始化单元测试数据SZ结束
2018-01-04 10:44:23
初始化单元测试数据SZ开始,第214次
2018-01-04 10:44:23
初始化单元测试数据SZ结束
2018-01-04 10:44:24
初始化单元测试数据SZ开始,第215次
2018-01-04 10:44:24
初始化单元测试数据SZ结束
2018-01-04 10:44:25
初始化单元测试数据SZ开始,第216次
2018-01-04 10:44:25
初始化单元测试数据SZ结束
2018-01-04 10:44:26
初始化单元测试数据SZ开始,第217次
2018-01-04 10:44:26
初始化单元测试数据SZ结束
2018-01-04 10:44:27
初始化单元测试数据SZ开始,第218次
2018-01-04 10:44:27
初始化单元测试数据SZ结束
2018-01-04 10:44:28
初始化单元测试数据SZ开始,第219次
2018-01-04 10:44:28
初始化单元测试数据SZ结束
2018-01-04 10:44:29
初始化单元测试数据SZ开始,第220次
2018-01-04 10:44:29
初始化单元测试数据SZ结束
2018-01-04 10:44:30
初始化单元测试数据SZ开始,第221次
2018-01-04 10:44:30
初始化单元测试数据SZ结束
2018-01-04 10:44:31
初始化单元测试数据SZ开始,第222次
2018-01-04 10:44:31
初始化单元测试数据SZ结束
2018-01-04 10:44:32
初始化单元测试数据SZ开始,第223次
2018-01-04 10:44:32
初始化单元测试数据SZ结束
2018-01-04 10:44:33
初始化单元测试数据SZ开始,第224次
2018-01-04 10:44:33
初始化单元测试数据SZ结束
2018-01-04 10:44:34
初始化单元测试数据SZ开始,第225次
2018-01-04 10:44:34
初始化单元测试数据SZ结束
2018-01-04 10:44:35
初始化单元测试数据SZ开始,第226次
2018-01-04 10:44:35
初始化单元测试数据SZ结束
2018-01-04 10:44:36
初始化单元测试数据SZ开始,第227次
2018-01-04 10:44:36
初始化单元测试数据SZ结束
2018-01-04 10:44:37
初始化单元测试数据SZ开始,第228次
2018-01-04 10:44:37
初始化单元测试数据SZ结束
2018-01-04 10:44:38
初始化单元测试数据SZ开始,第229次
2018-01-04 10:44:38
初始化单元测试数据SZ结束
2018-01-04 10:44:39
初始化单元测试数据SZ开始,第230次
2018-01-04 10:44:39
初始化单元测试数据SZ结束
2018-01-04 10:44:40
初始化单元测试数据SZ开始,第231次
2018-01-04 10:44:40
初始化单元测试数据SZ结束
2018-01-04 10:44:41
初始化单元测试数据SZ开始,第232次
2018-01-04 10:44:41
初始化单元测试数据SZ结束
2018-01-04 10:44:42
初始化单元测试数据SZ开始,第233次
2018-01-04 10:44:42
初始化单元测试数据SZ结束
2018-01-04 10:44:43
初始化单元测试数据SZ开始,第234次
2018-01-04 10:44:43
初始化单元测试数据SZ结束
2018-01-04 10:44:44
初始化单元测试数据SZ开始,第235次
2018-01-04 10:44:44
初始化单元测试数据SZ结束
2018-01-04 10:44:45
初始化单元测试数据SZ开始,第236次
2018-01-04 10:44:45
初始化单元测试数据SZ结束
2018-01-04 10:44:46
初始化单元测试数据SZ开始,第237次
2018-01-04 10:44:46
初始化单元测试数据SZ结束
2018-01-04 10:44:47
初始化单元测试数据SZ开始,第238次
2018-01-04 10:44:47
初始化单元测试数据SZ结束
2018-01-04 10:44:48
初始化单元测试数据SZ开始,第239次
2018-01-04 10:44:48
初始化单元测试数据SZ结束
2018-01-04 10:44:49
初始化单元测试数据SZ开始,第240次
2018-01-04 10:44:49
初始化单元测试数据SZ结束
2018-01-04 10:44:50
初始化单元测试数据SZ开始,第241次
2018-01-04 10:44:50
初始化单元测试数据SZ结束
2018-01-04 10:44:51
初始化单元测试数据SZ开始,第242次
2018-01-04 10:44:51
初始化单元测试数据SZ结束
2018-01-04 10:44:52
初始化单元测试数据SZ开始,第243次
2018-01-04 10:44:52
初始化单元测试数据SZ结束
2018-01-04 10:44:53
初始化单元测试数据SZ开始,第244次
2018-01-04 10:44:53
初始化单元测试数据SZ结束
2018-01-04 10:44:54
初始化单元测试数据SZ开始,第245次
2018-01-04 10:44:54
初始化单元测试数据SZ结束
2018-01-04 10:44:55
初始化单元测试数据SZ开始,第246次
2018-01-04 10:44:55
初始化单元测试数据SZ结束
2018-01-04 10:44:56
初始化单元测试数据SZ开始,第247次
2018-01-04 10:44:56
初始化单元测试数据SZ结束
2018-01-04 10:44:57
初始化单元测试数据SZ开始,第248次
2018-01-04 10:44:57
初始化单元测试数据SZ结束
2018-01-04 10:44:58
初始化单元测试数据SZ开始,第249次
2018-01-04 10:44:58
初始化单元测试数据SZ结束
2018-01-04 10:44:59
初始化单元测试数据SZ开始,第250次
2018-01-04 10:44:59
初始化单元测试数据SZ结束
2018-01-04 10:45:00
初始化单元测试数据SZ开始,第251次
2018-01-04 10:45:00
初始化单元测试数据SZ结束
2018-01-04 10:45:01
初始化单元测试数据SZ开始,第252次
2018-01-04 10:45:01
初始化单元测试数据SZ结束
2018-01-04 10:45:02
初始化单元测试数据SZ开始,第253次
2018-01-04 10:45:02
初始化单元测试数据SZ结束
2018-01-04 10:45:03
初始化单元测试数据SZ开始,第254次
2018-01-04 10:45:03
初始化单元测试数据SZ结束
2018-01-04 10:45:04
初始化单元测试数据SZ开始,第255次
2018-01-04 10:45:04
初始化单元测试数据SZ结束
2018-01-04 10:45:05
初始化单元测试数据SZ开始,第256次
2018-01-04 10:45:05
初始化单元测试数据SZ结束
2018-01-04 10:45:06
初始化单元测试数据SZ开始,第257次
2018-01-04 10:45:06
初始化单元测试数据SZ结束
2018-01-04 10:45:07
初始化单元测试数据SZ开始,第258次
2018-01-04 10:45:07
初始化单元测试数据SZ结束
2018-01-04 10:45:08
初始化单元测试数据SZ开始,第259次
2018-01-04 10:45:08
初始化单元测试数据SZ结束
2018-01-04 10:45:09
初始化单元测试数据SZ开始,第260次
2018-01-04 10:45:09
初始化单元测试数据SZ结束
2018-01-04 10:45:10
初始化单元测试数据SZ开始,第261次
2018-01-04 10:45:10
初始化单元测试数据SZ结束
2018-01-04 10:45:11
初始化单元测试数据SZ开始,第262次
2018-01-04 10:45:11
初始化单元测试数据SZ结束
2018-01-04 10:45:12
初始化单元测试数据SZ开始,第263次
2018-01-04 10:45:12
初始化单元测试数据SZ结束
2018-01-04 10:45:13
初始化单元测试数据SZ开始,第264次
2018-01-04 10:45:14
初始化单元测试数据SZ结束
2018-01-04 10:45:14
刷新课本剧排行榜redis数据开始
2018-01-04 10:45:14
刷新课本剧排行榜redis数据结束
2018-01-04 10:45:15
初始化单元测试数据SZ开始,第265次
2018-01-04 10:45:15
初始化单元测试数据SZ结束
2018-01-04 10:45:16
初始化单元测试数据SZ开始,第266次
2018-01-04 10:45:16
初始化单元测试数据SZ结束
2018-01-04 10:45:17
初始化单元测试数据SZ开始,第267次
2018-01-04 10:45:17
初始化单元测试数据SZ结束
2018-01-04 10:45:18
初始化单元测试数据SZ开始,第268次
2018-01-04 10:45:18
初始化单元测试数据SZ结束
2018-01-04 10:45:19
初始化单元测试数据SZ开始,第269次
2018-01-04 10:45:19
初始化单元测试数据SZ结束
2018-01-04 10:45:20
初始化单元测试数据SZ开始,第270次
2018-01-04 10:45:20
初始化单元测试数据SZ结束
2018-01-04 10:45:21
初始化单元测试数据SZ开始,第271次
2018-01-04 10:45:21
初始化单元测试数据SZ结束
2018-01-04 10:45:22
初始化单元测试数据SZ开始,第272次
2018-01-04 10:45:22
初始化单元测试数据SZ结束
2018-01-04 10:45:23
初始化单元测试数据SZ开始,第273次
2018-01-04 10:45:23
初始化单元测试数据SZ结束
2018-01-04 10:45:24
初始化单元测试数据SZ开始,第274次
2018-01-04 10:45:24
初始化单元测试数据SZ结束
2018-01-04 10:45:25
初始化单元测试数据SZ开始,第275次
2018-01-04 10:45:25
初始化单元测试数据SZ结束
2018-01-04 10:45:26
初始化单元测试数据SZ开始,第276次
2018-01-04 10:45:26
初始化单元测试数据SZ结束
2018-01-04 10:45:27
初始化单元测试数据SZ开始,第277次
2018-01-04 10:45:27
初始化单元测试数据SZ结束
2018-01-04 10:45:28
初始化单元测试数据SZ开始,第278次
2018-01-04 10:45:28
初始化单元测试数据SZ结束
2018-01-04 10:45:29
初始化单元测试数据SZ开始,第279次
2018-01-04 10:45:29
初始化单元测试数据SZ结束
2018-01-04 10:45:30
初始化单元测试数据SZ开始,第280次
2018-01-04 10:45:30
初始化单元测试数据SZ结束
2018-01-04 10:45:31
初始化单元测试数据SZ开始,第281次
2018-01-04 10:45:31
初始化单元测试数据SZ结束
2018-01-04 10:45:32
初始化单元测试数据SZ开始,第282次
2018-01-04 10:45:32
初始化单元测试数据SZ结束
2018-01-04 10:45:33
初始化单元测试数据SZ开始,第283次
2018-01-04 10:45:33
初始化单元测试数据SZ结束
2018-01-04 10:45:34
初始化单元测试数据SZ开始,第284次
2018-01-04 10:45:34
初始化单元测试数据SZ结束
2018-01-04 10:45:35
初始化单元测试数据SZ开始,第285次
2018-01-04 10:45:35
初始化单元测试数据SZ结束
2018-01-04 10:45:36
初始化单元测试数据SZ开始,第286次
2018-01-04 10:45:36
初始化单元测试数据SZ结束
2018-01-04 10:45:37
初始化单元测试数据SZ开始,第287次
2018-01-04 10:45:37
初始化单元测试数据SZ结束
2018-01-04 10:45:38
初始化单元测试数据SZ开始,第288次
2018-01-04 10:45:38
初始化单元测试数据SZ结束
2018-01-04 10:45:39
初始化单元测试数据SZ开始,第289次
2018-01-04 10:45:39
初始化单元测试数据SZ结束
2018-01-04 10:45:40
初始化单元测试数据SZ开始,第290次
2018-01-04 10:45:40
初始化单元测试数据SZ结束
2018-01-04 10:45:41
初始化单元测试数据SZ开始,第291次
2018-01-04 10:45:41
初始化单元测试数据SZ结束
2018-01-04 10:45:42
初始化单元测试数据SZ开始,第292次
2018-01-04 10:45:42
初始化单元测试数据SZ结束
2018-01-04 10:45:43
初始化单元测试数据SZ开始,第293次
2018-01-04 10:45:43
初始化单元测试数据SZ结束
2018-01-04 10:45:44
初始化单元测试数据SZ开始,第294次
2018-01-04 10:45:44
初始化单元测试数据SZ结束
2018-01-04 10:45:45
初始化单元测试数据SZ开始,第295次
2018-01-04 10:45:45
初始化单元测试数据SZ结束
2018-01-04 10:45:46
初始化单元测试数据SZ开始,第296次
2018-01-04 10:45:46
初始化单元测试数据SZ结束
2018-01-04 10:45:47
初始化单元测试数据SZ开始,第297次
2018-01-04 10:45:47
初始化单元测试数据SZ结束
2018-01-04 10:45:48
初始化单元测试数据SZ开始,第298次
2018-01-04 10:45:48
初始化单元测试数据SZ结束
2018-01-04 10:45:49
初始化单元测试数据SZ开始,第299次
2018-01-04 10:45:49
初始化单元测试数据SZ结束
2018-01-04 10:45:50
初始化单元测试数据SZ开始,第300次
2018-01-04 10:45:50
初始化单元测试数据SZ结束
2018-01-04 10:45:51
初始化单元测试数据SZ开始,第301次
2018-01-04 10:45:51
初始化单元测试数据SZ结束
2018-01-04 10:45:52
初始化单元测试数据SZ开始,第302次
2018-01-04 10:45:52
初始化单元测试数据SZ结束
2018-01-04 10:45:53
初始化单元测试数据SZ开始,第303次
2018-01-04 10:45:53
初始化单元测试数据SZ结束
2018-01-04 10:45:54
初始化单元测试数据SZ开始,第304次
2018-01-04 10:45:54
初始化单元测试数据SZ结束
2018-01-04 10:45:55
初始化单元测试数据SZ开始,第305次
2018-01-04 10:45:55
初始化单元测试数据SZ结束
2018-01-04 10:45:56
初始化单元测试数据SZ开始,第306次
2018-01-04 10:45:56
初始化单元测试数据SZ结束
2018-01-04 10:45:57
初始化单元测试数据SZ开始,第307次
2018-01-04 10:45:57
初始化单元测试数据SZ结束
2018-01-04 10:45:58
初始化单元测试数据SZ开始,第308次
2018-01-04 10:45:58
初始化单元测试数据SZ结束
2018-01-04 10:45:59
初始化单元测试数据SZ开始,第309次
2018-01-04 10:45:59
初始化单元测试数据SZ结束
2018-01-04 10:46:00
初始化单元测试数据SZ开始,第310次
2018-01-04 10:46:00
初始化单元测试数据SZ结束
2018-01-04 10:46:01
初始化单元测试数据SZ开始,第311次
2018-01-04 10:46:01
初始化单元测试数据SZ结束
2018-01-04 10:46:02
初始化单元测试数据SZ开始,第312次
2018-01-04 10:46:02
初始化单元测试数据SZ结束
2018-01-04 10:46:03
初始化单元测试数据SZ开始,第313次
2018-01-04 10:46:03
初始化单元测试数据SZ结束
2018-01-04 10:46:04
初始化单元测试数据SZ开始,第314次
2018-01-04 10:46:04
初始化单元测试数据SZ结束
2018-01-04 10:46:05
初始化单元测试数据SZ开始,第315次
2018-01-04 10:46:05
初始化单元测试数据SZ结束
2018-01-04 10:46:06
初始化单元测试数据SZ开始,第316次
2018-01-04 10:46:06
初始化单元测试数据SZ结束
2018-01-04 10:46:07
初始化单元测试数据SZ开始,第317次
2018-01-04 10:46:07
初始化单元测试数据SZ结束
2018-01-04 10:46:08
初始化单元测试数据SZ开始,第318次
2018-01-04 10:46:08
初始化单元测试数据SZ结束
2018-01-04 10:46:09
初始化单元测试数据SZ开始,第319次
2018-01-04 10:46:09
初始化单元测试数据SZ结束
2018-01-04 10:46:10
初始化单元测试数据SZ开始,第320次
2018-01-04 10:46:10
初始化单元测试数据SZ结束
2018-01-04 10:46:11
初始化单元测试数据SZ开始,第321次
2018-01-04 10:46:11
初始化单元测试数据SZ结束
2018-01-04 10:46:12
初始化单元测试数据SZ开始,第322次
2018-01-04 10:46:12
初始化单元测试数据SZ结束
2018-01-04 10:46:13
初始化单元测试数据SZ开始,第323次
2018-01-04 10:46:13
初始化单元测试数据SZ结束
2018-01-04 10:46:14
刷新课本剧排行榜redis数据开始
2018-01-04 10:46:14
刷新课本剧排行榜redis数据结束
2018-01-04 10:46:14
初始化单元测试数据SZ开始,第324次
2018-01-04 10:46:14
初始化单元测试数据SZ结束
2018-01-04 10:46:15
初始化单元测试数据SZ开始,第325次
2018-01-04 10:46:15
初始化单元测试数据SZ结束
2018-01-04 10:46:16
初始化单元测试数据SZ开始,第326次
2018-01-04 10:46:16
初始化单元测试数据SZ结束
2018-01-04 10:46:17
初始化单元测试数据SZ开始,第327次
2018-01-04 10:46:17
初始化单元测试数据SZ结束
2018-01-04 10:46:18
初始化单元测试数据SZ开始,第328次
2018-01-04 10:46:18
初始化单元测试数据SZ结束
2018-01-04 10:46:19
初始化单元测试数据SZ开始,第329次
2018-01-04 10:46:19
初始化单元测试数据SZ结束
2018-01-04 10:46:20
初始化单元测试数据SZ开始,第330次
2018-01-04 10:46:20
初始化单元测试数据SZ结束
2018-01-04 10:46:21
初始化单元测试数据SZ开始,第331次
2018-01-04 10:46:21
初始化单元测试数据SZ结束
2018-01-04 10:46:22
初始化单元测试数据SZ开始,第332次
2018-01-04 10:46:22
初始化单元测试数据SZ结束
2018-01-04 10:46:23
初始化单元测试数据SZ开始,第333次
2018-01-04 10:46:23
初始化单元测试数据SZ结束
2018-01-04 10:46:24
初始化单元测试数据SZ开始,第334次
2018-01-04 10:46:24
初始化单元测试数据SZ结束
2018-01-04 10:46:25
初始化单元测试数据SZ开始,第335次
2018-01-04 10:46:26
初始化单元测试数据SZ结束
2018-01-04 10:46:27
初始化单元测试数据SZ开始,第336次
2018-01-04 10:46:27
初始化单元测试数据SZ结束
2018-01-04 10:46:28
初始化单元测试数据SZ开始,第337次
2018-01-04 10:46:28
初始化单元测试数据SZ结束
2018-01-04 10:46:29
初始化单元测试数据SZ开始,第338次
2018-01-04 10:46:29
初始化单元测试数据SZ结束
2018-01-04 10:46:30
初始化单元测试数据SZ开始,第339次
2018-01-04 10:46:30
初始化单元测试数据SZ结束
2018-01-04 10:46:31
初始化单元测试数据SZ开始,第340次
2018-01-04 10:46:31
初始化单元测试数据SZ结束
2018-01-04 10:46:32
初始化单元测试数据SZ开始,第341次
2018-01-04 10:46:32
初始化单元测试数据SZ结束
2018-01-04 10:46:33
初始化单元测试数据SZ开始,第342次
2018-01-04 10:46:33
初始化单元测试数据SZ结束
2018-01-04 10:46:34
初始化单元测试数据SZ开始,第343次
2018-01-04 10:46:34
初始化单元测试数据SZ结束
2018-01-04 10:46:35
初始化单元测试数据SZ开始,第344次
2018-01-04 10:46:35
初始化单元测试数据SZ结束
2018-01-04 10:46:36
初始化单元测试数据SZ开始,第345次
2018-01-04 10:46:36
初始化单元测试数据SZ结束
2018-01-04 10:46:37
初始化单元测试数据SZ开始,第346次
2018-01-04 10:46:37
初始化单元测试数据SZ结束
2018-01-04 10:46:38
初始化单元测试数据SZ开始,第347次
2018-01-04 10:46:38
初始化单元测试数据SZ结束
2018-01-04 10:46:39
初始化单元测试数据SZ开始,第348次
2018-01-04 10:46:39
初始化单元测试数据SZ结束
2018-01-04 10:46:40
初始化单元测试数据SZ开始,第349次
2018-01-04 10:46:40
初始化单元测试数据SZ结束
2018-01-04 10:46:41
初始化单元测试数据SZ开始,第350次
2018-01-04 10:46:41
初始化单元测试数据SZ结束
2018-01-04 10:46:42
初始化单元测试数据SZ开始,第351次
2018-01-04 10:46:42
初始化单元测试数据SZ结束
2018-01-04 10:46:43
初始化单元测试数据SZ开始,第352次
2018-01-04 10:46:43
初始化单元测试数据SZ结束
2018-01-04 10:49:45
定时任务
