2017-11-06 10:33:49
错误编号:2017110610334957Xfcda6590ab
Message:远程服务器返回错误: (500) 内部服务器错误。
Message2:唤醒服务失败
Type:System.Net.WebException
Source:System
StackTrace:   在 System.Net.HttpWebRequest.GetResponse()
   在 Kingsun.SynchronousStudy.FS.MvcApplication.Application_End(Object sender, EventArgs e) 位置 d:\project\FZproject\Kingsun.SynchronousStudyIBS\Kingsun.SynchronousStudy.FS\Global.asax.cs:行号 38
Method:GetResponse
Class:System.Net.HttpWebRequest
UserIP:
UserName:

2017-11-06 10:34:47
错误编号:2017110610344725X77069242c5
Message:远程服务器返回错误: (500) 内部服务器错误。
Message2:唤醒服务失败
Type:System.Net.WebException
Source:System
StackTrace:   在 System.Net.HttpWebRequest.GetResponse()
   在 Kingsun.SynchronousStudy.FS.MvcApplication.Application_End(Object sender, EventArgs e) 位置 d:\project\FZproject\Kingsun.SynchronousStudyIBS\Kingsun.SynchronousStudy.FS\Global.asax.cs:行号 38
Method:GetResponse
Class:System.Net.HttpWebRequest
UserIP:
UserName:

2017-11-06 10:36:24
错误编号:2017110610362407Xf62cbb2482
Message:远程服务器返回错误: (500) 内部服务器错误。
Message2:唤醒服务失败
Type:System.Net.WebException
Source:System
StackTrace:   在 System.Net.HttpWebRequest.GetResponse()
   在 Kingsun.SynchronousStudy.FS.MvcApplication.Application_End(Object sender, EventArgs e) 位置 d:\project\FZproject\Kingsun.SynchronousStudyIBS\Kingsun.SynchronousStudy.FS\Global.asax.cs:行号 38
Method:GetResponse
Class:System.Net.HttpWebRequest
UserIP:
UserName:

2017-11-06 11:02:03
MOD同步IBS同步异常,异常数据：{"DataType":4,"ChangeType":2,"Data":"{\"UserID\": 1710873957,\"UserNum\":,\"UserName\": \"1144429\",\"UserPwd\": \"37F9B4CE95E0834A\",\"UserType\": 12,\"TrueName\": \"\",\"TelePhone\": \"\",\"Regdate\": \"2017-11-06 10:54:02\",\"State\":0}","Dates":"\/Date(1509936863403)\/"}
2017-11-06 11:02:06
MOD同步IBS同步异常,异常数据：{"DataType":4,"ChangeType":2,"Data":"{\"UserID\": 1710873957,\"UserNum\":,\"UserName\": \"1144429\",\"UserPwd\": \"37F9B4CE95E0834A\",\"UserType\": 12,\"TrueName\": \"\",\"TelePhone\": \"\",\"Regdate\": \"2017-11-06 10:54:02\",\"State\":0}","Dates":"\/Date(1509936863403)\/"}
2017-11-06 11:02:06
MOD同步IBS同步异常,异常数据：{"DataType":4,"ChangeType":2,"Data":"{\"UserID\": 1710873957,\"UserNum\":,\"UserName\": \"1144429\",\"UserPwd\": \"37F9B4CE95E0834A\",\"UserType\": 12,\"TrueName\": \"\",\"TelePhone\": \"\",\"Regdate\": \"2017-11-06 10:54:02\",\"State\":0}","Dates":"\/Date(1509936863403)\/"}
2017-11-06 11:02:06
MOD同步IBS同步异常,异常数据：{"DataType":4,"ChangeType":2,"Data":"{\"UserID\": 1710873957,\"UserNum\":,\"UserName\": \"1144429\",\"UserPwd\": \"37F9B4CE95E0834A\",\"UserType\": 12,\"TrueName\": \"\",\"TelePhone\": \"\",\"Regdate\": \"2017-11-06 10:54:02\",\"State\":0}","Dates":"\/Date(1509936863403)\/"}
2017-11-06 11:02:06
MOD同步IBS同步异常,异常数据：{"DataType":4,"ChangeType":2,"Data":"{\"UserID\": 1710873957,\"UserNum\":,\"UserName\": \"1144429\",\"UserPwd\": \"37F9B4CE95E0834A\",\"UserType\": 12,\"TrueName\": \"\",\"TelePhone\": \"\",\"Regdate\": \"2017-11-06 10:54:02\",\"State\":0}","Dates":"\/Date(1509936863403)\/"}
2017-11-06 11:02:06
MOD同步IBS同步异常,异常数据：{"DataType":4,"ChangeType":2,"Data":"{\"UserID\": 1710873957,\"UserNum\":,\"UserName\": \"1144429\",\"UserPwd\": \"37F9B4CE95E0834A\",\"UserType\": 12,\"TrueName\": \"\",\"TelePhone\": \"\",\"Regdate\": \"2017-11-06 10:54:02\",\"State\":0}","Dates":"\/Date(1509936863403)\/"}
2017-11-06 11:02:06
MOD同步IBS同步异常,异常数据：{"DataType":4,"ChangeType":2,"Data":"{\"UserID\": 1710873957,\"UserNum\":,\"UserName\": \"1144429\",\"UserPwd\": \"37F9B4CE95E0834A\",\"UserType\": 12,\"TrueName\": \"\",\"TelePhone\": \"\",\"Regdate\": \"2017-11-06 10:54:02\",\"State\":0}","Dates":"\/Date(1509936863403)\/"}
2017-11-06 11:02:06
MOD同步IBS同步异常,异常数据：{"DataType":4,"ChangeType":2,"Data":"{\"UserID\": 1710873957,\"UserNum\":,\"UserName\": \"1144429\",\"UserPwd\": \"37F9B4CE95E0834A\",\"UserType\": 12,\"TrueName\": \"\",\"TelePhone\": \"\",\"Regdate\": \"2017-11-06 10:54:02\",\"State\":0}","Dates":"\/Date(1509936863403)\/"}
2017-11-06 11:02:06
MOD同步IBS同步异常,异常数据：{"DataType":4,"ChangeType":2,"Data":"{\"UserID\": 1710873957,\"UserNum\":,\"UserName\": \"1144429\",\"UserPwd\": \"37F9B4CE95E0834A\",\"UserType\": 12,\"TrueName\": \"\",\"TelePhone\": \"\",\"Regdate\": \"2017-11-06 10:54:02\",\"State\":0}","Dates":"\/Date(1509936863403)\/"}
2017-11-06 11:02:06
MOD同步IBS同步异常,异常数据：{"DataType":4,"ChangeType":2,"Data":"{\"UserID\": 1710873957,\"UserNum\":,\"UserName\": \"1144429\",\"UserPwd\": \"37F9B4CE95E0834A\",\"UserType\": 12,\"TrueName\": \"\",\"TelePhone\": \"\",\"Regdate\": \"2017-11-06 10:54:02\",\"State\":0}","Dates":"\/Date(1509936863403)\/"}
2017-11-06 11:02:06
MOD同步IBS同步异常,异常数据：{"DataType":4,"ChangeType":2,"Data":"{\"UserID\": 1710873957,\"UserNum\":,\"UserName\": \"1144429\",\"UserPwd\": \"37F9B4CE95E0834A\",\"UserType\": 12,\"TrueName\": \"\",\"TelePhone\": \"\",\"Regdate\": \"2017-11-06 10:54:02\",\"State\":0}","Dates":"\/Date(1509936863403)\/"}
2017-11-06 11:02:06
MOD同步IBS同步异常,异常数据：{"DataType":4,"ChangeType":2,"Data":"{\"UserID\": 1710873957,\"UserNum\":,\"UserName\": \"1144429\",\"UserPwd\": \"37F9B4CE95E0834A\",\"UserType\": 12,\"TrueName\": \"\",\"TelePhone\": \"\",\"Regdate\": \"2017-11-06 10:54:02\",\"State\":0}","Dates":"\/Date(1509936863403)\/"}
2017-11-06 11:02:06
MOD同步IBS同步异常,异常数据：{"DataType":4,"ChangeType":2,"Data":"{\"UserID\": 1710873957,\"UserNum\":,\"UserName\": \"1144429\",\"UserPwd\": \"37F9B4CE95E0834A\",\"UserType\": 12,\"TrueName\": \"\",\"TelePhone\": \"\",\"Regdate\": \"2017-11-06 10:54:02\",\"State\":0}","Dates":"\/Date(1509936863403)\/"}
2017-11-06 11:02:06
MOD同步IBS同步异常,异常数据：{"DataType":4,"ChangeType":2,"Data":"{\"UserID\": 1710873957,\"UserNum\":,\"UserName\": \"1144429\",\"UserPwd\": \"37F9B4CE95E0834A\",\"UserType\": 12,\"TrueName\": \"\",\"TelePhone\": \"\",\"Regdate\": \"2017-11-06 10:54:02\",\"State\":0}","Dates":"\/Date(1509936863403)\/"}
2017-11-06 11:02:06
MOD同步IBS同步异常,异常数据：{"DataType":4,"ChangeType":2,"Data":"{\"UserID\": 1710873957,\"UserNum\":,\"UserName\": \"1144429\",\"UserPwd\": \"37F9B4CE95E0834A\",\"UserType\": 12,\"TrueName\": \"\",\"TelePhone\": \"\",\"Regdate\": \"2017-11-06 10:54:02\",\"State\":0}","Dates":"\/Date(1509936863403)\/"}
2017-11-06 11:02:07
MOD同步IBS同步异常,异常数据：{"DataType":4,"ChangeType":2,"Data":"{\"UserID\": 1710873957,\"UserNum\":,\"UserName\": \"1144429\",\"UserPwd\": \"37F9B4CE95E0834A\",\"UserType\": 12,\"TrueName\": \"\",\"TelePhone\": \"\",\"Regdate\": \"2017-11-06 10:54:02\",\"State\":0}","Dates":"\/Date(1509936863403)\/"}
2017-11-06 11:02:07
MOD同步IBS同步异常,异常数据：{"DataType":4,"ChangeType":2,"Data":"{\"UserID\": 1710873957,\"UserNum\":,\"UserName\": \"1144429\",\"UserPwd\": \"37F9B4CE95E0834A\",\"UserType\": 12,\"TrueName\": \"\",\"TelePhone\": \"\",\"Regdate\": \"2017-11-06 10:54:02\",\"State\":0}","Dates":"\/Date(1509936863403)\/"}
2017-11-06 11:02:07
MOD同步IBS同步异常,异常数据：{"DataType":4,"ChangeType":2,"Data":"{\"UserID\": 1710873957,\"UserNum\":,\"UserName\": \"1144429\",\"UserPwd\": \"37F9B4CE95E0834A\",\"UserType\": 12,\"TrueName\": \"\",\"TelePhone\": \"\",\"Regdate\": \"2017-11-06 10:54:02\",\"State\":0}","Dates":"\/Date(1509936863403)\/"}
2017-11-06 11:02:07
MOD同步IBS同步异常,异常数据：{"DataType":4,"ChangeType":2,"Data":"{\"UserID\": 1710873957,\"UserNum\":,\"UserName\": \"1144429\",\"UserPwd\": \"37F9B4CE95E0834A\",\"UserType\": 12,\"TrueName\": \"\",\"TelePhone\": \"\",\"Regdate\": \"2017-11-06 10:54:02\",\"State\":0}","Dates":"\/Date(1509936863403)\/"}
2017-11-06 11:02:07
MOD同步IBS同步异常,异常数据：{"DataType":4,"ChangeType":2,"Data":"{\"UserID\": 1710873957,\"UserNum\":,\"UserName\": \"1144429\",\"UserPwd\": \"37F9B4CE95E0834A\",\"UserType\": 12,\"TrueName\": \"\",\"TelePhone\": \"\",\"Regdate\": \"2017-11-06 10:54:02\",\"State\":0}","Dates":"\/Date(1509936863403)\/"}
2017-11-06 11:02:07
MOD同步IBS同步异常,异常数据：{"DataType":4,"ChangeType":2,"Data":"{\"UserID\": 1710873957,\"UserNum\":,\"UserName\": \"1144429\",\"UserPwd\": \"37F9B4CE95E0834A\",\"UserType\": 12,\"TrueName\": \"\",\"TelePhone\": \"\",\"Regdate\": \"2017-11-06 10:54:02\",\"State\":0}","Dates":"\/Date(1509936863403)\/"}
2017-11-06 11:02:07
MOD同步IBS同步异常,异常数据：{"DataType":4,"ChangeType":2,"Data":"{\"UserID\": 1710873957,\"UserNum\":,\"UserName\": \"1144429\",\"UserPwd\": \"37F9B4CE95E0834A\",\"UserType\": 12,\"TrueName\": \"\",\"TelePhone\": \"\",\"Regdate\": \"2017-11-06 10:54:02\",\"State\":0}","Dates":"\/Date(1509936863403)\/"}
2017-11-06 11:02:07
MOD同步IBS同步异常,异常数据：{"DataType":4,"ChangeType":2,"Data":"{\"UserID\": 1710873957,\"UserNum\":,\"UserName\": \"1144429\",\"UserPwd\": \"37F9B4CE95E0834A\",\"UserType\": 12,\"TrueName\": \"\",\"TelePhone\": \"\",\"Regdate\": \"2017-11-06 10:54:02\",\"State\":0}","Dates":"\/Date(1509936863403)\/"}
2017-11-06 11:02:07
MOD同步IBS同步异常,异常数据：{"DataType":4,"ChangeType":2,"Data":"{\"UserID\": 1710873957,\"UserNum\":,\"UserName\": \"1144429\",\"UserPwd\": \"37F9B4CE95E0834A\",\"UserType\": 12,\"TrueName\": \"\",\"TelePhone\": \"\",\"Regdate\": \"2017-11-06 10:54:02\",\"State\":0}","Dates":"\/Date(1509936863403)\/"}
2017-11-06 11:02:07
MOD同步IBS同步异常,异常数据：{"DataType":4,"ChangeType":2,"Data":"{\"UserID\": 1710873957,\"UserNum\":,\"UserName\": \"1144429\",\"UserPwd\": \"37F9B4CE95E0834A\",\"UserType\": 12,\"TrueName\": \"\",\"TelePhone\": \"\",\"Regdate\": \"2017-11-06 10:54:02\",\"State\":0}","Dates":"\/Date(1509936863403)\/"}
2017-11-06 11:02:07
MOD同步IBS同步异常,异常数据：{"DataType":4,"ChangeType":2,"Data":"{\"UserID\": 1710873957,\"UserNum\":,\"UserName\": \"1144429\",\"UserPwd\": \"37F9B4CE95E0834A\",\"UserType\": 12,\"TrueName\": \"\",\"TelePhone\": \"\",\"Regdate\": \"2017-11-06 10:54:02\",\"State\":0}","Dates":"\/Date(1509936863403)\/"}
2017-11-06 11:02:07
MOD同步IBS同步异常,异常数据：{"DataType":4,"ChangeType":2,"Data":"{\"UserID\": 1710873957,\"UserNum\":,\"UserName\": \"1144429\",\"UserPwd\": \"37F9B4CE95E0834A\",\"UserType\": 12,\"TrueName\": \"\",\"TelePhone\": \"\",\"Regdate\": \"2017-11-06 10:54:02\",\"State\":0}","Dates":"\/Date(1509936863403)\/"}
2017-11-06 11:02:07
MOD同步IBS同步异常,异常数据：{"DataType":4,"ChangeType":2,"Data":"{\"UserID\": 1710873957,\"UserNum\":,\"UserName\": \"1144429\",\"UserPwd\": \"37F9B4CE95E0834A\",\"UserType\": 12,\"TrueName\": \"\",\"TelePhone\": \"\",\"Regdate\": \"2017-11-06 10:54:02\",\"State\":0}","Dates":"\/Date(1509936863403)\/"}
2017-11-06 11:02:07
MOD同步IBS同步异常,异常数据：{"DataType":4,"ChangeType":2,"Data":"{\"UserID\": 1710873957,\"UserNum\":,\"UserName\": \"1144429\",\"UserPwd\": \"37F9B4CE95E0834A\",\"UserType\": 12,\"TrueName\": \"\",\"TelePhone\": \"\",\"Regdate\": \"2017-11-06 10:54:02\",\"State\":0}","Dates":"\/Date(1509936863403)\/"}
2017-11-06 11:02:07
MOD同步IBS同步异常,异常数据：{"DataType":4,"ChangeType":2,"Data":"{\"UserID\": 1710873957,\"UserNum\":,\"UserName\": \"1144429\",\"UserPwd\": \"37F9B4CE95E0834A\",\"UserType\": 12,\"TrueName\": \"\",\"TelePhone\": \"\",\"Regdate\": \"2017-11-06 10:54:02\",\"State\":0}","Dates":"\/Date(1509936863403)\/"}
2017-11-06 11:02:07
MOD同步IBS同步异常,异常数据：{"DataType":4,"ChangeType":2,"Data":"{\"UserID\": 1710873957,\"UserNum\":,\"UserName\": \"1144429\",\"UserPwd\": \"37F9B4CE95E0834A\",\"UserType\": 12,\"TrueName\": \"\",\"TelePhone\": \"\",\"Regdate\": \"2017-11-06 10:54:02\",\"State\":0}","Dates":"\/Date(1509936863403)\/"}
2017-11-06 11:02:07
MOD同步IBS同步异常,异常数据：{"DataType":4,"ChangeType":2,"Data":"{\"UserID\": 1710873957,\"UserNum\":,\"UserName\": \"1144429\",\"UserPwd\": \"37F9B4CE95E0834A\",\"UserType\": 12,\"TrueName\": \"\",\"TelePhone\": \"\",\"Regdate\": \"2017-11-06 10:54:02\",\"State\":0}","Dates":"\/Date(1509936863403)\/"}
2017-11-06 11:09:25
错误编号:2017110611092519Xf3598f4db5
Message:未将对象引用设置到对象的实例。
Message2:Update接口异常，UserInfo={"UserID":1710873957,"UserNum":"86203859","UserName":"1144429","UserPwd":"37F9B4CE95E0834A","UserType":12,"TrueName":"","TelePhone":"","Regdate":"\/Date(1509936842000)\/","State":0,"UserImage":null,"UserRoles":0,"IsEnableOss":0,"Token":null,"DeviceType":0,"EquipmentID":null,"IPAddress":null,"isLogState":null,"IsUser":0,"ContactPhone":null,"AppID":null,"ClassSchList":[]}
Type:System.NullReferenceException
Source:Kingsun.SynchronousStudy.Common
StackTrace:   在 Kingsun.SynchronousStudy.Common.Base.BaseManagement.GetConnectionString(String tablename) 位置 d:\project\FZproject\Kingsun.SynchronousStudyIBS\Kingsun.SynchronousStudy.Common\Base\BaseManagement.cs:行号 40
   在 Kingsun.SynchronousStudy.Common.Base.BaseManagement.SelectByCondition[T](String where) 位置 d:\project\FZproject\Kingsun.SynchronousStudyIBS\Kingsun.SynchronousStudy.Common\Base\BaseManagement.cs:行号 112
   在 Kingsun.IBS.BLL.IBS2MOD.MOD2IBS_UserInfoBLL.Update(IBS_UserInfo UserInfo)
Method:GetConnectionString
Class:Kingsun.SynchronousStudy.Common.Base.BaseManagement
UserIP:
UserName:

2017-11-06 11:09:36
错误编号:2017110611093651X377df70c58
Message:未将对象引用设置到对象的实例。
Message2:Update接口异常，UserInfo={"UserID":1710873957,"UserNum":"86203859","UserName":"1144429","UserPwd":"37F9B4CE95E0834A","UserType":12,"TrueName":"","TelePhone":"","Regdate":"\/Date(1509936842000)\/","State":0,"UserImage":null,"UserRoles":0,"IsEnableOss":0,"Token":null,"DeviceType":0,"EquipmentID":null,"IPAddress":null,"isLogState":null,"IsUser":0,"ContactPhone":null,"AppID":null,"ClassSchList":[]}
Type:System.NullReferenceException
Source:Kingsun.SynchronousStudy.Common
StackTrace:   在 Kingsun.SynchronousStudy.Common.Base.BaseManagement.GetConnectionString(String tablename) 位置 d:\project\FZproject\Kingsun.SynchronousStudyIBS\Kingsun.SynchronousStudy.Common\Base\BaseManagement.cs:行号 40
   在 Kingsun.SynchronousStudy.Common.Base.BaseManagement.SelectByCondition[T](String where) 位置 d:\project\FZproject\Kingsun.SynchronousStudyIBS\Kingsun.SynchronousStudy.Common\Base\BaseManagement.cs:行号 112
   在 Kingsun.IBS.BLL.IBS2MOD.MOD2IBS_UserInfoBLL.Update(IBS_UserInfo UserInfo)
Method:GetConnectionString
Class:Kingsun.SynchronousStudy.Common.Base.BaseManagement
UserIP:
UserName:

2017-11-06 11:15:03
错误编号:2017110611150305X1991930105
Message:无效的 JSON 基元: 。
Message2:MOD同步IBS同步异常,异常数据：{"DataType":4,"ChangeType":2,"Data":"{\"UserID\": 1870815368,\"UserNum\":,\"UserName\": \"1144427\",\"UserPwd\": \"2CFE73952774D1E3\",\"UserType\": 12,\"TrueName\": \"\",\"TelePhone\": \"\",\"Regdate\": \"2017-11-06 10:47:11\",\"State\":0}","Dates":"\/Date(1509936452633)\/"}
Type:System.ArgumentException
Source:System.Web.Extensions
StackTrace:   在 System.Web.Script.Serialization.JavaScriptObjectDeserializer.DeserializePrimitiveObject()
   在 System.Web.Script.Serialization.JavaScriptObjectDeserializer.DeserializeInternal(Int32 depth)
   在 System.Web.Script.Serialization.JavaScriptObjectDeserializer.DeserializeDictionary(Int32 depth)
   在 System.Web.Script.Serialization.JavaScriptObjectDeserializer.DeserializeInternal(Int32 depth)
   在 System.Web.Script.Serialization.JavaScriptObjectDeserializer.BasicDeserialize(String input, Int32 depthLimit, JavaScriptSerializer serializer)
   在 System.Web.Script.Serialization.JavaScriptSerializer.Deserialize(JavaScriptSerializer serializer, String input, Type type, Int32 depthLimit)
   在 System.Web.Script.Serialization.JavaScriptSerializer.Deserialize(String input, Type targetType)
   在 Kingsun.SynchronousStudy.Common.JsonHelper.DecodeJson[T](String json) 位置 d:\project\FZproject\Kingsun.SynchronousStudyIBS\Kingsun.SynchronousStudy.Common\JsonHelper.cs:行号 61
   在 Kingsun.IBS.BLL.MOD2IBS.MOD2IBSChangeBLL.Change() 位置 d:\project\FZproject\Kingsun.SynchronousStudyIBS\Kingsun.IBS.BLL\MOD2IBS\MOD2IBSChangeBLL.cs:行号 79
Method:DeserializePrimitiveObject
Class:System.Web.Script.Serialization.JavaScriptObjectDeserializer
UserIP:
UserName:

2017-11-06 13:22:44
错误编号:2017110613224472X15d7777a3b
Message:未将对象引用设置到对象的实例。
Message2:Update接口异常，UserInfo={"UserID":2069985485,"UserNum":"96485838","UserName":"1144417","UserPwd":"AD7D4575C431A911","UserType":12,"TrueName":"","TelePhone":"","Regdate":"\/Date(1503384428000)\/","State":0,"UserImage":null,"UserRoles":0,"IsEnableOss":0,"Token":null,"DeviceType":0,"EquipmentID":null,"IPAddress":null,"isLogState":null,"IsUser":0,"ContactPhone":null,"AppID":null,"ClassSchList":[]}
Type:System.NullReferenceException
Source:Kingsun.SynchronousStudy.Common
StackTrace:   在 Kingsun.SynchronousStudy.Common.Base.BaseManagement.GetConnectionString(String tablename) 位置 d:\project\FZproject\Kingsun.SynchronousStudyIBS\Kingsun.SynchronousStudy.Common\Base\BaseManagement.cs:行号 40
   在 Kingsun.SynchronousStudy.Common.Base.BaseManagement.SelectByCondition[T](String where) 位置 d:\project\FZproject\Kingsun.SynchronousStudyIBS\Kingsun.SynchronousStudy.Common\Base\BaseManagement.cs:行号 112
   在 Kingsun.IBS.BLL.IBS2MOD.MOD2IBS_UserInfoBLL.Update(IBS_UserInfo UserInfo) 位置 d:\project\FZproject\Kingsun.SynchronousStudyIBS\Kingsun.IBS.BLL\MOD2IBS\MOD2IBS_UserInfoBLL.cs:行号 169
Method:GetConnectionString
Class:Kingsun.SynchronousStudy.Common.Base.BaseManagement
UserIP:
UserName:

2017-11-06 13:23:17
错误编号:2017110613231768X761934b07e
Message:未将对象引用设置到对象的实例。
Message2:Update接口异常，UserInfo={"UserID":2069985485,"UserNum":"96485838","UserName":"1144417","UserPwd":"AD7D4575C431A911","UserType":12,"TrueName":"","TelePhone":"","Regdate":"\/Date(1503384428000)\/","State":0,"UserImage":null,"UserRoles":0,"IsEnableOss":0,"Token":null,"DeviceType":0,"EquipmentID":null,"IPAddress":null,"isLogState":null,"IsUser":0,"ContactPhone":null,"AppID":null,"ClassSchList":[]}
Type:System.NullReferenceException
Source:Kingsun.SynchronousStudy.Common
StackTrace:   在 Kingsun.SynchronousStudy.Common.Base.BaseManagement.GetConnectionString(String tablename) 位置 d:\project\FZproject\Kingsun.SynchronousStudyIBS\Kingsun.SynchronousStudy.Common\Base\BaseManagement.cs:行号 40
   在 Kingsun.SynchronousStudy.Common.Base.BaseManagement.SelectByCondition[T](String where) 位置 d:\project\FZproject\Kingsun.SynchronousStudyIBS\Kingsun.SynchronousStudy.Common\Base\BaseManagement.cs:行号 112
   在 Kingsun.IBS.BLL.IBS2MOD.MOD2IBS_UserInfoBLL.Update(IBS_UserInfo UserInfo) 位置 d:\project\FZproject\Kingsun.SynchronousStudyIBS\Kingsun.IBS.BLL\MOD2IBS\MOD2IBS_UserInfoBLL.cs:行号 169
Method:GetConnectionString
Class:Kingsun.SynchronousStudy.Common.Base.BaseManagement
UserIP:
UserName:

2017-11-06 13:23:25
错误编号:2017110613232597X03c2fae817
Message:未将对象引用设置到对象的实例。
Message2:Update接口异常，UserInfo={"UserID":2069985485,"UserNum":"96485838","UserName":"1144417","UserPwd":"AD7D4575C431A911","UserType":12,"TrueName":"","TelePhone":"","Regdate":"\/Date(1503384428000)\/","State":0,"UserImage":null,"UserRoles":0,"IsEnableOss":0,"Token":null,"DeviceType":0,"EquipmentID":null,"IPAddress":null,"isLogState":null,"IsUser":0,"ContactPhone":null,"AppID":null,"ClassSchList":[]}
Type:System.NullReferenceException
Source:Kingsun.SynchronousStudy.Common
StackTrace:   在 Kingsun.SynchronousStudy.Common.Base.BaseManagement.GetConnectionString(String tablename) 位置 d:\project\FZproject\Kingsun.SynchronousStudyIBS\Kingsun.SynchronousStudy.Common\Base\BaseManagement.cs:行号 40
   在 Kingsun.SynchronousStudy.Common.Base.BaseManagement.SelectByCondition[T](String where) 位置 d:\project\FZproject\Kingsun.SynchronousStudyIBS\Kingsun.SynchronousStudy.Common\Base\BaseManagement.cs:行号 112
   在 Kingsun.IBS.BLL.IBS2MOD.MOD2IBS_UserInfoBLL.Update(IBS_UserInfo UserInfo) 位置 d:\project\FZproject\Kingsun.SynchronousStudyIBS\Kingsun.IBS.BLL\MOD2IBS\MOD2IBS_UserInfoBLL.cs:行号 169
Method:GetConnectionString
Class:Kingsun.SynchronousStudy.Common.Base.BaseManagement
UserIP:
UserName:

2017-11-06 13:23:26
错误编号:2017110613232600Xefd69f2196
Message:未将对象引用设置到对象的实例。
Message2:Update接口异常，UserInfo={"UserID":2069985485,"UserNum":"96485838","UserName":"1144417","UserPwd":"AD7D4575C431A911","UserType":12,"TrueName":"","TelePhone":"","Regdate":"\/Date(1503384428000)\/","State":0,"UserImage":null,"UserRoles":0,"IsEnableOss":0,"Token":null,"DeviceType":0,"EquipmentID":null,"IPAddress":null,"isLogState":null,"IsUser":0,"ContactPhone":null,"AppID":null,"ClassSchList":[]}
Type:System.NullReferenceException
Source:Kingsun.SynchronousStudy.Common
StackTrace:   在 Kingsun.SynchronousStudy.Common.Base.BaseManagement.GetConnectionString(String tablename) 位置 d:\project\FZproject\Kingsun.SynchronousStudyIBS\Kingsun.SynchronousStudy.Common\Base\BaseManagement.cs:行号 40
   在 Kingsun.SynchronousStudy.Common.Base.BaseManagement.SelectByCondition[T](String where) 位置 d:\project\FZproject\Kingsun.SynchronousStudyIBS\Kingsun.SynchronousStudy.Common\Base\BaseManagement.cs:行号 112
   在 Kingsun.IBS.BLL.IBS2MOD.MOD2IBS_UserInfoBLL.Update(IBS_UserInfo UserInfo) 位置 d:\project\FZproject\Kingsun.SynchronousStudyIBS\Kingsun.IBS.BLL\MOD2IBS\MOD2IBS_UserInfoBLL.cs:行号 169
Method:GetConnectionString
Class:Kingsun.SynchronousStudy.Common.Base.BaseManagement
UserIP:
UserName:

2017-11-06 13:23:26
错误编号:2017110613232604X925088aa7c
Message:未将对象引用设置到对象的实例。
Message2:Update接口异常，UserInfo={"UserID":2069985485,"UserNum":"96485838","UserName":"1144417","UserPwd":"AD7D4575C431A911","UserType":12,"TrueName":"","TelePhone":"","Regdate":"\/Date(1503384428000)\/","State":0,"UserImage":null,"UserRoles":0,"IsEnableOss":0,"Token":null,"DeviceType":0,"EquipmentID":null,"IPAddress":null,"isLogState":null,"IsUser":0,"ContactPhone":null,"AppID":null,"ClassSchList":[]}
Type:System.NullReferenceException
Source:Kingsun.SynchronousStudy.Common
StackTrace:   在 Kingsun.SynchronousStudy.Common.Base.BaseManagement.GetConnectionString(String tablename) 位置 d:\project\FZproject\Kingsun.SynchronousStudyIBS\Kingsun.SynchronousStudy.Common\Base\BaseManagement.cs:行号 40
   在 Kingsun.SynchronousStudy.Common.Base.BaseManagement.SelectByCondition[T](String where) 位置 d:\project\FZproject\Kingsun.SynchronousStudyIBS\Kingsun.SynchronousStudy.Common\Base\BaseManagement.cs:行号 112
   在 Kingsun.IBS.BLL.IBS2MOD.MOD2IBS_UserInfoBLL.Update(IBS_UserInfo UserInfo) 位置 d:\project\FZproject\Kingsun.SynchronousStudyIBS\Kingsun.IBS.BLL\MOD2IBS\MOD2IBS_UserInfoBLL.cs:行号 169
Method:GetConnectionString
Class:Kingsun.SynchronousStudy.Common.Base.BaseManagement
UserIP:
UserName:

2017-11-06 14:50:39
错误编号:2017110614503906X455f3b4561
Message:未将对象引用设置到对象的实例。
Message2:Change接口异常，UserInfo={"UserID":1390361583,"UserNum":null,"UserName":null,"UserPwd":null,"UserImage":null,"UserRoles":0,"UserType":0,"IsEnableOss":0,"Token":null,"DeviceType":0,"EquipmentID":null,"IPAddress":null,"isLogState":null,"State":0,"IsUser":0,"TrueName":null,"TelePhone":null,"ContactPhone":null,"Regdate":"\/Date(-62135596800000)\/","AppID":null,"ClassSchList":[{"ClassID":"0ADEA815-CA55-4E9E-AEA6-07846D77D123","GradeID":6,"SchID":181,"SubjectID":0,"AreaID":110101000}]}
Type:System.NullReferenceException
Source:Kingsun.IBS.BLL
StackTrace:   在 Kingsun.IBS.BLL.IBS2MOD.MOD2IBS_UserClassRelationBLL.<>c__DisplayClass9.<ClassUserAdd>b__8(ClassSch a) 位置 d:\project\FZproject\Kingsun.SynchronousStudyIBS\Kingsun.IBS.BLL\MOD2IBS\MOD2IBS_UserClassRelationBLL.cs:行号 132
   在 System.Collections.Generic.List`1.ForEach(Action`1 action)
   在 Kingsun.IBS.BLL.IBS2MOD.MOD2IBS_UserClassRelationBLL.ClassUserAdd(IBS_UserInfo UserInfo) 位置 d:\project\FZproject\Kingsun.SynchronousStudyIBS\Kingsun.IBS.BLL\MOD2IBS\MOD2IBS_UserClassRelationBLL.cs:行号 105
Method:<ClassUserAdd>b__8
Class:Kingsun.IBS.BLL.IBS2MOD.MOD2IBS_UserClassRelationBLL+<>c__DisplayClass9
UserIP:
UserName:

2017-11-06 15:01:39
SyncUserInfoRedisFromUMS中UserID=845704450,同步异常
2017-11-06 16:43:21
错误编号:2017110616432149X4eee8e2f4f
Message:不能将值 NULL 插入列 'isLogState'，表 'FZ_SynchronousStudy_Test.dbo.Tb_UserInfo'；列不允许有 Null 值。INSERT 失败。
语句已终止。
Message2:Update接口异常，UserInfo={"UserID":160694904,"UserNum":"40754973","UserName":"1118188","UserPwd":"D8A3394EA0E83CA2","UserType":12,"TrueName":"","TelePhone":"","Regdate":"\/Date(1495526583000)\/","State":0,"UserImage":null,"UserRoles":0,"IsEnableOss":0,"Token":null,"DeviceType":0,"EquipmentID":null,"IPAddress":null,"isLogState":null,"IsUser":0,"ContactPhone":null,"AppID":null,"ClassSchList":[]}
Type:System.Data.SqlClient.SqlException
Source:.Net SqlClient Data Provider
StackTrace:   在 SqlSugar.AdoProvider.GetScalar(String sql, SugarParameter[] parameters)
   在 SqlSugar.AdoProvider.GetInt(String sql, SugarParameter[] parameters)
   在 SqlSugar.InsertableProvider`1.ExecuteReturnIdentity()
   在 Kingsun.IBS.DAL.RepositoryBase`1.Insert(TEntity entity) 位置 d:\project\FZproject\Kingsun.SynchronousStudyIBS\Kingsun.IBS.DAL\Base\RepositoryBase.cs:行号 79
   在 Kingsun.IBS.BLL.IBS2MOD.MOD2IBS_UserInfoBLL.Update(IBS_UserInfo UserInfo) 位置 d:\project\FZproject\Kingsun.SynchronousStudyIBS\Kingsun.IBS.BLL\MOD2IBS\MOD2IBS_UserInfoBLL.cs:行号 194
Method:GetScalar
Class:SqlSugar.AdoProvider
UserIP:
UserName:

