2017-11-24 19:08:38
错误编号:2017112419083809X4bacd3b0d6
Message:远程服务器返回错误: (500) 内部服务器错误。
Message2:唤醒服务失败
Type:System.Net.WebException
Source:System
StackTrace:   在 System.Net.HttpWebRequest.GetResponse()
   在 Kingsun.SynchronousStudy.FS.MvcApplication.Application_End(Object sender, EventArgs e)
Method:GetResponse
Class:System.Net.HttpWebRequest
UserIP:
UserName:

2017-11-24 22:07:51
错误编号:2017112422075155X65ea6d121d
Message:在 sys.servers 中找不到服务器 'ITSV_BJ'。请验证指定的服务器名称是否正确。如果需要，请执行存储过程 sp_addlinkedserver 以将服务器添加到 sys.servers。
Message2:同步订单出错
Type:System.Data.SqlClient.SqlException
Source:.Net SqlClient Data Provider
StackTrace:   在 System.Data.SqlClient.SqlConnection.OnError(SqlException exception, Boolean breakConnection, Action`1 wrapCloseInAction)
   在 System.Data.SqlClient.SqlInternalConnection.OnError(SqlException exception, Boolean breakConnection, Action`1 wrapCloseInAction)
   在 System.Data.SqlClient.TdsParser.ThrowExceptionAndWarning(TdsParserStateObject stateObj, Boolean callerHasConnectionLock, Boolean asyncClose)
   在 System.Data.SqlClient.TdsParser.TryRun(RunBehavior runBehavior, SqlCommand cmdHandler, SqlDataReader dataStream, BulkCopySimpleResultSet bulkCopyHandler, TdsParserStateObject stateObj, Boolean& dataReady)
   在 System.Data.SqlClient.SqlCommand.RunExecuteNonQueryTds(String methodName, Boolean async, Int32 timeout, Boolean asyncWrite)
   在 System.Data.SqlClient.SqlCommand.InternalExecuteNonQuery(TaskCompletionSource`1 completion, String methodName, Boolean sendToPipe, Int32 timeout, Boolean& usedCache, Boolean asyncWrite, Boolean inRetry)
   在 System.Data.SqlClient.SqlCommand.ExecuteNonQuery()
   在 Kingsun.SynchronousStudy.Common.SqlHelper.ExecuteNonQueryTimeOut(String connectionString, CommandType commandType, String commandText) 位置 d:\project\FZproject\Kingsun.SynchronousStudyIBS\Kingsun.SynchronousStudy.Common\SqlHelper.cs:行号 324
   在 Kingsun.SynchronousStudy.BLL.SyncAllDataBLL.SyncOrderInfo() 位置 d:\project\FZproject\Kingsun.SynchronousStudyIBS\Kingsun.SynchronousStudy.BLL\SyncAllDataBLL.cs:行号 63
Method:OnError
Class:System.Data.SqlClient.SqlConnection
UserIP:
UserName:

2017-11-24 22:07:52
错误编号:2017112422075218X4ac49444ce
Message:在 sys.servers 中找不到服务器 'ITSV_BJ'。请验证指定的服务器名称是否正确。如果需要，请执行存储过程 sp_addlinkedserver 以将服务器添加到 sys.servers。
Message2:同步用户出错
Type:System.Data.SqlClient.SqlException
Source:.Net SqlClient Data Provider
StackTrace:   在 System.Data.SqlClient.SqlConnection.OnError(SqlException exception, Boolean breakConnection, Action`1 wrapCloseInAction)
   在 System.Data.SqlClient.SqlInternalConnection.OnError(SqlException exception, Boolean breakConnection, Action`1 wrapCloseInAction)
   在 System.Data.SqlClient.TdsParser.ThrowExceptionAndWarning(TdsParserStateObject stateObj, Boolean callerHasConnectionLock, Boolean asyncClose)
   在 System.Data.SqlClient.TdsParser.TryRun(RunBehavior runBehavior, SqlCommand cmdHandler, SqlDataReader dataStream, BulkCopySimpleResultSet bulkCopyHandler, TdsParserStateObject stateObj, Boolean& dataReady)
   在 System.Data.SqlClient.SqlCommand.RunExecuteNonQueryTds(String methodName, Boolean async, Int32 timeout, Boolean asyncWrite)
   在 System.Data.SqlClient.SqlCommand.InternalExecuteNonQuery(TaskCompletionSource`1 completion, String methodName, Boolean sendToPipe, Int32 timeout, Boolean& usedCache, Boolean asyncWrite, Boolean inRetry)
   在 System.Data.SqlClient.SqlCommand.ExecuteNonQuery()
   在 Kingsun.SynchronousStudy.Common.SqlHelper.ExecuteNonQueryTimeOut(String connectionString, CommandType commandType, String commandText) 位置 d:\project\FZproject\Kingsun.SynchronousStudyIBS\Kingsun.SynchronousStudy.Common\SqlHelper.cs:行号 324
   在 Kingsun.SynchronousStudy.BLL.SyncAllDataBLL.SyncUserInfo() 位置 d:\project\FZproject\Kingsun.SynchronousStudyIBS\Kingsun.SynchronousStudy.BLL\SyncAllDataBLL.cs:行号 117
Method:OnError
Class:System.Data.SqlClient.SqlConnection
UserIP:
UserName:

2017-11-24 23:07:56
错误编号:2017112423075632X06fe4a46cc
Message:在 sys.servers 中找不到服务器 'ITSV_BJ'。请验证指定的服务器名称是否正确。如果需要，请执行存储过程 sp_addlinkedserver 以将服务器添加到 sys.servers。
Message2:同步订单出错
Type:System.Data.SqlClient.SqlException
Source:.Net SqlClient Data Provider
StackTrace:   在 System.Data.SqlClient.SqlConnection.OnError(SqlException exception, Boolean breakConnection, Action`1 wrapCloseInAction)
   在 System.Data.SqlClient.SqlInternalConnection.OnError(SqlException exception, Boolean breakConnection, Action`1 wrapCloseInAction)
   在 System.Data.SqlClient.TdsParser.ThrowExceptionAndWarning(TdsParserStateObject stateObj, Boolean callerHasConnectionLock, Boolean asyncClose)
   在 System.Data.SqlClient.TdsParser.TryRun(RunBehavior runBehavior, SqlCommand cmdHandler, SqlDataReader dataStream, BulkCopySimpleResultSet bulkCopyHandler, TdsParserStateObject stateObj, Boolean& dataReady)
   在 System.Data.SqlClient.SqlCommand.RunExecuteNonQueryTds(String methodName, Boolean async, Int32 timeout, Boolean asyncWrite)
   在 System.Data.SqlClient.SqlCommand.InternalExecuteNonQuery(TaskCompletionSource`1 completion, String methodName, Boolean sendToPipe, Int32 timeout, Boolean& usedCache, Boolean asyncWrite, Boolean inRetry)
   在 System.Data.SqlClient.SqlCommand.ExecuteNonQuery()
   在 Kingsun.SynchronousStudy.Common.SqlHelper.ExecuteNonQueryTimeOut(String connectionString, CommandType commandType, String commandText) 位置 d:\project\FZproject\Kingsun.SynchronousStudyIBS\Kingsun.SynchronousStudy.Common\SqlHelper.cs:行号 324
   在 Kingsun.SynchronousStudy.BLL.SyncAllDataBLL.SyncOrderInfo() 位置 d:\project\FZproject\Kingsun.SynchronousStudyIBS\Kingsun.SynchronousStudy.BLL\SyncAllDataBLL.cs:行号 63
Method:OnError
Class:System.Data.SqlClient.SqlConnection
UserIP:
UserName:

2017-11-24 23:07:56
错误编号:2017112423075659Xab2706e382
Message:在 sys.servers 中找不到服务器 'ITSV_BJ'。请验证指定的服务器名称是否正确。如果需要，请执行存储过程 sp_addlinkedserver 以将服务器添加到 sys.servers。
Message2:同步用户出错
Type:System.Data.SqlClient.SqlException
Source:.Net SqlClient Data Provider
StackTrace:   在 System.Data.SqlClient.SqlConnection.OnError(SqlException exception, Boolean breakConnection, Action`1 wrapCloseInAction)
   在 System.Data.SqlClient.SqlInternalConnection.OnError(SqlException exception, Boolean breakConnection, Action`1 wrapCloseInAction)
   在 System.Data.SqlClient.TdsParser.ThrowExceptionAndWarning(TdsParserStateObject stateObj, Boolean callerHasConnectionLock, Boolean asyncClose)
   在 System.Data.SqlClient.TdsParser.TryRun(RunBehavior runBehavior, SqlCommand cmdHandler, SqlDataReader dataStream, BulkCopySimpleResultSet bulkCopyHandler, TdsParserStateObject stateObj, Boolean& dataReady)
   在 System.Data.SqlClient.SqlCommand.RunExecuteNonQueryTds(String methodName, Boolean async, Int32 timeout, Boolean asyncWrite)
   在 System.Data.SqlClient.SqlCommand.InternalExecuteNonQuery(TaskCompletionSource`1 completion, String methodName, Boolean sendToPipe, Int32 timeout, Boolean& usedCache, Boolean asyncWrite, Boolean inRetry)
   在 System.Data.SqlClient.SqlCommand.ExecuteNonQuery()
   在 Kingsun.SynchronousStudy.Common.SqlHelper.ExecuteNonQueryTimeOut(String connectionString, CommandType commandType, String commandText) 位置 d:\project\FZproject\Kingsun.SynchronousStudyIBS\Kingsun.SynchronousStudy.Common\SqlHelper.cs:行号 324
   在 Kingsun.SynchronousStudy.BLL.SyncAllDataBLL.SyncUserInfo() 位置 d:\project\FZproject\Kingsun.SynchronousStudyIBS\Kingsun.SynchronousStudy.BLL\SyncAllDataBLL.cs:行号 117
Method:OnError
Class:System.Data.SqlClient.SqlConnection
UserIP:
UserName:

