2017-11-19 10:09:05
错误编号:2017111910090511Xefc38d5620
Message:输入字符串的格式不正确。
Message2:定时任务启动异常
Type:System.FormatException
Source:mscorlib
StackTrace:   在 System.Number.StringToNumber(String str, NumberStyles options, NumberBuffer& number, NumberFormatInfo info, Boolean parseDecimal)
   在 System.Number.ParseInt32(String s, NumberStyles style, NumberFormatInfo info)
   在 System.Convert.ToInt32(String value)
   在 Kingsun.SynchronousStudy.FS.TimedTask.Start() 位置 d:\project\FZproject\Kingsun.SynchronousStudyIBS\Kingsun.SynchronousStudy.FS\TimedTask.cs:行号 42
Method:StringToNumber
Class:System.Number
UserIP:
UserName:

2017-11-19 12:22:40
错误编号:2017111912224040X7597cbd180
Message:命名管道提供程序: 无法打开与 SQL Server 的连接 [53]. 
链接服务器"ITSV_SZ"的 OLE DB 访问接口 "SQLNCLI10" 返回了消息 "登录超时已过期"。
链接服务器"ITSV_SZ"的 OLE DB 访问接口 "SQLNCLI10" 返回了消息 "与 SQL Server 建立连接时，发生了与网络相关的或特定于实例的错误。找不到或无法访问服务器。请检查实例名称是否正确以及 SQL Server 是否已配置为允许远程连接。有关详细信息，请参阅 SQL Server 联机丛书。"。
Message2:同步用户出错
Type:System.Data.SqlClient.SqlException
Source:.Net SqlClient Data Provider
StackTrace:   在 System.Data.SqlClient.SqlConnection.OnError(SqlException exception, Boolean breakConnection, Action`1 wrapCloseInAction)
   在 System.Data.SqlClient.SqlInternalConnection.OnError(SqlException exception, Boolean breakConnection, Action`1 wrapCloseInAction)
   在 System.Data.SqlClient.TdsParser.ThrowExceptionAndWarning(TdsParserStateObject stateObj, Boolean callerHasConnectionLock, Boolean asyncClose)
   在 System.Data.SqlClient.TdsParser.TryRun(RunBehavior runBehavior, SqlCommand cmdHandler, SqlDataReader dataStream, BulkCopySimpleResultSet bulkCopyHandler, TdsParserStateObject stateObj, Boolean& dataReady)
   在 System.Data.SqlClient.SqlCommand.RunExecuteNonQueryTds(String methodName, Boolean async, Int32 timeout, Boolean asyncWrite)
   在 System.Data.SqlClient.SqlCommand.InternalExecuteNonQuery(TaskCompletionSource`1 completion, String methodName, Boolean sendToPipe, Int32 timeout, Boolean& usedCache, Boolean asyncWrite, Boolean inRetry)
   在 System.Data.SqlClient.SqlCommand.ExecuteNonQuery()
   在 Kingsun.SynchronousStudy.Common.SqlHelper.ExecuteNonQueryTimeOut(String connectionString, CommandType commandType, String commandText)
   在 Kingsun.SynchronousStudy.BLL.SyncAllDataBLL.SyncUserInfo()
Method:OnError
Class:System.Data.SqlClient.SqlConnection
UserIP:
UserName:

2017-11-19 12:23:01
错误编号:2017111912230153X1569227d27
Message:命名管道提供程序: 无法打开与 SQL Server 的连接 [53]. 
链接服务器"ITSV_SZ"的 OLE DB 访问接口 "SQLNCLI10" 返回了消息 "登录超时已过期"。
链接服务器"ITSV_SZ"的 OLE DB 访问接口 "SQLNCLI10" 返回了消息 "与 SQL Server 建立连接时，发生了与网络相关的或特定于实例的错误。找不到或无法访问服务器。请检查实例名称是否正确以及 SQL Server 是否已配置为允许远程连接。有关详细信息，请参阅 SQL Server 联机丛书。"。
Message2:同步订单出错
Type:System.Data.SqlClient.SqlException
Source:.Net SqlClient Data Provider
StackTrace:   在 System.Data.SqlClient.SqlConnection.OnError(SqlException exception, Boolean breakConnection, Action`1 wrapCloseInAction)
   在 System.Data.SqlClient.SqlInternalConnection.OnError(SqlException exception, Boolean breakConnection, Action`1 wrapCloseInAction)
   在 System.Data.SqlClient.TdsParser.ThrowExceptionAndWarning(TdsParserStateObject stateObj, Boolean callerHasConnectionLock, Boolean asyncClose)
   在 System.Data.SqlClient.TdsParser.TryRun(RunBehavior runBehavior, SqlCommand cmdHandler, SqlDataReader dataStream, BulkCopySimpleResultSet bulkCopyHandler, TdsParserStateObject stateObj, Boolean& dataReady)
   在 System.Data.SqlClient.SqlCommand.RunExecuteNonQueryTds(String methodName, Boolean async, Int32 timeout, Boolean asyncWrite)
   在 System.Data.SqlClient.SqlCommand.InternalExecuteNonQuery(TaskCompletionSource`1 completion, String methodName, Boolean sendToPipe, Int32 timeout, Boolean& usedCache, Boolean asyncWrite, Boolean inRetry)
   在 System.Data.SqlClient.SqlCommand.ExecuteNonQuery()
   在 Kingsun.SynchronousStudy.Common.SqlHelper.ExecuteNonQueryTimeOut(String connectionString, CommandType commandType, String commandText)
   在 Kingsun.SynchronousStudy.BLL.SyncAllDataBLL.SyncOrderInfo()
Method:OnError
Class:System.Data.SqlClient.SqlConnection
UserIP:
UserName:

2017-11-19 13:22:40
错误编号:2017111913224008Xb1734a576e
Message:命名管道提供程序: 无法打开与 SQL Server 的连接 [53]. 
链接服务器"ITSV_SZ"的 OLE DB 访问接口 "SQLNCLI10" 返回了消息 "登录超时已过期"。
链接服务器"ITSV_SZ"的 OLE DB 访问接口 "SQLNCLI10" 返回了消息 "与 SQL Server 建立连接时，发生了与网络相关的或特定于实例的错误。找不到或无法访问服务器。请检查实例名称是否正确以及 SQL Server 是否已配置为允许远程连接。有关详细信息，请参阅 SQL Server 联机丛书。"。
Message2:同步用户出错
Type:System.Data.SqlClient.SqlException
Source:.Net SqlClient Data Provider
StackTrace:   在 System.Data.SqlClient.SqlConnection.OnError(SqlException exception, Boolean breakConnection, Action`1 wrapCloseInAction)
   在 System.Data.SqlClient.SqlInternalConnection.OnError(SqlException exception, Boolean breakConnection, Action`1 wrapCloseInAction)
   在 System.Data.SqlClient.TdsParser.ThrowExceptionAndWarning(TdsParserStateObject stateObj, Boolean callerHasConnectionLock, Boolean asyncClose)
   在 System.Data.SqlClient.TdsParser.TryRun(RunBehavior runBehavior, SqlCommand cmdHandler, SqlDataReader dataStream, BulkCopySimpleResultSet bulkCopyHandler, TdsParserStateObject stateObj, Boolean& dataReady)
   在 System.Data.SqlClient.SqlCommand.RunExecuteNonQueryTds(String methodName, Boolean async, Int32 timeout, Boolean asyncWrite)
   在 System.Data.SqlClient.SqlCommand.InternalExecuteNonQuery(TaskCompletionSource`1 completion, String methodName, Boolean sendToPipe, Int32 timeout, Boolean& usedCache, Boolean asyncWrite, Boolean inRetry)
   在 System.Data.SqlClient.SqlCommand.ExecuteNonQuery()
   在 Kingsun.SynchronousStudy.Common.SqlHelper.ExecuteNonQueryTimeOut(String connectionString, CommandType commandType, String commandText)
   在 Kingsun.SynchronousStudy.BLL.SyncAllDataBLL.SyncUserInfo()
Method:OnError
Class:System.Data.SqlClient.SqlConnection
UserIP:
UserName:

2017-11-19 13:23:08
错误编号:2017111913230867X88e7ce50d9
Message:命名管道提供程序: 无法打开与 SQL Server 的连接 [53]. 
链接服务器"ITSV_SZ"的 OLE DB 访问接口 "SQLNCLI10" 返回了消息 "登录超时已过期"。
链接服务器"ITSV_SZ"的 OLE DB 访问接口 "SQLNCLI10" 返回了消息 "与 SQL Server 建立连接时，发生了与网络相关的或特定于实例的错误。找不到或无法访问服务器。请检查实例名称是否正确以及 SQL Server 是否已配置为允许远程连接。有关详细信息，请参阅 SQL Server 联机丛书。"。
Message2:同步订单出错
Type:System.Data.SqlClient.SqlException
Source:.Net SqlClient Data Provider
StackTrace:   在 System.Data.SqlClient.SqlConnection.OnError(SqlException exception, Boolean breakConnection, Action`1 wrapCloseInAction)
   在 System.Data.SqlClient.SqlInternalConnection.OnError(SqlException exception, Boolean breakConnection, Action`1 wrapCloseInAction)
   在 System.Data.SqlClient.TdsParser.ThrowExceptionAndWarning(TdsParserStateObject stateObj, Boolean callerHasConnectionLock, Boolean asyncClose)
   在 System.Data.SqlClient.TdsParser.TryRun(RunBehavior runBehavior, SqlCommand cmdHandler, SqlDataReader dataStream, BulkCopySimpleResultSet bulkCopyHandler, TdsParserStateObject stateObj, Boolean& dataReady)
   在 System.Data.SqlClient.SqlCommand.RunExecuteNonQueryTds(String methodName, Boolean async, Int32 timeout, Boolean asyncWrite)
   在 System.Data.SqlClient.SqlCommand.InternalExecuteNonQuery(TaskCompletionSource`1 completion, String methodName, Boolean sendToPipe, Int32 timeout, Boolean& usedCache, Boolean asyncWrite, Boolean inRetry)
   在 System.Data.SqlClient.SqlCommand.ExecuteNonQuery()
   在 Kingsun.SynchronousStudy.Common.SqlHelper.ExecuteNonQueryTimeOut(String connectionString, CommandType commandType, String commandText)
   在 Kingsun.SynchronousStudy.BLL.SyncAllDataBLL.SyncOrderInfo()
Method:OnError
Class:System.Data.SqlClient.SqlConnection
UserIP:
UserName:

2017-11-19 14:12:15
错误编号:2017111914121528X3b7e77ba04
Message:远程服务器返回错误: (500) 内部服务器错误。
Message2:唤醒服务失败
Type:System.Net.WebException
Source:System
StackTrace:   在 System.Net.HttpWebRequest.GetResponse()
   在 Kingsun.SynchronousStudy.FS.MvcApplication.Application_End(Object sender, EventArgs e)
Method:GetResponse
Class:System.Net.HttpWebRequest
UserIP:
UserName:

