2017-11-27 17:45:20
错误编号:2017112717445781X12b9bd0faf
Message:未将对象引用设置到对象的实例。
Message2:同步区域信息异常！
Type:System.NullReferenceException
Source:Kingsun.IBS.BLL
StackTrace:   在 Kingsun.IBS.BLL.MOD2IBS.MOD2IBSChangeBLL.MOD2IBSAreaInfo() 位置 d:\project\FZproject\Kingsun.SynchronousStudyIBS\Kingsun.IBS.BLL\MOD2IBS\MOD2IBSChangeBLL.cs:行号 257
Method:MOD2IBSAreaInfo
Class:Kingsun.IBS.BLL.MOD2IBS.MOD2IBSChangeBLL
UserIP:
UserName:

2017-11-27 17:45:25
错误编号:2017112717451215X735f538fd6
Message:未将对象引用设置到对象的实例。
Message2:同步用户信息异常！0
Type:System.NullReferenceException
Source:Kingsun.IBS.BLL
StackTrace:   在 Kingsun.IBS.BLL.MOD2IBS.MOD2IBSChangeBLL.MOD2IBSUserInfo() 位置 d:\project\FZproject\Kingsun.SynchronousStudyIBS\Kingsun.IBS.BLL\MOD2IBS\MOD2IBSChangeBLL.cs:行号 477
Method:MOD2IBSUserInfo
Class:Kingsun.IBS.BLL.MOD2IBS.MOD2IBSChangeBLL
UserIP:
UserName:

2017-11-27 18:58:36
错误编号:2017112718583578X28e2cc2fd4
Message:未将对象引用设置到对象的实例。
Message2:同步用户信息异常！0
Type:System.NullReferenceException
Source:Kingsun.IBS.BLL
StackTrace:   在 Kingsun.IBS.BLL.MOD2IBS.MOD2IBSChangeBLL.MOD2IBSUserInfo() 位置 d:\project\FZproject\Kingsun.SynchronousStudyIBS\Kingsun.IBS.BLL\MOD2IBS\MOD2IBSChangeBLL.cs:行号 477
Method:MOD2IBSUserInfo
Class:Kingsun.IBS.BLL.MOD2IBS.MOD2IBSChangeBLL
UserIP:
UserName:

