2017-11-25 00:07:49
错误编号:2017112500074969Xded7f1de90
Message:在 sys.servers 中找不到服务器 'ITSV_BJ'。请验证指定的服务器名称是否正确。如果需要，请执行存储过程 sp_addlinkedserver 以将服务器添加到 sys.servers。
Message2:同步订单出错
Type:System.Data.SqlClient.SqlException
Source:.Net SqlClient Data Provider
StackTrace:   在 System.Data.SqlClient.SqlConnection.OnError(SqlException exception, Boolean breakConnection, Action`1 wrapCloseInAction)
   在 System.Data.SqlClient.SqlInternalConnection.OnError(SqlException exception, Boolean breakConnection, Action`1 wrapCloseInAction)
   在 System.Data.SqlClient.TdsParser.ThrowExceptionAndWarning(TdsParserStateObject stateObj, Boolean callerHasConnectionLock, Boolean asyncClose)
   在 System.Data.SqlClient.TdsParser.TryRun(RunBehavior runBehavior, SqlCommand cmdHandler, SqlDataReader dataStream, BulkCopySimpleResultSet bulkCopyHandler, TdsParserStateObject stateObj, Boolean& dataReady)
   在 System.Data.SqlClient.SqlCommand.RunExecuteNonQueryTds(String methodName, Boolean async, Int32 timeout, Boolean asyncWrite)
   在 System.Data.SqlClient.SqlCommand.InternalExecuteNonQuery(TaskCompletionSource`1 completion, String methodName, Boolean sendToPipe, Int32 timeout, Boolean& usedCache, Boolean asyncWrite, Boolean inRetry)
   在 System.Data.SqlClient.SqlCommand.ExecuteNonQuery()
   在 Kingsun.SynchronousStudy.Common.SqlHelper.ExecuteNonQueryTimeOut(String connectionString, CommandType commandType, String commandText) 位置 d:\project\FZproject\Kingsun.SynchronousStudyIBS\Kingsun.SynchronousStudy.Common\SqlHelper.cs:行号 324
   在 Kingsun.SynchronousStudy.BLL.SyncAllDataBLL.SyncOrderInfo() 位置 d:\project\FZproject\Kingsun.SynchronousStudyIBS\Kingsun.SynchronousStudy.BLL\SyncAllDataBLL.cs:行号 63
Method:OnError
Class:System.Data.SqlClient.SqlConnection
UserIP:
UserName:

2017-11-25 00:07:50
错误编号:2017112500075006X3c0b807449
Message:在 sys.servers 中找不到服务器 'ITSV_BJ'。请验证指定的服务器名称是否正确。如果需要，请执行存储过程 sp_addlinkedserver 以将服务器添加到 sys.servers。
Message2:同步用户出错
Type:System.Data.SqlClient.SqlException
Source:.Net SqlClient Data Provider
StackTrace:   在 System.Data.SqlClient.SqlConnection.OnError(SqlException exception, Boolean breakConnection, Action`1 wrapCloseInAction)
   在 System.Data.SqlClient.SqlInternalConnection.OnError(SqlException exception, Boolean breakConnection, Action`1 wrapCloseInAction)
   在 System.Data.SqlClient.TdsParser.ThrowExceptionAndWarning(TdsParserStateObject stateObj, Boolean callerHasConnectionLock, Boolean asyncClose)
   在 System.Data.SqlClient.TdsParser.TryRun(RunBehavior runBehavior, SqlCommand cmdHandler, SqlDataReader dataStream, BulkCopySimpleResultSet bulkCopyHandler, TdsParserStateObject stateObj, Boolean& dataReady)
   在 System.Data.SqlClient.SqlCommand.RunExecuteNonQueryTds(String methodName, Boolean async, Int32 timeout, Boolean asyncWrite)
   在 System.Data.SqlClient.SqlCommand.InternalExecuteNonQuery(TaskCompletionSource`1 completion, String methodName, Boolean sendToPipe, Int32 timeout, Boolean& usedCache, Boolean asyncWrite, Boolean inRetry)
   在 System.Data.SqlClient.SqlCommand.ExecuteNonQuery()
   在 Kingsun.SynchronousStudy.Common.SqlHelper.ExecuteNonQueryTimeOut(String connectionString, CommandType commandType, String commandText) 位置 d:\project\FZproject\Kingsun.SynchronousStudyIBS\Kingsun.SynchronousStudy.Common\SqlHelper.cs:行号 324
   在 Kingsun.SynchronousStudy.BLL.SyncAllDataBLL.SyncUserInfo() 位置 d:\project\FZproject\Kingsun.SynchronousStudyIBS\Kingsun.SynchronousStudy.BLL\SyncAllDataBLL.cs:行号 117
Method:OnError
Class:System.Data.SqlClient.SqlConnection
UserIP:
UserName:

2017-11-25 01:07:56
错误编号:2017112501075605Xa8a41c1a88
Message:在 sys.servers 中找不到服务器 'ITSV_BJ'。请验证指定的服务器名称是否正确。如果需要，请执行存储过程 sp_addlinkedserver 以将服务器添加到 sys.servers。
Message2:同步订单出错
Type:System.Data.SqlClient.SqlException
Source:.Net SqlClient Data Provider
StackTrace:   在 System.Data.SqlClient.SqlConnection.OnError(SqlException exception, Boolean breakConnection, Action`1 wrapCloseInAction)
   在 System.Data.SqlClient.SqlInternalConnection.OnError(SqlException exception, Boolean breakConnection, Action`1 wrapCloseInAction)
   在 System.Data.SqlClient.TdsParser.ThrowExceptionAndWarning(TdsParserStateObject stateObj, Boolean callerHasConnectionLock, Boolean asyncClose)
   在 System.Data.SqlClient.TdsParser.TryRun(RunBehavior runBehavior, SqlCommand cmdHandler, SqlDataReader dataStream, BulkCopySimpleResultSet bulkCopyHandler, TdsParserStateObject stateObj, Boolean& dataReady)
   在 System.Data.SqlClient.SqlCommand.RunExecuteNonQueryTds(String methodName, Boolean async, Int32 timeout, Boolean asyncWrite)
   在 System.Data.SqlClient.SqlCommand.InternalExecuteNonQuery(TaskCompletionSource`1 completion, String methodName, Boolean sendToPipe, Int32 timeout, Boolean& usedCache, Boolean asyncWrite, Boolean inRetry)
   在 System.Data.SqlClient.SqlCommand.ExecuteNonQuery()
   在 Kingsun.SynchronousStudy.Common.SqlHelper.ExecuteNonQueryTimeOut(String connectionString, CommandType commandType, String commandText) 位置 d:\project\FZproject\Kingsun.SynchronousStudyIBS\Kingsun.SynchronousStudy.Common\SqlHelper.cs:行号 324
   在 Kingsun.SynchronousStudy.BLL.SyncAllDataBLL.SyncOrderInfo() 位置 d:\project\FZproject\Kingsun.SynchronousStudyIBS\Kingsun.SynchronousStudy.BLL\SyncAllDataBLL.cs:行号 63
Method:OnError
Class:System.Data.SqlClient.SqlConnection
UserIP:
UserName:

2017-11-25 01:07:56
错误编号:2017112501075651X7f46441f1b
Message:在 sys.servers 中找不到服务器 'ITSV_BJ'。请验证指定的服务器名称是否正确。如果需要，请执行存储过程 sp_addlinkedserver 以将服务器添加到 sys.servers。
Message2:同步用户出错
Type:System.Data.SqlClient.SqlException
Source:.Net SqlClient Data Provider
StackTrace:   在 System.Data.SqlClient.SqlConnection.OnError(SqlException exception, Boolean breakConnection, Action`1 wrapCloseInAction)
   在 System.Data.SqlClient.SqlInternalConnection.OnError(SqlException exception, Boolean breakConnection, Action`1 wrapCloseInAction)
   在 System.Data.SqlClient.TdsParser.ThrowExceptionAndWarning(TdsParserStateObject stateObj, Boolean callerHasConnectionLock, Boolean asyncClose)
   在 System.Data.SqlClient.TdsParser.TryRun(RunBehavior runBehavior, SqlCommand cmdHandler, SqlDataReader dataStream, BulkCopySimpleResultSet bulkCopyHandler, TdsParserStateObject stateObj, Boolean& dataReady)
   在 System.Data.SqlClient.SqlCommand.RunExecuteNonQueryTds(String methodName, Boolean async, Int32 timeout, Boolean asyncWrite)
   在 System.Data.SqlClient.SqlCommand.InternalExecuteNonQuery(TaskCompletionSource`1 completion, String methodName, Boolean sendToPipe, Int32 timeout, Boolean& usedCache, Boolean asyncWrite, Boolean inRetry)
   在 System.Data.SqlClient.SqlCommand.ExecuteNonQuery()
   在 Kingsun.SynchronousStudy.Common.SqlHelper.ExecuteNonQueryTimeOut(String connectionString, CommandType commandType, String commandText) 位置 d:\project\FZproject\Kingsun.SynchronousStudyIBS\Kingsun.SynchronousStudy.Common\SqlHelper.cs:行号 324
   在 Kingsun.SynchronousStudy.BLL.SyncAllDataBLL.SyncUserInfo() 位置 d:\project\FZproject\Kingsun.SynchronousStudyIBS\Kingsun.SynchronousStudy.BLL\SyncAllDataBLL.cs:行号 117
Method:OnError
Class:System.Data.SqlClient.SqlConnection
UserIP:
UserName:

2017-11-25 02:07:49
错误编号:2017112502074966X7aefab1d89
Message:在 sys.servers 中找不到服务器 'ITSV_BJ'。请验证指定的服务器名称是否正确。如果需要，请执行存储过程 sp_addlinkedserver 以将服务器添加到 sys.servers。
Message2:同步订单出错
Type:System.Data.SqlClient.SqlException
Source:.Net SqlClient Data Provider
StackTrace:   在 System.Data.SqlClient.SqlConnection.OnError(SqlException exception, Boolean breakConnection, Action`1 wrapCloseInAction)
   在 System.Data.SqlClient.SqlInternalConnection.OnError(SqlException exception, Boolean breakConnection, Action`1 wrapCloseInAction)
   在 System.Data.SqlClient.TdsParser.ThrowExceptionAndWarning(TdsParserStateObject stateObj, Boolean callerHasConnectionLock, Boolean asyncClose)
   在 System.Data.SqlClient.TdsParser.TryRun(RunBehavior runBehavior, SqlCommand cmdHandler, SqlDataReader dataStream, BulkCopySimpleResultSet bulkCopyHandler, TdsParserStateObject stateObj, Boolean& dataReady)
   在 System.Data.SqlClient.SqlCommand.RunExecuteNonQueryTds(String methodName, Boolean async, Int32 timeout, Boolean asyncWrite)
   在 System.Data.SqlClient.SqlCommand.InternalExecuteNonQuery(TaskCompletionSource`1 completion, String methodName, Boolean sendToPipe, Int32 timeout, Boolean& usedCache, Boolean asyncWrite, Boolean inRetry)
   在 System.Data.SqlClient.SqlCommand.ExecuteNonQuery()
   在 Kingsun.SynchronousStudy.Common.SqlHelper.ExecuteNonQueryTimeOut(String connectionString, CommandType commandType, String commandText) 位置 d:\project\FZproject\Kingsun.SynchronousStudyIBS\Kingsun.SynchronousStudy.Common\SqlHelper.cs:行号 324
   在 Kingsun.SynchronousStudy.BLL.SyncAllDataBLL.SyncOrderInfo() 位置 d:\project\FZproject\Kingsun.SynchronousStudyIBS\Kingsun.SynchronousStudy.BLL\SyncAllDataBLL.cs:行号 63
Method:OnError
Class:System.Data.SqlClient.SqlConnection
UserIP:
UserName:

2017-11-25 02:07:49
错误编号:2017112502074974Xd80d747240
Message:在 sys.servers 中找不到服务器 'ITSV_BJ'。请验证指定的服务器名称是否正确。如果需要，请执行存储过程 sp_addlinkedserver 以将服务器添加到 sys.servers。
Message2:同步用户出错
Type:System.Data.SqlClient.SqlException
Source:.Net SqlClient Data Provider
StackTrace:   在 System.Data.SqlClient.SqlConnection.OnError(SqlException exception, Boolean breakConnection, Action`1 wrapCloseInAction)
   在 System.Data.SqlClient.SqlInternalConnection.OnError(SqlException exception, Boolean breakConnection, Action`1 wrapCloseInAction)
   在 System.Data.SqlClient.TdsParser.ThrowExceptionAndWarning(TdsParserStateObject stateObj, Boolean callerHasConnectionLock, Boolean asyncClose)
   在 System.Data.SqlClient.TdsParser.TryRun(RunBehavior runBehavior, SqlCommand cmdHandler, SqlDataReader dataStream, BulkCopySimpleResultSet bulkCopyHandler, TdsParserStateObject stateObj, Boolean& dataReady)
   在 System.Data.SqlClient.SqlCommand.RunExecuteNonQueryTds(String methodName, Boolean async, Int32 timeout, Boolean asyncWrite)
   在 System.Data.SqlClient.SqlCommand.InternalExecuteNonQuery(TaskCompletionSource`1 completion, String methodName, Boolean sendToPipe, Int32 timeout, Boolean& usedCache, Boolean asyncWrite, Boolean inRetry)
   在 System.Data.SqlClient.SqlCommand.ExecuteNonQuery()
   在 Kingsun.SynchronousStudy.Common.SqlHelper.ExecuteNonQueryTimeOut(String connectionString, CommandType commandType, String commandText) 位置 d:\project\FZproject\Kingsun.SynchronousStudyIBS\Kingsun.SynchronousStudy.Common\SqlHelper.cs:行号 324
   在 Kingsun.SynchronousStudy.BLL.SyncAllDataBLL.SyncUserInfo() 位置 d:\project\FZproject\Kingsun.SynchronousStudyIBS\Kingsun.SynchronousStudy.BLL\SyncAllDataBLL.cs:行号 117
Method:OnError
Class:System.Data.SqlClient.SqlConnection
UserIP:
UserName:

2017-11-25 03:07:55
错误编号:2017112503075562X7f47e4b1e8
Message:在 sys.servers 中找不到服务器 'ITSV_BJ'。请验证指定的服务器名称是否正确。如果需要，请执行存储过程 sp_addlinkedserver 以将服务器添加到 sys.servers。
Message2:同步用户出错
Type:System.Data.SqlClient.SqlException
Source:.Net SqlClient Data Provider
StackTrace:   在 System.Data.SqlClient.SqlConnection.OnError(SqlException exception, Boolean breakConnection, Action`1 wrapCloseInAction)
   在 System.Data.SqlClient.SqlInternalConnection.OnError(SqlException exception, Boolean breakConnection, Action`1 wrapCloseInAction)
   在 System.Data.SqlClient.TdsParser.ThrowExceptionAndWarning(TdsParserStateObject stateObj, Boolean callerHasConnectionLock, Boolean asyncClose)
   在 System.Data.SqlClient.TdsParser.TryRun(RunBehavior runBehavior, SqlCommand cmdHandler, SqlDataReader dataStream, BulkCopySimpleResultSet bulkCopyHandler, TdsParserStateObject stateObj, Boolean& dataReady)
   在 System.Data.SqlClient.SqlCommand.RunExecuteNonQueryTds(String methodName, Boolean async, Int32 timeout, Boolean asyncWrite)
   在 System.Data.SqlClient.SqlCommand.InternalExecuteNonQuery(TaskCompletionSource`1 completion, String methodName, Boolean sendToPipe, Int32 timeout, Boolean& usedCache, Boolean asyncWrite, Boolean inRetry)
   在 System.Data.SqlClient.SqlCommand.ExecuteNonQuery()
   在 Kingsun.SynchronousStudy.Common.SqlHelper.ExecuteNonQueryTimeOut(String connectionString, CommandType commandType, String commandText) 位置 d:\project\FZproject\Kingsun.SynchronousStudyIBS\Kingsun.SynchronousStudy.Common\SqlHelper.cs:行号 324
   在 Kingsun.SynchronousStudy.BLL.SyncAllDataBLL.SyncUserInfo() 位置 d:\project\FZproject\Kingsun.SynchronousStudyIBS\Kingsun.SynchronousStudy.BLL\SyncAllDataBLL.cs:行号 117
Method:OnError
Class:System.Data.SqlClient.SqlConnection
UserIP:
UserName:

2017-11-25 03:07:55
错误编号:2017112503075568Xea6a6faf9d
Message:在 sys.servers 中找不到服务器 'ITSV_BJ'。请验证指定的服务器名称是否正确。如果需要，请执行存储过程 sp_addlinkedserver 以将服务器添加到 sys.servers。
Message2:同步订单出错
Type:System.Data.SqlClient.SqlException
Source:.Net SqlClient Data Provider
StackTrace:   在 System.Data.SqlClient.SqlConnection.OnError(SqlException exception, Boolean breakConnection, Action`1 wrapCloseInAction)
   在 System.Data.SqlClient.SqlInternalConnection.OnError(SqlException exception, Boolean breakConnection, Action`1 wrapCloseInAction)
   在 System.Data.SqlClient.TdsParser.ThrowExceptionAndWarning(TdsParserStateObject stateObj, Boolean callerHasConnectionLock, Boolean asyncClose)
   在 System.Data.SqlClient.TdsParser.TryRun(RunBehavior runBehavior, SqlCommand cmdHandler, SqlDataReader dataStream, BulkCopySimpleResultSet bulkCopyHandler, TdsParserStateObject stateObj, Boolean& dataReady)
   在 System.Data.SqlClient.SqlCommand.RunExecuteNonQueryTds(String methodName, Boolean async, Int32 timeout, Boolean asyncWrite)
   在 System.Data.SqlClient.SqlCommand.InternalExecuteNonQuery(TaskCompletionSource`1 completion, String methodName, Boolean sendToPipe, Int32 timeout, Boolean& usedCache, Boolean asyncWrite, Boolean inRetry)
   在 System.Data.SqlClient.SqlCommand.ExecuteNonQuery()
   在 Kingsun.SynchronousStudy.Common.SqlHelper.ExecuteNonQueryTimeOut(String connectionString, CommandType commandType, String commandText) 位置 d:\project\FZproject\Kingsun.SynchronousStudyIBS\Kingsun.SynchronousStudy.Common\SqlHelper.cs:行号 324
   在 Kingsun.SynchronousStudy.BLL.SyncAllDataBLL.SyncOrderInfo() 位置 d:\project\FZproject\Kingsun.SynchronousStudyIBS\Kingsun.SynchronousStudy.BLL\SyncAllDataBLL.cs:行号 63
Method:OnError
Class:System.Data.SqlClient.SqlConnection
UserIP:
UserName:

2017-11-25 04:07:49
错误编号:2017112504074974Xab7597fd71
Message:在 sys.servers 中找不到服务器 'ITSV_BJ'。请验证指定的服务器名称是否正确。如果需要，请执行存储过程 sp_addlinkedserver 以将服务器添加到 sys.servers。
Message2:同步用户出错
Type:System.Data.SqlClient.SqlException
Source:.Net SqlClient Data Provider
StackTrace:   在 System.Data.SqlClient.SqlConnection.OnError(SqlException exception, Boolean breakConnection, Action`1 wrapCloseInAction)
   在 System.Data.SqlClient.SqlInternalConnection.OnError(SqlException exception, Boolean breakConnection, Action`1 wrapCloseInAction)
   在 System.Data.SqlClient.TdsParser.ThrowExceptionAndWarning(TdsParserStateObject stateObj, Boolean callerHasConnectionLock, Boolean asyncClose)
   在 System.Data.SqlClient.TdsParser.TryRun(RunBehavior runBehavior, SqlCommand cmdHandler, SqlDataReader dataStream, BulkCopySimpleResultSet bulkCopyHandler, TdsParserStateObject stateObj, Boolean& dataReady)
   在 System.Data.SqlClient.SqlCommand.RunExecuteNonQueryTds(String methodName, Boolean async, Int32 timeout, Boolean asyncWrite)
   在 System.Data.SqlClient.SqlCommand.InternalExecuteNonQuery(TaskCompletionSource`1 completion, String methodName, Boolean sendToPipe, Int32 timeout, Boolean& usedCache, Boolean asyncWrite, Boolean inRetry)
   在 System.Data.SqlClient.SqlCommand.ExecuteNonQuery()
   在 Kingsun.SynchronousStudy.Common.SqlHelper.ExecuteNonQueryTimeOut(String connectionString, CommandType commandType, String commandText) 位置 d:\project\FZproject\Kingsun.SynchronousStudyIBS\Kingsun.SynchronousStudy.Common\SqlHelper.cs:行号 324
   在 Kingsun.SynchronousStudy.BLL.SyncAllDataBLL.SyncUserInfo() 位置 d:\project\FZproject\Kingsun.SynchronousStudyIBS\Kingsun.SynchronousStudy.BLL\SyncAllDataBLL.cs:行号 117
Method:OnError
Class:System.Data.SqlClient.SqlConnection
UserIP:
UserName:

2017-11-25 04:07:49
错误编号:2017112504074982X1577d2d612
Message:在 sys.servers 中找不到服务器 'ITSV_BJ'。请验证指定的服务器名称是否正确。如果需要，请执行存储过程 sp_addlinkedserver 以将服务器添加到 sys.servers。
Message2:同步订单出错
Type:System.Data.SqlClient.SqlException
Source:.Net SqlClient Data Provider
StackTrace:   在 System.Data.SqlClient.SqlConnection.OnError(SqlException exception, Boolean breakConnection, Action`1 wrapCloseInAction)
   在 System.Data.SqlClient.SqlInternalConnection.OnError(SqlException exception, Boolean breakConnection, Action`1 wrapCloseInAction)
   在 System.Data.SqlClient.TdsParser.ThrowExceptionAndWarning(TdsParserStateObject stateObj, Boolean callerHasConnectionLock, Boolean asyncClose)
   在 System.Data.SqlClient.TdsParser.TryRun(RunBehavior runBehavior, SqlCommand cmdHandler, SqlDataReader dataStream, BulkCopySimpleResultSet bulkCopyHandler, TdsParserStateObject stateObj, Boolean& dataReady)
   在 System.Data.SqlClient.SqlCommand.RunExecuteNonQueryTds(String methodName, Boolean async, Int32 timeout, Boolean asyncWrite)
   在 System.Data.SqlClient.SqlCommand.InternalExecuteNonQuery(TaskCompletionSource`1 completion, String methodName, Boolean sendToPipe, Int32 timeout, Boolean& usedCache, Boolean asyncWrite, Boolean inRetry)
   在 System.Data.SqlClient.SqlCommand.ExecuteNonQuery()
   在 Kingsun.SynchronousStudy.Common.SqlHelper.ExecuteNonQueryTimeOut(String connectionString, CommandType commandType, String commandText) 位置 d:\project\FZproject\Kingsun.SynchronousStudyIBS\Kingsun.SynchronousStudy.Common\SqlHelper.cs:行号 324
   在 Kingsun.SynchronousStudy.BLL.SyncAllDataBLL.SyncOrderInfo() 位置 d:\project\FZproject\Kingsun.SynchronousStudyIBS\Kingsun.SynchronousStudy.BLL\SyncAllDataBLL.cs:行号 63
Method:OnError
Class:System.Data.SqlClient.SqlConnection
UserIP:
UserName:

2017-11-25 05:07:55
错误编号:2017112505075587X6004b32d3d
Message:在 sys.servers 中找不到服务器 'ITSV_BJ'。请验证指定的服务器名称是否正确。如果需要，请执行存储过程 sp_addlinkedserver 以将服务器添加到 sys.servers。
Message2:同步用户出错
Type:System.Data.SqlClient.SqlException
Source:.Net SqlClient Data Provider
StackTrace:   在 System.Data.SqlClient.SqlConnection.OnError(SqlException exception, Boolean breakConnection, Action`1 wrapCloseInAction)
   在 System.Data.SqlClient.SqlInternalConnection.OnError(SqlException exception, Boolean breakConnection, Action`1 wrapCloseInAction)
   在 System.Data.SqlClient.TdsParser.ThrowExceptionAndWarning(TdsParserStateObject stateObj, Boolean callerHasConnectionLock, Boolean asyncClose)
   在 System.Data.SqlClient.TdsParser.TryRun(RunBehavior runBehavior, SqlCommand cmdHandler, SqlDataReader dataStream, BulkCopySimpleResultSet bulkCopyHandler, TdsParserStateObject stateObj, Boolean& dataReady)
   在 System.Data.SqlClient.SqlCommand.RunExecuteNonQueryTds(String methodName, Boolean async, Int32 timeout, Boolean asyncWrite)
   在 System.Data.SqlClient.SqlCommand.InternalExecuteNonQuery(TaskCompletionSource`1 completion, String methodName, Boolean sendToPipe, Int32 timeout, Boolean& usedCache, Boolean asyncWrite, Boolean inRetry)
   在 System.Data.SqlClient.SqlCommand.ExecuteNonQuery()
   在 Kingsun.SynchronousStudy.Common.SqlHelper.ExecuteNonQueryTimeOut(String connectionString, CommandType commandType, String commandText) 位置 d:\project\FZproject\Kingsun.SynchronousStudyIBS\Kingsun.SynchronousStudy.Common\SqlHelper.cs:行号 324
   在 Kingsun.SynchronousStudy.BLL.SyncAllDataBLL.SyncUserInfo() 位置 d:\project\FZproject\Kingsun.SynchronousStudyIBS\Kingsun.SynchronousStudy.BLL\SyncAllDataBLL.cs:行号 117
Method:OnError
Class:System.Data.SqlClient.SqlConnection
UserIP:
UserName:

2017-11-25 05:07:55
错误编号:2017112505075594X0fa925b506
Message:在 sys.servers 中找不到服务器 'ITSV_BJ'。请验证指定的服务器名称是否正确。如果需要，请执行存储过程 sp_addlinkedserver 以将服务器添加到 sys.servers。
Message2:同步订单出错
Type:System.Data.SqlClient.SqlException
Source:.Net SqlClient Data Provider
StackTrace:   在 System.Data.SqlClient.SqlConnection.OnError(SqlException exception, Boolean breakConnection, Action`1 wrapCloseInAction)
   在 System.Data.SqlClient.SqlInternalConnection.OnError(SqlException exception, Boolean breakConnection, Action`1 wrapCloseInAction)
   在 System.Data.SqlClient.TdsParser.ThrowExceptionAndWarning(TdsParserStateObject stateObj, Boolean callerHasConnectionLock, Boolean asyncClose)
   在 System.Data.SqlClient.TdsParser.TryRun(RunBehavior runBehavior, SqlCommand cmdHandler, SqlDataReader dataStream, BulkCopySimpleResultSet bulkCopyHandler, TdsParserStateObject stateObj, Boolean& dataReady)
   在 System.Data.SqlClient.SqlCommand.RunExecuteNonQueryTds(String methodName, Boolean async, Int32 timeout, Boolean asyncWrite)
   在 System.Data.SqlClient.SqlCommand.InternalExecuteNonQuery(TaskCompletionSource`1 completion, String methodName, Boolean sendToPipe, Int32 timeout, Boolean& usedCache, Boolean asyncWrite, Boolean inRetry)
   在 System.Data.SqlClient.SqlCommand.ExecuteNonQuery()
   在 Kingsun.SynchronousStudy.Common.SqlHelper.ExecuteNonQueryTimeOut(String connectionString, CommandType commandType, String commandText) 位置 d:\project\FZproject\Kingsun.SynchronousStudyIBS\Kingsun.SynchronousStudy.Common\SqlHelper.cs:行号 324
   在 Kingsun.SynchronousStudy.BLL.SyncAllDataBLL.SyncOrderInfo() 位置 d:\project\FZproject\Kingsun.SynchronousStudyIBS\Kingsun.SynchronousStudy.BLL\SyncAllDataBLL.cs:行号 63
Method:OnError
Class:System.Data.SqlClient.SqlConnection
UserIP:
UserName:

2017-11-25 06:07:49
错误编号:2017112506074973X3b38efc235
Message:在 sys.servers 中找不到服务器 'ITSV_BJ'。请验证指定的服务器名称是否正确。如果需要，请执行存储过程 sp_addlinkedserver 以将服务器添加到 sys.servers。
Message2:同步订单出错
Type:System.Data.SqlClient.SqlException
Source:.Net SqlClient Data Provider
StackTrace:   在 System.Data.SqlClient.SqlConnection.OnError(SqlException exception, Boolean breakConnection, Action`1 wrapCloseInAction)
   在 System.Data.SqlClient.SqlInternalConnection.OnError(SqlException exception, Boolean breakConnection, Action`1 wrapCloseInAction)
   在 System.Data.SqlClient.TdsParser.ThrowExceptionAndWarning(TdsParserStateObject stateObj, Boolean callerHasConnectionLock, Boolean asyncClose)
   在 System.Data.SqlClient.TdsParser.TryRun(RunBehavior runBehavior, SqlCommand cmdHandler, SqlDataReader dataStream, BulkCopySimpleResultSet bulkCopyHandler, TdsParserStateObject stateObj, Boolean& dataReady)
   在 System.Data.SqlClient.SqlCommand.RunExecuteNonQueryTds(String methodName, Boolean async, Int32 timeout, Boolean asyncWrite)
   在 System.Data.SqlClient.SqlCommand.InternalExecuteNonQuery(TaskCompletionSource`1 completion, String methodName, Boolean sendToPipe, Int32 timeout, Boolean& usedCache, Boolean asyncWrite, Boolean inRetry)
   在 System.Data.SqlClient.SqlCommand.ExecuteNonQuery()
   在 Kingsun.SynchronousStudy.Common.SqlHelper.ExecuteNonQueryTimeOut(String connectionString, CommandType commandType, String commandText) 位置 d:\project\FZproject\Kingsun.SynchronousStudyIBS\Kingsun.SynchronousStudy.Common\SqlHelper.cs:行号 324
   在 Kingsun.SynchronousStudy.BLL.SyncAllDataBLL.SyncOrderInfo() 位置 d:\project\FZproject\Kingsun.SynchronousStudyIBS\Kingsun.SynchronousStudy.BLL\SyncAllDataBLL.cs:行号 63
Method:OnError
Class:System.Data.SqlClient.SqlConnection
UserIP:
UserName:

2017-11-25 06:07:49
错误编号:2017112506074981X4c18af9146
Message:在 sys.servers 中找不到服务器 'ITSV_BJ'。请验证指定的服务器名称是否正确。如果需要，请执行存储过程 sp_addlinkedserver 以将服务器添加到 sys.servers。
Message2:同步用户出错
Type:System.Data.SqlClient.SqlException
Source:.Net SqlClient Data Provider
StackTrace:   在 System.Data.SqlClient.SqlConnection.OnError(SqlException exception, Boolean breakConnection, Action`1 wrapCloseInAction)
   在 System.Data.SqlClient.SqlInternalConnection.OnError(SqlException exception, Boolean breakConnection, Action`1 wrapCloseInAction)
   在 System.Data.SqlClient.TdsParser.ThrowExceptionAndWarning(TdsParserStateObject stateObj, Boolean callerHasConnectionLock, Boolean asyncClose)
   在 System.Data.SqlClient.TdsParser.TryRun(RunBehavior runBehavior, SqlCommand cmdHandler, SqlDataReader dataStream, BulkCopySimpleResultSet bulkCopyHandler, TdsParserStateObject stateObj, Boolean& dataReady)
   在 System.Data.SqlClient.SqlCommand.RunExecuteNonQueryTds(String methodName, Boolean async, Int32 timeout, Boolean asyncWrite)
   在 System.Data.SqlClient.SqlCommand.InternalExecuteNonQuery(TaskCompletionSource`1 completion, String methodName, Boolean sendToPipe, Int32 timeout, Boolean& usedCache, Boolean asyncWrite, Boolean inRetry)
   在 System.Data.SqlClient.SqlCommand.ExecuteNonQuery()
   在 Kingsun.SynchronousStudy.Common.SqlHelper.ExecuteNonQueryTimeOut(String connectionString, CommandType commandType, String commandText) 位置 d:\project\FZproject\Kingsun.SynchronousStudyIBS\Kingsun.SynchronousStudy.Common\SqlHelper.cs:行号 324
   在 Kingsun.SynchronousStudy.BLL.SyncAllDataBLL.SyncUserInfo() 位置 d:\project\FZproject\Kingsun.SynchronousStudyIBS\Kingsun.SynchronousStudy.BLL\SyncAllDataBLL.cs:行号 117
Method:OnError
Class:System.Data.SqlClient.SqlConnection
UserIP:
UserName:

2017-11-25 07:07:55
错误编号:2017112507075594X64af0682ab
Message:在 sys.servers 中找不到服务器 'ITSV_BJ'。请验证指定的服务器名称是否正确。如果需要，请执行存储过程 sp_addlinkedserver 以将服务器添加到 sys.servers。
Message2:同步用户出错
Type:System.Data.SqlClient.SqlException
Source:.Net SqlClient Data Provider
StackTrace:   在 System.Data.SqlClient.SqlConnection.OnError(SqlException exception, Boolean breakConnection, Action`1 wrapCloseInAction)
   在 System.Data.SqlClient.SqlInternalConnection.OnError(SqlException exception, Boolean breakConnection, Action`1 wrapCloseInAction)
   在 System.Data.SqlClient.TdsParser.ThrowExceptionAndWarning(TdsParserStateObject stateObj, Boolean callerHasConnectionLock, Boolean asyncClose)
   在 System.Data.SqlClient.TdsParser.TryRun(RunBehavior runBehavior, SqlCommand cmdHandler, SqlDataReader dataStream, BulkCopySimpleResultSet bulkCopyHandler, TdsParserStateObject stateObj, Boolean& dataReady)
   在 System.Data.SqlClient.SqlCommand.RunExecuteNonQueryTds(String methodName, Boolean async, Int32 timeout, Boolean asyncWrite)
   在 System.Data.SqlClient.SqlCommand.InternalExecuteNonQuery(TaskCompletionSource`1 completion, String methodName, Boolean sendToPipe, Int32 timeout, Boolean& usedCache, Boolean asyncWrite, Boolean inRetry)
   在 System.Data.SqlClient.SqlCommand.ExecuteNonQuery()
   在 Kingsun.SynchronousStudy.Common.SqlHelper.ExecuteNonQueryTimeOut(String connectionString, CommandType commandType, String commandText) 位置 d:\project\FZproject\Kingsun.SynchronousStudyIBS\Kingsun.SynchronousStudy.Common\SqlHelper.cs:行号 324
   在 Kingsun.SynchronousStudy.BLL.SyncAllDataBLL.SyncUserInfo() 位置 d:\project\FZproject\Kingsun.SynchronousStudyIBS\Kingsun.SynchronousStudy.BLL\SyncAllDataBLL.cs:行号 117
Method:OnError
Class:System.Data.SqlClient.SqlConnection
UserIP:
UserName:

2017-11-25 07:07:56
错误编号:2017112507075603X0c764cf5c7
Message:在 sys.servers 中找不到服务器 'ITSV_BJ'。请验证指定的服务器名称是否正确。如果需要，请执行存储过程 sp_addlinkedserver 以将服务器添加到 sys.servers。
Message2:同步订单出错
Type:System.Data.SqlClient.SqlException
Source:.Net SqlClient Data Provider
StackTrace:   在 System.Data.SqlClient.SqlConnection.OnError(SqlException exception, Boolean breakConnection, Action`1 wrapCloseInAction)
   在 System.Data.SqlClient.SqlInternalConnection.OnError(SqlException exception, Boolean breakConnection, Action`1 wrapCloseInAction)
   在 System.Data.SqlClient.TdsParser.ThrowExceptionAndWarning(TdsParserStateObject stateObj, Boolean callerHasConnectionLock, Boolean asyncClose)
   在 System.Data.SqlClient.TdsParser.TryRun(RunBehavior runBehavior, SqlCommand cmdHandler, SqlDataReader dataStream, BulkCopySimpleResultSet bulkCopyHandler, TdsParserStateObject stateObj, Boolean& dataReady)
   在 System.Data.SqlClient.SqlCommand.RunExecuteNonQueryTds(String methodName, Boolean async, Int32 timeout, Boolean asyncWrite)
   在 System.Data.SqlClient.SqlCommand.InternalExecuteNonQuery(TaskCompletionSource`1 completion, String methodName, Boolean sendToPipe, Int32 timeout, Boolean& usedCache, Boolean asyncWrite, Boolean inRetry)
   在 System.Data.SqlClient.SqlCommand.ExecuteNonQuery()
   在 Kingsun.SynchronousStudy.Common.SqlHelper.ExecuteNonQueryTimeOut(String connectionString, CommandType commandType, String commandText) 位置 d:\project\FZproject\Kingsun.SynchronousStudyIBS\Kingsun.SynchronousStudy.Common\SqlHelper.cs:行号 324
   在 Kingsun.SynchronousStudy.BLL.SyncAllDataBLL.SyncOrderInfo() 位置 d:\project\FZproject\Kingsun.SynchronousStudyIBS\Kingsun.SynchronousStudy.BLL\SyncAllDataBLL.cs:行号 63
Method:OnError
Class:System.Data.SqlClient.SqlConnection
UserIP:
UserName:

2017-11-25 08:07:50
错误编号:2017112508075005X32e4e9f28b
Message:在 sys.servers 中找不到服务器 'ITSV_BJ'。请验证指定的服务器名称是否正确。如果需要，请执行存储过程 sp_addlinkedserver 以将服务器添加到 sys.servers。
Message2:同步订单出错
Type:System.Data.SqlClient.SqlException
Source:.Net SqlClient Data Provider
StackTrace:   在 System.Data.SqlClient.SqlConnection.OnError(SqlException exception, Boolean breakConnection, Action`1 wrapCloseInAction)
   在 System.Data.SqlClient.SqlInternalConnection.OnError(SqlException exception, Boolean breakConnection, Action`1 wrapCloseInAction)
   在 System.Data.SqlClient.TdsParser.ThrowExceptionAndWarning(TdsParserStateObject stateObj, Boolean callerHasConnectionLock, Boolean asyncClose)
   在 System.Data.SqlClient.TdsParser.TryRun(RunBehavior runBehavior, SqlCommand cmdHandler, SqlDataReader dataStream, BulkCopySimpleResultSet bulkCopyHandler, TdsParserStateObject stateObj, Boolean& dataReady)
   在 System.Data.SqlClient.SqlCommand.RunExecuteNonQueryTds(String methodName, Boolean async, Int32 timeout, Boolean asyncWrite)
   在 System.Data.SqlClient.SqlCommand.InternalExecuteNonQuery(TaskCompletionSource`1 completion, String methodName, Boolean sendToPipe, Int32 timeout, Boolean& usedCache, Boolean asyncWrite, Boolean inRetry)
   在 System.Data.SqlClient.SqlCommand.ExecuteNonQuery()
   在 Kingsun.SynchronousStudy.Common.SqlHelper.ExecuteNonQueryTimeOut(String connectionString, CommandType commandType, String commandText) 位置 d:\project\FZproject\Kingsun.SynchronousStudyIBS\Kingsun.SynchronousStudy.Common\SqlHelper.cs:行号 324
   在 Kingsun.SynchronousStudy.BLL.SyncAllDataBLL.SyncOrderInfo() 位置 d:\project\FZproject\Kingsun.SynchronousStudyIBS\Kingsun.SynchronousStudy.BLL\SyncAllDataBLL.cs:行号 63
Method:OnError
Class:System.Data.SqlClient.SqlConnection
UserIP:
UserName:

2017-11-25 08:07:50
错误编号:2017112508075049X613b1e888b
Message:在 sys.servers 中找不到服务器 'ITSV_BJ'。请验证指定的服务器名称是否正确。如果需要，请执行存储过程 sp_addlinkedserver 以将服务器添加到 sys.servers。
Message2:同步用户出错
Type:System.Data.SqlClient.SqlException
Source:.Net SqlClient Data Provider
StackTrace:   在 System.Data.SqlClient.SqlConnection.OnError(SqlException exception, Boolean breakConnection, Action`1 wrapCloseInAction)
   在 System.Data.SqlClient.SqlInternalConnection.OnError(SqlException exception, Boolean breakConnection, Action`1 wrapCloseInAction)
   在 System.Data.SqlClient.TdsParser.ThrowExceptionAndWarning(TdsParserStateObject stateObj, Boolean callerHasConnectionLock, Boolean asyncClose)
   在 System.Data.SqlClient.TdsParser.TryRun(RunBehavior runBehavior, SqlCommand cmdHandler, SqlDataReader dataStream, BulkCopySimpleResultSet bulkCopyHandler, TdsParserStateObject stateObj, Boolean& dataReady)
   在 System.Data.SqlClient.SqlCommand.RunExecuteNonQueryTds(String methodName, Boolean async, Int32 timeout, Boolean asyncWrite)
   在 System.Data.SqlClient.SqlCommand.InternalExecuteNonQuery(TaskCompletionSource`1 completion, String methodName, Boolean sendToPipe, Int32 timeout, Boolean& usedCache, Boolean asyncWrite, Boolean inRetry)
   在 System.Data.SqlClient.SqlCommand.ExecuteNonQuery()
   在 Kingsun.SynchronousStudy.Common.SqlHelper.ExecuteNonQueryTimeOut(String connectionString, CommandType commandType, String commandText) 位置 d:\project\FZproject\Kingsun.SynchronousStudyIBS\Kingsun.SynchronousStudy.Common\SqlHelper.cs:行号 324
   在 Kingsun.SynchronousStudy.BLL.SyncAllDataBLL.SyncUserInfo() 位置 d:\project\FZproject\Kingsun.SynchronousStudyIBS\Kingsun.SynchronousStudy.BLL\SyncAllDataBLL.cs:行号 117
Method:OnError
Class:System.Data.SqlClient.SqlConnection
UserIP:
UserName:

2017-11-25 09:03:14
错误编号:2017112509031450X3098033b3e
Message:无法连接到远程服务器
Message2:唤醒服务失败
Type:System.Net.WebException
Source:System
StackTrace:   在 System.Net.HttpWebRequest.GetResponse()
   在 Kingsun.SynchronousStudy.FS.MvcApplication.Application_End(Object sender, EventArgs e) 位置 d:\project\FZproject\Kingsun.SynchronousStudyIBS\Kingsun.SynchronousStudy.FS\Global.asax.cs:行号 38
Method:GetResponse
Class:System.Net.HttpWebRequest
UserIP:
UserName:
BaseException:
System.Net.Sockets.SocketException (0x80004005): 由于目标计算机积极拒绝，无法连接。 127.0.0.1:50868
   在 System.Net.Sockets.Socket.DoConnect(EndPoint endPointSnapshot, SocketAddress socketAddress)
   在 System.Net.ServicePoint.ConnectSocketInternal(Boolean connectFailure, Socket s4, Socket s6, Socket& socket, IPAddress& address, ConnectSocketState state, IAsyncResult asyncResult, Exception& exception)
2017-11-25 13:08:47
错误编号:2017112513084736X56a9f6cafe
Message:在 sys.servers 中找不到服务器 'ITSV_BJ'。请验证指定的服务器名称是否正确。如果需要，请执行存储过程 sp_addlinkedserver 以将服务器添加到 sys.servers。
Message2:同步订单出错
Type:System.Data.SqlClient.SqlException
Source:.Net SqlClient Data Provider
StackTrace:   在 System.Data.SqlClient.SqlConnection.OnError(SqlException exception, Boolean breakConnection, Action`1 wrapCloseInAction)
   在 System.Data.SqlClient.SqlInternalConnection.OnError(SqlException exception, Boolean breakConnection, Action`1 wrapCloseInAction)
   在 System.Data.SqlClient.TdsParser.ThrowExceptionAndWarning(TdsParserStateObject stateObj, Boolean callerHasConnectionLock, Boolean asyncClose)
   在 System.Data.SqlClient.TdsParser.TryRun(RunBehavior runBehavior, SqlCommand cmdHandler, SqlDataReader dataStream, BulkCopySimpleResultSet bulkCopyHandler, TdsParserStateObject stateObj, Boolean& dataReady)
   在 System.Data.SqlClient.SqlCommand.RunExecuteNonQueryTds(String methodName, Boolean async, Int32 timeout, Boolean asyncWrite)
   在 System.Data.SqlClient.SqlCommand.InternalExecuteNonQuery(TaskCompletionSource`1 completion, String methodName, Boolean sendToPipe, Int32 timeout, Boolean& usedCache, Boolean asyncWrite, Boolean inRetry)
   在 System.Data.SqlClient.SqlCommand.ExecuteNonQuery()
   在 Kingsun.SynchronousStudy.Common.SqlHelper.ExecuteNonQueryTimeOut(String connectionString, CommandType commandType, String commandText) 位置 d:\project\FZproject\Kingsun.SynchronousStudyIBS\Kingsun.SynchronousStudy.Common\SqlHelper.cs:行号 324
   在 Kingsun.SynchronousStudy.BLL.SyncAllDataBLL.SyncOrderInfo()
Method:OnError
Class:System.Data.SqlClient.SqlConnection
UserIP:
UserName:

2017-11-25 13:08:47
错误编号:2017112513084747Xeb312054fa
Message:在 sys.servers 中找不到服务器 'ITSV_BJ'。请验证指定的服务器名称是否正确。如果需要，请执行存储过程 sp_addlinkedserver 以将服务器添加到 sys.servers。
Message2:同步用户出错
Type:System.Data.SqlClient.SqlException
Source:.Net SqlClient Data Provider
StackTrace:   在 System.Data.SqlClient.SqlConnection.OnError(SqlException exception, Boolean breakConnection, Action`1 wrapCloseInAction)
   在 System.Data.SqlClient.SqlInternalConnection.OnError(SqlException exception, Boolean breakConnection, Action`1 wrapCloseInAction)
   在 System.Data.SqlClient.TdsParser.ThrowExceptionAndWarning(TdsParserStateObject stateObj, Boolean callerHasConnectionLock, Boolean asyncClose)
   在 System.Data.SqlClient.TdsParser.TryRun(RunBehavior runBehavior, SqlCommand cmdHandler, SqlDataReader dataStream, BulkCopySimpleResultSet bulkCopyHandler, TdsParserStateObject stateObj, Boolean& dataReady)
   在 System.Data.SqlClient.SqlCommand.RunExecuteNonQueryTds(String methodName, Boolean async, Int32 timeout, Boolean asyncWrite)
   在 System.Data.SqlClient.SqlCommand.InternalExecuteNonQuery(TaskCompletionSource`1 completion, String methodName, Boolean sendToPipe, Int32 timeout, Boolean& usedCache, Boolean asyncWrite, Boolean inRetry)
   在 System.Data.SqlClient.SqlCommand.ExecuteNonQuery()
   在 Kingsun.SynchronousStudy.Common.SqlHelper.ExecuteNonQueryTimeOut(String connectionString, CommandType commandType, String commandText) 位置 d:\project\FZproject\Kingsun.SynchronousStudyIBS\Kingsun.SynchronousStudy.Common\SqlHelper.cs:行号 324
   在 Kingsun.SynchronousStudy.BLL.SyncAllDataBLL.SyncUserInfo()
Method:OnError
Class:System.Data.SqlClient.SqlConnection
UserIP:
UserName:

2017-11-25 14:08:46
错误编号:2017112514084694X084b305f8f
Message:在 sys.servers 中找不到服务器 'ITSV_BJ'。请验证指定的服务器名称是否正确。如果需要，请执行存储过程 sp_addlinkedserver 以将服务器添加到 sys.servers。
Message2:同步用户出错
Type:System.Data.SqlClient.SqlException
Source:.Net SqlClient Data Provider
StackTrace:   在 System.Data.SqlClient.SqlConnection.OnError(SqlException exception, Boolean breakConnection, Action`1 wrapCloseInAction)
   在 System.Data.SqlClient.SqlInternalConnection.OnError(SqlException exception, Boolean breakConnection, Action`1 wrapCloseInAction)
   在 System.Data.SqlClient.TdsParser.ThrowExceptionAndWarning(TdsParserStateObject stateObj, Boolean callerHasConnectionLock, Boolean asyncClose)
   在 System.Data.SqlClient.TdsParser.TryRun(RunBehavior runBehavior, SqlCommand cmdHandler, SqlDataReader dataStream, BulkCopySimpleResultSet bulkCopyHandler, TdsParserStateObject stateObj, Boolean& dataReady)
   在 System.Data.SqlClient.SqlCommand.RunExecuteNonQueryTds(String methodName, Boolean async, Int32 timeout, Boolean asyncWrite)
   在 System.Data.SqlClient.SqlCommand.InternalExecuteNonQuery(TaskCompletionSource`1 completion, String methodName, Boolean sendToPipe, Int32 timeout, Boolean& usedCache, Boolean asyncWrite, Boolean inRetry)
   在 System.Data.SqlClient.SqlCommand.ExecuteNonQuery()
   在 Kingsun.SynchronousStudy.Common.SqlHelper.ExecuteNonQueryTimeOut(String connectionString, CommandType commandType, String commandText) 位置 d:\project\FZproject\Kingsun.SynchronousStudyIBS\Kingsun.SynchronousStudy.Common\SqlHelper.cs:行号 324
   在 Kingsun.SynchronousStudy.BLL.SyncAllDataBLL.SyncUserInfo()
Method:OnError
Class:System.Data.SqlClient.SqlConnection
UserIP:
UserName:

2017-11-25 14:08:55
错误编号:2017112514085521X9d0ee750c9
Message:在 sys.servers 中找不到服务器 'ITSV_BJ'。请验证指定的服务器名称是否正确。如果需要，请执行存储过程 sp_addlinkedserver 以将服务器添加到 sys.servers。
Message2:同步订单出错
Type:System.Data.SqlClient.SqlException
Source:.Net SqlClient Data Provider
StackTrace:   在 System.Data.SqlClient.SqlConnection.OnError(SqlException exception, Boolean breakConnection, Action`1 wrapCloseInAction)
   在 System.Data.SqlClient.SqlInternalConnection.OnError(SqlException exception, Boolean breakConnection, Action`1 wrapCloseInAction)
   在 System.Data.SqlClient.TdsParser.ThrowExceptionAndWarning(TdsParserStateObject stateObj, Boolean callerHasConnectionLock, Boolean asyncClose)
   在 System.Data.SqlClient.TdsParser.TryRun(RunBehavior runBehavior, SqlCommand cmdHandler, SqlDataReader dataStream, BulkCopySimpleResultSet bulkCopyHandler, TdsParserStateObject stateObj, Boolean& dataReady)
   在 System.Data.SqlClient.SqlCommand.RunExecuteNonQueryTds(String methodName, Boolean async, Int32 timeout, Boolean asyncWrite)
   在 System.Data.SqlClient.SqlCommand.InternalExecuteNonQuery(TaskCompletionSource`1 completion, String methodName, Boolean sendToPipe, Int32 timeout, Boolean& usedCache, Boolean asyncWrite, Boolean inRetry)
   在 System.Data.SqlClient.SqlCommand.ExecuteNonQuery()
   在 Kingsun.SynchronousStudy.Common.SqlHelper.ExecuteNonQueryTimeOut(String connectionString, CommandType commandType, String commandText) 位置 d:\project\FZproject\Kingsun.SynchronousStudyIBS\Kingsun.SynchronousStudy.Common\SqlHelper.cs:行号 324
   在 Kingsun.SynchronousStudy.BLL.SyncAllDataBLL.SyncOrderInfo()
Method:OnError
Class:System.Data.SqlClient.SqlConnection
UserIP:
UserName:

2017-11-25 14:32:16
错误编号:2017112514321640X91c8ee23c6
Message:未将对象引用设置到对象的实例。
Message2:班级DEL接口异常，ClassID={"ClassID":"209CCADD-3F21-4534-8504-D5531CFCA843","ClassName":"四年级2班,四年级3班","ClassNum":84060406,"GradeID":5,"SchID":190,"GradeName":null,"ClassStuList":[],"ClassTchList":[],"CreateDate":"\/Date(-62135596800000)\/"}
Type:System.NullReferenceException
Source:Kingsun.IBS.BLL
StackTrace:   在 Kingsun.IBS.BLL.IBS2MOD.MOD2IBS_ClassInfoBLL.Delete(IBS_ClassUserRelation ClassInfo)
Method:Delete
Class:Kingsun.IBS.BLL.IBS2MOD.MOD2IBS_ClassInfoBLL
UserIP:
UserName:

2017-11-25 15:08:48
错误编号:2017112515084825X56f17a7488
Message:在 sys.servers 中找不到服务器 'ITSV_BJ'。请验证指定的服务器名称是否正确。如果需要，请执行存储过程 sp_addlinkedserver 以将服务器添加到 sys.servers。
Message2:同步订单出错
Type:System.Data.SqlClient.SqlException
Source:.Net SqlClient Data Provider
StackTrace:   在 System.Data.SqlClient.SqlConnection.OnError(SqlException exception, Boolean breakConnection, Action`1 wrapCloseInAction)
   在 System.Data.SqlClient.SqlInternalConnection.OnError(SqlException exception, Boolean breakConnection, Action`1 wrapCloseInAction)
   在 System.Data.SqlClient.TdsParser.ThrowExceptionAndWarning(TdsParserStateObject stateObj, Boolean callerHasConnectionLock, Boolean asyncClose)
   在 System.Data.SqlClient.TdsParser.TryRun(RunBehavior runBehavior, SqlCommand cmdHandler, SqlDataReader dataStream, BulkCopySimpleResultSet bulkCopyHandler, TdsParserStateObject stateObj, Boolean& dataReady)
   在 System.Data.SqlClient.SqlCommand.RunExecuteNonQueryTds(String methodName, Boolean async, Int32 timeout, Boolean asyncWrite)
   在 System.Data.SqlClient.SqlCommand.InternalExecuteNonQuery(TaskCompletionSource`1 completion, String methodName, Boolean sendToPipe, Int32 timeout, Boolean& usedCache, Boolean asyncWrite, Boolean inRetry)
   在 System.Data.SqlClient.SqlCommand.ExecuteNonQuery()
   在 Kingsun.SynchronousStudy.Common.SqlHelper.ExecuteNonQueryTimeOut(String connectionString, CommandType commandType, String commandText) 位置 d:\project\FZproject\Kingsun.SynchronousStudyIBS\Kingsun.SynchronousStudy.Common\SqlHelper.cs:行号 324
   在 Kingsun.SynchronousStudy.BLL.SyncAllDataBLL.SyncOrderInfo()
Method:OnError
Class:System.Data.SqlClient.SqlConnection
UserIP:
UserName:

2017-11-25 15:08:48
错误编号:2017112515084846X2b43add5f9
Message:在 sys.servers 中找不到服务器 'ITSV_BJ'。请验证指定的服务器名称是否正确。如果需要，请执行存储过程 sp_addlinkedserver 以将服务器添加到 sys.servers。
Message2:同步用户出错
Type:System.Data.SqlClient.SqlException
Source:.Net SqlClient Data Provider
StackTrace:   在 System.Data.SqlClient.SqlConnection.OnError(SqlException exception, Boolean breakConnection, Action`1 wrapCloseInAction)
   在 System.Data.SqlClient.SqlInternalConnection.OnError(SqlException exception, Boolean breakConnection, Action`1 wrapCloseInAction)
   在 System.Data.SqlClient.TdsParser.ThrowExceptionAndWarning(TdsParserStateObject stateObj, Boolean callerHasConnectionLock, Boolean asyncClose)
   在 System.Data.SqlClient.TdsParser.TryRun(RunBehavior runBehavior, SqlCommand cmdHandler, SqlDataReader dataStream, BulkCopySimpleResultSet bulkCopyHandler, TdsParserStateObject stateObj, Boolean& dataReady)
   在 System.Data.SqlClient.SqlCommand.RunExecuteNonQueryTds(String methodName, Boolean async, Int32 timeout, Boolean asyncWrite)
   在 System.Data.SqlClient.SqlCommand.InternalExecuteNonQuery(TaskCompletionSource`1 completion, String methodName, Boolean sendToPipe, Int32 timeout, Boolean& usedCache, Boolean asyncWrite, Boolean inRetry)
   在 System.Data.SqlClient.SqlCommand.ExecuteNonQuery()
   在 Kingsun.SynchronousStudy.Common.SqlHelper.ExecuteNonQueryTimeOut(String connectionString, CommandType commandType, String commandText) 位置 d:\project\FZproject\Kingsun.SynchronousStudyIBS\Kingsun.SynchronousStudy.Common\SqlHelper.cs:行号 324
   在 Kingsun.SynchronousStudy.BLL.SyncAllDataBLL.SyncUserInfo()
Method:OnError
Class:System.Data.SqlClient.SqlConnection
UserIP:
UserName:

