2018-01-09 12:45:54
错误编号:2018010912455481Xf82d4a0a7e
Message:在 sys.servers 中找不到服务器 'ITSV_SZ'。请验证指定的服务器名称是否正确。如果需要，请执行存储过程 sp_addlinkedserver 以将服务器添加到 sys.servers。
Message2:同步订单出错
Type:System.Data.SqlClient.SqlException
Source:.Net SqlClient Data Provider
StackTrace:   在 System.Data.SqlClient.SqlConnection.OnError(SqlException exception, Boolean breakConnection, Action`1 wrapCloseInAction)
   在 System.Data.SqlClient.SqlInternalConnection.OnError(SqlException exception, Boolean breakConnection, Action`1 wrapCloseInAction)
   在 System.Data.SqlClient.TdsParser.ThrowExceptionAndWarning(TdsParserStateObject stateObj, Boolean callerHasConnectionLock, Boolean asyncClose)
   在 System.Data.SqlClient.TdsParser.TryRun(RunBehavior runBehavior, SqlCommand cmdHandler, SqlDataReader dataStream, BulkCopySimpleResultSet bulkCopyHandler, TdsParserStateObject stateObj, Boolean& dataReady)
   在 System.Data.SqlClient.SqlCommand.RunExecuteNonQueryTds(String methodName, Boolean async, Int32 timeout, Boolean asyncWrite)
   在 System.Data.SqlClient.SqlCommand.InternalExecuteNonQuery(TaskCompletionSource`1 completion, String methodName, Boolean sendToPipe, Int32 timeout, Boolean& usedCache, Boolean asyncWrite, Boolean inRetry)
   在 System.Data.SqlClient.SqlCommand.ExecuteNonQuery()
   在 Kingsun.SynchronousStudy.Common.SqlHelper.ExecuteNonQueryTimeOut(String connectionString, CommandType commandType, String commandText) 位置 d:\project\FZproject\Kingsun.SynchronousStudyIBS\Kingsun.SynchronousStudy.Common\SqlHelper.cs:行号 343
   在 Kingsun.SynchronousStudy.BLL.SyncAllDataBLL.SyncOrderInfo() 位置 d:\project\FZproject\Kingsun.SynchronousStudyIBS\Kingsun.SynchronousStudy.BLL\SyncAllDataBLL.cs:行号 63
Method:OnError
Class:System.Data.SqlClient.SqlConnection
UserIP:
UserName:

2018-01-09 13:45:54
错误编号:2018010913455464X770e68f180
Message:在 sys.servers 中找不到服务器 'ITSV_SZ'。请验证指定的服务器名称是否正确。如果需要，请执行存储过程 sp_addlinkedserver 以将服务器添加到 sys.servers。
Message2:同步用户出错
Type:System.Data.SqlClient.SqlException
Source:.Net SqlClient Data Provider
StackTrace:   在 System.Data.SqlClient.SqlConnection.OnError(SqlException exception, Boolean breakConnection, Action`1 wrapCloseInAction)
   在 System.Data.SqlClient.SqlInternalConnection.OnError(SqlException exception, Boolean breakConnection, Action`1 wrapCloseInAction)
   在 System.Data.SqlClient.TdsParser.ThrowExceptionAndWarning(TdsParserStateObject stateObj, Boolean callerHasConnectionLock, Boolean asyncClose)
   在 System.Data.SqlClient.TdsParser.TryRun(RunBehavior runBehavior, SqlCommand cmdHandler, SqlDataReader dataStream, BulkCopySimpleResultSet bulkCopyHandler, TdsParserStateObject stateObj, Boolean& dataReady)
   在 System.Data.SqlClient.SqlCommand.RunExecuteNonQueryTds(String methodName, Boolean async, Int32 timeout, Boolean asyncWrite)
   在 System.Data.SqlClient.SqlCommand.InternalExecuteNonQuery(TaskCompletionSource`1 completion, String methodName, Boolean sendToPipe, Int32 timeout, Boolean& usedCache, Boolean asyncWrite, Boolean inRetry)
   在 System.Data.SqlClient.SqlCommand.ExecuteNonQuery()
   在 Kingsun.SynchronousStudy.Common.SqlHelper.ExecuteNonQueryTimeOut(String connectionString, CommandType commandType, String commandText) 位置 d:\project\FZproject\Kingsun.SynchronousStudyIBS\Kingsun.SynchronousStudy.Common\SqlHelper.cs:行号 343
   在 Kingsun.SynchronousStudy.BLL.SyncAllDataBLL.SyncUserInfo() 位置 d:\project\FZproject\Kingsun.SynchronousStudyIBS\Kingsun.SynchronousStudy.BLL\SyncAllDataBLL.cs:行号 117
Method:OnError
Class:System.Data.SqlClient.SqlConnection
UserIP:
UserName:

2018-01-09 13:45:57
错误编号:2018010913455730X9117edd5de
Message:在 sys.servers 中找不到服务器 'ITSV_SZ'。请验证指定的服务器名称是否正确。如果需要，请执行存储过程 sp_addlinkedserver 以将服务器添加到 sys.servers。
Message2:同步订单出错
Type:System.Data.SqlClient.SqlException
Source:.Net SqlClient Data Provider
StackTrace:   在 System.Data.SqlClient.SqlConnection.OnError(SqlException exception, Boolean breakConnection, Action`1 wrapCloseInAction)
   在 System.Data.SqlClient.SqlInternalConnection.OnError(SqlException exception, Boolean breakConnection, Action`1 wrapCloseInAction)
   在 System.Data.SqlClient.TdsParser.ThrowExceptionAndWarning(TdsParserStateObject stateObj, Boolean callerHasConnectionLock, Boolean asyncClose)
   在 System.Data.SqlClient.TdsParser.TryRun(RunBehavior runBehavior, SqlCommand cmdHandler, SqlDataReader dataStream, BulkCopySimpleResultSet bulkCopyHandler, TdsParserStateObject stateObj, Boolean& dataReady)
   在 System.Data.SqlClient.SqlCommand.RunExecuteNonQueryTds(String methodName, Boolean async, Int32 timeout, Boolean asyncWrite)
   在 System.Data.SqlClient.SqlCommand.InternalExecuteNonQuery(TaskCompletionSource`1 completion, String methodName, Boolean sendToPipe, Int32 timeout, Boolean& usedCache, Boolean asyncWrite, Boolean inRetry)
   在 System.Data.SqlClient.SqlCommand.ExecuteNonQuery()
   在 Kingsun.SynchronousStudy.Common.SqlHelper.ExecuteNonQueryTimeOut(String connectionString, CommandType commandType, String commandText) 位置 d:\project\FZproject\Kingsun.SynchronousStudyIBS\Kingsun.SynchronousStudy.Common\SqlHelper.cs:行号 343
   在 Kingsun.SynchronousStudy.BLL.SyncAllDataBLL.SyncOrderInfo() 位置 d:\project\FZproject\Kingsun.SynchronousStudyIBS\Kingsun.SynchronousStudy.BLL\SyncAllDataBLL.cs:行号 63
Method:OnError
Class:System.Data.SqlClient.SqlConnection
UserIP:
UserName:

2018-01-09 14:45:54
错误编号:2018010914455465X4d001b73a2
Message:在 sys.servers 中找不到服务器 'ITSV_SZ'。请验证指定的服务器名称是否正确。如果需要，请执行存储过程 sp_addlinkedserver 以将服务器添加到 sys.servers。
Message2:同步用户出错
Type:System.Data.SqlClient.SqlException
Source:.Net SqlClient Data Provider
StackTrace:   在 System.Data.SqlClient.SqlConnection.OnError(SqlException exception, Boolean breakConnection, Action`1 wrapCloseInAction)
   在 System.Data.SqlClient.SqlInternalConnection.OnError(SqlException exception, Boolean breakConnection, Action`1 wrapCloseInAction)
   在 System.Data.SqlClient.TdsParser.ThrowExceptionAndWarning(TdsParserStateObject stateObj, Boolean callerHasConnectionLock, Boolean asyncClose)
   在 System.Data.SqlClient.TdsParser.TryRun(RunBehavior runBehavior, SqlCommand cmdHandler, SqlDataReader dataStream, BulkCopySimpleResultSet bulkCopyHandler, TdsParserStateObject stateObj, Boolean& dataReady)
   在 System.Data.SqlClient.SqlCommand.RunExecuteNonQueryTds(String methodName, Boolean async, Int32 timeout, Boolean asyncWrite)
   在 System.Data.SqlClient.SqlCommand.InternalExecuteNonQuery(TaskCompletionSource`1 completion, String methodName, Boolean sendToPipe, Int32 timeout, Boolean& usedCache, Boolean asyncWrite, Boolean inRetry)
   在 System.Data.SqlClient.SqlCommand.ExecuteNonQuery()
   在 Kingsun.SynchronousStudy.Common.SqlHelper.ExecuteNonQueryTimeOut(String connectionString, CommandType commandType, String commandText) 位置 d:\project\FZproject\Kingsun.SynchronousStudyIBS\Kingsun.SynchronousStudy.Common\SqlHelper.cs:行号 343
   在 Kingsun.SynchronousStudy.BLL.SyncAllDataBLL.SyncUserInfo() 位置 d:\project\FZproject\Kingsun.SynchronousStudyIBS\Kingsun.SynchronousStudy.BLL\SyncAllDataBLL.cs:行号 117
Method:OnError
Class:System.Data.SqlClient.SqlConnection
UserIP:
UserName:

2018-01-09 14:45:54
错误编号:2018010914455482Xe4747b47af
Message:在 sys.servers 中找不到服务器 'ITSV_SZ'。请验证指定的服务器名称是否正确。如果需要，请执行存储过程 sp_addlinkedserver 以将服务器添加到 sys.servers。
Message2:同步订单出错
Type:System.Data.SqlClient.SqlException
Source:.Net SqlClient Data Provider
StackTrace:   在 System.Data.SqlClient.SqlConnection.OnError(SqlException exception, Boolean breakConnection, Action`1 wrapCloseInAction)
   在 System.Data.SqlClient.SqlInternalConnection.OnError(SqlException exception, Boolean breakConnection, Action`1 wrapCloseInAction)
   在 System.Data.SqlClient.TdsParser.ThrowExceptionAndWarning(TdsParserStateObject stateObj, Boolean callerHasConnectionLock, Boolean asyncClose)
   在 System.Data.SqlClient.TdsParser.TryRun(RunBehavior runBehavior, SqlCommand cmdHandler, SqlDataReader dataStream, BulkCopySimpleResultSet bulkCopyHandler, TdsParserStateObject stateObj, Boolean& dataReady)
   在 System.Data.SqlClient.SqlCommand.RunExecuteNonQueryTds(String methodName, Boolean async, Int32 timeout, Boolean asyncWrite)
   在 System.Data.SqlClient.SqlCommand.InternalExecuteNonQuery(TaskCompletionSource`1 completion, String methodName, Boolean sendToPipe, Int32 timeout, Boolean& usedCache, Boolean asyncWrite, Boolean inRetry)
   在 System.Data.SqlClient.SqlCommand.ExecuteNonQuery()
   在 Kingsun.SynchronousStudy.Common.SqlHelper.ExecuteNonQueryTimeOut(String connectionString, CommandType commandType, String commandText) 位置 d:\project\FZproject\Kingsun.SynchronousStudyIBS\Kingsun.SynchronousStudy.Common\SqlHelper.cs:行号 343
   在 Kingsun.SynchronousStudy.BLL.SyncAllDataBLL.SyncOrderInfo() 位置 d:\project\FZproject\Kingsun.SynchronousStudyIBS\Kingsun.SynchronousStudy.BLL\SyncAllDataBLL.cs:行号 63
Method:OnError
Class:System.Data.SqlClient.SqlConnection
UserIP:
UserName:

