2018-01-04 16:23:41
InsertVideoInfo接口开始
2018-01-04 16:32:25
InsertVideoInfo接口开始
2018-01-04 16:37:56
InsertVideoInfo接口开始
2018-01-04 16:57:19
[]
2018-01-04 16:57:19
{"ClassList":[{"Id":"95628889","ClassName":"一年级4班","IsStudy":false},{"Id":"59110023","ClassName":"一年级3班","IsStudy":false},{"Id":"69504640","ClassName":"一年级2班","IsStudy":false},{"Id":"42890438","ClassName":"一年级1班","IsStudy":false}]}
2018-01-04 18:23:57
[]
2018-01-04 18:23:57
{"ClassList":[{"Id":"95628889","ClassName":"一年级4班","IsStudy":false},{"Id":"59110023","ClassName":"一年级3班","IsStudy":false},{"Id":"69504640","ClassName":"一年级2班","IsStudy":false},{"Id":"42890438","ClassName":"一年级1班","IsStudy":false}]}
2018-01-04 18:31:45
InsertVideoInfo接口开始
2018-01-04 18:31:48
InsertVideoInfo接口开始
2018-01-04 18:35:20
InsertVideoInfo接口开始
2018-01-04 18:35:21
userSystem.Collections.Generic.List`1[Kingsun.IBS.Model.ClassSch]
