2017-11-20 19:55:50
错误编号:2017112019555085X94d01fe2fc
Message:无效的 JSON 基元: 错误。
Message2:调用绑定关系接口异常!
Type:System.ArgumentException
Source:System.Web.Extensions
StackTrace:   在 System.Web.Script.Serialization.JavaScriptObjectDeserializer.DeserializePrimitiveObject()
   在 System.Web.Script.Serialization.JavaScriptObjectDeserializer.DeserializeInternal(Int32 depth)
   在 System.Web.Script.Serialization.JavaScriptObjectDeserializer.BasicDeserialize(String input, Int32 depthLimit, JavaScriptSerializer serializer)
   在 System.Web.Script.Serialization.JavaScriptSerializer.Deserialize(JavaScriptSerializer serializer, String input, Type type, Int32 depthLimit)
   在 System.Web.Script.Serialization.JavaScriptSerializer.Deserialize(String input, Type targetType)
   在 Kingsun.SynchronousStudy.Common.JsonHelper.DecodeJson[T](String json) 位置 d:\project\FZproject\Kingsun.SynchronousStudyIBS\Kingsun.SynchronousStudy.Common\JsonHelper.cs:行号 61
   在 Kingsun.IBS.BLL.IBSData_ClassUserRelationBLL.AddUserToClass(UserClassData data) 位置 d:\project\FZproject\Kingsun.SynchronousStudyIBS\Kingsun.IBS.BLL\IBSData\IBSData_ClassUserRelationBLL.cs:行号 256
Method:DeserializePrimitiveObject
Class:System.Web.Script.Serialization.JavaScriptObjectDeserializer
UserIP:
UserName:

2017-11-20 20:07:23
错误编号:2017112020072348Xd5e19e7e53
Message:无效的 JSON 基元: 错误。
Message2:调用绑定关系接口异常!
Type:System.ArgumentException
Source:System.Web.Extensions
StackTrace:   在 System.Web.Script.Serialization.JavaScriptObjectDeserializer.DeserializePrimitiveObject()
   在 System.Web.Script.Serialization.JavaScriptObjectDeserializer.DeserializeInternal(Int32 depth)
   在 System.Web.Script.Serialization.JavaScriptObjectDeserializer.BasicDeserialize(String input, Int32 depthLimit, JavaScriptSerializer serializer)
   在 System.Web.Script.Serialization.JavaScriptSerializer.Deserialize(JavaScriptSerializer serializer, String input, Type type, Int32 depthLimit)
   在 System.Web.Script.Serialization.JavaScriptSerializer.Deserialize(String input, Type targetType)
   在 Kingsun.SynchronousStudy.Common.JsonHelper.DecodeJson[T](String json) 位置 d:\project\FZproject\Kingsun.SynchronousStudyIBS\Kingsun.SynchronousStudy.Common\JsonHelper.cs:行号 61
   在 Kingsun.IBS.BLL.IBSData_ClassUserRelationBLL.AddUserToClass(UserClassData data) 位置 d:\project\FZproject\Kingsun.SynchronousStudyIBS\Kingsun.IBS.BLL\IBSData\IBSData_ClassUserRelationBLL.cs:行号 256
Method:DeserializePrimitiveObject
Class:System.Web.Script.Serialization.JavaScriptObjectDeserializer
UserIP:
UserName:

