2018-01-12 15:10:31
找不到订单信息，OrderID=5857548631035762
2018-01-12 15:16:12
支付确认PaySuccess出错，ex=客户端发现响应内容类型为“text/html”，但应为“text/xml”。
请求失败，错误信息为:
--
<!DOCTYPE html PUBLIC "-//W3C//DTD XHTML 1.0 Strict//EN" "http://www.w3.org/TR/xhtml1/DTD/xhtml1-strict.dtd">
<html xmlns="http://www.w3.org/1999/xhtml">
<head>
<meta http-equiv="Content-Type" content="text/html; charset=gb2312"/>
<title>500 - ????????????????</title>
<style type="text/css">
<!--
body{margin:0;font-size:.7em;font-family:Verdana, Arial, Helvetica, sans-serif;background:#EEEEEE;}
fieldset{padding:0 15px 10px 15px;} 
h1{font-size:2.4em;margin:0;color:#FFF;}
h2{font-size:1.7em;margin:0;color:#CC0000;} 
h3{font-size:1.2em;margin:10px 0 0 0;color:#000000;} 
#header{width:96%;margin:0 0 0 0;padding:6px 2% 6px 2%;font-family:"trebuchet MS", Verdana, sans-serif;color:#FFF;
background-color:#555555;}
#content{margin:0 0 0 2%;position:relative;}
.content-container{background:#FFF;width:96%;margin-top:8px;padding:10px;position:relative;}
-->
</style>
</head>
<body>
<div id="header"><h1>??????????</h1></div>
<div id="content">
 <div class="content-container"><fieldset>
  <h2>500 - ????????????????</h2>
  <h3>????????????????????????????????????</h3>
 </fieldset></div>
</div>
</body>
</html>

--.
2018-01-12 15:27:54
同步到财富分账失败,ErrorMsg=订单已经存在
